2021-11-03 21:02:12,214 Namespace(out_dir='out', frequent=10, eval_interval=1, gpus='', num_workers=4)
2021-11-03 21:02:37,981 Namespace(out_dir='out', frequent=10, eval_interval=1, gpus='', num_workers=4)
2021-11-03 21:02:37,991 => load 200 samples
2021-11-03 21:02:37,992 => load 200 samples
2021-11-03 21:02:39,130 Epoch: [0][0/200]	Time 1.138s (1.138s)	Speed 28.1 samples/s	Data 0.623s (0.623s)	Loss 2.53597 (2.53597)
2021-11-03 21:02:43,993 Epoch: [0][10/200]	Time 0.481s (0.545s)	Speed 66.6 samples/s	Data 0.001s (0.057s)	Loss 2.05208 (2.26256)
2021-11-03 21:02:48,800 Epoch: [0][20/200]	Time 0.483s (0.515s)	Speed 66.2 samples/s	Data 0.000s (0.030s)	Loss 1.76570 (2.08481)
2021-11-03 21:02:53,858 Epoch: [0][30/200]	Time 0.601s (0.512s)	Speed 53.2 samples/s	Data 0.001s (0.021s)	Loss 1.51297 (1.93447)
2021-11-03 21:02:58,758 Epoch: [0][40/200]	Time 0.480s (0.506s)	Speed 66.7 samples/s	Data 0.001s (0.016s)	Loss 1.28978 (1.80122)
2021-11-03 21:03:03,588 Epoch: [0][50/200]	Time 0.483s (0.502s)	Speed 66.2 samples/s	Data 0.001s (0.013s)	Loss 1.09970 (1.68085)
2021-11-03 21:03:08,432 Epoch: [0][60/200]	Time 0.483s (0.499s)	Speed 66.2 samples/s	Data 0.001s (0.011s)	Loss 0.93020 (1.56960)
2021-11-03 21:03:13,279 Epoch: [0][70/200]	Time 0.482s (0.497s)	Speed 66.3 samples/s	Data 0.001s (0.009s)	Loss 0.77228 (1.46792)
2021-11-03 21:03:18,129 Epoch: [0][80/200]	Time 0.484s (0.496s)	Speed 66.1 samples/s	Data 0.001s (0.008s)	Loss 0.66112 (1.37458)
2021-11-03 21:03:23,005 Epoch: [0][90/200]	Time 0.489s (0.495s)	Speed 65.5 samples/s	Data 0.001s (0.007s)	Loss 0.58038 (1.29038)
2021-11-03 21:03:27,904 Epoch: [0][100/200]	Time 0.489s (0.494s)	Speed 65.5 samples/s	Data 0.001s (0.007s)	Loss 0.48646 (1.21449)
2021-11-03 21:03:32,778 Epoch: [0][110/200]	Time 0.484s (0.494s)	Speed 66.1 samples/s	Data 0.001s (0.006s)	Loss 0.41520 (1.14582)
2021-11-03 21:03:37,651 Epoch: [0][120/200]	Time 0.486s (0.493s)	Speed 65.8 samples/s	Data 0.001s (0.006s)	Loss 0.36580 (1.08391)
2021-11-03 21:03:42,549 Epoch: [0][130/200]	Time 0.484s (0.493s)	Speed 66.1 samples/s	Data 0.001s (0.005s)	Loss 0.34627 (1.02782)
2021-11-03 21:03:47,414 Epoch: [0][140/200]	Time 0.487s (0.492s)	Speed 65.7 samples/s	Data 0.001s (0.005s)	Loss 0.30905 (0.97785)
2021-11-03 21:03:52,293 Epoch: [0][150/200]	Time 0.487s (0.492s)	Speed 65.7 samples/s	Data 0.001s (0.005s)	Loss 0.28731 (0.93221)
2021-11-03 21:03:57,174 Epoch: [0][160/200]	Time 0.494s (0.492s)	Speed 64.7 samples/s	Data 0.001s (0.004s)	Loss 0.26794 (0.89110)
2021-11-03 21:04:02,044 Epoch: [0][170/200]	Time 0.488s (0.492s)	Speed 65.6 samples/s	Data 0.001s (0.004s)	Loss 0.25998 (0.85378)
2021-11-03 21:04:06,922 Epoch: [0][180/200]	Time 0.485s (0.491s)	Speed 66.0 samples/s	Data 0.001s (0.004s)	Loss 0.23175 (0.81985)
2021-11-03 21:04:11,821 Epoch: [0][190/200]	Time 0.487s (0.491s)	Speed 65.8 samples/s	Data 0.001s (0.004s)	Loss 0.20693 (0.78828)
2021-11-03 21:04:36,775 Test: [0/200]	Time 0.537 (0.537)	Loss 0.4229 (0.4229)
2021-11-03 21:04:37,081 Test: [10/200]	Time 0.027 (0.077)	Loss 0.1468 (0.3457)
2021-11-03 21:04:37,389 Test: [20/200]	Time 0.028 (0.055)	Loss 0.2574 (0.3567)
2021-11-03 21:04:37,682 Test: [30/200]	Time 0.028 (0.047)	Loss 0.5036 (0.3632)
2021-11-03 21:04:37,976 Test: [40/200]	Time 0.028 (0.042)	Loss 0.3851 (0.3775)
2021-11-03 21:04:38,269 Test: [50/200]	Time 0.028 (0.040)	Loss 0.4550 (0.3806)
2021-11-03 21:04:38,562 Test: [60/200]	Time 0.028 (0.038)	Loss 0.4360 (0.3812)
2021-11-03 21:04:38,860 Test: [70/200]	Time 0.029 (0.037)	Loss 0.3701 (0.3803)
2021-11-03 21:04:39,151 Test: [80/200]	Time 0.028 (0.036)	Loss 0.4628 (0.3754)
2021-11-03 21:04:39,444 Test: [90/200]	Time 0.028 (0.035)	Loss 0.4619 (0.3788)
2021-11-03 21:04:39,738 Test: [100/200]	Time 0.028 (0.035)	Loss 0.4711 (0.3777)
2021-11-03 21:04:40,033 Test: [110/200]	Time 0.028 (0.034)	Loss 0.4543 (0.3792)
2021-11-03 21:04:40,325 Test: [120/200]	Time 0.028 (0.034)	Loss 0.4392 (0.3767)
2021-11-03 21:04:40,616 Test: [130/200]	Time 0.028 (0.033)	Loss 0.3649 (0.3809)
2021-11-03 21:04:40,908 Test: [140/200]	Time 0.028 (0.033)	Loss 0.3471 (0.3799)
2021-11-03 21:04:41,201 Test: [150/200]	Time 0.028 (0.033)	Loss 0.4154 (0.3787)
2021-11-03 21:04:41,493 Test: [160/200]	Time 0.028 (0.033)	Loss 0.3947 (0.3786)
2021-11-03 21:04:41,786 Test: [170/200]	Time 0.028 (0.032)	Loss 0.2845 (0.3763)
2021-11-03 21:04:42,081 Test: [180/200]	Time 0.028 (0.032)	Loss 0.3138 (0.3744)
2021-11-03 21:04:42,375 Test: [190/200]	Time 0.028 (0.032)	Loss 0.3199 (0.3756)
2021-11-03 21:04:48,313 Mean IoU score: 0.201
2021-11-03 21:04:48,318 => saving checkpoint to out
2021-11-03 21:04:49,470 Epoch: [1][0/200]	Time 1.138s (1.138s)	Speed 28.1 samples/s	Data 0.615s (0.615s)	Loss 0.19988 (0.19988)
2021-11-03 21:04:54,386 Epoch: [1][10/200]	Time 0.489s (0.550s)	Speed 65.4 samples/s	Data 0.001s (0.056s)	Loss 0.20054 (0.20726)
2021-11-03 21:04:59,282 Epoch: [1][20/200]	Time 0.485s (0.521s)	Speed 65.9 samples/s	Data 0.001s (0.030s)	Loss 0.24712 (0.20308)
2021-11-03 21:05:04,212 Epoch: [1][30/200]	Time 0.498s (0.512s)	Speed 64.2 samples/s	Data 0.001s (0.020s)	Loss 0.16426 (0.19952)
2021-11-03 21:05:09,127 Epoch: [1][40/200]	Time 0.488s (0.507s)	Speed 65.6 samples/s	Data 0.001s (0.016s)	Loss 0.17661 (0.19450)
2021-11-03 21:05:14,037 Epoch: [1][50/200]	Time 0.488s (0.504s)	Speed 65.5 samples/s	Data 0.001s (0.013s)	Loss 0.15061 (0.19049)
2021-11-03 21:05:18,948 Epoch: [1][60/200]	Time 0.490s (0.502s)	Speed 65.3 samples/s	Data 0.001s (0.011s)	Loss 0.16344 (0.18665)
2021-11-03 21:05:23,861 Epoch: [1][70/200]	Time 0.491s (0.500s)	Speed 65.2 samples/s	Data 0.001s (0.009s)	Loss 0.15743 (0.18272)
2021-11-03 21:05:28,790 Epoch: [1][80/200]	Time 0.493s (0.499s)	Speed 64.9 samples/s	Data 0.001s (0.008s)	Loss 0.11831 (0.17800)
2021-11-03 21:05:33,725 Epoch: [1][90/200]	Time 0.491s (0.499s)	Speed 65.2 samples/s	Data 0.001s (0.007s)	Loss 0.13631 (0.17341)
2021-11-03 21:05:38,671 Epoch: [1][100/200]	Time 0.500s (0.498s)	Speed 63.9 samples/s	Data 0.001s (0.007s)	Loss 0.12984 (0.17043)
2021-11-03 21:05:43,594 Epoch: [1][110/200]	Time 0.488s (0.498s)	Speed 65.6 samples/s	Data 0.001s (0.006s)	Loss 0.12025 (0.16709)
2021-11-03 21:05:48,516 Epoch: [1][120/200]	Time 0.494s (0.497s)	Speed 64.7 samples/s	Data 0.001s (0.006s)	Loss 0.10701 (0.16302)
2021-11-03 21:05:53,422 Epoch: [1][130/200]	Time 0.489s (0.497s)	Speed 65.4 samples/s	Data 0.001s (0.005s)	Loss 0.10490 (0.15914)
2021-11-03 21:05:58,334 Epoch: [1][140/200]	Time 0.492s (0.496s)	Speed 65.0 samples/s	Data 0.001s (0.005s)	Loss 0.12391 (0.15573)
2021-11-03 21:06:03,251 Epoch: [1][150/200]	Time 0.488s (0.496s)	Speed 65.5 samples/s	Data 0.001s (0.005s)	Loss 0.09333 (0.15229)
2021-11-03 21:06:08,166 Epoch: [1][160/200]	Time 0.489s (0.496s)	Speed 65.4 samples/s	Data 0.001s (0.004s)	Loss 0.10410 (0.14918)
2021-11-03 21:06:13,080 Epoch: [1][170/200]	Time 0.490s (0.496s)	Speed 65.2 samples/s	Data 0.001s (0.004s)	Loss 0.09590 (0.14622)
2021-11-03 21:06:18,011 Epoch: [1][180/200]	Time 0.491s (0.495s)	Speed 65.2 samples/s	Data 0.001s (0.004s)	Loss 0.09471 (0.14337)
2021-11-03 21:06:22,919 Epoch: [1][190/200]	Time 0.490s (0.495s)	Speed 65.3 samples/s	Data 0.001s (0.004s)	Loss 0.09175 (0.14061)
2021-11-03 21:06:47,869 Test: [0/200]	Time 0.533 (0.533)	Loss 0.2433 (0.2433)
2021-11-03 21:06:48,164 Test: [10/200]	Time 0.028 (0.075)	Loss 0.0663 (0.1872)
2021-11-03 21:06:48,466 Test: [20/200]	Time 0.029 (0.054)	Loss 0.1552 (0.1893)
2021-11-03 21:06:48,759 Test: [30/200]	Time 0.028 (0.046)	Loss 0.2584 (0.1980)
2021-11-03 21:06:49,057 Test: [40/200]	Time 0.028 (0.042)	Loss 0.1850 (0.2050)
2021-11-03 21:06:49,351 Test: [50/200]	Time 0.028 (0.040)	Loss 0.2692 (0.2060)
2021-11-03 21:06:49,648 Test: [60/200]	Time 0.028 (0.038)	Loss 0.2401 (0.2078)
2021-11-03 21:06:49,944 Test: [70/200]	Time 0.028 (0.037)	Loss 0.1659 (0.2076)
2021-11-03 21:06:50,239 Test: [80/200]	Time 0.028 (0.036)	Loss 0.2623 (0.2043)
2021-11-03 21:06:50,537 Test: [90/200]	Time 0.030 (0.035)	Loss 0.2744 (0.2068)
2021-11-03 21:06:50,832 Test: [100/200]	Time 0.028 (0.035)	Loss 0.2834 (0.2055)
2021-11-03 21:06:51,129 Test: [110/200]	Time 0.028 (0.034)	Loss 0.2772 (0.2064)
2021-11-03 21:06:51,424 Test: [120/200]	Time 0.028 (0.034)	Loss 0.2415 (0.2045)
2021-11-03 21:06:51,723 Test: [130/200]	Time 0.028 (0.033)	Loss 0.1795 (0.2067)
2021-11-03 21:06:52,020 Test: [140/200]	Time 0.029 (0.033)	Loss 0.1837 (0.2063)
2021-11-03 21:06:52,317 Test: [150/200]	Time 0.028 (0.033)	Loss 0.2080 (0.2048)
2021-11-03 21:06:52,614 Test: [160/200]	Time 0.029 (0.033)	Loss 0.2373 (0.2046)
2021-11-03 21:06:52,910 Test: [170/200]	Time 0.028 (0.033)	Loss 0.1534 (0.2028)
2021-11-03 21:06:53,206 Test: [180/200]	Time 0.028 (0.032)	Loss 0.1457 (0.2016)
2021-11-03 21:06:53,501 Test: [190/200]	Time 0.028 (0.032)	Loss 0.1303 (0.2024)
2021-11-03 21:06:59,440 Mean IoU score: 0.543
2021-11-03 21:06:59,444 => saving checkpoint to out
2021-11-03 21:07:00,590 Epoch: [2][0/200]	Time 1.134s (1.134s)	Speed 28.2 samples/s	Data 0.608s (0.608s)	Loss 0.07306 (0.07306)
2021-11-03 21:07:05,470 Epoch: [2][10/200]	Time 0.485s (0.547s)	Speed 66.0 samples/s	Data 0.001s (0.056s)	Loss 0.08261 (0.08203)
2021-11-03 21:07:10,321 Epoch: [2][20/200]	Time 0.483s (0.517s)	Speed 66.3 samples/s	Data 0.001s (0.030s)	Loss 0.08103 (0.07908)
2021-11-03 21:07:15,192 Epoch: [2][30/200]	Time 0.488s (0.508s)	Speed 65.5 samples/s	Data 0.001s (0.020s)	Loss 0.06611 (0.07598)
2021-11-03 21:07:20,050 Epoch: [2][40/200]	Time 0.484s (0.502s)	Speed 66.1 samples/s	Data 0.001s (0.015s)	Loss 0.06756 (0.07545)
2021-11-03 21:07:24,925 Epoch: [2][50/200]	Time 0.487s (0.499s)	Speed 65.8 samples/s	Data 0.001s (0.013s)	Loss 0.06072 (0.07383)
2021-11-03 21:07:29,799 Epoch: [2][60/200]	Time 0.486s (0.497s)	Speed 65.9 samples/s	Data 0.001s (0.011s)	Loss 0.05933 (0.07233)
2021-11-03 21:07:34,674 Epoch: [2][70/200]	Time 0.484s (0.496s)	Speed 66.1 samples/s	Data 0.001s (0.009s)	Loss 0.07106 (0.07070)
2021-11-03 21:07:39,555 Epoch: [2][80/200]	Time 0.489s (0.495s)	Speed 65.4 samples/s	Data 0.001s (0.008s)	Loss 0.06216 (0.06946)
2021-11-03 21:07:44,434 Epoch: [2][90/200]	Time 0.490s (0.494s)	Speed 65.3 samples/s	Data 0.000s (0.007s)	Loss 0.05091 (0.06816)
2021-11-03 21:07:49,321 Epoch: [2][100/200]	Time 0.490s (0.494s)	Speed 65.3 samples/s	Data 0.001s (0.007s)	Loss 0.05821 (0.06677)
2021-11-03 21:07:54,221 Epoch: [2][110/200]	Time 0.487s (0.493s)	Speed 65.7 samples/s	Data 0.001s (0.006s)	Loss 0.05325 (0.06625)
2021-11-03 21:07:59,100 Epoch: [2][120/200]	Time 0.487s (0.493s)	Speed 65.7 samples/s	Data 0.001s (0.006s)	Loss 0.05848 (0.06511)
2021-11-03 21:08:03,983 Epoch: [2][130/200]	Time 0.489s (0.493s)	Speed 65.4 samples/s	Data 0.001s (0.005s)	Loss 0.05789 (0.06423)
2021-11-03 21:08:08,863 Epoch: [2][140/200]	Time 0.486s (0.492s)	Speed 65.8 samples/s	Data 0.001s (0.005s)	Loss 0.05403 (0.06342)
2021-11-03 21:08:13,742 Epoch: [2][150/200]	Time 0.486s (0.492s)	Speed 65.8 samples/s	Data 0.001s (0.005s)	Loss 0.04424 (0.06271)
2021-11-03 21:08:18,632 Epoch: [2][160/200]	Time 0.497s (0.492s)	Speed 64.4 samples/s	Data 0.001s (0.004s)	Loss 0.03936 (0.06172)
2021-11-03 21:08:23,519 Epoch: [2][170/200]	Time 0.484s (0.492s)	Speed 66.2 samples/s	Data 0.001s (0.004s)	Loss 0.04456 (0.06083)
2021-11-03 21:08:28,402 Epoch: [2][180/200]	Time 0.488s (0.491s)	Speed 65.6 samples/s	Data 0.001s (0.004s)	Loss 0.04392 (0.05987)
2021-11-03 21:08:33,273 Epoch: [2][190/200]	Time 0.487s (0.491s)	Speed 65.7 samples/s	Data 0.001s (0.004s)	Loss 0.05001 (0.05900)
2021-11-03 21:08:58,235 Test: [0/200]	Time 0.533 (0.533)	Loss 0.1286 (0.1286)
2021-11-03 21:08:58,530 Test: [10/200]	Time 0.028 (0.075)	Loss 0.0354 (0.1057)
2021-11-03 21:08:58,829 Test: [20/200]	Time 0.028 (0.054)	Loss 0.0850 (0.1092)
2021-11-03 21:08:59,127 Test: [30/200]	Time 0.028 (0.046)	Loss 0.1543 (0.1144)
2021-11-03 21:08:59,422 Test: [40/200]	Time 0.028 (0.042)	Loss 0.1118 (0.1188)
2021-11-03 21:08:59,720 Test: [50/200]	Time 0.029 (0.040)	Loss 0.1609 (0.1190)
2021-11-03 21:09:00,018 Test: [60/200]	Time 0.030 (0.038)	Loss 0.1343 (0.1214)
2021-11-03 21:09:00,316 Test: [70/200]	Time 0.028 (0.037)	Loss 0.1033 (0.1208)
2021-11-03 21:09:00,614 Test: [80/200]	Time 0.028 (0.036)	Loss 0.1303 (0.1192)
2021-11-03 21:09:00,908 Test: [90/200]	Time 0.028 (0.035)	Loss 0.1585 (0.1214)
2021-11-03 21:09:01,214 Test: [100/200]	Time 0.029 (0.035)	Loss 0.1506 (0.1207)
2021-11-03 21:09:01,511 Test: [110/200]	Time 0.028 (0.034)	Loss 0.1799 (0.1216)
2021-11-03 21:09:01,807 Test: [120/200]	Time 0.028 (0.034)	Loss 0.1440 (0.1200)
2021-11-03 21:09:02,104 Test: [130/200]	Time 0.028 (0.034)	Loss 0.1108 (0.1207)
2021-11-03 21:09:02,401 Test: [140/200]	Time 0.028 (0.033)	Loss 0.0958 (0.1198)
2021-11-03 21:09:02,696 Test: [150/200]	Time 0.028 (0.033)	Loss 0.1135 (0.1188)
2021-11-03 21:09:02,993 Test: [160/200]	Time 0.028 (0.033)	Loss 0.1253 (0.1186)
2021-11-03 21:09:03,298 Test: [170/200]	Time 0.028 (0.033)	Loss 0.1278 (0.1177)
2021-11-03 21:09:03,596 Test: [180/200]	Time 0.028 (0.033)	Loss 0.1034 (0.1167)
2021-11-03 21:09:03,893 Test: [190/200]	Time 0.029 (0.032)	Loss 0.0706 (0.1170)
2021-11-03 21:09:09,833 Mean IoU score: 0.752
2021-11-03 21:09:09,836 => saving checkpoint to out
2021-11-03 21:09:11,006 Epoch: [3][0/200]	Time 1.157s (1.157s)	Speed 27.7 samples/s	Data 0.624s (0.624s)	Loss 0.03812 (0.03812)
2021-11-03 21:09:15,922 Epoch: [3][10/200]	Time 0.490s (0.552s)	Speed 65.3 samples/s	Data 0.001s (0.057s)	Loss 0.04144 (0.04141)
2021-11-03 21:09:20,804 Epoch: [3][20/200]	Time 0.487s (0.522s)	Speed 65.7 samples/s	Data 0.001s (0.030s)	Loss 0.06183 (0.04087)
2021-11-03 21:09:25,737 Epoch: [3][30/200]	Time 0.500s (0.512s)	Speed 64.0 samples/s	Data 0.000s (0.021s)	Loss 0.02787 (0.04014)
2021-11-03 21:09:30,678 Epoch: [3][40/200]	Time 0.488s (0.508s)	Speed 65.5 samples/s	Data 0.001s (0.016s)	Loss 0.03523 (0.03946)
2021-11-03 21:09:35,610 Epoch: [3][50/200]	Time 0.492s (0.505s)	Speed 65.1 samples/s	Data 0.001s (0.013s)	Loss 0.03066 (0.03856)
2021-11-03 21:09:40,549 Epoch: [3][60/200]	Time 0.500s (0.503s)	Speed 64.0 samples/s	Data 0.001s (0.011s)	Loss 0.03143 (0.03768)
2021-11-03 21:09:45,529 Epoch: [3][70/200]	Time 0.508s (0.503s)	Speed 63.0 samples/s	Data 0.001s (0.009s)	Loss 0.03538 (0.03725)
2021-11-03 21:09:50,460 Epoch: [3][80/200]	Time 0.493s (0.501s)	Speed 65.0 samples/s	Data 0.001s (0.008s)	Loss 0.02767 (0.03698)
2021-11-03 21:09:55,413 Epoch: [3][90/200]	Time 0.494s (0.501s)	Speed 64.7 samples/s	Data 0.001s (0.007s)	Loss 0.03136 (0.03662)
2021-11-03 21:10:00,388 Epoch: [3][100/200]	Time 0.494s (0.500s)	Speed 64.8 samples/s	Data 0.001s (0.007s)	Loss 0.03211 (0.03642)
2021-11-03 21:10:05,343 Epoch: [3][110/200]	Time 0.493s (0.500s)	Speed 64.9 samples/s	Data 0.001s (0.006s)	Loss 0.02878 (0.03625)
2021-11-03 21:10:10,287 Epoch: [3][120/200]	Time 0.494s (0.499s)	Speed 64.8 samples/s	Data 0.001s (0.006s)	Loss 0.04090 (0.03619)
2021-11-03 21:10:15,266 Epoch: [3][130/200]	Time 0.492s (0.499s)	Speed 65.1 samples/s	Data 0.001s (0.005s)	Loss 0.03391 (0.03609)
2021-11-03 21:10:20,225 Epoch: [3][140/200]	Time 0.492s (0.499s)	Speed 65.0 samples/s	Data 0.001s (0.005s)	Loss 0.03333 (0.03585)
2021-11-03 21:10:25,182 Epoch: [3][150/200]	Time 0.493s (0.499s)	Speed 64.9 samples/s	Data 0.001s (0.005s)	Loss 0.02702 (0.03576)
2021-11-03 21:10:30,157 Epoch: [3][160/200]	Time 0.494s (0.499s)	Speed 64.7 samples/s	Data 0.001s (0.004s)	Loss 0.03297 (0.03585)
2021-11-03 21:10:35,142 Epoch: [3][170/200]	Time 0.496s (0.499s)	Speed 64.6 samples/s	Data 0.001s (0.004s)	Loss 0.04215 (0.03571)
2021-11-03 21:10:40,111 Epoch: [3][180/200]	Time 0.501s (0.499s)	Speed 63.8 samples/s	Data 0.001s (0.004s)	Loss 0.03478 (0.03545)
2021-11-03 21:10:45,073 Epoch: [3][190/200]	Time 0.493s (0.499s)	Speed 64.9 samples/s	Data 0.001s (0.004s)	Loss 0.02756 (0.03521)
2021-11-03 21:11:10,100 Test: [0/200]	Time 0.538 (0.538)	Loss 0.1086 (0.1086)
2021-11-03 21:11:10,397 Test: [10/200]	Time 0.028 (0.076)	Loss 0.0202 (0.0779)
2021-11-03 21:11:10,695 Test: [20/200]	Time 0.028 (0.054)	Loss 0.0537 (0.0824)
2021-11-03 21:11:10,990 Test: [30/200]	Time 0.028 (0.046)	Loss 0.1128 (0.0875)
2021-11-03 21:11:11,287 Test: [40/200]	Time 0.028 (0.042)	Loss 0.0819 (0.0921)
2021-11-03 21:11:11,584 Test: [50/200]	Time 0.028 (0.040)	Loss 0.1482 (0.0915)
2021-11-03 21:11:11,880 Test: [60/200]	Time 0.028 (0.038)	Loss 0.1022 (0.0932)
2021-11-03 21:11:12,176 Test: [70/200]	Time 0.029 (0.037)	Loss 0.0878 (0.0941)
2021-11-03 21:11:12,473 Test: [80/200]	Time 0.030 (0.036)	Loss 0.1095 (0.0921)
2021-11-03 21:11:12,770 Test: [90/200]	Time 0.028 (0.035)	Loss 0.1004 (0.0937)
2021-11-03 21:11:13,068 Test: [100/200]	Time 0.028 (0.035)	Loss 0.1261 (0.0936)
2021-11-03 21:11:13,366 Test: [110/200]	Time 0.028 (0.034)	Loss 0.1707 (0.0945)
2021-11-03 21:11:13,663 Test: [120/200]	Time 0.028 (0.034)	Loss 0.0994 (0.0932)
2021-11-03 21:11:13,961 Test: [130/200]	Time 0.028 (0.034)	Loss 0.0914 (0.0937)
2021-11-03 21:11:14,255 Test: [140/200]	Time 0.028 (0.033)	Loss 0.1018 (0.0934)
2021-11-03 21:11:14,550 Test: [150/200]	Time 0.028 (0.033)	Loss 0.0940 (0.0925)
2021-11-03 21:11:14,848 Test: [160/200]	Time 0.029 (0.033)	Loss 0.0886 (0.0923)
2021-11-03 21:11:15,144 Test: [170/200]	Time 0.028 (0.033)	Loss 0.0787 (0.0915)
2021-11-03 21:11:15,439 Test: [180/200]	Time 0.028 (0.032)	Loss 0.0721 (0.0910)
2021-11-03 21:11:15,734 Test: [190/200]	Time 0.028 (0.032)	Loss 0.0528 (0.0910)
2021-11-03 21:11:21,686 Mean IoU score: 0.798
2021-11-03 21:11:21,690 => saving checkpoint to out
2021-11-03 21:11:22,846 Epoch: [4][0/200]	Time 1.144s (1.144s)	Speed 28.0 samples/s	Data 0.615s (0.615s)	Loss 0.03544 (0.03544)
2021-11-03 21:11:27,722 Epoch: [4][10/200]	Time 0.487s (0.547s)	Speed 65.7 samples/s	Data 0.001s (0.056s)	Loss 0.02526 (0.02857)
2021-11-03 21:11:32,627 Epoch: [4][20/200]	Time 0.489s (0.520s)	Speed 65.5 samples/s	Data 0.001s (0.030s)	Loss 0.02464 (0.02721)
2021-11-03 21:11:37,526 Epoch: [4][30/200]	Time 0.491s (0.510s)	Speed 65.2 samples/s	Data 0.001s (0.020s)	Loss 0.02341 (0.02687)
2021-11-03 21:11:42,421 Epoch: [4][40/200]	Time 0.489s (0.505s)	Speed 65.5 samples/s	Data 0.001s (0.016s)	Loss 0.02371 (0.02693)
2021-11-03 21:11:47,326 Epoch: [4][50/200]	Time 0.490s (0.502s)	Speed 65.3 samples/s	Data 0.001s (0.013s)	Loss 0.02270 (0.02663)
2021-11-03 21:11:52,217 Epoch: [4][60/200]	Time 0.488s (0.500s)	Speed 65.6 samples/s	Data 0.001s (0.011s)	Loss 0.01935 (0.02606)
2021-11-03 21:11:57,128 Epoch: [4][70/200]	Time 0.492s (0.499s)	Speed 65.1 samples/s	Data 0.001s (0.009s)	Loss 0.02490 (0.02602)
2021-11-03 21:12:02,049 Epoch: [4][80/200]	Time 0.492s (0.498s)	Speed 65.1 samples/s	Data 0.000s (0.008s)	Loss 0.02392 (0.02577)
2021-11-03 21:12:06,950 Epoch: [4][90/200]	Time 0.490s (0.497s)	Speed 65.3 samples/s	Data 0.001s (0.007s)	Loss 0.02781 (0.02552)
2021-11-03 21:12:11,861 Epoch: [4][100/200]	Time 0.489s (0.497s)	Speed 65.4 samples/s	Data 0.001s (0.007s)	Loss 0.02449 (0.02542)
2021-11-03 21:12:16,754 Epoch: [4][110/200]	Time 0.484s (0.496s)	Speed 66.1 samples/s	Data 0.001s (0.006s)	Loss 0.02877 (0.02550)
2021-11-03 21:12:21,660 Epoch: [4][120/200]	Time 0.492s (0.496s)	Speed 65.1 samples/s	Data 0.001s (0.006s)	Loss 0.02766 (0.02539)
2021-11-03 21:12:26,564 Epoch: [4][130/200]	Time 0.489s (0.495s)	Speed 65.5 samples/s	Data 0.001s (0.005s)	Loss 0.02611 (0.02546)
2021-11-03 21:12:31,465 Epoch: [4][140/200]	Time 0.488s (0.495s)	Speed 65.6 samples/s	Data 0.001s (0.005s)	Loss 0.02474 (0.02555)
2021-11-03 21:12:36,377 Epoch: [4][150/200]	Time 0.489s (0.495s)	Speed 65.4 samples/s	Data 0.001s (0.005s)	Loss 0.02118 (0.02548)
2021-11-03 21:12:41,297 Epoch: [4][160/200]	Time 0.489s (0.494s)	Speed 65.5 samples/s	Data 0.001s (0.004s)	Loss 0.02154 (0.02527)
2021-11-03 21:12:46,190 Epoch: [4][170/200]	Time 0.485s (0.494s)	Speed 65.9 samples/s	Data 0.001s (0.004s)	Loss 0.01958 (0.02516)
2021-11-03 21:12:51,089 Epoch: [4][180/200]	Time 0.489s (0.494s)	Speed 65.5 samples/s	Data 0.001s (0.004s)	Loss 0.03107 (0.02512)
2021-11-03 21:12:55,992 Epoch: [4][190/200]	Time 0.491s (0.494s)	Speed 65.2 samples/s	Data 0.001s (0.004s)	Loss 0.02529 (0.02505)
2021-11-03 21:13:20,958 Test: [0/200]	Time 0.537 (0.537)	Loss 0.0952 (0.0952)
2021-11-03 21:13:21,256 Test: [10/200]	Time 0.028 (0.076)	Loss 0.0166 (0.0690)
2021-11-03 21:13:21,554 Test: [20/200]	Time 0.028 (0.054)	Loss 0.0596 (0.0748)
2021-11-03 21:13:21,848 Test: [30/200]	Time 0.028 (0.046)	Loss 0.1127 (0.0805)
2021-11-03 21:13:22,145 Test: [40/200]	Time 0.028 (0.042)	Loss 0.0626 (0.0852)
2021-11-03 21:13:22,444 Test: [50/200]	Time 0.028 (0.040)	Loss 0.1402 (0.0859)
2021-11-03 21:13:22,740 Test: [60/200]	Time 0.029 (0.038)	Loss 0.1159 (0.0881)
2021-11-03 21:13:23,038 Test: [70/200]	Time 0.029 (0.037)	Loss 0.0895 (0.0877)
2021-11-03 21:13:23,338 Test: [80/200]	Time 0.028 (0.036)	Loss 0.0842 (0.0862)
2021-11-03 21:13:23,633 Test: [90/200]	Time 0.028 (0.035)	Loss 0.0994 (0.0879)
2021-11-03 21:13:23,932 Test: [100/200]	Time 0.030 (0.035)	Loss 0.1369 (0.0874)
2021-11-03 21:13:24,229 Test: [110/200]	Time 0.028 (0.034)	Loss 0.1610 (0.0879)
2021-11-03 21:13:24,525 Test: [120/200]	Time 0.028 (0.034)	Loss 0.1078 (0.0864)
2021-11-03 21:13:24,820 Test: [130/200]	Time 0.028 (0.034)	Loss 0.1020 (0.0870)
2021-11-03 21:13:25,117 Test: [140/200]	Time 0.028 (0.033)	Loss 0.0721 (0.0862)
2021-11-03 21:13:25,414 Test: [150/200]	Time 0.028 (0.033)	Loss 0.0684 (0.0852)
2021-11-03 21:13:25,712 Test: [160/200]	Time 0.028 (0.033)	Loss 0.0817 (0.0848)
2021-11-03 21:13:26,005 Test: [170/200]	Time 0.028 (0.033)	Loss 0.0734 (0.0842)
2021-11-03 21:13:26,306 Test: [180/200]	Time 0.030 (0.033)	Loss 0.0631 (0.0835)
2021-11-03 21:13:26,602 Test: [190/200]	Time 0.028 (0.032)	Loss 0.0443 (0.0832)
2021-11-03 21:13:32,545 Mean IoU score: 0.805
2021-11-03 21:13:32,549 => saving checkpoint to out
2021-11-03 21:13:33,718 Epoch: [5][0/200]	Time 1.155s (1.155s)	Speed 27.7 samples/s	Data 0.628s (0.628s)	Loss 0.01945 (0.01945)
2021-11-03 21:13:38,576 Epoch: [5][10/200]	Time 0.481s (0.547s)	Speed 66.5 samples/s	Data 0.001s (0.058s)	Loss 0.01885 (0.02236)
2021-11-03 21:13:43,402 Epoch: [5][20/200]	Time 0.479s (0.516s)	Speed 66.9 samples/s	Data 0.001s (0.030s)	Loss 0.02153 (0.02244)
2021-11-03 21:13:48,235 Epoch: [5][30/200]	Time 0.487s (0.506s)	Speed 65.8 samples/s	Data 0.001s (0.021s)	Loss 0.02812 (0.02224)
2021-11-03 21:13:53,092 Epoch: [5][40/200]	Time 0.483s (0.501s)	Speed 66.3 samples/s	Data 0.001s (0.016s)	Loss 0.02205 (0.02201)
2021-11-03 21:13:57,934 Epoch: [5][50/200]	Time 0.481s (0.497s)	Speed 66.6 samples/s	Data 0.001s (0.013s)	Loss 0.02157 (0.02173)
2021-11-03 21:14:02,808 Epoch: [5][60/200]	Time 0.485s (0.496s)	Speed 66.0 samples/s	Data 0.001s (0.011s)	Loss 0.01527 (0.02128)
2021-11-03 21:14:07,656 Epoch: [5][70/200]	Time 0.486s (0.494s)	Speed 65.8 samples/s	Data 0.001s (0.009s)	Loss 0.01872 (0.02099)
2021-11-03 21:14:12,500 Epoch: [5][80/200]	Time 0.482s (0.493s)	Speed 66.4 samples/s	Data 0.001s (0.008s)	Loss 0.01853 (0.02078)
2021-11-03 21:14:17,338 Epoch: [5][90/200]	Time 0.484s (0.492s)	Speed 66.1 samples/s	Data 0.001s (0.007s)	Loss 0.01461 (0.02064)
2021-11-03 21:14:22,197 Epoch: [5][100/200]	Time 0.490s (0.491s)	Speed 65.3 samples/s	Data 0.001s (0.007s)	Loss 0.02152 (0.02053)
2021-11-03 21:14:27,051 Epoch: [5][110/200]	Time 0.482s (0.491s)	Speed 66.4 samples/s	Data 0.001s (0.006s)	Loss 0.02210 (0.02050)
2021-11-03 21:14:31,906 Epoch: [5][120/200]	Time 0.483s (0.490s)	Speed 66.2 samples/s	Data 0.001s (0.006s)	Loss 0.01772 (0.02033)
2021-11-03 21:14:36,845 Epoch: [5][130/200]	Time 0.562s (0.491s)	Speed 56.9 samples/s	Data 0.001s (0.005s)	Loss 0.02328 (0.02034)
2021-11-03 21:14:41,769 Epoch: [5][140/200]	Time 0.493s (0.491s)	Speed 65.0 samples/s	Data 0.001s (0.005s)	Loss 0.02042 (0.02029)
2021-11-03 21:14:46,656 Epoch: [5][150/200]	Time 0.493s (0.491s)	Speed 64.8 samples/s	Data 0.001s (0.005s)	Loss 0.02337 (0.02023)
2021-11-03 21:14:51,541 Epoch: [5][160/200]	Time 0.486s (0.491s)	Speed 65.9 samples/s	Data 0.001s (0.004s)	Loss 0.02024 (0.02009)
2021-11-03 21:14:56,442 Epoch: [5][170/200]	Time 0.490s (0.491s)	Speed 65.3 samples/s	Data 0.001s (0.004s)	Loss 0.01807 (0.02000)
2021-11-03 21:15:01,348 Epoch: [5][180/200]	Time 0.490s (0.491s)	Speed 65.4 samples/s	Data 0.001s (0.004s)	Loss 0.01750 (0.02005)
2021-11-03 21:15:06,253 Epoch: [5][190/200]	Time 0.490s (0.491s)	Speed 65.3 samples/s	Data 0.001s (0.004s)	Loss 0.01662 (0.02003)
2021-11-03 21:15:31,219 Test: [0/200]	Time 0.533 (0.533)	Loss 0.1278 (0.1278)
2021-11-03 21:15:31,510 Test: [10/200]	Time 0.028 (0.075)	Loss 0.0239 (0.0806)
2021-11-03 21:15:31,801 Test: [20/200]	Time 0.028 (0.053)	Loss 0.0961 (0.0800)
2021-11-03 21:15:32,093 Test: [30/200]	Time 0.028 (0.045)	Loss 0.1105 (0.0880)
2021-11-03 21:15:32,385 Test: [40/200]	Time 0.028 (0.041)	Loss 0.0529 (0.0903)
2021-11-03 21:15:32,676 Test: [50/200]	Time 0.028 (0.039)	Loss 0.1170 (0.0898)
2021-11-03 21:15:32,966 Test: [60/200]	Time 0.028 (0.037)	Loss 0.0962 (0.0913)
2021-11-03 21:15:33,261 Test: [70/200]	Time 0.029 (0.036)	Loss 0.0731 (0.0913)
2021-11-03 21:15:33,553 Test: [80/200]	Time 0.028 (0.035)	Loss 0.1444 (0.0914)
2021-11-03 21:15:33,845 Test: [90/200]	Time 0.028 (0.035)	Loss 0.1038 (0.0941)
2021-11-03 21:15:34,138 Test: [100/200]	Time 0.028 (0.034)	Loss 0.1538 (0.0935)
2021-11-03 21:15:34,436 Test: [110/200]	Time 0.028 (0.034)	Loss 0.1916 (0.0939)
2021-11-03 21:15:34,733 Test: [120/200]	Time 0.028 (0.033)	Loss 0.1128 (0.0920)
2021-11-03 21:15:35,026 Test: [130/200]	Time 0.028 (0.033)	Loss 0.0733 (0.0923)
2021-11-03 21:15:35,317 Test: [140/200]	Time 0.028 (0.033)	Loss 0.1334 (0.0923)
2021-11-03 21:15:35,611 Test: [150/200]	Time 0.028 (0.033)	Loss 0.0886 (0.0907)
2021-11-03 21:15:35,902 Test: [160/200]	Time 0.028 (0.032)	Loss 0.1071 (0.0905)
2021-11-03 21:15:36,194 Test: [170/200]	Time 0.028 (0.032)	Loss 0.1088 (0.0898)
2021-11-03 21:15:36,484 Test: [180/200]	Time 0.028 (0.032)	Loss 0.0726 (0.0890)
2021-11-03 21:15:36,778 Test: [190/200]	Time 0.028 (0.032)	Loss 0.0395 (0.0889)
2021-11-03 21:15:42,714 Mean IoU score: 0.793
2021-11-03 21:15:42,717 => saving checkpoint to out
2021-11-03 21:15:43,858 Epoch: [6][0/200]	Time 1.131s (1.131s)	Speed 28.3 samples/s	Data 0.607s (0.607s)	Loss 0.01741 (0.01741)
2021-11-03 21:15:48,693 Epoch: [6][10/200]	Time 0.481s (0.542s)	Speed 66.6 samples/s	Data 0.001s (0.056s)	Loss 0.02174 (0.01736)
2021-11-03 21:15:53,533 Epoch: [6][20/200]	Time 0.480s (0.515s)	Speed 66.6 samples/s	Data 0.001s (0.029s)	Loss 0.01694 (0.01833)
2021-11-03 21:15:58,375 Epoch: [6][30/200]	Time 0.480s (0.505s)	Speed 66.7 samples/s	Data 0.001s (0.020s)	Loss 0.01732 (0.01828)
2021-11-03 21:16:03,214 Epoch: [6][40/200]	Time 0.481s (0.500s)	Speed 66.5 samples/s	Data 0.001s (0.015s)	Loss 0.01790 (0.01801)
2021-11-03 21:16:08,056 Epoch: [6][50/200]	Time 0.480s (0.497s)	Speed 66.6 samples/s	Data 0.001s (0.012s)	Loss 0.01549 (0.01776)
2021-11-03 21:16:12,904 Epoch: [6][60/200]	Time 0.482s (0.495s)	Speed 66.4 samples/s	Data 0.001s (0.011s)	Loss 0.01342 (0.01737)
2021-11-03 21:16:17,750 Epoch: [6][70/200]	Time 0.483s (0.493s)	Speed 66.3 samples/s	Data 0.001s (0.009s)	Loss 0.01408 (0.01700)
2021-11-03 21:16:22,617 Epoch: [6][80/200]	Time 0.490s (0.492s)	Speed 65.3 samples/s	Data 0.001s (0.008s)	Loss 0.01414 (0.01680)
2021-11-03 21:16:27,464 Epoch: [6][90/200]	Time 0.483s (0.492s)	Speed 66.2 samples/s	Data 0.001s (0.007s)	Loss 0.01541 (0.01663)
2021-11-03 21:16:32,331 Epoch: [6][100/200]	Time 0.486s (0.491s)	Speed 65.9 samples/s	Data 0.001s (0.007s)	Loss 0.01542 (0.01659)
2021-11-03 21:16:37,198 Epoch: [6][110/200]	Time 0.491s (0.491s)	Speed 65.2 samples/s	Data 0.001s (0.006s)	Loss 0.01274 (0.01647)
2021-11-03 21:16:42,064 Epoch: [6][120/200]	Time 0.485s (0.490s)	Speed 66.0 samples/s	Data 0.001s (0.006s)	Loss 0.01703 (0.01641)
2021-11-03 21:16:46,922 Epoch: [6][130/200]	Time 0.483s (0.490s)	Speed 66.2 samples/s	Data 0.001s (0.005s)	Loss 0.01168 (0.01626)
2021-11-03 21:16:51,785 Epoch: [6][140/200]	Time 0.485s (0.490s)	Speed 65.9 samples/s	Data 0.001s (0.005s)	Loss 0.01414 (0.01617)
2021-11-03 21:16:56,637 Epoch: [6][150/200]	Time 0.484s (0.489s)	Speed 66.1 samples/s	Data 0.001s (0.005s)	Loss 0.01574 (0.01616)
2021-11-03 21:17:01,498 Epoch: [6][160/200]	Time 0.489s (0.489s)	Speed 65.4 samples/s	Data 0.001s (0.004s)	Loss 0.01864 (0.01618)
2021-11-03 21:17:06,359 Epoch: [6][170/200]	Time 0.484s (0.489s)	Speed 66.1 samples/s	Data 0.001s (0.004s)	Loss 0.01600 (0.01609)
2021-11-03 21:17:11,216 Epoch: [6][180/200]	Time 0.484s (0.489s)	Speed 66.1 samples/s	Data 0.001s (0.004s)	Loss 0.01186 (0.01612)
2021-11-03 21:17:16,077 Epoch: [6][190/200]	Time 0.484s (0.489s)	Speed 66.2 samples/s	Data 0.001s (0.004s)	Loss 0.01538 (0.01610)
2021-11-03 21:17:40,994 Test: [0/200]	Time 0.532 (0.532)	Loss 0.0752 (0.0752)
2021-11-03 21:17:41,285 Test: [10/200]	Time 0.028 (0.075)	Loss 0.0119 (0.0584)
2021-11-03 21:17:41,577 Test: [20/200]	Time 0.028 (0.053)	Loss 0.0359 (0.0599)
2021-11-03 21:17:41,866 Test: [30/200]	Time 0.028 (0.045)	Loss 0.0767 (0.0625)
2021-11-03 21:17:42,157 Test: [40/200]	Time 0.028 (0.041)	Loss 0.0544 (0.0643)
2021-11-03 21:17:42,448 Test: [50/200]	Time 0.028 (0.039)	Loss 0.0928 (0.0647)
2021-11-03 21:17:42,740 Test: [60/200]	Time 0.028 (0.037)	Loss 0.0746 (0.0661)
2021-11-03 21:17:43,030 Test: [70/200]	Time 0.028 (0.036)	Loss 0.0460 (0.0658)
2021-11-03 21:17:43,319 Test: [80/200]	Time 0.028 (0.035)	Loss 0.0643 (0.0646)
2021-11-03 21:17:43,610 Test: [90/200]	Time 0.028 (0.035)	Loss 0.0782 (0.0664)
2021-11-03 21:17:43,902 Test: [100/200]	Time 0.028 (0.034)	Loss 0.0774 (0.0658)
2021-11-03 21:17:44,193 Test: [110/200]	Time 0.028 (0.034)	Loss 0.1482 (0.0665)
2021-11-03 21:17:44,484 Test: [120/200]	Time 0.028 (0.033)	Loss 0.0622 (0.0652)
2021-11-03 21:17:44,776 Test: [130/200]	Time 0.028 (0.033)	Loss 0.0622 (0.0654)
2021-11-03 21:17:45,067 Test: [140/200]	Time 0.028 (0.033)	Loss 0.0615 (0.0651)
2021-11-03 21:17:45,358 Test: [150/200]	Time 0.029 (0.032)	Loss 0.0609 (0.0643)
2021-11-03 21:17:45,649 Test: [160/200]	Time 0.029 (0.032)	Loss 0.0791 (0.0643)
2021-11-03 21:17:45,940 Test: [170/200]	Time 0.028 (0.032)	Loss 0.0519 (0.0638)
2021-11-03 21:17:46,230 Test: [180/200]	Time 0.028 (0.032)	Loss 0.0444 (0.0634)
2021-11-03 21:17:46,520 Test: [190/200]	Time 0.029 (0.032)	Loss 0.0308 (0.0632)
2021-11-03 21:17:52,454 Mean IoU score: 0.849
2021-11-03 21:17:52,458 => saving checkpoint to out
2021-11-03 21:17:53,595 Epoch: [7][0/200]	Time 1.123s (1.123s)	Speed 28.5 samples/s	Data 0.598s (0.598s)	Loss 0.01452 (0.01452)
2021-11-03 21:17:58,437 Epoch: [7][10/200]	Time 0.480s (0.542s)	Speed 66.6 samples/s	Data 0.001s (0.055s)	Loss 0.01404 (0.01521)
2021-11-03 21:18:03,280 Epoch: [7][20/200]	Time 0.482s (0.515s)	Speed 66.4 samples/s	Data 0.001s (0.029s)	Loss 0.01694 (0.01519)
2021-11-03 21:18:08,125 Epoch: [7][30/200]	Time 0.483s (0.505s)	Speed 66.3 samples/s	Data 0.001s (0.020s)	Loss 0.01518 (0.01473)
2021-11-03 21:18:12,982 Epoch: [7][40/200]	Time 0.483s (0.500s)	Speed 66.2 samples/s	Data 0.001s (0.015s)	Loss 0.01153 (0.01459)
2021-11-03 21:18:17,846 Epoch: [7][50/200]	Time 0.487s (0.498s)	Speed 65.7 samples/s	Data 0.001s (0.012s)	Loss 0.01367 (0.01440)
2021-11-03 21:18:22,694 Epoch: [7][60/200]	Time 0.487s (0.495s)	Speed 65.7 samples/s	Data 0.001s (0.010s)	Loss 0.01287 (0.01428)
2021-11-03 21:18:27,546 Epoch: [7][70/200]	Time 0.483s (0.494s)	Speed 66.2 samples/s	Data 0.001s (0.009s)	Loss 0.01094 (0.01407)
2021-11-03 21:18:32,405 Epoch: [7][80/200]	Time 0.486s (0.493s)	Speed 65.8 samples/s	Data 0.001s (0.008s)	Loss 0.01173 (0.01399)
2021-11-03 21:18:37,273 Epoch: [7][90/200]	Time 0.495s (0.492s)	Speed 64.7 samples/s	Data 0.001s (0.007s)	Loss 0.01588 (0.01384)
2021-11-03 21:18:42,137 Epoch: [7][100/200]	Time 0.482s (0.492s)	Speed 66.3 samples/s	Data 0.001s (0.007s)	Loss 0.01587 (0.01392)
2021-11-03 21:18:46,994 Epoch: [7][110/200]	Time 0.485s (0.491s)	Speed 65.9 samples/s	Data 0.001s (0.006s)	Loss 0.00992 (0.01388)
2021-11-03 21:18:51,855 Epoch: [7][120/200]	Time 0.486s (0.491s)	Speed 65.8 samples/s	Data 0.001s (0.006s)	Loss 0.01340 (0.01399)
2021-11-03 21:18:56,711 Epoch: [7][130/200]	Time 0.482s (0.490s)	Speed 66.3 samples/s	Data 0.001s (0.005s)	Loss 0.01228 (0.01396)
2021-11-03 21:19:01,570 Epoch: [7][140/200]	Time 0.487s (0.490s)	Speed 65.7 samples/s	Data 0.001s (0.005s)	Loss 0.01702 (0.01391)
2021-11-03 21:19:06,439 Epoch: [7][150/200]	Time 0.484s (0.490s)	Speed 66.1 samples/s	Data 0.001s (0.005s)	Loss 0.01140 (0.01384)
2021-11-03 21:19:11,305 Epoch: [7][160/200]	Time 0.484s (0.490s)	Speed 66.2 samples/s	Data 0.001s (0.004s)	Loss 0.01497 (0.01378)
2021-11-03 21:19:16,171 Epoch: [7][170/200]	Time 0.484s (0.489s)	Speed 66.1 samples/s	Data 0.001s (0.004s)	Loss 0.01466 (0.01377)
2021-11-03 21:19:21,034 Epoch: [7][180/200]	Time 0.485s (0.489s)	Speed 66.0 samples/s	Data 0.001s (0.004s)	Loss 0.01213 (0.01376)
2021-11-03 21:19:25,916 Epoch: [7][190/200]	Time 0.488s (0.489s)	Speed 65.6 samples/s	Data 0.001s (0.004s)	Loss 0.01221 (0.01377)
2021-11-03 21:19:50,824 Test: [0/200]	Time 0.535 (0.535)	Loss 0.0821 (0.0821)
2021-11-03 21:19:51,116 Test: [10/200]	Time 0.028 (0.075)	Loss 0.0121 (0.0553)
2021-11-03 21:19:51,406 Test: [20/200]	Time 0.028 (0.053)	Loss 0.0409 (0.0574)
2021-11-03 21:19:51,695 Test: [30/200]	Time 0.028 (0.045)	Loss 0.0818 (0.0611)
2021-11-03 21:19:51,987 Test: [40/200]	Time 0.028 (0.041)	Loss 0.0534 (0.0631)
2021-11-03 21:19:52,278 Test: [50/200]	Time 0.028 (0.039)	Loss 0.0983 (0.0635)
2021-11-03 21:19:52,570 Test: [60/200]	Time 0.028 (0.037)	Loss 0.0912 (0.0651)
2021-11-03 21:19:52,862 Test: [70/200]	Time 0.029 (0.036)	Loss 0.0582 (0.0658)
2021-11-03 21:19:53,158 Test: [80/200]	Time 0.031 (0.035)	Loss 0.0714 (0.0647)
2021-11-03 21:19:53,451 Test: [90/200]	Time 0.028 (0.035)	Loss 0.0780 (0.0662)
2021-11-03 21:19:53,743 Test: [100/200]	Time 0.028 (0.034)	Loss 0.0893 (0.0657)
2021-11-03 21:19:54,035 Test: [110/200]	Time 0.028 (0.034)	Loss 0.1461 (0.0661)
2021-11-03 21:19:54,326 Test: [120/200]	Time 0.028 (0.033)	Loss 0.0650 (0.0647)
2021-11-03 21:19:54,618 Test: [130/200]	Time 0.028 (0.033)	Loss 0.0630 (0.0649)
2021-11-03 21:19:54,909 Test: [140/200]	Time 0.028 (0.033)	Loss 0.0605 (0.0643)
2021-11-03 21:19:55,199 Test: [150/200]	Time 0.028 (0.033)	Loss 0.0623 (0.0633)
2021-11-03 21:19:55,490 Test: [160/200]	Time 0.028 (0.032)	Loss 0.0694 (0.0633)
2021-11-03 21:19:55,780 Test: [170/200]	Time 0.028 (0.032)	Loss 0.0555 (0.0627)
2021-11-03 21:19:56,072 Test: [180/200]	Time 0.028 (0.032)	Loss 0.0426 (0.0623)
2021-11-03 21:19:56,363 Test: [190/200]	Time 0.028 (0.032)	Loss 0.0304 (0.0622)
2021-11-03 21:20:02,309 Mean IoU score: 0.853
2021-11-03 21:20:02,313 => saving checkpoint to out
2021-11-03 21:20:03,463 Epoch: [8][0/200]	Time 1.139s (1.139s)	Speed 28.1 samples/s	Data 0.612s (0.612s)	Loss 0.01177 (0.01177)
2021-11-03 21:20:08,353 Epoch: [8][10/200]	Time 0.490s (0.548s)	Speed 65.4 samples/s	Data 0.001s (0.056s)	Loss 0.01059 (0.01164)
2021-11-03 21:20:13,246 Epoch: [8][20/200]	Time 0.490s (0.520s)	Speed 65.3 samples/s	Data 0.001s (0.030s)	Loss 0.01161 (0.01201)
2021-11-03 21:20:18,345 Epoch: [8][30/200]	Time 0.508s (0.517s)	Speed 63.0 samples/s	Data 0.001s (0.020s)	Loss 0.01137 (0.01193)
2021-11-03 21:20:23,356 Epoch: [8][40/200]	Time 0.518s (0.513s)	Speed 61.7 samples/s	Data 0.001s (0.016s)	Loss 0.00953 (0.01176)
2021-11-03 21:20:28,549 Epoch: [8][50/200]	Time 0.509s (0.514s)	Speed 62.8 samples/s	Data 0.001s (0.013s)	Loss 0.01165 (0.01186)
2021-11-03 21:20:33,805 Epoch: [8][60/200]	Time 0.483s (0.516s)	Speed 66.2 samples/s	Data 0.001s (0.011s)	Loss 0.01305 (0.01178)
2021-11-03 21:20:38,706 Epoch: [8][70/200]	Time 0.499s (0.512s)	Speed 64.2 samples/s	Data 0.001s (0.009s)	Loss 0.01184 (0.01169)
2021-11-03 21:20:43,586 Epoch: [8][80/200]	Time 0.486s (0.509s)	Speed 65.9 samples/s	Data 0.001s (0.008s)	Loss 0.00895 (0.01166)
2021-11-03 21:20:48,461 Epoch: [8][90/200]	Time 0.484s (0.507s)	Speed 66.1 samples/s	Data 0.001s (0.007s)	Loss 0.00950 (0.01153)
2021-11-03 21:20:53,352 Epoch: [8][100/200]	Time 0.489s (0.505s)	Speed 65.4 samples/s	Data 0.001s (0.007s)	Loss 0.01147 (0.01157)
2021-11-03 21:20:58,247 Epoch: [8][110/200]	Time 0.488s (0.504s)	Speed 65.6 samples/s	Data 0.001s (0.006s)	Loss 0.01312 (0.01156)
2021-11-03 21:21:03,150 Epoch: [8][120/200]	Time 0.492s (0.503s)	Speed 65.0 samples/s	Data 0.001s (0.006s)	Loss 0.01173 (0.01160)
2021-11-03 21:21:08,054 Epoch: [8][130/200]	Time 0.487s (0.502s)	Speed 65.8 samples/s	Data 0.001s (0.005s)	Loss 0.00824 (0.01158)
2021-11-03 21:21:12,980 Epoch: [8][140/200]	Time 0.489s (0.501s)	Speed 65.4 samples/s	Data 0.001s (0.005s)	Loss 0.01403 (0.01162)
2021-11-03 21:21:17,885 Epoch: [8][150/200]	Time 0.489s (0.500s)	Speed 65.4 samples/s	Data 0.001s (0.005s)	Loss 0.01048 (0.01158)
2021-11-03 21:21:22,794 Epoch: [8][160/200]	Time 0.491s (0.500s)	Speed 65.2 samples/s	Data 0.001s (0.004s)	Loss 0.01233 (0.01162)
2021-11-03 21:21:27,896 Epoch: [8][170/200]	Time 0.513s (0.500s)	Speed 62.4 samples/s	Data 0.001s (0.004s)	Loss 0.01057 (0.01163)
2021-11-03 21:21:32,843 Epoch: [8][180/200]	Time 0.491s (0.500s)	Speed 65.2 samples/s	Data 0.001s (0.004s)	Loss 0.01438 (0.01164)
2021-11-03 21:21:37,731 Epoch: [8][190/200]	Time 0.491s (0.500s)	Speed 65.2 samples/s	Data 0.001s (0.004s)	Loss 0.01267 (0.01160)
2021-11-03 21:22:02,685 Test: [0/200]	Time 0.531 (0.531)	Loss 0.0656 (0.0656)
2021-11-03 21:22:02,978 Test: [10/200]	Time 0.028 (0.075)	Loss 0.0191 (0.0526)
2021-11-03 21:22:03,271 Test: [20/200]	Time 0.029 (0.053)	Loss 0.0331 (0.0529)
2021-11-03 21:22:03,562 Test: [30/200]	Time 0.028 (0.045)	Loss 0.0761 (0.0567)
2021-11-03 21:22:03,855 Test: [40/200]	Time 0.029 (0.041)	Loss 0.0674 (0.0591)
2021-11-03 21:22:04,148 Test: [50/200]	Time 0.028 (0.039)	Loss 0.0890 (0.0588)
2021-11-03 21:22:04,439 Test: [60/200]	Time 0.028 (0.037)	Loss 0.0821 (0.0608)
2021-11-03 21:22:04,733 Test: [70/200]	Time 0.028 (0.036)	Loss 0.0470 (0.0615)
2021-11-03 21:22:05,025 Test: [80/200]	Time 0.028 (0.035)	Loss 0.0591 (0.0601)
2021-11-03 21:22:05,316 Test: [90/200]	Time 0.028 (0.035)	Loss 0.0799 (0.0619)
2021-11-03 21:22:05,609 Test: [100/200]	Time 0.030 (0.034)	Loss 0.0838 (0.0616)
2021-11-03 21:22:05,901 Test: [110/200]	Time 0.028 (0.034)	Loss 0.1633 (0.0626)
2021-11-03 21:22:06,193 Test: [120/200]	Time 0.028 (0.033)	Loss 0.0680 (0.0612)
2021-11-03 21:22:06,485 Test: [130/200]	Time 0.028 (0.033)	Loss 0.0613 (0.0615)
2021-11-03 21:22:06,778 Test: [140/200]	Time 0.029 (0.033)	Loss 0.0546 (0.0612)
2021-11-03 21:22:07,070 Test: [150/200]	Time 0.028 (0.033)	Loss 0.0750 (0.0605)
2021-11-03 21:22:07,361 Test: [160/200]	Time 0.028 (0.032)	Loss 0.0696 (0.0609)
2021-11-03 21:22:07,653 Test: [170/200]	Time 0.028 (0.032)	Loss 0.0468 (0.0604)
2021-11-03 21:22:07,947 Test: [180/200]	Time 0.028 (0.032)	Loss 0.0373 (0.0600)
2021-11-03 21:22:08,238 Test: [190/200]	Time 0.028 (0.032)	Loss 0.0256 (0.0597)
2021-11-03 21:22:14,239 Mean IoU score: 0.857
2021-11-03 21:22:14,244 => saving checkpoint to out
2021-11-03 21:22:15,452 Epoch: [9][0/200]	Time 1.196s (1.196s)	Speed 26.8 samples/s	Data 0.641s (0.641s)	Loss 0.01144 (0.01144)
2021-11-03 21:22:20,697 Epoch: [9][10/200]	Time 0.502s (0.586s)	Speed 63.7 samples/s	Data 0.001s (0.059s)	Loss 0.01010 (0.01075)
2021-11-03 21:22:26,116 Epoch: [9][20/200]	Time 0.637s (0.565s)	Speed 50.2 samples/s	Data 0.001s (0.031s)	Loss 0.01535 (0.01103)
2021-11-03 21:22:31,342 Epoch: [9][30/200]	Time 0.536s (0.551s)	Speed 59.7 samples/s	Data 0.001s (0.021s)	Loss 0.01008 (0.01110)
2021-11-03 21:22:36,738 Epoch: [9][40/200]	Time 0.519s (0.548s)	Speed 61.7 samples/s	Data 0.001s (0.016s)	Loss 0.01081 (0.01116)
2021-11-03 21:22:42,000 Epoch: [9][50/200]	Time 0.492s (0.544s)	Speed 65.0 samples/s	Data 0.001s (0.013s)	Loss 0.00751 (0.01097)
2021-11-03 21:22:46,899 Epoch: [9][60/200]	Time 0.492s (0.535s)	Speed 65.0 samples/s	Data 0.001s (0.011s)	Loss 0.01161 (0.01084)
2021-11-03 21:22:51,753 Epoch: [9][70/200]	Time 0.485s (0.528s)	Speed 66.0 samples/s	Data 0.001s (0.010s)	Loss 0.01010 (0.01084)
2021-11-03 21:22:56,621 Epoch: [9][80/200]	Time 0.486s (0.523s)	Speed 65.8 samples/s	Data 0.001s (0.009s)	Loss 0.00803 (0.01088)
2021-11-03 21:23:01,480 Epoch: [9][90/200]	Time 0.482s (0.519s)	Speed 66.4 samples/s	Data 0.001s (0.008s)	Loss 0.01106 (0.01080)
2021-11-03 21:23:06,345 Epoch: [9][100/200]	Time 0.485s (0.516s)	Speed 65.9 samples/s	Data 0.001s (0.007s)	Loss 0.01593 (0.01083)
2021-11-03 21:23:11,208 Epoch: [9][110/200]	Time 0.487s (0.513s)	Speed 65.7 samples/s	Data 0.001s (0.006s)	Loss 0.01112 (0.01079)
2021-11-03 21:23:16,071 Epoch: [9][120/200]	Time 0.489s (0.511s)	Speed 65.4 samples/s	Data 0.001s (0.006s)	Loss 0.00930 (0.01071)
2021-11-03 21:23:20,940 Epoch: [9][130/200]	Time 0.487s (0.509s)	Speed 65.7 samples/s	Data 0.001s (0.006s)	Loss 0.00746 (0.01072)
2021-11-03 21:23:25,816 Epoch: [9][140/200]	Time 0.489s (0.508s)	Speed 65.4 samples/s	Data 0.001s (0.005s)	Loss 0.01093 (0.01070)
2021-11-03 21:23:30,685 Epoch: [9][150/200]	Time 0.484s (0.506s)	Speed 66.1 samples/s	Data 0.001s (0.005s)	Loss 0.00866 (0.01067)
2021-11-03 21:23:35,544 Epoch: [9][160/200]	Time 0.486s (0.505s)	Speed 65.8 samples/s	Data 0.001s (0.005s)	Loss 0.01173 (0.01067)
2021-11-03 21:23:40,428 Epoch: [9][170/200]	Time 0.492s (0.504s)	Speed 65.1 samples/s	Data 0.001s (0.004s)	Loss 0.01134 (0.01067)
2021-11-03 21:23:45,297 Epoch: [9][180/200]	Time 0.486s (0.503s)	Speed 65.8 samples/s	Data 0.001s (0.004s)	Loss 0.01086 (0.01069)
2021-11-03 21:23:50,155 Epoch: [9][190/200]	Time 0.487s (0.502s)	Speed 65.7 samples/s	Data 0.001s (0.004s)	Loss 0.00856 (0.01067)
2021-11-03 21:24:15,185 Test: [0/200]	Time 0.634 (0.634)	Loss 0.0760 (0.0760)
2021-11-03 21:24:15,477 Test: [10/200]	Time 0.028 (0.084)	Loss 0.0207 (0.0531)
2021-11-03 21:24:15,769 Test: [20/200]	Time 0.028 (0.058)	Loss 0.0325 (0.0540)
2021-11-03 21:24:16,059 Test: [30/200]	Time 0.028 (0.049)	Loss 0.0648 (0.0571)
2021-11-03 21:24:16,351 Test: [40/200]	Time 0.028 (0.044)	Loss 0.0474 (0.0593)
2021-11-03 21:24:16,644 Test: [50/200]	Time 0.028 (0.041)	Loss 0.0841 (0.0592)
2021-11-03 21:24:16,935 Test: [60/200]	Time 0.028 (0.039)	Loss 0.0657 (0.0602)
2021-11-03 21:24:17,227 Test: [70/200]	Time 0.028 (0.038)	Loss 0.0446 (0.0607)
2021-11-03 21:24:17,517 Test: [80/200]	Time 0.028 (0.037)	Loss 0.0638 (0.0595)
2021-11-03 21:24:17,809 Test: [90/200]	Time 0.028 (0.036)	Loss 0.0727 (0.0615)
2021-11-03 21:24:18,102 Test: [100/200]	Time 0.028 (0.035)	Loss 0.0746 (0.0612)
2021-11-03 21:24:18,393 Test: [110/200]	Time 0.028 (0.035)	Loss 0.1444 (0.0615)
2021-11-03 21:24:18,684 Test: [120/200]	Time 0.028 (0.034)	Loss 0.0541 (0.0601)
2021-11-03 21:24:18,974 Test: [130/200]	Time 0.028 (0.034)	Loss 0.0609 (0.0600)
2021-11-03 21:24:19,263 Test: [140/200]	Time 0.028 (0.033)	Loss 0.0760 (0.0596)
2021-11-03 21:24:19,552 Test: [150/200]	Time 0.028 (0.033)	Loss 0.0515 (0.0587)
2021-11-03 21:24:19,843 Test: [160/200]	Time 0.028 (0.033)	Loss 0.0698 (0.0588)
2021-11-03 21:24:20,136 Test: [170/200]	Time 0.028 (0.033)	Loss 0.0486 (0.0584)
2021-11-03 21:24:20,426 Test: [180/200]	Time 0.028 (0.032)	Loss 0.0386 (0.0580)
2021-11-03 21:24:20,717 Test: [190/200]	Time 0.028 (0.032)	Loss 0.0246 (0.0578)
2021-11-03 21:24:26,643 Mean IoU score: 0.860
2021-11-03 21:24:26,647 => saving checkpoint to out
2021-11-03 21:24:27,778 Epoch: [10][0/200]	Time 1.117s (1.117s)	Speed 28.6 samples/s	Data 0.610s (0.610s)	Loss 0.00817 (0.00817)
2021-11-03 21:24:32,540 Epoch: [10][10/200]	Time 0.475s (0.534s)	Speed 67.4 samples/s	Data 0.000s (0.056s)	Loss 0.00824 (0.00942)
2021-11-03 21:24:37,323 Epoch: [10][20/200]	Time 0.484s (0.508s)	Speed 66.2 samples/s	Data 0.000s (0.030s)	Loss 0.00913 (0.00906)
2021-11-03 21:24:42,080 Epoch: [10][30/200]	Time 0.475s (0.497s)	Speed 67.4 samples/s	Data 0.000s (0.020s)	Loss 0.01030 (0.00926)
2021-11-03 21:24:46,839 Epoch: [10][40/200]	Time 0.475s (0.492s)	Speed 67.4 samples/s	Data 0.000s (0.015s)	Loss 0.00786 (0.00956)
2021-11-03 21:24:51,587 Epoch: [10][50/200]	Time 0.476s (0.489s)	Speed 67.2 samples/s	Data 0.000s (0.012s)	Loss 0.01329 (0.00965)
2021-11-03 21:24:56,348 Epoch: [10][60/200]	Time 0.483s (0.487s)	Speed 66.3 samples/s	Data 0.000s (0.011s)	Loss 0.01356 (0.00974)
2021-11-03 21:25:01,229 Epoch: [10][70/200]	Time 0.487s (0.487s)	Speed 65.7 samples/s	Data 0.001s (0.009s)	Loss 0.00845 (0.00975)
2021-11-03 21:25:06,117 Epoch: [10][80/200]	Time 0.489s (0.487s)	Speed 65.4 samples/s	Data 0.001s (0.008s)	Loss 0.01028 (0.00973)
2021-11-03 21:25:11,014 Epoch: [10][90/200]	Time 0.483s (0.487s)	Speed 66.2 samples/s	Data 0.001s (0.007s)	Loss 0.00851 (0.00972)
2021-11-03 21:25:15,900 Epoch: [10][100/200]	Time 0.490s (0.488s)	Speed 65.3 samples/s	Data 0.001s (0.007s)	Loss 0.00865 (0.00976)
2021-11-03 21:25:20,788 Epoch: [10][110/200]	Time 0.488s (0.488s)	Speed 65.6 samples/s	Data 0.001s (0.006s)	Loss 0.00785 (0.00974)
2021-11-03 21:25:25,685 Epoch: [10][120/200]	Time 0.492s (0.488s)	Speed 65.1 samples/s	Data 0.001s (0.006s)	Loss 0.01035 (0.00980)
2021-11-03 21:25:30,581 Epoch: [10][130/200]	Time 0.489s (0.488s)	Speed 65.4 samples/s	Data 0.001s (0.005s)	Loss 0.00967 (0.00979)
2021-11-03 21:25:35,469 Epoch: [10][140/200]	Time 0.490s (0.488s)	Speed 65.3 samples/s	Data 0.001s (0.005s)	Loss 0.01009 (0.00980)
2021-11-03 21:25:40,378 Epoch: [10][150/200]	Time 0.491s (0.488s)	Speed 65.2 samples/s	Data 0.001s (0.005s)	Loss 0.00906 (0.00977)
2021-11-03 21:25:45,272 Epoch: [10][160/200]	Time 0.487s (0.488s)	Speed 65.8 samples/s	Data 0.001s (0.004s)	Loss 0.00807 (0.00975)
2021-11-03 21:25:50,167 Epoch: [10][170/200]	Time 0.490s (0.488s)	Speed 65.3 samples/s	Data 0.001s (0.004s)	Loss 0.01074 (0.00974)
2021-11-03 21:25:55,072 Epoch: [10][180/200]	Time 0.490s (0.488s)	Speed 65.3 samples/s	Data 0.001s (0.004s)	Loss 0.00848 (0.00969)
2021-11-03 21:25:59,976 Epoch: [10][190/200]	Time 0.494s (0.489s)	Speed 64.8 samples/s	Data 0.001s (0.004s)	Loss 0.01054 (0.00966)
2021-11-03 21:26:24,932 Test: [0/200]	Time 0.540 (0.540)	Loss 0.0866 (0.0866)
2021-11-03 21:26:25,222 Test: [10/200]	Time 0.028 (0.075)	Loss 0.0160 (0.0565)
2021-11-03 21:26:25,512 Test: [20/200]	Time 0.028 (0.053)	Loss 0.0437 (0.0554)
2021-11-03 21:26:25,803 Test: [30/200]	Time 0.028 (0.045)	Loss 0.0680 (0.0584)
2021-11-03 21:26:26,097 Test: [40/200]	Time 0.028 (0.042)	Loss 0.0483 (0.0607)
2021-11-03 21:26:26,388 Test: [50/200]	Time 0.028 (0.039)	Loss 0.0876 (0.0605)
2021-11-03 21:26:26,680 Test: [60/200]	Time 0.028 (0.038)	Loss 0.0922 (0.0624)
2021-11-03 21:26:26,971 Test: [70/200]	Time 0.028 (0.036)	Loss 0.0535 (0.0627)
2021-11-03 21:26:27,267 Test: [80/200]	Time 0.028 (0.035)	Loss 0.0697 (0.0619)
2021-11-03 21:26:27,559 Test: [90/200]	Time 0.028 (0.035)	Loss 0.0738 (0.0635)
2021-11-03 21:26:27,856 Test: [100/200]	Time 0.028 (0.034)	Loss 0.1035 (0.0633)
2021-11-03 21:26:28,150 Test: [110/200]	Time 0.028 (0.034)	Loss 0.1730 (0.0640)
2021-11-03 21:26:28,442 Test: [120/200]	Time 0.028 (0.033)	Loss 0.0588 (0.0627)
2021-11-03 21:26:28,735 Test: [130/200]	Time 0.029 (0.033)	Loss 0.0519 (0.0626)
2021-11-03 21:26:29,026 Test: [140/200]	Time 0.028 (0.033)	Loss 0.0607 (0.0621)
2021-11-03 21:26:29,316 Test: [150/200]	Time 0.028 (0.033)	Loss 0.0568 (0.0611)
2021-11-03 21:26:29,606 Test: [160/200]	Time 0.028 (0.032)	Loss 0.0707 (0.0614)
2021-11-03 21:26:29,898 Test: [170/200]	Time 0.028 (0.032)	Loss 0.0547 (0.0611)
2021-11-03 21:26:30,188 Test: [180/200]	Time 0.028 (0.032)	Loss 0.0410 (0.0607)
2021-11-03 21:26:30,514 Test: [190/200]	Time 0.031 (0.032)	Loss 0.0245 (0.0604)
2021-11-03 21:26:36,603 Mean IoU score: 0.860
2021-11-03 21:26:36,608 => saving checkpoint to out
2021-11-03 21:26:37,781 Epoch: [11][0/200]	Time 1.165s (1.165s)	Speed 27.5 samples/s	Data 0.625s (0.625s)	Loss 0.00756 (0.00756)
2021-11-03 21:26:43,013 Epoch: [11][10/200]	Time 0.543s (0.581s)	Speed 59.0 samples/s	Data 0.001s (0.057s)	Loss 0.00889 (0.00834)
2021-11-03 21:26:48,548 Epoch: [11][20/200]	Time 0.525s (0.568s)	Speed 61.0 samples/s	Data 0.001s (0.030s)	Loss 0.01152 (0.00846)
2021-11-03 21:26:54,226 Epoch: [11][30/200]	Time 0.587s (0.568s)	Speed 54.5 samples/s	Data 0.001s (0.021s)	Loss 0.00875 (0.00866)
2021-11-03 21:26:59,866 Epoch: [11][40/200]	Time 0.545s (0.567s)	Speed 58.7 samples/s	Data 0.001s (0.016s)	Loss 0.01148 (0.00883)
2021-11-03 21:27:05,384 Epoch: [11][50/200]	Time 0.542s (0.564s)	Speed 59.1 samples/s	Data 0.001s (0.013s)	Loss 0.00813 (0.00890)
2021-11-03 21:27:11,189 Epoch: [11][60/200]	Time 0.583s (0.567s)	Speed 54.9 samples/s	Data 0.001s (0.011s)	Loss 0.00989 (0.00897)
2021-11-03 21:27:17,243 Epoch: [11][70/200]	Time 0.561s (0.572s)	Speed 57.1 samples/s	Data 0.001s (0.009s)	Loss 0.00969 (0.00892)
2021-11-03 21:27:23,109 Epoch: [11][80/200]	Time 0.545s (0.574s)	Speed 58.7 samples/s	Data 0.001s (0.008s)	Loss 0.00921 (0.00893)
2021-11-03 21:27:28,812 Epoch: [11][90/200]	Time 0.503s (0.574s)	Speed 63.6 samples/s	Data 0.001s (0.008s)	Loss 0.00864 (0.00895)
2021-11-03 21:27:34,431 Epoch: [11][100/200]	Time 0.537s (0.572s)	Speed 59.6 samples/s	Data 0.001s (0.007s)	Loss 0.00944 (0.00897)
2021-11-03 21:27:40,509 Epoch: [11][110/200]	Time 0.589s (0.576s)	Speed 54.3 samples/s	Data 0.001s (0.006s)	Loss 0.01046 (0.00893)
2021-11-03 21:27:46,153 Epoch: [11][120/200]	Time 0.565s (0.575s)	Speed 56.6 samples/s	Data 0.001s (0.006s)	Loss 0.00848 (0.00895)
2021-11-03 21:27:51,872 Epoch: [11][130/200]	Time 0.564s (0.574s)	Speed 56.7 samples/s	Data 0.001s (0.005s)	Loss 0.00835 (0.00896)
2021-11-03 21:27:57,548 Epoch: [11][140/200]	Time 0.550s (0.574s)	Speed 58.1 samples/s	Data 0.001s (0.005s)	Loss 0.01208 (0.00906)
2021-11-03 21:28:02,976 Epoch: [11][150/200]	Time 0.551s (0.572s)	Speed 58.0 samples/s	Data 0.001s (0.005s)	Loss 0.01073 (0.00906)
2021-11-03 21:28:08,870 Epoch: [11][160/200]	Time 0.527s (0.573s)	Speed 60.7 samples/s	Data 0.001s (0.005s)	Loss 0.00973 (0.00907)
2021-11-03 21:28:14,811 Epoch: [11][170/200]	Time 0.568s (0.574s)	Speed 56.3 samples/s	Data 0.001s (0.004s)	Loss 0.01029 (0.00911)
2021-11-03 21:28:20,064 Epoch: [11][180/200]	Time 0.533s (0.572s)	Speed 60.0 samples/s	Data 0.001s (0.004s)	Loss 0.00758 (0.00910)
2021-11-03 21:28:25,230 Epoch: [11][190/200]	Time 0.513s (0.569s)	Speed 62.4 samples/s	Data 0.001s (0.004s)	Loss 0.00960 (0.00911)
2021-11-03 21:28:50,797 Test: [0/200]	Time 0.905 (0.905)	Loss 0.0647 (0.0647)
2021-11-03 21:28:51,213 Test: [10/200]	Time 0.033 (0.120)	Loss 0.0179 (0.0533)
2021-11-03 21:28:51,600 Test: [20/200]	Time 0.041 (0.081)	Loss 0.0379 (0.0534)
2021-11-03 21:28:51,952 Test: [30/200]	Time 0.032 (0.066)	Loss 0.0820 (0.0579)
2021-11-03 21:28:52,289 Test: [40/200]	Time 0.036 (0.058)	Loss 0.0365 (0.0599)
2021-11-03 21:28:52,628 Test: [50/200]	Time 0.031 (0.054)	Loss 0.0906 (0.0600)
2021-11-03 21:28:52,930 Test: [60/200]	Time 0.029 (0.050)	Loss 0.0784 (0.0631)
2021-11-03 21:28:53,232 Test: [70/200]	Time 0.029 (0.047)	Loss 0.0453 (0.0635)
2021-11-03 21:28:53,543 Test: [80/200]	Time 0.029 (0.045)	Loss 0.0643 (0.0626)
2021-11-03 21:28:53,841 Test: [90/200]	Time 0.029 (0.043)	Loss 0.0766 (0.0639)
2021-11-03 21:28:54,138 Test: [100/200]	Time 0.029 (0.042)	Loss 0.0966 (0.0639)
2021-11-03 21:28:54,442 Test: [110/200]	Time 0.030 (0.041)	Loss 0.1619 (0.0644)
2021-11-03 21:28:54,741 Test: [120/200]	Time 0.029 (0.040)	Loss 0.0820 (0.0630)
2021-11-03 21:28:55,048 Test: [130/200]	Time 0.029 (0.039)	Loss 0.0641 (0.0631)
2021-11-03 21:28:55,346 Test: [140/200]	Time 0.029 (0.039)	Loss 0.0613 (0.0625)
2021-11-03 21:28:55,641 Test: [150/200]	Time 0.028 (0.038)	Loss 0.0514 (0.0614)
2021-11-03 21:28:55,940 Test: [160/200]	Time 0.030 (0.038)	Loss 0.0878 (0.0616)
2021-11-03 21:28:56,243 Test: [170/200]	Time 0.028 (0.037)	Loss 0.0571 (0.0609)
2021-11-03 21:28:56,546 Test: [180/200]	Time 0.032 (0.037)	Loss 0.0383 (0.0605)
2021-11-03 21:28:56,839 Test: [190/200]	Time 0.028 (0.036)	Loss 0.0248 (0.0604)
2021-11-03 21:29:02,866 Mean IoU score: 0.857
2021-11-03 21:29:02,871 => saving checkpoint to out
2021-11-03 21:29:04,231 Epoch: [12][0/200]	Time 1.350s (1.350s)	Speed 23.7 samples/s	Data 0.794s (0.794s)	Loss 0.01071 (0.01071)
2021-11-03 21:29:09,760 Epoch: [12][10/200]	Time 0.543s (0.625s)	Speed 58.9 samples/s	Data 0.001s (0.073s)	Loss 0.01045 (0.01006)
2021-11-03 21:29:15,115 Epoch: [12][20/200]	Time 0.504s (0.583s)	Speed 63.5 samples/s	Data 0.001s (0.038s)	Loss 0.01041 (0.00909)
2021-11-03 21:29:20,113 Epoch: [12][30/200]	Time 0.500s (0.556s)	Speed 64.0 samples/s	Data 0.001s (0.026s)	Loss 0.00911 (0.00896)
2021-11-03 21:29:25,111 Epoch: [12][40/200]	Time 0.496s (0.542s)	Speed 64.5 samples/s	Data 0.001s (0.020s)	Loss 0.00871 (0.00892)
2021-11-03 21:29:30,018 Epoch: [12][50/200]	Time 0.489s (0.532s)	Speed 65.5 samples/s	Data 0.001s (0.016s)	Loss 0.00830 (0.00881)
2021-11-03 21:29:34,945 Epoch: [12][60/200]	Time 0.492s (0.526s)	Speed 65.0 samples/s	Data 0.001s (0.014s)	Loss 0.00689 (0.00874)
2021-11-03 21:29:39,861 Epoch: [12][70/200]	Time 0.490s (0.521s)	Speed 65.3 samples/s	Data 0.001s (0.012s)	Loss 0.01006 (0.00875)
2021-11-03 21:29:44,815 Epoch: [12][80/200]	Time 0.493s (0.518s)	Speed 65.0 samples/s	Data 0.001s (0.010s)	Loss 0.00946 (0.00883)
2021-11-03 21:29:49,805 Epoch: [12][90/200]	Time 0.512s (0.516s)	Speed 62.5 samples/s	Data 0.001s (0.009s)	Loss 0.00716 (0.00884)
2021-11-03 21:29:54,765 Epoch: [12][100/200]	Time 0.493s (0.514s)	Speed 64.9 samples/s	Data 0.001s (0.008s)	Loss 0.00881 (0.00880)
2021-11-03 21:29:59,778 Epoch: [12][110/200]	Time 0.497s (0.513s)	Speed 64.4 samples/s	Data 0.001s (0.008s)	Loss 0.00746 (0.00885)
2021-11-03 21:30:04,756 Epoch: [12][120/200]	Time 0.500s (0.511s)	Speed 64.0 samples/s	Data 0.001s (0.007s)	Loss 0.00776 (0.00883)
2021-11-03 21:30:09,735 Epoch: [12][130/200]	Time 0.500s (0.510s)	Speed 64.1 samples/s	Data 0.001s (0.007s)	Loss 0.00907 (0.00884)
2021-11-03 21:30:14,713 Epoch: [12][140/200]	Time 0.498s (0.509s)	Speed 64.3 samples/s	Data 0.001s (0.006s)	Loss 0.00888 (0.00886)
2021-11-03 21:30:19,700 Epoch: [12][150/200]	Time 0.499s (0.509s)	Speed 64.1 samples/s	Data 0.001s (0.006s)	Loss 0.00909 (0.00886)
2021-11-03 21:30:24,679 Epoch: [12][160/200]	Time 0.497s (0.508s)	Speed 64.3 samples/s	Data 0.001s (0.006s)	Loss 0.01067 (0.00884)
2021-11-03 21:30:29,637 Epoch: [12][170/200]	Time 0.495s (0.507s)	Speed 64.6 samples/s	Data 0.001s (0.005s)	Loss 0.00716 (0.00885)
2021-11-03 21:30:34,622 Epoch: [12][180/200]	Time 0.494s (0.507s)	Speed 64.8 samples/s	Data 0.001s (0.005s)	Loss 0.00712 (0.00882)
2021-11-03 21:30:39,594 Epoch: [12][190/200]	Time 0.495s (0.506s)	Speed 64.7 samples/s	Data 0.001s (0.005s)	Loss 0.00751 (0.00878)
2021-11-03 21:31:05,036 Test: [0/200]	Time 0.979 (0.979)	Loss 0.0829 (0.0829)
2021-11-03 21:31:05,337 Test: [10/200]	Time 0.028 (0.116)	Loss 0.0068 (0.0563)
2021-11-03 21:31:05,639 Test: [20/200]	Time 0.028 (0.075)	Loss 0.0385 (0.0599)
2021-11-03 21:31:05,937 Test: [30/200]	Time 0.029 (0.061)	Loss 0.0660 (0.0645)
2021-11-03 21:31:06,235 Test: [40/200]	Time 0.029 (0.053)	Loss 0.0538 (0.0668)
2021-11-03 21:31:06,532 Test: [50/200]	Time 0.029 (0.049)	Loss 0.0985 (0.0671)
2021-11-03 21:31:06,832 Test: [60/200]	Time 0.029 (0.045)	Loss 0.0640 (0.0679)
2021-11-03 21:31:07,130 Test: [70/200]	Time 0.028 (0.043)	Loss 0.0489 (0.0686)
2021-11-03 21:31:07,428 Test: [80/200]	Time 0.029 (0.042)	Loss 0.0583 (0.0667)
2021-11-03 21:31:07,726 Test: [90/200]	Time 0.029 (0.040)	Loss 0.0972 (0.0685)
2021-11-03 21:31:08,027 Test: [100/200]	Time 0.029 (0.039)	Loss 0.0972 (0.0688)
2021-11-03 21:31:08,325 Test: [110/200]	Time 0.029 (0.038)	Loss 0.1873 (0.0698)
2021-11-03 21:31:08,624 Test: [120/200]	Time 0.029 (0.038)	Loss 0.0793 (0.0680)
2021-11-03 21:31:08,922 Test: [130/200]	Time 0.029 (0.037)	Loss 0.0569 (0.0676)
2021-11-03 21:31:09,218 Test: [140/200]	Time 0.029 (0.037)	Loss 0.0730 (0.0668)
2021-11-03 21:31:09,515 Test: [150/200]	Time 0.028 (0.036)	Loss 0.0483 (0.0652)
2021-11-03 21:31:09,812 Test: [160/200]	Time 0.028 (0.036)	Loss 0.0839 (0.0652)
2021-11-03 21:31:10,109 Test: [170/200]	Time 0.028 (0.035)	Loss 0.1181 (0.0649)
2021-11-03 21:31:10,408 Test: [180/200]	Time 0.028 (0.035)	Loss 0.0562 (0.0643)
2021-11-03 21:31:10,706 Test: [190/200]	Time 0.028 (0.035)	Loss 0.0253 (0.0641)
2021-11-03 21:31:16,637 Mean IoU score: 0.851
2021-11-03 21:31:16,641 => saving checkpoint to out
2021-11-03 21:31:17,801 Epoch: [13][0/200]	Time 1.151s (1.151s)	Speed 27.8 samples/s	Data 0.619s (0.619s)	Loss 0.00577 (0.00577)
2021-11-03 21:31:22,704 Epoch: [13][10/200]	Time 0.490s (0.550s)	Speed 65.3 samples/s	Data 0.001s (0.057s)	Loss 0.00717 (0.00869)
2021-11-03 21:31:27,602 Epoch: [13][20/200]	Time 0.489s (0.522s)	Speed 65.5 samples/s	Data 0.001s (0.030s)	Loss 0.00607 (0.00826)
2021-11-03 21:31:32,496 Epoch: [13][30/200]	Time 0.488s (0.511s)	Speed 65.5 samples/s	Data 0.001s (0.021s)	Loss 0.00775 (0.00832)
2021-11-03 21:31:37,387 Epoch: [13][40/200]	Time 0.503s (0.506s)	Speed 63.6 samples/s	Data 0.001s (0.016s)	Loss 0.00897 (0.00833)
2021-11-03 21:31:42,291 Epoch: [13][50/200]	Time 0.488s (0.503s)	Speed 65.5 samples/s	Data 0.001s (0.013s)	Loss 0.00945 (0.00822)
2021-11-03 21:31:47,187 Epoch: [13][60/200]	Time 0.492s (0.501s)	Speed 65.1 samples/s	Data 0.001s (0.011s)	Loss 0.01065 (0.00823)
2021-11-03 21:31:52,086 Epoch: [13][70/200]	Time 0.488s (0.499s)	Speed 65.5 samples/s	Data 0.001s (0.009s)	Loss 0.01012 (0.00834)
2021-11-03 21:31:56,996 Epoch: [13][80/200]	Time 0.486s (0.498s)	Speed 65.8 samples/s	Data 0.001s (0.008s)	Loss 0.01287 (0.00866)
2021-11-03 21:32:01,918 Epoch: [13][90/200]	Time 0.495s (0.497s)	Speed 64.6 samples/s	Data 0.001s (0.007s)	Loss 0.01689 (0.00902)
2021-11-03 21:32:06,913 Epoch: [13][100/200]	Time 0.521s (0.498s)	Speed 61.4 samples/s	Data 0.001s (0.007s)	Loss 0.01041 (0.00938)
2021-11-03 21:32:12,248 Epoch: [13][110/200]	Time 0.527s (0.501s)	Speed 60.7 samples/s	Data 0.001s (0.006s)	Loss 0.01827 (0.01004)
2021-11-03 21:32:17,584 Epoch: [13][120/200]	Time 0.521s (0.504s)	Speed 61.5 samples/s	Data 0.001s (0.006s)	Loss 0.02082 (0.01105)
2021-11-03 21:32:22,703 Epoch: [13][130/200]	Time 0.510s (0.504s)	Speed 62.7 samples/s	Data 0.001s (0.005s)	Loss 0.03474 (0.01198)
2021-11-03 21:32:27,836 Epoch: [13][140/200]	Time 0.504s (0.505s)	Speed 63.5 samples/s	Data 0.001s (0.005s)	Loss 0.01632 (0.01262)
2021-11-03 21:32:32,947 Epoch: [13][150/200]	Time 0.505s (0.505s)	Speed 63.3 samples/s	Data 0.001s (0.005s)	Loss 0.01815 (0.01309)
2021-11-03 21:32:38,021 Epoch: [13][160/200]	Time 0.503s (0.505s)	Speed 63.6 samples/s	Data 0.001s (0.004s)	Loss 0.01731 (0.01351)
2021-11-03 21:32:43,138 Epoch: [13][170/200]	Time 0.506s (0.506s)	Speed 63.3 samples/s	Data 0.001s (0.004s)	Loss 0.02607 (0.01389)
2021-11-03 21:32:48,225 Epoch: [13][180/200]	Time 0.506s (0.506s)	Speed 63.2 samples/s	Data 0.001s (0.004s)	Loss 0.02269 (0.01427)
2021-11-03 21:32:53,311 Epoch: [13][190/200]	Time 0.507s (0.506s)	Speed 63.2 samples/s	Data 0.001s (0.004s)	Loss 0.02596 (0.01451)
2021-11-03 21:33:18,751 Test: [0/200]	Time 0.924 (0.924)	Loss 0.0686 (0.0686)
2021-11-03 21:33:19,050 Test: [10/200]	Time 0.029 (0.111)	Loss 0.0139 (0.0640)
2021-11-03 21:33:19,357 Test: [20/200]	Time 0.029 (0.073)	Loss 0.0487 (0.0685)
2021-11-03 21:33:19,654 Test: [30/200]	Time 0.028 (0.059)	Loss 0.0764 (0.0737)
2021-11-03 21:33:19,955 Test: [40/200]	Time 0.028 (0.052)	Loss 0.0687 (0.0774)
2021-11-03 21:33:20,253 Test: [50/200]	Time 0.028 (0.048)	Loss 0.1081 (0.0759)
2021-11-03 21:33:20,553 Test: [60/200]	Time 0.029 (0.045)	Loss 0.0665 (0.0777)
2021-11-03 21:33:20,853 Test: [70/200]	Time 0.029 (0.043)	Loss 0.1342 (0.0805)
2021-11-03 21:33:21,152 Test: [80/200]	Time 0.028 (0.041)	Loss 0.0665 (0.0788)
2021-11-03 21:33:21,452 Test: [90/200]	Time 0.028 (0.040)	Loss 0.0921 (0.0803)
2021-11-03 21:33:21,751 Test: [100/200]	Time 0.028 (0.039)	Loss 0.1026 (0.0794)
2021-11-03 21:33:22,052 Test: [110/200]	Time 0.029 (0.038)	Loss 0.2062 (0.0804)
2021-11-03 21:33:22,353 Test: [120/200]	Time 0.031 (0.037)	Loss 0.0814 (0.0790)
2021-11-03 21:33:22,652 Test: [130/200]	Time 0.029 (0.037)	Loss 0.0762 (0.0794)
2021-11-03 21:33:22,955 Test: [140/200]	Time 0.029 (0.036)	Loss 0.0701 (0.0787)
2021-11-03 21:33:23,253 Test: [150/200]	Time 0.029 (0.036)	Loss 0.0640 (0.0779)
2021-11-03 21:33:23,552 Test: [160/200]	Time 0.028 (0.036)	Loss 0.1021 (0.0779)
2021-11-03 21:33:23,851 Test: [170/200]	Time 0.029 (0.035)	Loss 0.0681 (0.0776)
2021-11-03 21:33:24,149 Test: [180/200]	Time 0.029 (0.035)	Loss 0.0389 (0.0767)
2021-11-03 21:33:24,446 Test: [190/200]	Time 0.028 (0.035)	Loss 0.0543 (0.0765)
2021-11-03 21:33:30,404 Mean IoU score: 0.814
2021-11-03 21:33:30,409 => saving checkpoint to out
2021-11-03 21:33:31,893 Epoch: [14][0/200]	Time 1.475s (1.475s)	Speed 21.7 samples/s	Data 0.898s (0.898s)	Loss 0.01419 (0.01419)
2021-11-03 21:33:36,853 Epoch: [14][10/200]	Time 0.496s (0.585s)	Speed 64.5 samples/s	Data 0.001s (0.082s)	Loss 0.01134 (0.01546)
2021-11-03 21:33:41,832 Epoch: [14][20/200]	Time 0.493s (0.544s)	Speed 64.9 samples/s	Data 0.001s (0.043s)	Loss 0.01303 (0.01631)
2021-11-03 21:33:46,820 Epoch: [14][30/200]	Time 0.503s (0.529s)	Speed 63.6 samples/s	Data 0.001s (0.030s)	Loss 0.01516 (0.01635)
2021-11-03 21:33:51,868 Epoch: [14][40/200]	Time 0.502s (0.523s)	Speed 63.7 samples/s	Data 0.001s (0.022s)	Loss 0.01164 (0.01616)
2021-11-03 21:33:56,941 Epoch: [14][50/200]	Time 0.508s (0.520s)	Speed 63.0 samples/s	Data 0.001s (0.018s)	Loss 0.01735 (0.01598)
2021-11-03 21:34:01,993 Epoch: [14][60/200]	Time 0.506s (0.518s)	Speed 63.2 samples/s	Data 0.001s (0.015s)	Loss 0.01020 (0.01558)
2021-11-03 21:34:07,047 Epoch: [14][70/200]	Time 0.503s (0.516s)	Speed 63.6 samples/s	Data 0.001s (0.013s)	Loss 0.01137 (0.01532)
2021-11-03 21:34:12,133 Epoch: [14][80/200]	Time 0.494s (0.515s)	Speed 64.7 samples/s	Data 0.001s (0.012s)	Loss 0.01357 (0.01493)
2021-11-03 21:34:17,095 Epoch: [14][90/200]	Time 0.492s (0.513s)	Speed 65.0 samples/s	Data 0.001s (0.010s)	Loss 0.01717 (0.01499)
2021-11-03 21:34:22,067 Epoch: [14][100/200]	Time 0.494s (0.511s)	Speed 64.8 samples/s	Data 0.001s (0.009s)	Loss 0.01824 (0.01502)
2021-11-03 21:34:27,026 Epoch: [14][110/200]	Time 0.495s (0.510s)	Speed 64.7 samples/s	Data 0.001s (0.009s)	Loss 0.00989 (0.01503)
2021-11-03 21:34:31,958 Epoch: [14][120/200]	Time 0.489s (0.509s)	Speed 65.4 samples/s	Data 0.001s (0.008s)	Loss 0.01281 (0.01503)
2021-11-03 21:34:36,983 Epoch: [14][130/200]	Time 0.526s (0.508s)	Speed 60.9 samples/s	Data 0.001s (0.007s)	Loss 0.01105 (0.01487)
2021-11-03 21:34:42,011 Epoch: [14][140/200]	Time 0.492s (0.508s)	Speed 65.1 samples/s	Data 0.001s (0.007s)	Loss 0.01095 (0.01486)
2021-11-03 21:34:46,947 Epoch: [14][150/200]	Time 0.494s (0.507s)	Speed 64.7 samples/s	Data 0.001s (0.007s)	Loss 0.01202 (0.01480)
2021-11-03 21:34:51,917 Epoch: [14][160/200]	Time 0.495s (0.506s)	Speed 64.6 samples/s	Data 0.001s (0.006s)	Loss 0.01489 (0.01477)
2021-11-03 21:34:56,881 Epoch: [14][170/200]	Time 0.492s (0.506s)	Speed 65.1 samples/s	Data 0.001s (0.006s)	Loss 0.01407 (0.01471)
2021-11-03 21:35:01,867 Epoch: [14][180/200]	Time 0.501s (0.505s)	Speed 63.9 samples/s	Data 0.001s (0.006s)	Loss 0.01167 (0.01457)
2021-11-03 21:35:06,844 Epoch: [14][190/200]	Time 0.500s (0.505s)	Speed 64.0 samples/s	Data 0.001s (0.005s)	Loss 0.01106 (0.01446)
2021-11-03 21:35:31,873 Test: [0/200]	Time 0.584 (0.584)	Loss 0.0530 (0.0530)
2021-11-03 21:35:32,178 Test: [10/200]	Time 0.030 (0.081)	Loss 0.0078 (0.0637)
2021-11-03 21:35:32,479 Test: [20/200]	Time 0.029 (0.057)	Loss 0.0304 (0.0648)
2021-11-03 21:35:32,775 Test: [30/200]	Time 0.029 (0.048)	Loss 0.1319 (0.0703)
2021-11-03 21:35:33,075 Test: [40/200]	Time 0.029 (0.044)	Loss 0.0921 (0.0735)
2021-11-03 21:35:33,375 Test: [50/200]	Time 0.030 (0.041)	Loss 0.1140 (0.0732)
2021-11-03 21:35:33,688 Test: [60/200]	Time 0.029 (0.039)	Loss 0.1021 (0.0757)
2021-11-03 21:35:33,991 Test: [70/200]	Time 0.029 (0.038)	Loss 0.0791 (0.0770)
2021-11-03 21:35:34,289 Test: [80/200]	Time 0.030 (0.037)	Loss 0.0718 (0.0757)
2021-11-03 21:35:34,588 Test: [90/200]	Time 0.028 (0.036)	Loss 0.1015 (0.0763)
2021-11-03 21:35:34,887 Test: [100/200]	Time 0.029 (0.036)	Loss 0.1017 (0.0760)
2021-11-03 21:35:35,186 Test: [110/200]	Time 0.029 (0.035)	Loss 0.1782 (0.0768)
2021-11-03 21:35:35,483 Test: [120/200]	Time 0.028 (0.035)	Loss 0.0964 (0.0755)
2021-11-03 21:35:35,784 Test: [130/200]	Time 0.029 (0.034)	Loss 0.0938 (0.0763)
2021-11-03 21:35:36,081 Test: [140/200]	Time 0.028 (0.034)	Loss 0.0479 (0.0754)
2021-11-03 21:35:36,381 Test: [150/200]	Time 0.028 (0.034)	Loss 0.0851 (0.0737)
2021-11-03 21:35:36,679 Test: [160/200]	Time 0.029 (0.033)	Loss 0.0683 (0.0732)
2021-11-03 21:35:36,980 Test: [170/200]	Time 0.030 (0.033)	Loss 0.0514 (0.0724)
2021-11-03 21:35:37,277 Test: [180/200]	Time 0.028 (0.033)	Loss 0.0477 (0.0714)
2021-11-03 21:35:37,581 Test: [190/200]	Time 0.028 (0.033)	Loss 0.0361 (0.0708)
2021-11-03 21:35:43,527 Mean IoU score: 0.827
2021-11-03 21:35:43,530 => saving checkpoint to out
2021-11-03 21:35:44,690 Epoch: [15][0/200]	Time 1.150s (1.150s)	Speed 27.8 samples/s	Data 0.620s (0.620s)	Loss 0.00933 (0.00933)
2021-11-03 21:35:49,632 Epoch: [15][10/200]	Time 0.493s (0.554s)	Speed 65.0 samples/s	Data 0.001s (0.057s)	Loss 0.01195 (0.01113)
2021-11-03 21:35:54,586 Epoch: [15][20/200]	Time 0.496s (0.526s)	Speed 64.5 samples/s	Data 0.001s (0.030s)	Loss 0.01103 (0.01107)
2021-11-03 21:35:59,522 Epoch: [15][30/200]	Time 0.494s (0.516s)	Speed 64.7 samples/s	Data 0.001s (0.021s)	Loss 0.01172 (0.01125)
2021-11-03 21:36:04,474 Epoch: [15][40/200]	Time 0.492s (0.511s)	Speed 65.0 samples/s	Data 0.001s (0.016s)	Loss 0.01338 (0.01114)
2021-11-03 21:36:09,475 Epoch: [15][50/200]	Time 0.502s (0.509s)	Speed 63.7 samples/s	Data 0.001s (0.013s)	Loss 0.01538 (0.01112)
2021-11-03 21:36:14,523 Epoch: [15][60/200]	Time 0.502s (0.508s)	Speed 63.7 samples/s	Data 0.001s (0.011s)	Loss 0.00943 (0.01122)
2021-11-03 21:36:19,688 Epoch: [15][70/200]	Time 0.502s (0.509s)	Speed 63.8 samples/s	Data 0.001s (0.009s)	Loss 0.00853 (0.01118)
2021-11-03 21:36:24,928 Epoch: [15][80/200]	Time 0.495s (0.511s)	Speed 64.7 samples/s	Data 0.001s (0.008s)	Loss 0.00968 (0.01099)
2021-11-03 21:36:30,107 Epoch: [15][90/200]	Time 0.531s (0.512s)	Speed 60.3 samples/s	Data 0.001s (0.007s)	Loss 0.00922 (0.01094)
2021-11-03 21:36:35,689 Epoch: [15][100/200]	Time 0.537s (0.516s)	Speed 59.6 samples/s	Data 0.001s (0.007s)	Loss 0.01239 (0.01090)
2021-11-03 21:36:41,208 Epoch: [15][110/200]	Time 0.497s (0.520s)	Speed 64.4 samples/s	Data 0.001s (0.006s)	Loss 0.00697 (0.01082)
2021-11-03 21:36:46,201 Epoch: [15][120/200]	Time 0.496s (0.518s)	Speed 64.5 samples/s	Data 0.001s (0.006s)	Loss 0.01017 (0.01076)
2021-11-03 21:36:51,160 Epoch: [15][130/200]	Time 0.492s (0.516s)	Speed 65.0 samples/s	Data 0.001s (0.005s)	Loss 0.00893 (0.01063)
2021-11-03 21:36:56,134 Epoch: [15][140/200]	Time 0.499s (0.515s)	Speed 64.2 samples/s	Data 0.001s (0.005s)	Loss 0.01467 (0.01060)
2021-11-03 21:37:01,106 Epoch: [15][150/200]	Time 0.496s (0.514s)	Speed 64.5 samples/s	Data 0.001s (0.005s)	Loss 0.01289 (0.01059)
2021-11-03 21:37:06,098 Epoch: [15][160/200]	Time 0.497s (0.513s)	Speed 64.4 samples/s	Data 0.001s (0.004s)	Loss 0.01077 (0.01054)
2021-11-03 21:37:11,077 Epoch: [15][170/200]	Time 0.505s (0.512s)	Speed 63.3 samples/s	Data 0.001s (0.004s)	Loss 0.00692 (0.01047)
2021-11-03 21:37:16,055 Epoch: [15][180/200]	Time 0.498s (0.511s)	Speed 64.3 samples/s	Data 0.001s (0.004s)	Loss 0.00892 (0.01041)
2021-11-03 21:37:21,039 Epoch: [15][190/200]	Time 0.498s (0.510s)	Speed 64.3 samples/s	Data 0.001s (0.004s)	Loss 0.00756 (0.01034)
2021-11-03 21:37:46,075 Test: [0/200]	Time 0.553 (0.553)	Loss 0.0488 (0.0488)
2021-11-03 21:37:46,370 Test: [10/200]	Time 0.028 (0.077)	Loss 0.0065 (0.0502)
2021-11-03 21:37:46,668 Test: [20/200]	Time 0.028 (0.055)	Loss 0.0294 (0.0507)
2021-11-03 21:37:46,968 Test: [30/200]	Time 0.028 (0.047)	Loss 0.0637 (0.0564)
2021-11-03 21:37:47,263 Test: [40/200]	Time 0.028 (0.042)	Loss 0.0662 (0.0591)
2021-11-03 21:37:47,558 Test: [50/200]	Time 0.028 (0.040)	Loss 0.1007 (0.0598)
2021-11-03 21:37:47,852 Test: [60/200]	Time 0.028 (0.038)	Loss 0.0706 (0.0614)
2021-11-03 21:37:48,147 Test: [70/200]	Time 0.028 (0.037)	Loss 0.0472 (0.0631)
2021-11-03 21:37:48,443 Test: [80/200]	Time 0.028 (0.036)	Loss 0.0533 (0.0619)
2021-11-03 21:37:48,738 Test: [90/200]	Time 0.028 (0.035)	Loss 0.0773 (0.0629)
2021-11-03 21:37:49,034 Test: [100/200]	Time 0.028 (0.035)	Loss 0.0796 (0.0624)
2021-11-03 21:37:49,328 Test: [110/200]	Time 0.028 (0.034)	Loss 0.1551 (0.0636)
2021-11-03 21:37:49,626 Test: [120/200]	Time 0.028 (0.034)	Loss 0.0750 (0.0621)
2021-11-03 21:37:49,921 Test: [130/200]	Time 0.028 (0.034)	Loss 0.0566 (0.0622)
2021-11-03 21:37:50,221 Test: [140/200]	Time 0.028 (0.033)	Loss 0.0535 (0.0615)
2021-11-03 21:37:50,516 Test: [150/200]	Time 0.028 (0.033)	Loss 0.0714 (0.0603)
2021-11-03 21:37:50,810 Test: [160/200]	Time 0.028 (0.033)	Loss 0.0856 (0.0604)
2021-11-03 21:37:51,104 Test: [170/200]	Time 0.028 (0.033)	Loss 0.0407 (0.0597)
2021-11-03 21:37:51,399 Test: [180/200]	Time 0.028 (0.032)	Loss 0.0351 (0.0593)
2021-11-03 21:37:51,693 Test: [190/200]	Time 0.028 (0.032)	Loss 0.0263 (0.0590)
2021-11-03 21:37:57,631 Mean IoU score: 0.862
2021-11-03 21:37:57,634 => saving checkpoint to out
2021-11-03 21:37:58,794 Epoch: [16][0/200]	Time 1.148s (1.148s)	Speed 27.9 samples/s	Data 0.615s (0.615s)	Loss 0.00735 (0.00735)
2021-11-03 21:38:03,681 Epoch: [16][10/200]	Time 0.488s (0.549s)	Speed 65.6 samples/s	Data 0.001s (0.056s)	Loss 0.00870 (0.00859)
2021-11-03 21:38:08,575 Epoch: [16][20/200]	Time 0.486s (0.520s)	Speed 65.8 samples/s	Data 0.001s (0.030s)	Loss 0.00908 (0.00890)
2021-11-03 21:38:13,469 Epoch: [16][30/200]	Time 0.489s (0.510s)	Speed 65.5 samples/s	Data 0.001s (0.020s)	Loss 0.00796 (0.00873)
2021-11-03 21:38:18,358 Epoch: [16][40/200]	Time 0.490s (0.505s)	Speed 65.3 samples/s	Data 0.001s (0.016s)	Loss 0.00834 (0.00856)
2021-11-03 21:38:23,275 Epoch: [16][50/200]	Time 0.495s (0.503s)	Speed 64.6 samples/s	Data 0.001s (0.013s)	Loss 0.00999 (0.00845)
2021-11-03 21:38:28,170 Epoch: [16][60/200]	Time 0.489s (0.500s)	Speed 65.5 samples/s	Data 0.001s (0.011s)	Loss 0.00925 (0.00839)
2021-11-03 21:38:33,058 Epoch: [16][70/200]	Time 0.488s (0.499s)	Speed 65.6 samples/s	Data 0.001s (0.009s)	Loss 0.00816 (0.00839)
2021-11-03 21:38:37,944 Epoch: [16][80/200]	Time 0.487s (0.498s)	Speed 65.7 samples/s	Data 0.001s (0.008s)	Loss 0.00538 (0.00826)
2021-11-03 21:38:42,839 Epoch: [16][90/200]	Time 0.485s (0.497s)	Speed 65.9 samples/s	Data 0.001s (0.007s)	Loss 0.00980 (0.00836)
2021-11-03 21:38:47,721 Epoch: [16][100/200]	Time 0.488s (0.496s)	Speed 65.6 samples/s	Data 0.001s (0.007s)	Loss 0.00969 (0.00838)
2021-11-03 21:38:52,609 Epoch: [16][110/200]	Time 0.490s (0.495s)	Speed 65.4 samples/s	Data 0.001s (0.006s)	Loss 0.00770 (0.00835)
2021-11-03 21:38:57,528 Epoch: [16][120/200]	Time 0.494s (0.495s)	Speed 64.8 samples/s	Data 0.001s (0.006s)	Loss 0.01008 (0.00837)
2021-11-03 21:39:02,433 Epoch: [16][130/200]	Time 0.489s (0.495s)	Speed 65.5 samples/s	Data 0.001s (0.005s)	Loss 0.00719 (0.00830)
2021-11-03 21:39:07,380 Epoch: [16][140/200]	Time 0.489s (0.495s)	Speed 65.4 samples/s	Data 0.001s (0.005s)	Loss 0.00861 (0.00827)
2021-11-03 21:39:12,295 Epoch: [16][150/200]	Time 0.493s (0.494s)	Speed 65.0 samples/s	Data 0.001s (0.005s)	Loss 0.00800 (0.00823)
2021-11-03 21:39:17,197 Epoch: [16][160/200]	Time 0.489s (0.494s)	Speed 65.5 samples/s	Data 0.001s (0.004s)	Loss 0.00706 (0.00821)
2021-11-03 21:39:22,108 Epoch: [16][170/200]	Time 0.492s (0.494s)	Speed 65.0 samples/s	Data 0.001s (0.004s)	Loss 0.00984 (0.00822)
2021-11-03 21:39:27,052 Epoch: [16][180/200]	Time 0.488s (0.494s)	Speed 65.5 samples/s	Data 0.001s (0.004s)	Loss 0.00720 (0.00816)
2021-11-03 21:39:31,954 Epoch: [16][190/200]	Time 0.490s (0.494s)	Speed 65.2 samples/s	Data 0.001s (0.004s)	Loss 0.00836 (0.00815)
2021-11-03 21:39:56,918 Test: [0/200]	Time 0.538 (0.538)	Loss 0.0572 (0.0572)
2021-11-03 21:39:57,215 Test: [10/200]	Time 0.028 (0.076)	Loss 0.0063 (0.0499)
2021-11-03 21:39:57,515 Test: [20/200]	Time 0.029 (0.054)	Loss 0.0333 (0.0512)
2021-11-03 21:39:57,810 Test: [30/200]	Time 0.028 (0.046)	Loss 0.0670 (0.0547)
2021-11-03 21:39:58,106 Test: [40/200]	Time 0.029 (0.042)	Loss 0.0408 (0.0555)
2021-11-03 21:39:58,403 Test: [50/200]	Time 0.028 (0.040)	Loss 0.0858 (0.0564)
2021-11-03 21:39:58,700 Test: [60/200]	Time 0.028 (0.038)	Loss 0.0692 (0.0579)
2021-11-03 21:39:58,998 Test: [70/200]	Time 0.029 (0.037)	Loss 0.0455 (0.0592)
2021-11-03 21:39:59,294 Test: [80/200]	Time 0.028 (0.036)	Loss 0.0533 (0.0580)
2021-11-03 21:39:59,590 Test: [90/200]	Time 0.028 (0.035)	Loss 0.0664 (0.0594)
2021-11-03 21:39:59,888 Test: [100/200]	Time 0.028 (0.035)	Loss 0.0721 (0.0588)
2021-11-03 21:40:00,184 Test: [110/200]	Time 0.028 (0.034)	Loss 0.1651 (0.0599)
2021-11-03 21:40:00,480 Test: [120/200]	Time 0.029 (0.034)	Loss 0.0547 (0.0584)
2021-11-03 21:40:00,774 Test: [130/200]	Time 0.028 (0.034)	Loss 0.0622 (0.0584)
2021-11-03 21:40:01,070 Test: [140/200]	Time 0.028 (0.033)	Loss 0.0634 (0.0577)
2021-11-03 21:40:01,365 Test: [150/200]	Time 0.028 (0.033)	Loss 0.0580 (0.0566)
2021-11-03 21:40:01,662 Test: [160/200]	Time 0.028 (0.033)	Loss 0.0852 (0.0569)
2021-11-03 21:40:01,957 Test: [170/200]	Time 0.028 (0.033)	Loss 0.0436 (0.0562)
2021-11-03 21:40:02,253 Test: [180/200]	Time 0.028 (0.032)	Loss 0.0333 (0.0560)
2021-11-03 21:40:02,549 Test: [190/200]	Time 0.028 (0.032)	Loss 0.0224 (0.0557)
2021-11-03 21:40:08,490 Mean IoU score: 0.869
2021-11-03 21:40:08,494 => saving checkpoint to out
2021-11-03 21:40:09,663 Epoch: [17][0/200]	Time 1.158s (1.158s)	Speed 27.6 samples/s	Data 0.626s (0.626s)	Loss 0.00824 (0.00824)
2021-11-03 21:40:14,579 Epoch: [17][10/200]	Time 0.490s (0.552s)	Speed 65.3 samples/s	Data 0.001s (0.057s)	Loss 0.00807 (0.00739)
2021-11-03 21:40:19,509 Epoch: [17][20/200]	Time 0.491s (0.524s)	Speed 65.2 samples/s	Data 0.001s (0.030s)	Loss 0.00794 (0.00757)
2021-11-03 21:40:24,449 Epoch: [17][30/200]	Time 0.491s (0.514s)	Speed 65.2 samples/s	Data 0.001s (0.021s)	Loss 0.00737 (0.00755)
2021-11-03 21:40:29,384 Epoch: [17][40/200]	Time 0.492s (0.509s)	Speed 65.1 samples/s	Data 0.001s (0.016s)	Loss 0.00792 (0.00767)
2021-11-03 21:40:34,324 Epoch: [17][50/200]	Time 0.494s (0.506s)	Speed 64.8 samples/s	Data 0.001s (0.013s)	Loss 0.00867 (0.00772)
2021-11-03 21:40:39,263 Epoch: [17][60/200]	Time 0.493s (0.504s)	Speed 64.9 samples/s	Data 0.001s (0.011s)	Loss 0.00920 (0.00772)
2021-11-03 21:40:44,200 Epoch: [17][70/200]	Time 0.493s (0.503s)	Speed 64.9 samples/s	Data 0.001s (0.009s)	Loss 0.00689 (0.00771)
2021-11-03 21:40:49,152 Epoch: [17][80/200]	Time 0.489s (0.502s)	Speed 65.4 samples/s	Data 0.001s (0.008s)	Loss 0.00963 (0.00769)
2021-11-03 21:40:54,116 Epoch: [17][90/200]	Time 0.496s (0.501s)	Speed 64.5 samples/s	Data 0.001s (0.007s)	Loss 0.00814 (0.00767)
2021-11-03 21:40:59,049 Epoch: [17][100/200]	Time 0.493s (0.500s)	Speed 64.9 samples/s	Data 0.001s (0.007s)	Loss 0.00646 (0.00761)
2021-11-03 21:41:04,003 Epoch: [17][110/200]	Time 0.500s (0.500s)	Speed 64.0 samples/s	Data 0.001s (0.006s)	Loss 0.00630 (0.00765)
2021-11-03 21:41:08,956 Epoch: [17][120/200]	Time 0.495s (0.500s)	Speed 64.6 samples/s	Data 0.001s (0.006s)	Loss 0.00823 (0.00764)
2021-11-03 21:41:13,890 Epoch: [17][130/200]	Time 0.493s (0.499s)	Speed 64.8 samples/s	Data 0.001s (0.005s)	Loss 0.00819 (0.00765)
2021-11-03 21:41:18,825 Epoch: [17][140/200]	Time 0.489s (0.499s)	Speed 65.4 samples/s	Data 0.001s (0.005s)	Loss 0.00645 (0.00762)
2021-11-03 21:41:23,778 Epoch: [17][150/200]	Time 0.494s (0.498s)	Speed 64.7 samples/s	Data 0.001s (0.005s)	Loss 0.00612 (0.00762)
2021-11-03 21:41:28,722 Epoch: [17][160/200]	Time 0.495s (0.498s)	Speed 64.6 samples/s	Data 0.001s (0.004s)	Loss 0.00809 (0.00764)
2021-11-03 21:41:33,662 Epoch: [17][170/200]	Time 0.490s (0.498s)	Speed 65.3 samples/s	Data 0.001s (0.004s)	Loss 0.00783 (0.00767)
2021-11-03 21:41:38,845 Epoch: [17][180/200]	Time 0.518s (0.499s)	Speed 61.7 samples/s	Data 0.001s (0.004s)	Loss 0.00693 (0.00764)
2021-11-03 21:41:44,162 Epoch: [17][190/200]	Time 0.570s (0.501s)	Speed 56.1 samples/s	Data 0.001s (0.004s)	Loss 0.00735 (0.00762)
2021-11-03 21:42:09,447 Test: [0/200]	Time 0.555 (0.555)	Loss 0.0625 (0.0625)
2021-11-03 21:42:09,746 Test: [10/200]	Time 0.028 (0.078)	Loss 0.0055 (0.0497)
2021-11-03 21:42:10,049 Test: [20/200]	Time 0.028 (0.055)	Loss 0.0367 (0.0523)
2021-11-03 21:42:10,345 Test: [30/200]	Time 0.028 (0.047)	Loss 0.0608 (0.0564)
2021-11-03 21:42:10,645 Test: [40/200]	Time 0.029 (0.043)	Loss 0.0463 (0.0574)
2021-11-03 21:42:10,944 Test: [50/200]	Time 0.029 (0.040)	Loss 0.0952 (0.0579)
2021-11-03 21:42:11,246 Test: [60/200]	Time 0.029 (0.039)	Loss 0.0728 (0.0591)
2021-11-03 21:42:11,544 Test: [70/200]	Time 0.028 (0.037)	Loss 0.0494 (0.0605)
2021-11-03 21:42:11,846 Test: [80/200]	Time 0.029 (0.036)	Loss 0.0567 (0.0597)
2021-11-03 21:42:12,144 Test: [90/200]	Time 0.028 (0.036)	Loss 0.0666 (0.0613)
2021-11-03 21:42:12,444 Test: [100/200]	Time 0.029 (0.035)	Loss 0.0777 (0.0607)
2021-11-03 21:42:12,744 Test: [110/200]	Time 0.029 (0.035)	Loss 0.1772 (0.0619)
2021-11-03 21:42:13,045 Test: [120/200]	Time 0.029 (0.034)	Loss 0.0508 (0.0603)
2021-11-03 21:42:13,351 Test: [130/200]	Time 0.029 (0.034)	Loss 0.0658 (0.0602)
2021-11-03 21:42:13,657 Test: [140/200]	Time 0.029 (0.034)	Loss 0.0611 (0.0595)
2021-11-03 21:42:13,957 Test: [150/200]	Time 0.029 (0.034)	Loss 0.0689 (0.0583)
2021-11-03 21:42:14,255 Test: [160/200]	Time 0.029 (0.033)	Loss 0.0793 (0.0585)
2021-11-03 21:42:14,552 Test: [170/200]	Time 0.028 (0.033)	Loss 0.0388 (0.0579)
2021-11-03 21:42:14,849 Test: [180/200]	Time 0.029 (0.033)	Loss 0.0375 (0.0578)
2021-11-03 21:42:15,146 Test: [190/200]	Time 0.029 (0.033)	Loss 0.0224 (0.0575)
2021-11-03 21:42:21,117 Mean IoU score: 0.870
2021-11-03 21:42:21,121 => saving checkpoint to out
2021-11-03 21:42:22,292 Epoch: [18][0/200]	Time 1.159s (1.159s)	Speed 27.6 samples/s	Data 0.623s (0.623s)	Loss 0.00766 (0.00766)
2021-11-03 21:42:27,249 Epoch: [18][10/200]	Time 0.496s (0.556s)	Speed 64.5 samples/s	Data 0.001s (0.057s)	Loss 0.00579 (0.00718)
2021-11-03 21:42:32,181 Epoch: [18][20/200]	Time 0.489s (0.526s)	Speed 65.4 samples/s	Data 0.001s (0.030s)	Loss 0.00878 (0.00730)
2021-11-03 21:42:37,152 Epoch: [18][30/200]	Time 0.493s (0.517s)	Speed 64.9 samples/s	Data 0.001s (0.021s)	Loss 0.00696 (0.00713)
2021-11-03 21:42:42,105 Epoch: [18][40/200]	Time 0.496s (0.512s)	Speed 64.5 samples/s	Data 0.001s (0.016s)	Loss 0.00868 (0.00707)
2021-11-03 21:42:47,082 Epoch: [18][50/200]	Time 0.497s (0.509s)	Speed 64.4 samples/s	Data 0.001s (0.013s)	Loss 0.00676 (0.00698)
2021-11-03 21:42:52,058 Epoch: [18][60/200]	Time 0.496s (0.507s)	Speed 64.5 samples/s	Data 0.001s (0.011s)	Loss 0.00472 (0.00697)
2021-11-03 21:42:57,029 Epoch: [18][70/200]	Time 0.492s (0.506s)	Speed 65.0 samples/s	Data 0.001s (0.009s)	Loss 0.00748 (0.00693)
2021-11-03 21:43:01,970 Epoch: [18][80/200]	Time 0.495s (0.504s)	Speed 64.6 samples/s	Data 0.001s (0.008s)	Loss 0.00686 (0.00688)
2021-11-03 21:43:06,922 Epoch: [18][90/200]	Time 0.491s (0.503s)	Speed 65.2 samples/s	Data 0.001s (0.007s)	Loss 0.00621 (0.00695)
2021-11-03 21:43:11,869 Epoch: [18][100/200]	Time 0.494s (0.502s)	Speed 64.8 samples/s	Data 0.001s (0.007s)	Loss 0.00796 (0.00693)
2021-11-03 21:43:16,815 Epoch: [18][110/200]	Time 0.494s (0.502s)	Speed 64.7 samples/s	Data 0.001s (0.006s)	Loss 0.00776 (0.00694)
2021-11-03 21:43:21,782 Epoch: [18][120/200]	Time 0.496s (0.501s)	Speed 64.5 samples/s	Data 0.001s (0.006s)	Loss 0.00671 (0.00696)
2021-11-03 21:43:26,788 Epoch: [18][130/200]	Time 0.495s (0.501s)	Speed 64.7 samples/s	Data 0.001s (0.005s)	Loss 0.00825 (0.00695)
2021-11-03 21:43:31,759 Epoch: [18][140/200]	Time 0.493s (0.501s)	Speed 65.0 samples/s	Data 0.001s (0.005s)	Loss 0.00612 (0.00696)
2021-11-03 21:43:36,738 Epoch: [18][150/200]	Time 0.497s (0.501s)	Speed 64.4 samples/s	Data 0.001s (0.005s)	Loss 0.00693 (0.00696)
2021-11-03 21:43:41,719 Epoch: [18][160/200]	Time 0.495s (0.501s)	Speed 64.6 samples/s	Data 0.001s (0.004s)	Loss 0.00529 (0.00697)
2021-11-03 21:43:46,695 Epoch: [18][170/200]	Time 0.494s (0.500s)	Speed 64.8 samples/s	Data 0.001s (0.004s)	Loss 0.00767 (0.00695)
2021-11-03 21:43:51,630 Epoch: [18][180/200]	Time 0.490s (0.500s)	Speed 65.3 samples/s	Data 0.001s (0.004s)	Loss 0.00810 (0.00694)
2021-11-03 21:43:56,538 Epoch: [18][190/200]	Time 0.488s (0.500s)	Speed 65.5 samples/s	Data 0.001s (0.004s)	Loss 0.00701 (0.00693)
2021-11-03 21:44:21,563 Test: [0/200]	Time 0.600 (0.600)	Loss 0.0551 (0.0551)
2021-11-03 21:44:21,860 Test: [10/200]	Time 0.028 (0.081)	Loss 0.0056 (0.0480)
2021-11-03 21:44:22,160 Test: [20/200]	Time 0.028 (0.057)	Loss 0.0302 (0.0506)
2021-11-03 21:44:22,458 Test: [30/200]	Time 0.029 (0.048)	Loss 0.0571 (0.0538)
2021-11-03 21:44:22,755 Test: [40/200]	Time 0.028 (0.044)	Loss 0.0462 (0.0556)
2021-11-03 21:44:23,050 Test: [50/200]	Time 0.029 (0.041)	Loss 0.1017 (0.0566)
2021-11-03 21:44:23,345 Test: [60/200]	Time 0.028 (0.039)	Loss 0.0601 (0.0578)
2021-11-03 21:44:23,641 Test: [70/200]	Time 0.030 (0.038)	Loss 0.0445 (0.0593)
2021-11-03 21:44:23,936 Test: [80/200]	Time 0.028 (0.037)	Loss 0.0528 (0.0579)
2021-11-03 21:44:24,247 Test: [90/200]	Time 0.029 (0.036)	Loss 0.0628 (0.0596)
2021-11-03 21:44:24,550 Test: [100/200]	Time 0.029 (0.036)	Loss 0.0659 (0.0591)
2021-11-03 21:44:24,871 Test: [110/200]	Time 0.029 (0.035)	Loss 0.1656 (0.0601)
2021-11-03 21:44:25,170 Test: [120/200]	Time 0.028 (0.035)	Loss 0.0512 (0.0583)
2021-11-03 21:44:25,468 Test: [130/200]	Time 0.028 (0.034)	Loss 0.0652 (0.0584)
2021-11-03 21:44:25,767 Test: [140/200]	Time 0.029 (0.034)	Loss 0.0595 (0.0578)
2021-11-03 21:44:26,067 Test: [150/200]	Time 0.028 (0.034)	Loss 0.0551 (0.0567)
2021-11-03 21:44:26,365 Test: [160/200]	Time 0.030 (0.034)	Loss 0.0854 (0.0569)
2021-11-03 21:44:26,661 Test: [170/200]	Time 0.028 (0.033)	Loss 0.0389 (0.0561)
2021-11-03 21:44:26,960 Test: [180/200]	Time 0.028 (0.033)	Loss 0.0368 (0.0558)
2021-11-03 21:44:27,257 Test: [190/200]	Time 0.028 (0.033)	Loss 0.0216 (0.0554)
2021-11-03 21:44:33,215 Mean IoU score: 0.871
2021-11-03 21:44:33,219 => saving checkpoint to out
2021-11-03 21:44:34,407 Epoch: [19][0/200]	Time 1.175s (1.175s)	Speed 27.2 samples/s	Data 0.637s (0.637s)	Loss 0.00729 (0.00729)
2021-11-03 21:44:40,031 Epoch: [19][10/200]	Time 0.552s (0.618s)	Speed 58.0 samples/s	Data 0.001s (0.058s)	Loss 0.00740 (0.00635)
2021-11-03 21:44:45,819 Epoch: [19][20/200]	Time 0.634s (0.599s)	Speed 50.4 samples/s	Data 0.001s (0.031s)	Loss 0.00606 (0.00610)
2021-11-03 21:44:51,612 Epoch: [19][30/200]	Time 0.511s (0.593s)	Speed 62.6 samples/s	Data 0.001s (0.021s)	Loss 0.00705 (0.00616)
2021-11-03 21:44:57,200 Epoch: [19][40/200]	Time 0.573s (0.585s)	Speed 55.8 samples/s	Data 0.001s (0.016s)	Loss 0.00518 (0.00617)
2021-11-03 21:45:02,931 Epoch: [19][50/200]	Time 0.546s (0.582s)	Speed 58.7 samples/s	Data 0.001s (0.013s)	Loss 0.00690 (0.00621)
2021-11-03 21:45:08,263 Epoch: [19][60/200]	Time 0.509s (0.574s)	Speed 62.9 samples/s	Data 0.001s (0.011s)	Loss 0.00701 (0.00622)
2021-11-03 21:45:13,375 Epoch: [19][70/200]	Time 0.510s (0.565s)	Speed 62.8 samples/s	Data 0.001s (0.010s)	Loss 0.00590 (0.00621)
2021-11-03 21:45:18,429 Epoch: [19][80/200]	Time 0.505s (0.558s)	Speed 63.4 samples/s	Data 0.001s (0.009s)	Loss 0.00694 (0.00626)
2021-11-03 21:45:23,507 Epoch: [19][90/200]	Time 0.506s (0.552s)	Speed 63.3 samples/s	Data 0.001s (0.008s)	Loss 0.00692 (0.00632)
2021-11-03 21:45:28,614 Epoch: [19][100/200]	Time 0.513s (0.548s)	Speed 62.3 samples/s	Data 0.001s (0.007s)	Loss 0.00794 (0.00634)
2021-11-03 21:45:33,718 Epoch: [19][110/200]	Time 0.507s (0.545s)	Speed 63.1 samples/s	Data 0.001s (0.006s)	Loss 0.00639 (0.00634)
2021-11-03 21:45:38,831 Epoch: [19][120/200]	Time 0.510s (0.542s)	Speed 62.7 samples/s	Data 0.001s (0.006s)	Loss 0.00639 (0.00632)
2021-11-03 21:45:43,923 Epoch: [19][130/200]	Time 0.505s (0.540s)	Speed 63.3 samples/s	Data 0.001s (0.005s)	Loss 0.00640 (0.00633)
2021-11-03 21:45:49,013 Epoch: [19][140/200]	Time 0.510s (0.537s)	Speed 62.8 samples/s	Data 0.001s (0.005s)	Loss 0.00553 (0.00639)
2021-11-03 21:45:54,130 Epoch: [19][150/200]	Time 0.508s (0.536s)	Speed 63.0 samples/s	Data 0.001s (0.005s)	Loss 0.00670 (0.00643)
2021-11-03 21:45:59,256 Epoch: [19][160/200]	Time 0.511s (0.534s)	Speed 62.6 samples/s	Data 0.001s (0.005s)	Loss 0.00774 (0.00644)
2021-11-03 21:46:04,375 Epoch: [19][170/200]	Time 0.510s (0.533s)	Speed 62.7 samples/s	Data 0.001s (0.004s)	Loss 0.00570 (0.00643)
2021-11-03 21:46:09,477 Epoch: [19][180/200]	Time 0.509s (0.532s)	Speed 62.9 samples/s	Data 0.001s (0.004s)	Loss 0.00720 (0.00643)
2021-11-03 21:46:14,574 Epoch: [19][190/200]	Time 0.509s (0.531s)	Speed 62.9 samples/s	Data 0.001s (0.004s)	Loss 0.00721 (0.00648)
2021-11-03 21:46:40,085 Test: [0/200]	Time 0.932 (0.932)	Loss 0.0568 (0.0568)
2021-11-03 21:46:40,380 Test: [10/200]	Time 0.029 (0.112)	Loss 0.0059 (0.0513)
2021-11-03 21:46:40,675 Test: [20/200]	Time 0.030 (0.073)	Loss 0.0367 (0.0538)
2021-11-03 21:46:40,972 Test: [30/200]	Time 0.029 (0.059)	Loss 0.0656 (0.0559)
2021-11-03 21:46:41,266 Test: [40/200]	Time 0.029 (0.052)	Loss 0.0540 (0.0578)
2021-11-03 21:46:41,559 Test: [50/200]	Time 0.028 (0.047)	Loss 0.1147 (0.0587)
2021-11-03 21:46:41,855 Test: [60/200]	Time 0.029 (0.044)	Loss 0.0612 (0.0600)
2021-11-03 21:46:42,150 Test: [70/200]	Time 0.029 (0.042)	Loss 0.0495 (0.0612)
2021-11-03 21:46:42,443 Test: [80/200]	Time 0.029 (0.041)	Loss 0.0611 (0.0600)
2021-11-03 21:46:42,737 Test: [90/200]	Time 0.028 (0.039)	Loss 0.0637 (0.0619)
2021-11-03 21:46:43,033 Test: [100/200]	Time 0.028 (0.038)	Loss 0.0657 (0.0612)
2021-11-03 21:46:43,327 Test: [110/200]	Time 0.028 (0.038)	Loss 0.1741 (0.0622)
2021-11-03 21:46:43,620 Test: [120/200]	Time 0.029 (0.037)	Loss 0.0484 (0.0605)
2021-11-03 21:46:43,915 Test: [130/200]	Time 0.029 (0.036)	Loss 0.0691 (0.0606)
2021-11-03 21:46:44,225 Test: [140/200]	Time 0.029 (0.036)	Loss 0.0617 (0.0599)
2021-11-03 21:46:44,517 Test: [150/200]	Time 0.028 (0.036)	Loss 0.0508 (0.0587)
2021-11-03 21:46:44,810 Test: [160/200]	Time 0.028 (0.035)	Loss 0.0736 (0.0589)
2021-11-03 21:46:45,103 Test: [170/200]	Time 0.028 (0.035)	Loss 0.0361 (0.0582)
2021-11-03 21:46:45,397 Test: [180/200]	Time 0.028 (0.034)	Loss 0.0378 (0.0581)
2021-11-03 21:46:45,690 Test: [190/200]	Time 0.029 (0.034)	Loss 0.0235 (0.0576)
2021-11-03 21:46:51,634 Mean IoU score: 0.870
2021-11-03 21:46:51,639 => saving checkpoint to out
2021-11-03 21:46:51,648 saving final model state to out/final_state.pth.tar
