2021-10-26 21:38:40,409 Namespace(out_dir='out', frequent=10, eval_interval=1, gpus='', num_workers=4)
2021-10-26 21:38:40,418 => load 200 samples
2021-10-26 21:38:40,419 => load 200 samples
2021-10-26 21:38:41,647 Epoch: [0][0/200]	Time 1.227s (1.227s)	Speed 26.1 samples/s	Data 0.676s (0.676s)	Loss 2.53597 (2.53597)
2021-10-26 21:38:46,582 Epoch: [0][10/200]	Time 0.493s (0.560s)	Speed 64.9 samples/s	Data 0.001s (0.062s)	Loss 2.05208 (2.26256)
2021-10-26 21:38:51,506 Epoch: [0][20/200]	Time 0.493s (0.528s)	Speed 64.8 samples/s	Data 0.001s (0.033s)	Loss 1.76570 (2.08481)
2021-10-26 21:38:56,442 Epoch: [0][30/200]	Time 0.492s (0.517s)	Speed 65.0 samples/s	Data 0.001s (0.022s)	Loss 1.51297 (1.93447)
2021-10-26 21:39:01,365 Epoch: [0][40/200]	Time 0.491s (0.511s)	Speed 65.2 samples/s	Data 0.001s (0.017s)	Loss 1.28978 (1.80122)
2021-10-26 21:39:06,279 Epoch: [0][50/200]	Time 0.492s (0.507s)	Speed 65.1 samples/s	Data 0.001s (0.014s)	Loss 1.09970 (1.68085)
2021-10-26 21:39:11,190 Epoch: [0][60/200]	Time 0.488s (0.504s)	Speed 65.6 samples/s	Data 0.001s (0.012s)	Loss 0.93020 (1.56960)
2021-10-26 21:39:16,100 Epoch: [0][70/200]	Time 0.492s (0.503s)	Speed 65.1 samples/s	Data 0.001s (0.010s)	Loss 0.77228 (1.46792)
2021-10-26 21:39:21,004 Epoch: [0][80/200]	Time 0.492s (0.501s)	Speed 65.1 samples/s	Data 0.001s (0.009s)	Loss 0.66112 (1.37458)
2021-10-26 21:39:25,912 Epoch: [0][90/200]	Time 0.489s (0.500s)	Speed 65.4 samples/s	Data 0.001s (0.008s)	Loss 0.58038 (1.29038)
2021-10-26 21:39:30,829 Epoch: [0][100/200]	Time 0.489s (0.499s)	Speed 65.5 samples/s	Data 0.001s (0.007s)	Loss 0.48646 (1.21449)
2021-10-26 21:39:35,746 Epoch: [0][110/200]	Time 0.491s (0.498s)	Speed 65.2 samples/s	Data 0.001s (0.007s)	Loss 0.41520 (1.14582)
2021-10-26 21:39:40,682 Epoch: [0][120/200]	Time 0.492s (0.498s)	Speed 65.0 samples/s	Data 0.001s (0.006s)	Loss 0.36580 (1.08391)
2021-10-26 21:39:45,594 Epoch: [0][130/200]	Time 0.487s (0.498s)	Speed 65.6 samples/s	Data 0.001s (0.006s)	Loss 0.34627 (1.02782)
2021-10-26 21:39:50,949 Epoch: [0][140/200]	Time 0.521s (0.500s)	Speed 61.4 samples/s	Data 0.001s (0.005s)	Loss 0.30905 (0.97785)
2021-10-26 21:39:56,235 Epoch: [0][150/200]	Time 0.506s (0.502s)	Speed 63.2 samples/s	Data 0.001s (0.005s)	Loss 0.28731 (0.93221)
2021-10-26 21:40:01,211 Epoch: [0][160/200]	Time 0.498s (0.502s)	Speed 64.3 samples/s	Data 0.001s (0.005s)	Loss 0.26794 (0.89110)
2021-10-26 21:40:06,150 Epoch: [0][170/200]	Time 0.490s (0.501s)	Speed 65.3 samples/s	Data 0.001s (0.005s)	Loss 0.25998 (0.85378)
2021-10-26 21:40:11,088 Epoch: [0][180/200]	Time 0.508s (0.501s)	Speed 63.0 samples/s	Data 0.001s (0.004s)	Loss 0.23175 (0.81985)
2021-10-26 21:40:16,035 Epoch: [0][190/200]	Time 0.511s (0.501s)	Speed 62.6 samples/s	Data 0.001s (0.004s)	Loss 0.20693 (0.78828)
2021-10-26 21:40:41,049 Test: [0/200]	Time 0.556 (0.556)	Loss 0.4229 (0.4229)
2021-10-26 21:40:41,376 Test: [10/200]	Time 0.028 (0.080)	Loss 0.1468 (0.3457)
2021-10-26 21:40:41,665 Test: [20/200]	Time 0.028 (0.056)	Loss 0.2574 (0.3567)
2021-10-26 21:40:41,972 Test: [30/200]	Time 0.028 (0.048)	Loss 0.5036 (0.3632)
2021-10-26 21:40:42,262 Test: [40/200]	Time 0.028 (0.043)	Loss 0.3851 (0.3775)
2021-10-26 21:40:42,555 Test: [50/200]	Time 0.028 (0.040)	Loss 0.4550 (0.3806)
2021-10-26 21:40:42,844 Test: [60/200]	Time 0.028 (0.039)	Loss 0.4360 (0.3812)
2021-10-26 21:40:43,149 Test: [70/200]	Time 0.028 (0.037)	Loss 0.3701 (0.3803)
2021-10-26 21:40:43,452 Test: [80/200]	Time 0.028 (0.037)	Loss 0.4628 (0.3754)
2021-10-26 21:40:43,742 Test: [90/200]	Time 0.028 (0.036)	Loss 0.4619 (0.3788)
2021-10-26 21:40:44,031 Test: [100/200]	Time 0.028 (0.035)	Loss 0.4711 (0.3777)
2021-10-26 21:40:44,323 Test: [110/200]	Time 0.030 (0.035)	Loss 0.4543 (0.3792)
2021-10-26 21:40:44,646 Test: [120/200]	Time 0.030 (0.034)	Loss 0.4392 (0.3767)
2021-10-26 21:40:44,948 Test: [130/200]	Time 0.029 (0.034)	Loss 0.3649 (0.3809)
2021-10-26 21:40:45,238 Test: [140/200]	Time 0.029 (0.034)	Loss 0.3471 (0.3799)
2021-10-26 21:40:45,528 Test: [150/200]	Time 0.028 (0.033)	Loss 0.4154 (0.3787)
2021-10-26 21:40:45,818 Test: [160/200]	Time 0.028 (0.033)	Loss 0.3947 (0.3786)
2021-10-26 21:40:46,108 Test: [170/200]	Time 0.028 (0.033)	Loss 0.2845 (0.3763)
2021-10-26 21:40:46,396 Test: [180/200]	Time 0.028 (0.033)	Loss 0.3138 (0.3744)
2021-10-26 21:40:46,686 Test: [190/200]	Time 0.028 (0.032)	Loss 0.3199 (0.3756)
2021-10-26 21:40:52,682 Mean IoU score: 0.201
2021-10-26 21:40:52,686 => saving checkpoint to out
2021-10-26 21:40:53,834 Epoch: [1][0/200]	Time 1.136s (1.136s)	Speed 28.2 samples/s	Data 0.626s (0.626s)	Loss 0.19988 (0.19988)
2021-10-26 21:40:58,662 Epoch: [1][10/200]	Time 0.487s (0.542s)	Speed 65.8 samples/s	Data 0.001s (0.057s)	Loss 0.20054 (0.20726)
2021-10-26 21:41:03,522 Epoch: [1][20/200]	Time 0.484s (0.515s)	Speed 66.2 samples/s	Data 0.001s (0.030s)	Loss 0.24712 (0.20308)
2021-10-26 21:41:08,343 Epoch: [1][30/200]	Time 0.479s (0.505s)	Speed 66.8 samples/s	Data 0.001s (0.021s)	Loss 0.16426 (0.19952)
2021-10-26 21:41:13,208 Epoch: [1][40/200]	Time 0.483s (0.500s)	Speed 66.3 samples/s	Data 0.001s (0.016s)	Loss 0.17661 (0.19450)
2021-10-26 21:41:18,055 Epoch: [1][50/200]	Time 0.481s (0.497s)	Speed 66.5 samples/s	Data 0.001s (0.013s)	Loss 0.15061 (0.19049)
2021-10-26 21:41:22,879 Epoch: [1][60/200]	Time 0.483s (0.495s)	Speed 66.2 samples/s	Data 0.001s (0.011s)	Loss 0.16344 (0.18665)
2021-10-26 21:41:27,723 Epoch: [1][70/200]	Time 0.486s (0.493s)	Speed 65.9 samples/s	Data 0.001s (0.009s)	Loss 0.15743 (0.18272)
2021-10-26 21:41:32,568 Epoch: [1][80/200]	Time 0.482s (0.492s)	Speed 66.4 samples/s	Data 0.001s (0.008s)	Loss 0.11831 (0.17800)
2021-10-26 21:41:37,412 Epoch: [1][90/200]	Time 0.480s (0.491s)	Speed 66.6 samples/s	Data 0.001s (0.007s)	Loss 0.13631 (0.17341)
2021-10-26 21:41:42,447 Epoch: [1][100/200]	Time 0.489s (0.493s)	Speed 65.5 samples/s	Data 0.001s (0.007s)	Loss 0.12984 (0.17043)
2021-10-26 21:41:47,358 Epoch: [1][110/200]	Time 0.485s (0.492s)	Speed 66.0 samples/s	Data 0.001s (0.006s)	Loss 0.12025 (0.16709)
2021-10-26 21:41:52,221 Epoch: [1][120/200]	Time 0.484s (0.492s)	Speed 66.1 samples/s	Data 0.001s (0.006s)	Loss 0.10701 (0.16302)
2021-10-26 21:41:57,077 Epoch: [1][130/200]	Time 0.478s (0.491s)	Speed 67.0 samples/s	Data 0.001s (0.005s)	Loss 0.10490 (0.15914)
2021-10-26 21:42:44,886 Epoch: [1][140/200]	Time 0.598s (0.796s)	Speed 53.5 samples/s	Data 0.001s (0.005s)	Loss 0.12391 (0.15573)
2021-10-26 21:42:49,962 Epoch: [1][150/200]	Time 0.489s (0.777s)	Speed 65.4 samples/s	Data 0.001s (0.005s)	Loss 0.09333 (0.15229)
2021-10-26 21:42:54,881 Epoch: [1][160/200]	Time 0.500s (0.759s)	Speed 64.0 samples/s	Data 0.001s (0.004s)	Loss 0.10410 (0.14918)
2021-10-26 21:42:59,837 Epoch: [1][170/200]	Time 0.489s (0.743s)	Speed 65.5 samples/s	Data 0.001s (0.004s)	Loss 0.09590 (0.14622)
2021-10-26 21:43:04,994 Epoch: [1][180/200]	Time 0.492s (0.731s)	Speed 65.0 samples/s	Data 0.001s (0.004s)	Loss 0.09471 (0.14337)
2021-10-26 21:43:10,060 Epoch: [1][190/200]	Time 0.497s (0.719s)	Speed 64.4 samples/s	Data 0.001s (0.004s)	Loss 0.09175 (0.14061)
2021-10-26 21:43:35,138 Test: [0/200]	Time 0.619 (0.619)	Loss 0.2433 (0.2433)
2021-10-26 21:43:35,449 Test: [10/200]	Time 0.029 (0.085)	Loss 0.0663 (0.1872)
2021-10-26 21:43:35,750 Test: [20/200]	Time 0.029 (0.059)	Loss 0.1552 (0.1893)
2021-10-26 21:43:36,047 Test: [30/200]	Time 0.029 (0.049)	Loss 0.2584 (0.1980)
2021-10-26 21:43:36,341 Test: [40/200]	Time 0.028 (0.044)	Loss 0.1850 (0.2050)
2021-10-26 21:43:36,630 Test: [50/200]	Time 0.028 (0.041)	Loss 0.2692 (0.2060)
2021-10-26 21:43:36,921 Test: [60/200]	Time 0.028 (0.039)	Loss 0.2401 (0.2078)
2021-10-26 21:43:37,212 Test: [70/200]	Time 0.028 (0.038)	Loss 0.1659 (0.2076)
2021-10-26 21:43:37,508 Test: [80/200]	Time 0.028 (0.037)	Loss 0.2623 (0.2043)
2021-10-26 21:43:37,800 Test: [90/200]	Time 0.028 (0.036)	Loss 0.2744 (0.2068)
2021-10-26 21:43:38,090 Test: [100/200]	Time 0.028 (0.035)	Loss 0.2834 (0.2055)
2021-10-26 21:43:38,382 Test: [110/200]	Time 0.028 (0.035)	Loss 0.2772 (0.2064)
2021-10-26 21:43:38,672 Test: [120/200]	Time 0.028 (0.034)	Loss 0.2415 (0.2045)
2021-10-26 21:43:38,963 Test: [130/200]	Time 0.028 (0.034)	Loss 0.1795 (0.2067)
2021-10-26 21:43:39,254 Test: [140/200]	Time 0.028 (0.034)	Loss 0.1837 (0.2063)
2021-10-26 21:43:39,549 Test: [150/200]	Time 0.028 (0.033)	Loss 0.2080 (0.2048)
2021-10-26 21:43:39,840 Test: [160/200]	Time 0.028 (0.033)	Loss 0.2373 (0.2046)
2021-10-26 21:43:40,130 Test: [170/200]	Time 0.028 (0.033)	Loss 0.1534 (0.2028)
2021-10-26 21:43:40,420 Test: [180/200]	Time 0.028 (0.033)	Loss 0.1457 (0.2016)
2021-10-26 21:43:40,710 Test: [190/200]	Time 0.028 (0.032)	Loss 0.1303 (0.2024)
2021-10-26 21:43:46,787 Mean IoU score: 0.543
2021-10-26 21:43:46,791 => saving checkpoint to out
2021-10-26 21:43:47,963 Epoch: [2][0/200]	Time 1.158s (1.158s)	Speed 27.6 samples/s	Data 0.620s (0.620s)	Loss 0.07306 (0.07306)
2021-10-26 21:43:52,959 Epoch: [2][10/200]	Time 0.496s (0.559s)	Speed 64.5 samples/s	Data 0.001s (0.057s)	Loss 0.08261 (0.08203)
2021-10-26 21:43:57,893 Epoch: [2][20/200]	Time 0.493s (0.528s)	Speed 64.9 samples/s	Data 0.001s (0.030s)	Loss 0.08103 (0.07908)
2021-10-26 21:44:02,917 Epoch: [2][30/200]	Time 0.493s (0.520s)	Speed 64.9 samples/s	Data 0.001s (0.021s)	Loss 0.06611 (0.07598)
2021-10-26 21:44:07,748 Epoch: [2][40/200]	Time 0.480s (0.511s)	Speed 66.6 samples/s	Data 0.001s (0.016s)	Loss 0.06756 (0.07545)
2021-10-26 21:44:12,571 Epoch: [2][50/200]	Time 0.483s (0.505s)	Speed 66.2 samples/s	Data 0.001s (0.013s)	Loss 0.06072 (0.07383)
2021-10-26 21:44:17,401 Epoch: [2][60/200]	Time 0.479s (0.502s)	Speed 66.8 samples/s	Data 0.001s (0.011s)	Loss 0.05933 (0.07233)
2021-10-26 21:44:22,238 Epoch: [2][70/200]	Time 0.482s (0.499s)	Speed 66.4 samples/s	Data 0.001s (0.009s)	Loss 0.07106 (0.07070)
2021-10-26 21:44:27,054 Epoch: [2][80/200]	Time 0.483s (0.497s)	Speed 66.3 samples/s	Data 0.001s (0.008s)	Loss 0.06216 (0.06946)
2021-10-26 21:44:31,866 Epoch: [2][90/200]	Time 0.481s (0.495s)	Speed 66.5 samples/s	Data 0.001s (0.007s)	Loss 0.05091 (0.06816)
2021-10-26 21:44:36,687 Epoch: [2][100/200]	Time 0.482s (0.494s)	Speed 66.4 samples/s	Data 0.001s (0.007s)	Loss 0.05821 (0.06677)
2021-10-26 21:44:41,512 Epoch: [2][110/200]	Time 0.482s (0.493s)	Speed 66.3 samples/s	Data 0.001s (0.006s)	Loss 0.05325 (0.06625)
2021-10-26 21:44:46,351 Epoch: [2][120/200]	Time 0.483s (0.492s)	Speed 66.2 samples/s	Data 0.001s (0.006s)	Loss 0.05848 (0.06511)
2021-10-26 21:44:51,389 Epoch: [2][130/200]	Time 0.535s (0.493s)	Speed 59.8 samples/s	Data 0.001s (0.005s)	Loss 0.05789 (0.06423)
2021-10-26 21:44:56,591 Epoch: [2][140/200]	Time 0.534s (0.495s)	Speed 60.0 samples/s	Data 0.001s (0.005s)	Loss 0.05403 (0.06342)
2021-10-26 21:45:01,879 Epoch: [2][150/200]	Time 0.537s (0.497s)	Speed 59.6 samples/s	Data 0.001s (0.005s)	Loss 0.04424 (0.06271)
2021-10-26 21:45:06,988 Epoch: [2][160/200]	Time 0.492s (0.498s)	Speed 65.1 samples/s	Data 0.001s (0.004s)	Loss 0.03936 (0.06172)
2021-10-26 21:45:12,160 Epoch: [2][170/200]	Time 0.509s (0.499s)	Speed 62.9 samples/s	Data 0.001s (0.004s)	Loss 0.04456 (0.06083)
2021-10-26 21:45:17,117 Epoch: [2][180/200]	Time 0.503s (0.499s)	Speed 63.6 samples/s	Data 0.001s (0.004s)	Loss 0.04392 (0.05987)
2021-10-26 21:45:21,992 Epoch: [2][190/200]	Time 0.483s (0.498s)	Speed 66.3 samples/s	Data 0.001s (0.004s)	Loss 0.05001 (0.05900)
2021-10-26 21:45:46,899 Test: [0/200]	Time 0.540 (0.540)	Loss 0.1286 (0.1286)
2021-10-26 21:45:47,191 Test: [10/200]	Time 0.028 (0.076)	Loss 0.0354 (0.1057)
2021-10-26 21:45:47,483 Test: [20/200]	Time 0.029 (0.054)	Loss 0.0850 (0.1092)
2021-10-26 21:45:47,774 Test: [30/200]	Time 0.028 (0.046)	Loss 0.1543 (0.1144)
2021-10-26 21:45:48,066 Test: [40/200]	Time 0.028 (0.042)	Loss 0.1118 (0.1188)
2021-10-26 21:45:48,385 Test: [50/200]	Time 0.033 (0.040)	Loss 0.1609 (0.1190)
2021-10-26 21:45:48,681 Test: [60/200]	Time 0.029 (0.038)	Loss 0.1343 (0.1214)
2021-10-26 21:45:48,972 Test: [70/200]	Time 0.028 (0.037)	Loss 0.1033 (0.1208)
2021-10-26 21:45:49,265 Test: [80/200]	Time 0.028 (0.036)	Loss 0.1303 (0.1192)
2021-10-26 21:45:49,556 Test: [90/200]	Time 0.028 (0.035)	Loss 0.1585 (0.1214)
2021-10-26 21:45:49,848 Test: [100/200]	Time 0.029 (0.035)	Loss 0.1506 (0.1207)
2021-10-26 21:45:50,139 Test: [110/200]	Time 0.028 (0.034)	Loss 0.1799 (0.1216)
2021-10-26 21:45:50,432 Test: [120/200]	Time 0.028 (0.034)	Loss 0.1440 (0.1200)
2021-10-26 21:45:50,723 Test: [130/200]	Time 0.028 (0.033)	Loss 0.1108 (0.1207)
2021-10-26 21:45:51,014 Test: [140/200]	Time 0.028 (0.033)	Loss 0.0958 (0.1198)
2021-10-26 21:45:51,306 Test: [150/200]	Time 0.028 (0.033)	Loss 0.1135 (0.1188)
2021-10-26 21:45:51,598 Test: [160/200]	Time 0.028 (0.033)	Loss 0.1253 (0.1186)
2021-10-26 21:45:51,902 Test: [170/200]	Time 0.028 (0.032)	Loss 0.1278 (0.1177)
2021-10-26 21:45:52,193 Test: [180/200]	Time 0.028 (0.032)	Loss 0.1034 (0.1167)
2021-10-26 21:45:52,485 Test: [190/200]	Time 0.028 (0.032)	Loss 0.0706 (0.1170)
2021-10-26 21:45:58,496 Mean IoU score: 0.752
2021-10-26 21:45:58,499 => saving checkpoint to out
2021-10-26 21:45:59,646 Epoch: [3][0/200]	Time 1.134s (1.134s)	Speed 28.2 samples/s	Data 0.614s (0.614s)	Loss 0.03812 (0.03812)
2021-10-26 21:46:04,496 Epoch: [3][10/200]	Time 0.486s (0.544s)	Speed 65.8 samples/s	Data 0.001s (0.056s)	Loss 0.04144 (0.04141)
2021-10-26 21:46:09,333 Epoch: [3][20/200]	Time 0.486s (0.515s)	Speed 65.9 samples/s	Data 0.001s (0.030s)	Loss 0.06183 (0.04087)
2021-10-26 21:46:14,176 Epoch: [3][30/200]	Time 0.483s (0.505s)	Speed 66.3 samples/s	Data 0.001s (0.020s)	Loss 0.02787 (0.04014)
2021-10-26 21:46:19,014 Epoch: [3][40/200]	Time 0.484s (0.500s)	Speed 66.1 samples/s	Data 0.001s (0.016s)	Loss 0.03523 (0.03946)
2021-10-26 21:46:23,854 Epoch: [3][50/200]	Time 0.484s (0.497s)	Speed 66.1 samples/s	Data 0.001s (0.013s)	Loss 0.03066 (0.03856)
2021-10-26 21:46:28,967 Epoch: [3][60/200]	Time 0.537s (0.499s)	Speed 59.6 samples/s	Data 0.001s (0.011s)	Loss 0.03143 (0.03768)
2021-10-26 21:46:34,172 Epoch: [3][70/200]	Time 0.497s (0.502s)	Speed 64.4 samples/s	Data 0.001s (0.009s)	Loss 0.03538 (0.03725)
2021-10-26 21:46:39,066 Epoch: [3][80/200]	Time 0.484s (0.501s)	Speed 66.1 samples/s	Data 0.001s (0.008s)	Loss 0.02767 (0.03698)
2021-10-26 21:46:43,938 Epoch: [3][90/200]	Time 0.486s (0.499s)	Speed 65.8 samples/s	Data 0.001s (0.007s)	Loss 0.03136 (0.03662)
2021-10-26 21:46:48,820 Epoch: [3][100/200]	Time 0.483s (0.498s)	Speed 66.3 samples/s	Data 0.001s (0.007s)	Loss 0.03211 (0.03642)
2021-10-26 21:46:53,673 Epoch: [3][110/200]	Time 0.483s (0.497s)	Speed 66.2 samples/s	Data 0.001s (0.006s)	Loss 0.02878 (0.03625)
2021-10-26 21:46:58,515 Epoch: [3][120/200]	Time 0.482s (0.496s)	Speed 66.5 samples/s	Data 0.001s (0.006s)	Loss 0.04090 (0.03619)
2021-10-26 21:47:03,367 Epoch: [3][130/200]	Time 0.487s (0.495s)	Speed 65.7 samples/s	Data 0.001s (0.005s)	Loss 0.03391 (0.03609)
2021-10-26 21:47:08,206 Epoch: [3][140/200]	Time 0.485s (0.494s)	Speed 66.0 samples/s	Data 0.001s (0.005s)	Loss 0.03333 (0.03585)
2021-10-26 21:47:13,069 Epoch: [3][150/200]	Time 0.484s (0.494s)	Speed 66.1 samples/s	Data 0.001s (0.005s)	Loss 0.02702 (0.03576)
2021-10-26 21:47:17,917 Epoch: [3][160/200]	Time 0.483s (0.493s)	Speed 66.3 samples/s	Data 0.001s (0.004s)	Loss 0.03297 (0.03585)
2021-10-26 21:47:22,755 Epoch: [3][170/200]	Time 0.486s (0.493s)	Speed 65.8 samples/s	Data 0.001s (0.004s)	Loss 0.04215 (0.03571)
2021-10-26 21:47:27,618 Epoch: [3][180/200]	Time 0.483s (0.492s)	Speed 66.3 samples/s	Data 0.001s (0.004s)	Loss 0.03478 (0.03545)
2021-10-26 21:47:32,584 Epoch: [3][190/200]	Time 0.493s (0.493s)	Speed 65.0 samples/s	Data 0.001s (0.004s)	Loss 0.02756 (0.03521)
2021-10-26 21:48:00,582 Test: [0/200]	Time 0.565 (0.565)	Loss 0.1086 (0.1086)
2021-10-26 21:48:00,878 Test: [10/200]	Time 0.028 (0.078)	Loss 0.0202 (0.0779)
2021-10-26 21:48:01,174 Test: [20/200]	Time 0.028 (0.055)	Loss 0.0537 (0.0824)
2021-10-26 21:48:01,464 Test: [30/200]	Time 0.028 (0.047)	Loss 0.1128 (0.0875)
2021-10-26 21:48:01,759 Test: [40/200]	Time 0.030 (0.042)	Loss 0.0819 (0.0921)
2021-10-26 21:48:02,053 Test: [50/200]	Time 0.028 (0.040)	Loss 0.1482 (0.0915)
2021-10-26 21:48:02,345 Test: [60/200]	Time 0.028 (0.038)	Loss 0.1022 (0.0932)
2021-10-26 21:48:02,641 Test: [70/200]	Time 0.029 (0.037)	Loss 0.0878 (0.0941)
2021-10-26 21:48:02,933 Test: [80/200]	Time 0.029 (0.036)	Loss 0.1095 (0.0921)
2021-10-26 21:48:03,225 Test: [90/200]	Time 0.028 (0.035)	Loss 0.1004 (0.0937)
2021-10-26 21:48:03,516 Test: [100/200]	Time 0.029 (0.035)	Loss 0.1261 (0.0936)
2021-10-26 21:48:03,807 Test: [110/200]	Time 0.028 (0.034)	Loss 0.1707 (0.0945)
2021-10-26 21:48:04,101 Test: [120/200]	Time 0.029 (0.034)	Loss 0.0994 (0.0932)
2021-10-26 21:48:04,391 Test: [130/200]	Time 0.028 (0.033)	Loss 0.0914 (0.0937)
2021-10-26 21:48:04,683 Test: [140/200]	Time 0.029 (0.033)	Loss 0.1018 (0.0934)
2021-10-26 21:48:04,973 Test: [150/200]	Time 0.028 (0.033)	Loss 0.0940 (0.0925)
2021-10-26 21:48:05,266 Test: [160/200]	Time 0.028 (0.033)	Loss 0.0886 (0.0923)
2021-10-26 21:48:05,557 Test: [170/200]	Time 0.028 (0.032)	Loss 0.0787 (0.0915)
2021-10-26 21:48:05,847 Test: [180/200]	Time 0.028 (0.032)	Loss 0.0721 (0.0910)
2021-10-26 21:48:06,139 Test: [190/200]	Time 0.029 (0.032)	Loss 0.0528 (0.0910)
2021-10-26 21:48:12,158 Mean IoU score: 0.798
2021-10-26 21:48:12,161 => saving checkpoint to out
2021-10-26 21:48:13,322 Epoch: [4][0/200]	Time 1.149s (1.149s)	Speed 27.9 samples/s	Data 0.619s (0.619s)	Loss 0.03544 (0.03544)
2021-10-26 21:48:18,193 Epoch: [4][10/200]	Time 0.486s (0.547s)	Speed 65.8 samples/s	Data 0.001s (0.057s)	Loss 0.02526 (0.02857)
2021-10-26 21:48:23,040 Epoch: [4][20/200]	Time 0.481s (0.517s)	Speed 66.5 samples/s	Data 0.001s (0.030s)	Loss 0.02464 (0.02721)
2021-10-26 21:48:27,873 Epoch: [4][30/200]	Time 0.484s (0.506s)	Speed 66.1 samples/s	Data 0.001s (0.021s)	Loss 0.02341 (0.02687)
2021-10-26 21:48:32,735 Epoch: [4][40/200]	Time 0.487s (0.502s)	Speed 65.7 samples/s	Data 0.001s (0.016s)	Loss 0.02371 (0.02693)
2021-10-26 21:48:37,572 Epoch: [4][50/200]	Time 0.483s (0.498s)	Speed 66.2 samples/s	Data 0.001s (0.013s)	Loss 0.02270 (0.02663)
2021-10-26 21:48:42,411 Epoch: [4][60/200]	Time 0.487s (0.496s)	Speed 65.7 samples/s	Data 0.001s (0.011s)	Loss 0.01935 (0.02606)
2021-10-26 21:48:47,267 Epoch: [4][70/200]	Time 0.495s (0.494s)	Speed 64.7 samples/s	Data 0.001s (0.009s)	Loss 0.02490 (0.02602)
2021-10-26 21:48:52,111 Epoch: [4][80/200]	Time 0.483s (0.493s)	Speed 66.2 samples/s	Data 0.001s (0.008s)	Loss 0.02392 (0.02577)
2021-10-26 21:48:56,964 Epoch: [4][90/200]	Time 0.487s (0.492s)	Speed 65.7 samples/s	Data 0.001s (0.007s)	Loss 0.02781 (0.02552)
2021-10-26 21:49:01,809 Epoch: [4][100/200]	Time 0.485s (0.491s)	Speed 66.0 samples/s	Data 0.001s (0.007s)	Loss 0.02449 (0.02542)
2021-10-26 21:49:06,666 Epoch: [4][110/200]	Time 0.486s (0.491s)	Speed 65.8 samples/s	Data 0.001s (0.006s)	Loss 0.02877 (0.02550)
2021-10-26 21:49:11,513 Epoch: [4][120/200]	Time 0.483s (0.490s)	Speed 66.3 samples/s	Data 0.001s (0.006s)	Loss 0.02766 (0.02539)
2021-10-26 21:49:16,384 Epoch: [4][130/200]	Time 0.483s (0.490s)	Speed 66.3 samples/s	Data 0.001s (0.005s)	Loss 0.02611 (0.02546)
2021-10-26 21:49:21,232 Epoch: [4][140/200]	Time 0.488s (0.490s)	Speed 65.5 samples/s	Data 0.001s (0.005s)	Loss 0.02474 (0.02555)
2021-10-26 21:49:26,078 Epoch: [4][150/200]	Time 0.485s (0.489s)	Speed 66.0 samples/s	Data 0.001s (0.005s)	Loss 0.02118 (0.02548)
2021-10-26 21:49:30,925 Epoch: [4][160/200]	Time 0.484s (0.489s)	Speed 66.1 samples/s	Data 0.001s (0.004s)	Loss 0.02154 (0.02527)
2021-10-26 21:49:35,764 Epoch: [4][170/200]	Time 0.482s (0.489s)	Speed 66.4 samples/s	Data 0.001s (0.004s)	Loss 0.01958 (0.02516)
2021-10-26 21:49:40,593 Epoch: [4][180/200]	Time 0.487s (0.489s)	Speed 65.7 samples/s	Data 0.001s (0.004s)	Loss 0.03107 (0.02512)
2021-10-26 21:49:45,438 Epoch: [4][190/200]	Time 0.483s (0.488s)	Speed 66.2 samples/s	Data 0.001s (0.004s)	Loss 0.02529 (0.02505)
2021-10-26 21:50:10,356 Test: [0/200]	Time 0.541 (0.541)	Loss 0.0952 (0.0952)
2021-10-26 21:50:10,648 Test: [10/200]	Time 0.028 (0.076)	Loss 0.0166 (0.0690)
2021-10-26 21:50:10,939 Test: [20/200]	Time 0.028 (0.054)	Loss 0.0596 (0.0748)
2021-10-26 21:50:11,229 Test: [30/200]	Time 0.028 (0.046)	Loss 0.1127 (0.0805)
2021-10-26 21:50:11,528 Test: [40/200]	Time 0.028 (0.042)	Loss 0.0626 (0.0852)
2021-10-26 21:50:11,818 Test: [50/200]	Time 0.028 (0.039)	Loss 0.1402 (0.0859)
2021-10-26 21:50:12,108 Test: [60/200]	Time 0.028 (0.038)	Loss 0.1159 (0.0881)
2021-10-26 21:50:12,399 Test: [70/200]	Time 0.028 (0.036)	Loss 0.0895 (0.0877)
2021-10-26 21:50:12,717 Test: [80/200]	Time 0.031 (0.036)	Loss 0.0842 (0.0862)
2021-10-26 21:50:13,013 Test: [90/200]	Time 0.029 (0.035)	Loss 0.0994 (0.0879)
2021-10-26 21:50:13,308 Test: [100/200]	Time 0.028 (0.035)	Loss 0.1369 (0.0874)
2021-10-26 21:50:13,598 Test: [110/200]	Time 0.028 (0.034)	Loss 0.1610 (0.0879)
2021-10-26 21:50:13,887 Test: [120/200]	Time 0.028 (0.034)	Loss 0.1078 (0.0864)
2021-10-26 21:50:14,192 Test: [130/200]	Time 0.028 (0.033)	Loss 0.1020 (0.0870)
2021-10-26 21:50:14,492 Test: [140/200]	Time 0.028 (0.033)	Loss 0.0721 (0.0862)
2021-10-26 21:50:14,782 Test: [150/200]	Time 0.028 (0.033)	Loss 0.0684 (0.0852)
2021-10-26 21:50:15,072 Test: [160/200]	Time 0.028 (0.033)	Loss 0.0817 (0.0848)
2021-10-26 21:50:15,361 Test: [170/200]	Time 0.028 (0.032)	Loss 0.0734 (0.0842)
2021-10-26 21:50:15,651 Test: [180/200]	Time 0.028 (0.032)	Loss 0.0631 (0.0835)
2021-10-26 21:50:15,943 Test: [190/200]	Time 0.028 (0.032)	Loss 0.0443 (0.0832)
2021-10-26 21:50:21,954 Mean IoU score: 0.805
2021-10-26 21:50:21,958 => saving checkpoint to out
2021-10-26 21:50:23,125 Epoch: [5][0/200]	Time 1.155s (1.155s)	Speed 27.7 samples/s	Data 0.635s (0.635s)	Loss 0.01945 (0.01945)
2021-10-26 21:50:27,971 Epoch: [5][10/200]	Time 0.484s (0.546s)	Speed 66.2 samples/s	Data 0.001s (0.058s)	Loss 0.01885 (0.02236)
2021-10-26 21:50:32,799 Epoch: [5][20/200]	Time 0.483s (0.516s)	Speed 66.3 samples/s	Data 0.001s (0.031s)	Loss 0.02153 (0.02244)
2021-10-26 21:50:37,823 Epoch: [5][30/200]	Time 0.519s (0.511s)	Speed 61.6 samples/s	Data 0.001s (0.021s)	Loss 0.02812 (0.02224)
2021-10-26 21:50:43,284 Epoch: [5][40/200]	Time 0.573s (0.520s)	Speed 55.8 samples/s	Data 0.001s (0.016s)	Loss 0.02205 (0.02201)
2021-10-26 21:50:48,379 Epoch: [5][50/200]	Time 0.510s (0.518s)	Speed 62.8 samples/s	Data 0.001s (0.013s)	Loss 0.02157 (0.02173)
2021-10-26 21:50:53,243 Epoch: [5][60/200]	Time 0.492s (0.513s)	Speed 65.0 samples/s	Data 0.001s (0.011s)	Loss 0.01527 (0.02128)
2021-10-26 21:50:58,118 Epoch: [5][70/200]	Time 0.482s (0.509s)	Speed 66.5 samples/s	Data 0.001s (0.010s)	Loss 0.01872 (0.02099)
2021-10-26 21:51:03,008 Epoch: [5][80/200]	Time 0.486s (0.507s)	Speed 65.8 samples/s	Data 0.001s (0.008s)	Loss 0.01853 (0.02078)
2021-10-26 21:51:07,871 Epoch: [5][90/200]	Time 0.491s (0.504s)	Speed 65.2 samples/s	Data 0.001s (0.008s)	Loss 0.01461 (0.02064)
2021-10-26 21:51:13,047 Epoch: [5][100/200]	Time 0.524s (0.506s)	Speed 61.0 samples/s	Data 0.001s (0.007s)	Loss 0.02152 (0.02053)
2021-10-26 21:51:18,685 Epoch: [5][110/200]	Time 0.557s (0.511s)	Speed 57.5 samples/s	Data 0.001s (0.006s)	Loss 0.02210 (0.02050)
2021-10-26 21:51:24,387 Epoch: [5][120/200]	Time 0.624s (0.516s)	Speed 51.3 samples/s	Data 0.001s (0.006s)	Loss 0.01772 (0.02033)
2021-10-26 21:51:30,114 Epoch: [5][130/200]	Time 0.576s (0.520s)	Speed 55.6 samples/s	Data 0.001s (0.005s)	Loss 0.02328 (0.02034)
2021-10-26 21:51:35,466 Epoch: [5][140/200]	Time 0.516s (0.521s)	Speed 62.1 samples/s	Data 0.001s (0.005s)	Loss 0.02042 (0.02029)
2021-10-26 21:51:40,767 Epoch: [5][150/200]	Time 0.579s (0.522s)	Speed 55.3 samples/s	Data 0.001s (0.005s)	Loss 0.02337 (0.02023)
2021-10-26 21:51:46,275 Epoch: [5][160/200]	Time 0.532s (0.524s)	Speed 60.2 samples/s	Data 0.001s (0.005s)	Loss 0.02024 (0.02009)
2021-10-26 21:51:51,778 Epoch: [5][170/200]	Time 0.540s (0.525s)	Speed 59.2 samples/s	Data 0.001s (0.004s)	Loss 0.01807 (0.02000)
2021-10-26 21:51:57,184 Epoch: [5][180/200]	Time 0.513s (0.526s)	Speed 62.4 samples/s	Data 0.001s (0.004s)	Loss 0.01750 (0.02005)
2021-10-26 21:52:02,612 Epoch: [5][190/200]	Time 0.542s (0.527s)	Speed 59.0 samples/s	Data 0.001s (0.004s)	Loss 0.01662 (0.02003)
2021-10-26 21:52:27,998 Test: [0/200]	Time 0.629 (0.629)	Loss 0.1278 (0.1278)
2021-10-26 21:52:28,310 Test: [10/200]	Time 0.029 (0.086)	Loss 0.0239 (0.0806)
2021-10-26 21:52:28,627 Test: [20/200]	Time 0.029 (0.060)	Loss 0.0961 (0.0800)
2021-10-26 21:52:28,928 Test: [30/200]	Time 0.029 (0.050)	Loss 0.1105 (0.0880)
2021-10-26 21:52:29,235 Test: [40/200]	Time 0.029 (0.046)	Loss 0.0529 (0.0903)
2021-10-26 21:52:29,563 Test: [50/200]	Time 0.028 (0.043)	Loss 0.1170 (0.0898)
2021-10-26 21:52:29,857 Test: [60/200]	Time 0.029 (0.041)	Loss 0.0962 (0.0913)
2021-10-26 21:52:30,156 Test: [70/200]	Time 0.030 (0.039)	Loss 0.0731 (0.0913)
2021-10-26 21:52:30,475 Test: [80/200]	Time 0.030 (0.038)	Loss 0.1444 (0.0914)
2021-10-26 21:52:30,786 Test: [90/200]	Time 0.032 (0.038)	Loss 0.1038 (0.0941)
2021-10-26 21:52:31,092 Test: [100/200]	Time 0.031 (0.037)	Loss 0.1538 (0.0935)
2021-10-26 21:52:31,399 Test: [110/200]	Time 0.034 (0.036)	Loss 0.1916 (0.0939)
2021-10-26 21:52:31,722 Test: [120/200]	Time 0.030 (0.036)	Loss 0.1128 (0.0920)
2021-10-26 21:52:32,040 Test: [130/200]	Time 0.037 (0.036)	Loss 0.0733 (0.0923)
2021-10-26 21:52:32,383 Test: [140/200]	Time 0.030 (0.036)	Loss 0.1334 (0.0923)
2021-10-26 21:52:32,690 Test: [150/200]	Time 0.030 (0.035)	Loss 0.0886 (0.0907)
2021-10-26 21:52:32,993 Test: [160/200]	Time 0.030 (0.035)	Loss 0.1071 (0.0905)
2021-10-26 21:52:33,294 Test: [170/200]	Time 0.030 (0.035)	Loss 0.1088 (0.0898)
2021-10-26 21:52:33,594 Test: [180/200]	Time 0.029 (0.034)	Loss 0.0726 (0.0890)
2021-10-26 21:52:33,915 Test: [190/200]	Time 0.033 (0.034)	Loss 0.0395 (0.0889)
2021-10-26 21:52:40,014 Mean IoU score: 0.793
2021-10-26 21:52:40,018 => saving checkpoint to out
2021-10-26 21:52:41,294 Epoch: [6][0/200]	Time 1.266s (1.266s)	Speed 25.3 samples/s	Data 0.692s (0.692s)	Loss 0.01741 (0.01741)
2021-10-26 21:52:46,558 Epoch: [6][10/200]	Time 0.551s (0.594s)	Speed 58.1 samples/s	Data 0.001s (0.064s)	Loss 0.02174 (0.01736)
2021-10-26 21:52:51,976 Epoch: [6][20/200]	Time 0.520s (0.569s)	Speed 61.5 samples/s	Data 0.001s (0.034s)	Loss 0.01694 (0.01833)
2021-10-26 21:52:57,423 Epoch: [6][30/200]	Time 0.547s (0.561s)	Speed 58.5 samples/s	Data 0.001s (0.023s)	Loss 0.01732 (0.01828)
2021-10-26 21:53:03,327 Epoch: [6][40/200]	Time 0.664s (0.568s)	Speed 48.2 samples/s	Data 0.001s (0.018s)	Loss 0.01790 (0.01801)
2021-10-26 21:53:09,111 Epoch: [6][50/200]	Time 0.604s (0.570s)	Speed 53.0 samples/s	Data 0.001s (0.014s)	Loss 0.01549 (0.01776)
2021-10-26 21:53:14,541 Epoch: [6][60/200]	Time 0.575s (0.566s)	Speed 55.7 samples/s	Data 0.001s (0.012s)	Loss 0.01342 (0.01737)
2021-10-26 21:53:19,913 Epoch: [6][70/200]	Time 0.553s (0.562s)	Speed 57.9 samples/s	Data 0.001s (0.010s)	Loss 0.01408 (0.01700)
2021-10-26 21:53:25,458 Epoch: [6][80/200]	Time 0.529s (0.561s)	Speed 60.5 samples/s	Data 0.001s (0.009s)	Loss 0.01414 (0.01680)
2021-10-26 21:53:31,283 Epoch: [6][90/200]	Time 0.637s (0.563s)	Speed 50.2 samples/s	Data 0.001s (0.008s)	Loss 0.01541 (0.01663)
2021-10-26 21:53:36,595 Epoch: [6][100/200]	Time 0.505s (0.560s)	Speed 63.4 samples/s	Data 0.001s (0.008s)	Loss 0.01542 (0.01659)
2021-10-26 21:53:41,642 Epoch: [6][110/200]	Time 0.505s (0.555s)	Speed 63.4 samples/s	Data 0.001s (0.007s)	Loss 0.01274 (0.01647)
2021-10-26 21:53:46,905 Epoch: [6][120/200]	Time 0.520s (0.553s)	Speed 61.5 samples/s	Data 0.001s (0.006s)	Loss 0.01703 (0.01641)
2021-10-26 21:53:52,249 Epoch: [6][130/200]	Time 0.530s (0.551s)	Speed 60.3 samples/s	Data 0.001s (0.006s)	Loss 0.01168 (0.01626)
2021-10-26 21:53:57,549 Epoch: [6][140/200]	Time 0.524s (0.550s)	Speed 61.0 samples/s	Data 0.001s (0.006s)	Loss 0.01414 (0.01617)
2021-10-26 21:54:02,823 Epoch: [6][150/200]	Time 0.542s (0.548s)	Speed 59.0 samples/s	Data 0.001s (0.005s)	Loss 0.01574 (0.01616)
2021-10-26 21:54:08,114 Epoch: [6][160/200]	Time 0.555s (0.547s)	Speed 57.7 samples/s	Data 0.001s (0.005s)	Loss 0.01864 (0.01618)
2021-10-26 21:54:13,451 Epoch: [6][170/200]	Time 0.508s (0.546s)	Speed 63.0 samples/s	Data 0.001s (0.005s)	Loss 0.01600 (0.01609)
2021-10-26 21:54:18,887 Epoch: [6][180/200]	Time 0.517s (0.546s)	Speed 61.9 samples/s	Data 0.001s (0.004s)	Loss 0.01186 (0.01612)
2021-10-26 21:54:24,197 Epoch: [6][190/200]	Time 0.556s (0.545s)	Speed 57.6 samples/s	Data 0.001s (0.004s)	Loss 0.01538 (0.01610)
2021-10-26 21:54:49,723 Test: [0/200]	Time 0.664 (0.664)	Loss 0.0752 (0.0752)
2021-10-26 21:54:50,024 Test: [10/200]	Time 0.030 (0.088)	Loss 0.0119 (0.0584)
2021-10-26 21:54:50,345 Test: [20/200]	Time 0.032 (0.061)	Loss 0.0359 (0.0599)
2021-10-26 21:54:50,660 Test: [30/200]	Time 0.030 (0.052)	Loss 0.0767 (0.0625)
2021-10-26 21:54:50,964 Test: [40/200]	Time 0.030 (0.046)	Loss 0.0544 (0.0643)
2021-10-26 21:54:51,268 Test: [50/200]	Time 0.028 (0.043)	Loss 0.0928 (0.0647)
2021-10-26 21:54:51,566 Test: [60/200]	Time 0.030 (0.041)	Loss 0.0746 (0.0661)
2021-10-26 21:54:51,885 Test: [70/200]	Time 0.034 (0.040)	Loss 0.0460 (0.0658)
2021-10-26 21:54:52,191 Test: [80/200]	Time 0.029 (0.039)	Loss 0.0643 (0.0646)
2021-10-26 21:54:52,492 Test: [90/200]	Time 0.029 (0.038)	Loss 0.0782 (0.0664)
2021-10-26 21:54:52,809 Test: [100/200]	Time 0.030 (0.037)	Loss 0.0774 (0.0658)
2021-10-26 21:54:53,107 Test: [110/200]	Time 0.028 (0.036)	Loss 0.1482 (0.0665)
2021-10-26 21:54:53,406 Test: [120/200]	Time 0.029 (0.036)	Loss 0.0622 (0.0652)
2021-10-26 21:54:53,704 Test: [130/200]	Time 0.030 (0.035)	Loss 0.0622 (0.0654)
2021-10-26 21:54:54,006 Test: [140/200]	Time 0.029 (0.035)	Loss 0.0615 (0.0651)
2021-10-26 21:54:54,304 Test: [150/200]	Time 0.029 (0.035)	Loss 0.0609 (0.0643)
2021-10-26 21:54:54,606 Test: [160/200]	Time 0.030 (0.034)	Loss 0.0791 (0.0643)
2021-10-26 21:54:54,908 Test: [170/200]	Time 0.030 (0.034)	Loss 0.0519 (0.0638)
2021-10-26 21:54:55,207 Test: [180/200]	Time 0.029 (0.034)	Loss 0.0444 (0.0634)
2021-10-26 21:54:55,505 Test: [190/200]	Time 0.030 (0.034)	Loss 0.0308 (0.0632)
2021-10-26 21:55:01,594 Mean IoU score: 0.849
2021-10-26 21:55:01,600 => saving checkpoint to out
2021-10-26 21:55:02,831 Epoch: [7][0/200]	Time 1.219s (1.219s)	Speed 26.3 samples/s	Data 0.637s (0.637s)	Loss 0.01452 (0.01452)
2021-10-26 21:55:08,238 Epoch: [7][10/200]	Time 0.549s (0.602s)	Speed 58.3 samples/s	Data 0.001s (0.059s)	Loss 0.01404 (0.01521)
2021-10-26 21:55:13,661 Epoch: [7][20/200]	Time 0.545s (0.574s)	Speed 58.7 samples/s	Data 0.001s (0.031s)	Loss 0.01694 (0.01519)
2021-10-26 21:55:18,969 Epoch: [7][30/200]	Time 0.529s (0.560s)	Speed 60.5 samples/s	Data 0.001s (0.021s)	Loss 0.01518 (0.01473)
2021-10-26 21:55:24,446 Epoch: [7][40/200]	Time 0.535s (0.557s)	Speed 59.8 samples/s	Data 0.001s (0.016s)	Loss 0.01153 (0.01459)
2021-10-26 21:55:29,741 Epoch: [7][50/200]	Time 0.503s (0.552s)	Speed 63.6 samples/s	Data 0.001s (0.013s)	Loss 0.01367 (0.01440)
2021-10-26 21:55:35,243 Epoch: [7][60/200]	Time 0.573s (0.551s)	Speed 55.8 samples/s	Data 0.001s (0.011s)	Loss 0.01287 (0.01428)
2021-10-26 21:55:40,736 Epoch: [7][70/200]	Time 0.504s (0.551s)	Speed 63.5 samples/s	Data 0.001s (0.010s)	Loss 0.01094 (0.01407)
2021-10-26 21:55:45,968 Epoch: [7][80/200]	Time 0.530s (0.548s)	Speed 60.4 samples/s	Data 0.001s (0.009s)	Loss 0.01173 (0.01399)
2021-10-26 21:55:51,196 Epoch: [7][90/200]	Time 0.517s (0.545s)	Speed 61.9 samples/s	Data 0.001s (0.008s)	Loss 0.01588 (0.01384)
2021-10-26 21:55:56,515 Epoch: [7][100/200]	Time 0.513s (0.544s)	Speed 62.4 samples/s	Data 0.001s (0.007s)	Loss 0.01587 (0.01392)
2021-10-26 21:56:01,639 Epoch: [7][110/200]	Time 0.521s (0.541s)	Speed 61.4 samples/s	Data 0.001s (0.006s)	Loss 0.00992 (0.01388)
2021-10-26 21:56:06,728 Epoch: [7][120/200]	Time 0.509s (0.538s)	Speed 62.9 samples/s	Data 0.001s (0.006s)	Loss 0.01340 (0.01399)
2021-10-26 21:56:12,071 Epoch: [7][130/200]	Time 0.579s (0.538s)	Speed 55.3 samples/s	Data 0.001s (0.006s)	Loss 0.01228 (0.01396)
2021-10-26 21:56:17,479 Epoch: [7][140/200]	Time 0.545s (0.538s)	Speed 58.8 samples/s	Data 0.001s (0.005s)	Loss 0.01702 (0.01391)
2021-10-26 21:56:22,834 Epoch: [7][150/200]	Time 0.536s (0.538s)	Speed 59.7 samples/s	Data 0.001s (0.005s)	Loss 0.01140 (0.01384)
2021-10-26 21:56:28,340 Epoch: [7][160/200]	Time 0.537s (0.539s)	Speed 59.6 samples/s	Data 0.001s (0.005s)	Loss 0.01497 (0.01378)
2021-10-26 21:56:33,822 Epoch: [7][170/200]	Time 0.568s (0.539s)	Speed 56.3 samples/s	Data 0.001s (0.004s)	Loss 0.01466 (0.01377)
2021-10-26 21:56:39,125 Epoch: [7][180/200]	Time 0.511s (0.539s)	Speed 62.6 samples/s	Data 0.001s (0.004s)	Loss 0.01213 (0.01376)
2021-10-26 21:56:44,235 Epoch: [7][190/200]	Time 0.509s (0.537s)	Speed 62.9 samples/s	Data 0.001s (0.004s)	Loss 0.01221 (0.01377)
2021-10-26 21:57:09,519 Test: [0/200]	Time 0.727 (0.727)	Loss 0.0821 (0.0821)
2021-10-26 21:57:09,822 Test: [10/200]	Time 0.030 (0.094)	Loss 0.0121 (0.0553)
2021-10-26 21:57:10,130 Test: [20/200]	Time 0.030 (0.064)	Loss 0.0409 (0.0574)
2021-10-26 21:57:10,453 Test: [30/200]	Time 0.031 (0.054)	Loss 0.0818 (0.0611)
2021-10-26 21:57:10,761 Test: [40/200]	Time 0.030 (0.048)	Loss 0.0534 (0.0631)
2021-10-26 21:57:11,094 Test: [50/200]	Time 0.031 (0.045)	Loss 0.0983 (0.0635)
2021-10-26 21:57:11,403 Test: [60/200]	Time 0.029 (0.043)	Loss 0.0912 (0.0651)
2021-10-26 21:57:11,708 Test: [70/200]	Time 0.030 (0.041)	Loss 0.0582 (0.0658)
2021-10-26 21:57:12,013 Test: [80/200]	Time 0.033 (0.040)	Loss 0.0714 (0.0647)
2021-10-26 21:57:12,346 Test: [90/200]	Time 0.029 (0.039)	Loss 0.0780 (0.0662)
2021-10-26 21:57:12,645 Test: [100/200]	Time 0.029 (0.038)	Loss 0.0893 (0.0657)
2021-10-26 21:57:12,945 Test: [110/200]	Time 0.029 (0.037)	Loss 0.1461 (0.0661)
2021-10-26 21:57:13,245 Test: [120/200]	Time 0.029 (0.037)	Loss 0.0650 (0.0647)
2021-10-26 21:57:13,546 Test: [130/200]	Time 0.029 (0.036)	Loss 0.0630 (0.0649)
2021-10-26 21:57:13,859 Test: [140/200]	Time 0.030 (0.036)	Loss 0.0605 (0.0643)
2021-10-26 21:57:14,160 Test: [150/200]	Time 0.031 (0.036)	Loss 0.0623 (0.0633)
2021-10-26 21:57:14,466 Test: [160/200]	Time 0.030 (0.035)	Loss 0.0694 (0.0633)
2021-10-26 21:57:14,803 Test: [170/200]	Time 0.039 (0.035)	Loss 0.0555 (0.0627)
2021-10-26 21:57:15,188 Test: [180/200]	Time 0.031 (0.035)	Loss 0.0426 (0.0623)
2021-10-26 21:57:15,515 Test: [190/200]	Time 0.032 (0.035)	Loss 0.0304 (0.0622)
2021-10-26 21:57:21,612 Mean IoU score: 0.853
2021-10-26 21:57:21,618 => saving checkpoint to out
2021-10-26 21:57:23,210 Epoch: [8][0/200]	Time 1.579s (1.579s)	Speed 20.3 samples/s	Data 1.036s (1.036s)	Loss 0.01177 (0.01177)
2021-10-26 21:57:28,387 Epoch: [8][10/200]	Time 0.527s (0.614s)	Speed 60.8 samples/s	Data 0.001s (0.095s)	Loss 0.01059 (0.01164)
2021-10-26 21:57:33,638 Epoch: [8][20/200]	Time 0.512s (0.572s)	Speed 62.5 samples/s	Data 0.001s (0.050s)	Loss 0.01161 (0.01201)
2021-10-26 21:57:38,838 Epoch: [8][30/200]	Time 0.520s (0.555s)	Speed 61.5 samples/s	Data 0.001s (0.034s)	Loss 0.01137 (0.01193)
2021-10-26 21:57:43,990 Epoch: [8][40/200]	Time 0.512s (0.545s)	Speed 62.5 samples/s	Data 0.001s (0.026s)	Loss 0.00953 (0.01176)
2021-10-26 21:57:49,432 Epoch: [8][50/200]	Time 0.587s (0.545s)	Speed 54.5 samples/s	Data 0.001s (0.021s)	Loss 0.01165 (0.01186)
2021-10-26 21:57:54,558 Epoch: [8][60/200]	Time 0.514s (0.540s)	Speed 62.3 samples/s	Data 0.001s (0.018s)	Loss 0.01305 (0.01178)
2021-10-26 21:57:59,614 Epoch: [8][70/200]	Time 0.504s (0.535s)	Speed 63.5 samples/s	Data 0.001s (0.015s)	Loss 0.01184 (0.01169)
2021-10-26 21:58:04,737 Epoch: [8][80/200]	Time 0.518s (0.532s)	Speed 61.8 samples/s	Data 0.001s (0.013s)	Loss 0.00895 (0.01166)
2021-10-26 21:58:10,020 Epoch: [8][90/200]	Time 0.535s (0.532s)	Speed 59.8 samples/s	Data 0.001s (0.012s)	Loss 0.00950 (0.01153)
2021-10-26 21:58:15,464 Epoch: [8][100/200]	Time 0.541s (0.533s)	Speed 59.2 samples/s	Data 0.001s (0.011s)	Loss 0.01147 (0.01157)
2021-10-26 21:58:20,811 Epoch: [8][110/200]	Time 0.542s (0.533s)	Speed 59.1 samples/s	Data 0.001s (0.010s)	Loss 0.01312 (0.01156)
2021-10-26 21:58:26,245 Epoch: [8][120/200]	Time 0.531s (0.534s)	Speed 60.3 samples/s	Data 0.001s (0.009s)	Loss 0.01173 (0.01160)
2021-10-26 21:58:31,648 Epoch: [8][130/200]	Time 0.546s (0.534s)	Speed 58.7 samples/s	Data 0.001s (0.009s)	Loss 0.00824 (0.01158)
2021-10-26 21:58:37,124 Epoch: [8][140/200]	Time 0.600s (0.535s)	Speed 53.4 samples/s	Data 0.001s (0.008s)	Loss 0.01403 (0.01162)
2021-10-26 21:58:42,755 Epoch: [8][150/200]	Time 0.537s (0.537s)	Speed 59.6 samples/s	Data 0.001s (0.007s)	Loss 0.01048 (0.01158)
2021-10-26 21:58:48,008 Epoch: [8][160/200]	Time 0.517s (0.537s)	Speed 61.9 samples/s	Data 0.001s (0.007s)	Loss 0.01233 (0.01162)
2021-10-26 21:58:53,186 Epoch: [8][170/200]	Time 0.555s (0.535s)	Speed 57.6 samples/s	Data 0.001s (0.007s)	Loss 0.01057 (0.01163)
2021-10-26 21:58:58,266 Epoch: [8][180/200]	Time 0.505s (0.534s)	Speed 63.4 samples/s	Data 0.001s (0.006s)	Loss 0.01438 (0.01164)
2021-10-26 21:59:03,373 Epoch: [8][190/200]	Time 0.514s (0.533s)	Speed 62.3 samples/s	Data 0.001s (0.006s)	Loss 0.01267 (0.01160)
2021-10-26 21:59:28,661 Test: [0/200]	Time 0.691 (0.691)	Loss 0.0656 (0.0656)
2021-10-26 21:59:28,962 Test: [10/200]	Time 0.028 (0.090)	Loss 0.0191 (0.0526)
2021-10-26 21:59:29,257 Test: [20/200]	Time 0.029 (0.061)	Loss 0.0331 (0.0529)
2021-10-26 21:59:29,553 Test: [30/200]	Time 0.029 (0.051)	Loss 0.0761 (0.0567)
2021-10-26 21:59:29,854 Test: [40/200]	Time 0.029 (0.046)	Loss 0.0674 (0.0591)
2021-10-26 21:59:30,152 Test: [50/200]	Time 0.029 (0.043)	Loss 0.0890 (0.0588)
2021-10-26 21:59:30,472 Test: [60/200]	Time 0.029 (0.041)	Loss 0.0821 (0.0608)
2021-10-26 21:59:30,775 Test: [70/200]	Time 0.029 (0.040)	Loss 0.0470 (0.0615)
2021-10-26 21:59:31,075 Test: [80/200]	Time 0.029 (0.038)	Loss 0.0591 (0.0601)
2021-10-26 21:59:31,372 Test: [90/200]	Time 0.029 (0.037)	Loss 0.0799 (0.0619)
2021-10-26 21:59:31,675 Test: [100/200]	Time 0.029 (0.037)	Loss 0.0838 (0.0616)
2021-10-26 21:59:31,982 Test: [110/200]	Time 0.029 (0.036)	Loss 0.1633 (0.0626)
2021-10-26 21:59:32,293 Test: [120/200]	Time 0.030 (0.036)	Loss 0.0680 (0.0612)
2021-10-26 21:59:32,609 Test: [130/200]	Time 0.031 (0.035)	Loss 0.0613 (0.0615)
2021-10-26 21:59:32,912 Test: [140/200]	Time 0.029 (0.035)	Loss 0.0546 (0.0612)
2021-10-26 21:59:33,215 Test: [150/200]	Time 0.029 (0.035)	Loss 0.0750 (0.0605)
2021-10-26 21:59:33,514 Test: [160/200]	Time 0.029 (0.034)	Loss 0.0696 (0.0609)
2021-10-26 21:59:33,816 Test: [170/200]	Time 0.029 (0.034)	Loss 0.0468 (0.0604)
2021-10-26 21:59:34,109 Test: [180/200]	Time 0.029 (0.034)	Loss 0.0373 (0.0600)
2021-10-26 21:59:34,402 Test: [190/200]	Time 0.029 (0.034)	Loss 0.0256 (0.0597)
2021-10-26 21:59:40,475 Mean IoU score: 0.857
2021-10-26 21:59:40,479 => saving checkpoint to out
2021-10-26 21:59:41,949 Epoch: [9][0/200]	Time 1.458s (1.458s)	Speed 21.9 samples/s	Data 0.861s (0.861s)	Loss 0.01144 (0.01144)
2021-10-26 21:59:47,228 Epoch: [9][10/200]	Time 0.536s (0.612s)	Speed 59.7 samples/s	Data 0.001s (0.079s)	Loss 0.01010 (0.01075)
2021-10-26 21:59:52,403 Epoch: [9][20/200]	Time 0.495s (0.567s)	Speed 64.7 samples/s	Data 0.001s (0.042s)	Loss 0.01535 (0.01103)
2021-10-26 21:59:57,520 Epoch: [9][30/200]	Time 0.562s (0.549s)	Speed 56.9 samples/s	Data 0.001s (0.028s)	Loss 0.01008 (0.01110)
2021-10-26 22:00:02,736 Epoch: [9][40/200]	Time 0.518s (0.543s)	Speed 61.8 samples/s	Data 0.001s (0.022s)	Loss 0.01081 (0.01116)
2021-10-26 22:00:07,969 Epoch: [9][50/200]	Time 0.510s (0.539s)	Speed 62.7 samples/s	Data 0.001s (0.018s)	Loss 0.00751 (0.01097)
2021-10-26 22:00:13,326 Epoch: [9][60/200]	Time 0.522s (0.538s)	Speed 61.3 samples/s	Data 0.001s (0.015s)	Loss 0.01161 (0.01084)
2021-10-26 22:00:18,682 Epoch: [9][70/200]	Time 0.530s (0.538s)	Speed 60.3 samples/s	Data 0.001s (0.013s)	Loss 0.01010 (0.01084)
2021-10-26 22:00:23,971 Epoch: [9][80/200]	Time 0.525s (0.537s)	Speed 60.9 samples/s	Data 0.001s (0.011s)	Loss 0.00803 (0.01088)
2021-10-26 22:00:29,224 Epoch: [9][90/200]	Time 0.515s (0.536s)	Speed 62.1 samples/s	Data 0.001s (0.010s)	Loss 0.01106 (0.01080)
2021-10-26 22:00:34,470 Epoch: [9][100/200]	Time 0.505s (0.534s)	Speed 63.3 samples/s	Data 0.001s (0.009s)	Loss 0.01593 (0.01083)
2021-10-26 22:00:39,722 Epoch: [9][110/200]	Time 0.520s (0.534s)	Speed 61.5 samples/s	Data 0.001s (0.008s)	Loss 0.01112 (0.01079)
2021-10-26 22:00:45,001 Epoch: [9][120/200]	Time 0.523s (0.533s)	Speed 61.2 samples/s	Data 0.001s (0.008s)	Loss 0.00930 (0.01071)
2021-10-26 22:00:50,657 Epoch: [9][130/200]	Time 0.560s (0.536s)	Speed 57.2 samples/s	Data 0.001s (0.007s)	Loss 0.00746 (0.01072)
2021-10-26 22:00:56,481 Epoch: [9][140/200]	Time 0.535s (0.539s)	Speed 59.8 samples/s	Data 0.001s (0.007s)	Loss 0.01093 (0.01070)
2021-10-26 22:01:01,878 Epoch: [9][150/200]	Time 0.531s (0.539s)	Speed 60.2 samples/s	Data 0.001s (0.006s)	Loss 0.00866 (0.01067)
2021-10-26 22:01:07,207 Epoch: [9][160/200]	Time 0.525s (0.539s)	Speed 61.0 samples/s	Data 0.001s (0.006s)	Loss 0.01173 (0.01067)
2021-10-26 22:01:12,470 Epoch: [9][170/200]	Time 0.520s (0.538s)	Speed 61.5 samples/s	Data 0.001s (0.006s)	Loss 0.01134 (0.01067)
2021-10-26 22:01:17,664 Epoch: [9][180/200]	Time 0.504s (0.537s)	Speed 63.5 samples/s	Data 0.001s (0.005s)	Loss 0.01086 (0.01069)
2021-10-26 22:01:22,931 Epoch: [9][190/200]	Time 0.569s (0.536s)	Speed 56.3 samples/s	Data 0.001s (0.005s)	Loss 0.00856 (0.01067)
2021-10-26 22:01:48,676 Test: [0/200]	Time 0.943 (0.943)	Loss 0.0760 (0.0760)
2021-10-26 22:01:48,977 Test: [10/200]	Time 0.030 (0.113)	Loss 0.0207 (0.0531)
2021-10-26 22:01:49,279 Test: [20/200]	Time 0.030 (0.074)	Loss 0.0325 (0.0540)
2021-10-26 22:01:49,575 Test: [30/200]	Time 0.029 (0.059)	Loss 0.0648 (0.0571)
2021-10-26 22:01:49,877 Test: [40/200]	Time 0.030 (0.052)	Loss 0.0474 (0.0593)
2021-10-26 22:01:50,178 Test: [50/200]	Time 0.030 (0.048)	Loss 0.0841 (0.0592)
2021-10-26 22:01:50,474 Test: [60/200]	Time 0.029 (0.045)	Loss 0.0657 (0.0602)
2021-10-26 22:01:50,776 Test: [70/200]	Time 0.030 (0.043)	Loss 0.0446 (0.0607)
2021-10-26 22:01:51,077 Test: [80/200]	Time 0.029 (0.041)	Loss 0.0638 (0.0595)
2021-10-26 22:01:51,375 Test: [90/200]	Time 0.032 (0.040)	Loss 0.0727 (0.0615)
2021-10-26 22:01:51,689 Test: [100/200]	Time 0.030 (0.039)	Loss 0.0746 (0.0612)
2021-10-26 22:01:51,988 Test: [110/200]	Time 0.029 (0.038)	Loss 0.1444 (0.0615)
2021-10-26 22:01:52,277 Test: [120/200]	Time 0.029 (0.038)	Loss 0.0541 (0.0601)
2021-10-26 22:01:52,572 Test: [130/200]	Time 0.029 (0.037)	Loss 0.0609 (0.0600)
2021-10-26 22:01:52,866 Test: [140/200]	Time 0.029 (0.036)	Loss 0.0760 (0.0596)
2021-10-26 22:01:53,185 Test: [150/200]	Time 0.029 (0.036)	Loss 0.0515 (0.0587)
2021-10-26 22:01:53,481 Test: [160/200]	Time 0.030 (0.036)	Loss 0.0698 (0.0588)
2021-10-26 22:01:53,789 Test: [170/200]	Time 0.030 (0.035)	Loss 0.0486 (0.0584)
2021-10-26 22:01:54,087 Test: [180/200]	Time 0.029 (0.035)	Loss 0.0386 (0.0580)
2021-10-26 22:01:54,395 Test: [190/200]	Time 0.031 (0.035)	Loss 0.0246 (0.0578)
2021-10-26 22:02:00,495 Mean IoU score: 0.860
2021-10-26 22:02:00,500 => saving checkpoint to out
2021-10-26 22:02:01,896 Epoch: [10][0/200]	Time 1.381s (1.381s)	Speed 23.2 samples/s	Data 0.795s (0.795s)	Loss 0.00817 (0.00817)
2021-10-26 22:02:07,051 Epoch: [10][10/200]	Time 0.532s (0.594s)	Speed 60.2 samples/s	Data 0.001s (0.073s)	Loss 0.00824 (0.00942)
2021-10-26 22:02:12,364 Epoch: [10][20/200]	Time 0.541s (0.564s)	Speed 59.2 samples/s	Data 0.001s (0.038s)	Loss 0.00913 (0.00906)
2021-10-26 22:02:17,850 Epoch: [10][30/200]	Time 0.580s (0.559s)	Speed 55.1 samples/s	Data 0.001s (0.026s)	Loss 0.01030 (0.00926)
2021-10-26 22:02:23,175 Epoch: [10][40/200]	Time 0.528s (0.553s)	Speed 60.6 samples/s	Data 0.001s (0.020s)	Loss 0.00786 (0.00956)
2021-10-26 22:02:28,542 Epoch: [10][50/200]	Time 0.570s (0.550s)	Speed 56.2 samples/s	Data 0.001s (0.016s)	Loss 0.01329 (0.00965)
2021-10-26 22:02:34,119 Epoch: [10][60/200]	Time 0.595s (0.551s)	Speed 53.8 samples/s	Data 0.001s (0.014s)	Loss 0.01356 (0.00974)
2021-10-26 22:02:39,616 Epoch: [10][70/200]	Time 0.526s (0.551s)	Speed 60.9 samples/s	Data 0.001s (0.012s)	Loss 0.00845 (0.00975)
2021-10-26 22:02:44,808 Epoch: [10][80/200]	Time 0.509s (0.547s)	Speed 62.8 samples/s	Data 0.001s (0.010s)	Loss 0.01028 (0.00973)
2021-10-26 22:02:49,966 Epoch: [10][90/200]	Time 0.535s (0.543s)	Speed 59.8 samples/s	Data 0.001s (0.009s)	Loss 0.00851 (0.00972)
2021-10-26 22:02:55,364 Epoch: [10][100/200]	Time 0.540s (0.543s)	Speed 59.3 samples/s	Data 0.001s (0.009s)	Loss 0.00865 (0.00976)
2021-10-26 22:03:00,805 Epoch: [10][110/200]	Time 0.529s (0.543s)	Speed 60.5 samples/s	Data 0.001s (0.008s)	Loss 0.00785 (0.00974)
2021-10-26 22:03:06,134 Epoch: [10][120/200]	Time 0.521s (0.542s)	Speed 61.4 samples/s	Data 0.001s (0.007s)	Loss 0.01035 (0.00980)
2021-10-26 22:03:11,455 Epoch: [10][130/200]	Time 0.530s (0.542s)	Speed 60.3 samples/s	Data 0.001s (0.007s)	Loss 0.00967 (0.00979)
2021-10-26 22:03:16,766 Epoch: [10][140/200]	Time 0.526s (0.541s)	Speed 60.8 samples/s	Data 0.001s (0.006s)	Loss 0.01009 (0.00980)
2021-10-26 22:03:22,233 Epoch: [10][150/200]	Time 0.550s (0.541s)	Speed 58.1 samples/s	Data 0.001s (0.006s)	Loss 0.00906 (0.00977)
2021-10-26 22:03:27,723 Epoch: [10][160/200]	Time 0.539s (0.542s)	Speed 59.4 samples/s	Data 0.001s (0.006s)	Loss 0.00807 (0.00975)
2021-10-26 22:03:33,053 Epoch: [10][170/200]	Time 0.537s (0.541s)	Speed 59.6 samples/s	Data 0.001s (0.005s)	Loss 0.01074 (0.00974)
2021-10-26 22:03:38,423 Epoch: [10][180/200]	Time 0.557s (0.541s)	Speed 57.4 samples/s	Data 0.001s (0.005s)	Loss 0.00848 (0.00969)
2021-10-26 22:03:43,744 Epoch: [10][190/200]	Time 0.536s (0.540s)	Speed 59.7 samples/s	Data 0.001s (0.005s)	Loss 0.01054 (0.00966)
2021-10-26 22:04:09,348 Test: [0/200]	Time 0.734 (0.734)	Loss 0.0866 (0.0866)
2021-10-26 22:04:09,652 Test: [10/200]	Time 0.029 (0.094)	Loss 0.0160 (0.0565)
2021-10-26 22:04:09,955 Test: [20/200]	Time 0.029 (0.064)	Loss 0.0437 (0.0554)
2021-10-26 22:04:10,253 Test: [30/200]	Time 0.030 (0.053)	Loss 0.0680 (0.0584)
2021-10-26 22:04:10,558 Test: [40/200]	Time 0.029 (0.047)	Loss 0.0483 (0.0607)
2021-10-26 22:04:10,863 Test: [50/200]	Time 0.030 (0.044)	Loss 0.0876 (0.0605)
2021-10-26 22:04:11,162 Test: [60/200]	Time 0.030 (0.042)	Loss 0.0922 (0.0624)
2021-10-26 22:04:11,478 Test: [70/200]	Time 0.030 (0.040)	Loss 0.0535 (0.0627)
2021-10-26 22:04:11,786 Test: [80/200]	Time 0.030 (0.039)	Loss 0.0697 (0.0619)
2021-10-26 22:04:12,083 Test: [90/200]	Time 0.029 (0.038)	Loss 0.0738 (0.0635)
2021-10-26 22:04:12,387 Test: [100/200]	Time 0.030 (0.037)	Loss 0.1035 (0.0633)
2021-10-26 22:04:12,686 Test: [110/200]	Time 0.029 (0.037)	Loss 0.1730 (0.0640)
2021-10-26 22:04:12,988 Test: [120/200]	Time 0.030 (0.036)	Loss 0.0588 (0.0627)
2021-10-26 22:04:13,297 Test: [130/200]	Time 0.030 (0.036)	Loss 0.0519 (0.0626)
2021-10-26 22:04:13,604 Test: [140/200]	Time 0.031 (0.035)	Loss 0.0607 (0.0621)
2021-10-26 22:04:13,926 Test: [150/200]	Time 0.029 (0.035)	Loss 0.0568 (0.0611)
2021-10-26 22:04:14,225 Test: [160/200]	Time 0.030 (0.035)	Loss 0.0707 (0.0614)
2021-10-26 22:04:14,525 Test: [170/200]	Time 0.030 (0.035)	Loss 0.0547 (0.0611)
2021-10-26 22:04:14,825 Test: [180/200]	Time 0.029 (0.034)	Loss 0.0410 (0.0607)
2021-10-26 22:04:15,129 Test: [190/200]	Time 0.030 (0.034)	Loss 0.0245 (0.0604)
2021-10-26 22:04:21,212 Mean IoU score: 0.860
2021-10-26 22:04:21,216 => saving checkpoint to out
2021-10-26 22:04:22,618 Epoch: [11][0/200]	Time 1.393s (1.393s)	Speed 23.0 samples/s	Data 0.828s (0.828s)	Loss 0.00756 (0.00756)
2021-10-26 22:04:27,779 Epoch: [11][10/200]	Time 0.509s (0.596s)	Speed 62.8 samples/s	Data 0.001s (0.076s)	Loss 0.00889 (0.00834)
2021-10-26 22:04:32,955 Epoch: [11][20/200]	Time 0.514s (0.559s)	Speed 62.2 samples/s	Data 0.001s (0.040s)	Loss 0.01152 (0.00846)
2021-10-26 22:04:38,276 Epoch: [11][30/200]	Time 0.563s (0.550s)	Speed 56.8 samples/s	Data 0.001s (0.027s)	Loss 0.00875 (0.00866)
2021-10-26 22:04:43,590 Epoch: [11][40/200]	Time 0.517s (0.545s)	Speed 61.9 samples/s	Data 0.001s (0.021s)	Loss 0.01148 (0.00883)
2021-10-26 22:04:48,948 Epoch: [11][50/200]	Time 0.513s (0.544s)	Speed 62.4 samples/s	Data 0.001s (0.017s)	Loss 0.00813 (0.00890)
2021-10-26 22:04:54,270 Epoch: [11][60/200]	Time 0.514s (0.542s)	Speed 62.2 samples/s	Data 0.001s (0.014s)	Loss 0.00989 (0.00897)
2021-10-26 22:04:59,618 Epoch: [11][70/200]	Time 0.538s (0.541s)	Speed 59.5 samples/s	Data 0.001s (0.012s)	Loss 0.00969 (0.00892)
2021-10-26 22:05:04,928 Epoch: [11][80/200]	Time 0.538s (0.540s)	Speed 59.5 samples/s	Data 0.001s (0.011s)	Loss 0.00921 (0.00893)
2021-10-26 22:05:10,286 Epoch: [11][90/200]	Time 0.522s (0.539s)	Speed 61.3 samples/s	Data 0.001s (0.010s)	Loss 0.00864 (0.00895)
2021-10-26 22:05:15,680 Epoch: [11][100/200]	Time 0.539s (0.539s)	Speed 59.4 samples/s	Data 0.001s (0.009s)	Loss 0.00944 (0.00897)
2021-10-26 22:05:21,161 Epoch: [11][110/200]	Time 0.533s (0.540s)	Speed 60.0 samples/s	Data 0.001s (0.008s)	Loss 0.01046 (0.00893)
2021-10-26 22:05:26,564 Epoch: [11][120/200]	Time 0.526s (0.540s)	Speed 60.9 samples/s	Data 0.001s (0.007s)	Loss 0.00848 (0.00895)
2021-10-26 22:05:31,890 Epoch: [11][130/200]	Time 0.515s (0.539s)	Speed 62.2 samples/s	Data 0.001s (0.007s)	Loss 0.00835 (0.00896)
2021-10-26 22:05:37,254 Epoch: [11][140/200]	Time 0.550s (0.539s)	Speed 58.1 samples/s	Data 0.001s (0.007s)	Loss 0.01208 (0.00906)
2021-10-26 22:05:42,581 Epoch: [11][150/200]	Time 0.524s (0.539s)	Speed 61.0 samples/s	Data 0.001s (0.006s)	Loss 0.01073 (0.00906)
2021-10-26 22:05:47,997 Epoch: [11][160/200]	Time 0.572s (0.539s)	Speed 56.0 samples/s	Data 0.001s (0.006s)	Loss 0.00973 (0.00907)
2021-10-26 22:05:53,567 Epoch: [11][170/200]	Time 0.532s (0.540s)	Speed 60.1 samples/s	Data 0.001s (0.005s)	Loss 0.01029 (0.00911)
2021-10-26 22:05:59,217 Epoch: [11][180/200]	Time 0.529s (0.541s)	Speed 60.5 samples/s	Data 0.001s (0.005s)	Loss 0.00758 (0.00910)
2021-10-26 22:06:04,622 Epoch: [11][190/200]	Time 0.522s (0.541s)	Speed 61.2 samples/s	Data 0.001s (0.005s)	Loss 0.00960 (0.00911)
2021-10-26 22:06:30,323 Test: [0/200]	Time 0.743 (0.743)	Loss 0.0647 (0.0647)
2021-10-26 22:06:30,618 Test: [10/200]	Time 0.029 (0.094)	Loss 0.0179 (0.0533)
2021-10-26 22:06:30,911 Test: [20/200]	Time 0.029 (0.063)	Loss 0.0379 (0.0534)
2021-10-26 22:06:31,207 Test: [30/200]	Time 0.029 (0.052)	Loss 0.0820 (0.0579)
2021-10-26 22:06:31,504 Test: [40/200]	Time 0.029 (0.047)	Loss 0.0365 (0.0599)
2021-10-26 22:06:31,816 Test: [50/200]	Time 0.030 (0.044)	Loss 0.0906 (0.0600)
2021-10-26 22:06:32,122 Test: [60/200]	Time 0.031 (0.042)	Loss 0.0784 (0.0631)
2021-10-26 22:06:32,421 Test: [70/200]	Time 0.031 (0.040)	Loss 0.0453 (0.0635)
2021-10-26 22:06:32,721 Test: [80/200]	Time 0.029 (0.039)	Loss 0.0643 (0.0626)
2021-10-26 22:06:33,026 Test: [90/200]	Time 0.030 (0.038)	Loss 0.0766 (0.0639)
2021-10-26 22:06:33,331 Test: [100/200]	Time 0.030 (0.037)	Loss 0.0966 (0.0639)
2021-10-26 22:06:33,632 Test: [110/200]	Time 0.030 (0.037)	Loss 0.1619 (0.0644)
2021-10-26 22:06:33,940 Test: [120/200]	Time 0.029 (0.036)	Loss 0.0820 (0.0630)
2021-10-26 22:06:34,245 Test: [130/200]	Time 0.030 (0.036)	Loss 0.0641 (0.0631)
2021-10-26 22:06:34,544 Test: [140/200]	Time 0.029 (0.035)	Loss 0.0613 (0.0625)
2021-10-26 22:06:34,849 Test: [150/200]	Time 0.029 (0.035)	Loss 0.0514 (0.0614)
2021-10-26 22:06:35,149 Test: [160/200]	Time 0.031 (0.035)	Loss 0.0878 (0.0616)
2021-10-26 22:06:35,453 Test: [170/200]	Time 0.029 (0.034)	Loss 0.0571 (0.0609)
2021-10-26 22:06:35,760 Test: [180/200]	Time 0.032 (0.034)	Loss 0.0383 (0.0605)
2021-10-26 22:06:36,062 Test: [190/200]	Time 0.029 (0.034)	Loss 0.0248 (0.0604)
2021-10-26 22:06:42,133 Mean IoU score: 0.857
2021-10-26 22:06:42,138 => saving checkpoint to out
2021-10-26 22:06:43,451 Epoch: [12][0/200]	Time 1.303s (1.303s)	Speed 24.6 samples/s	Data 0.755s (0.755s)	Loss 0.01071 (0.01071)
2021-10-26 22:06:48,708 Epoch: [12][10/200]	Time 0.513s (0.596s)	Speed 62.3 samples/s	Data 0.001s (0.069s)	Loss 0.01045 (0.01006)
2021-10-26 22:06:54,001 Epoch: [12][20/200]	Time 0.547s (0.564s)	Speed 58.5 samples/s	Data 0.001s (0.037s)	Loss 0.01041 (0.00909)
2021-10-26 22:06:59,193 Epoch: [12][30/200]	Time 0.526s (0.550s)	Speed 60.8 samples/s	Data 0.001s (0.025s)	Loss 0.00911 (0.00896)
2021-10-26 22:07:04,542 Epoch: [12][40/200]	Time 0.532s (0.546s)	Speed 60.1 samples/s	Data 0.001s (0.019s)	Loss 0.00871 (0.00892)
2021-10-26 22:07:09,890 Epoch: [12][50/200]	Time 0.527s (0.544s)	Speed 60.8 samples/s	Data 0.001s (0.015s)	Loss 0.00830 (0.00881)
2021-10-26 22:07:15,069 Epoch: [12][60/200]	Time 0.525s (0.540s)	Speed 61.0 samples/s	Data 0.001s (0.013s)	Loss 0.00689 (0.00874)
2021-10-26 22:07:20,515 Epoch: [12][70/200]	Time 0.539s (0.540s)	Speed 59.4 samples/s	Data 0.001s (0.011s)	Loss 0.01006 (0.00875)
2021-10-26 22:07:25,877 Epoch: [12][80/200]	Time 0.517s (0.540s)	Speed 61.9 samples/s	Data 0.001s (0.010s)	Loss 0.00946 (0.00883)
2021-10-26 22:07:31,160 Epoch: [12][90/200]	Time 0.529s (0.539s)	Speed 60.5 samples/s	Data 0.001s (0.009s)	Loss 0.00716 (0.00884)
2021-10-26 22:07:36,499 Epoch: [12][100/200]	Time 0.542s (0.538s)	Speed 59.0 samples/s	Data 0.001s (0.008s)	Loss 0.00881 (0.00880)
2021-10-26 22:07:42,255 Epoch: [12][110/200]	Time 0.611s (0.542s)	Speed 52.4 samples/s	Data 0.001s (0.007s)	Loss 0.00746 (0.00885)
2021-10-26 22:07:47,886 Epoch: [12][120/200]	Time 0.546s (0.543s)	Speed 58.6 samples/s	Data 0.001s (0.007s)	Loss 0.00776 (0.00883)
2021-10-26 22:07:53,524 Epoch: [12][130/200]	Time 0.530s (0.545s)	Speed 60.4 samples/s	Data 0.001s (0.006s)	Loss 0.00907 (0.00884)
2021-10-26 22:07:58,989 Epoch: [12][140/200]	Time 0.528s (0.545s)	Speed 60.6 samples/s	Data 0.001s (0.006s)	Loss 0.00888 (0.00886)
2021-10-26 22:08:04,146 Epoch: [12][150/200]	Time 0.498s (0.543s)	Speed 64.3 samples/s	Data 0.001s (0.006s)	Loss 0.00909 (0.00886)
2021-10-26 22:08:10,304 Epoch: [12][160/200]	Time 0.590s (0.548s)	Speed 54.2 samples/s	Data 0.001s (0.005s)	Loss 0.01067 (0.00884)
2021-10-26 22:08:16,211 Epoch: [12][170/200]	Time 0.524s (0.550s)	Speed 61.0 samples/s	Data 0.001s (0.005s)	Loss 0.00716 (0.00885)
2021-10-26 22:08:22,114 Epoch: [12][180/200]	Time 0.634s (0.552s)	Speed 50.5 samples/s	Data 0.001s (0.005s)	Loss 0.00712 (0.00882)
2021-10-26 22:08:27,852 Epoch: [12][190/200]	Time 0.611s (0.553s)	Speed 52.4 samples/s	Data 0.001s (0.005s)	Loss 0.00751 (0.00878)
2021-10-26 22:08:54,051 Test: [0/200]	Time 0.982 (0.982)	Loss 0.0829 (0.0829)
2021-10-26 22:08:54,372 Test: [10/200]	Time 0.030 (0.118)	Loss 0.0068 (0.0563)
2021-10-26 22:08:54,675 Test: [20/200]	Time 0.029 (0.076)	Loss 0.0385 (0.0599)
2021-10-26 22:08:54,977 Test: [30/200]	Time 0.029 (0.062)	Loss 0.0660 (0.0645)
2021-10-26 22:08:55,290 Test: [40/200]	Time 0.029 (0.054)	Loss 0.0538 (0.0668)
2021-10-26 22:08:55,591 Test: [50/200]	Time 0.029 (0.049)	Loss 0.0985 (0.0671)
2021-10-26 22:08:55,889 Test: [60/200]	Time 0.030 (0.046)	Loss 0.0640 (0.0679)
2021-10-26 22:08:56,190 Test: [70/200]	Time 0.029 (0.044)	Loss 0.0489 (0.0686)
2021-10-26 22:08:56,490 Test: [80/200]	Time 0.029 (0.042)	Loss 0.0583 (0.0667)
2021-10-26 22:08:56,787 Test: [90/200]	Time 0.029 (0.041)	Loss 0.0972 (0.0685)
2021-10-26 22:08:57,099 Test: [100/200]	Time 0.030 (0.040)	Loss 0.0972 (0.0688)
2021-10-26 22:08:57,401 Test: [110/200]	Time 0.032 (0.039)	Loss 0.1873 (0.0698)
2021-10-26 22:08:57,706 Test: [120/200]	Time 0.032 (0.038)	Loss 0.0793 (0.0680)
2021-10-26 22:08:58,061 Test: [130/200]	Time 0.033 (0.038)	Loss 0.0569 (0.0676)
2021-10-26 22:08:58,434 Test: [140/200]	Time 0.043 (0.038)	Loss 0.0730 (0.0668)
2021-10-26 22:08:58,821 Test: [150/200]	Time 0.031 (0.038)	Loss 0.0483 (0.0652)
2021-10-26 22:08:59,181 Test: [160/200]	Time 0.033 (0.038)	Loss 0.0839 (0.0652)
2021-10-26 22:08:59,547 Test: [170/200]	Time 0.030 (0.038)	Loss 0.1181 (0.0649)
2021-10-26 22:08:59,903 Test: [180/200]	Time 0.044 (0.038)	Loss 0.0562 (0.0643)
2021-10-26 22:09:00,473 Test: [190/200]	Time 0.044 (0.039)	Loss 0.0253 (0.0641)
2021-10-26 22:09:06,708 Mean IoU score: 0.851
2021-10-26 22:09:06,712 => saving checkpoint to out
2021-10-26 22:09:08,412 Epoch: [13][0/200]	Time 1.690s (1.690s)	Speed 18.9 samples/s	Data 1.018s (1.018s)	Loss 0.00577 (0.00577)
2021-10-26 22:09:13,784 Epoch: [13][10/200]	Time 0.537s (0.642s)	Speed 59.6 samples/s	Data 0.001s (0.093s)	Loss 0.00717 (0.00869)
2021-10-26 22:09:19,238 Epoch: [13][20/200]	Time 0.539s (0.596s)	Speed 59.3 samples/s	Data 0.001s (0.049s)	Loss 0.00607 (0.00826)
2021-10-26 22:09:24,674 Epoch: [13][30/200]	Time 0.541s (0.579s)	Speed 59.1 samples/s	Data 0.001s (0.034s)	Loss 0.00775 (0.00832)
2021-10-26 22:09:30,139 Epoch: [13][40/200]	Time 0.547s (0.571s)	Speed 58.5 samples/s	Data 0.001s (0.026s)	Loss 0.00897 (0.00833)
2021-10-26 22:09:35,665 Epoch: [13][50/200]	Time 0.552s (0.568s)	Speed 58.0 samples/s	Data 0.001s (0.021s)	Loss 0.00945 (0.00822)
2021-10-26 22:09:41,212 Epoch: [13][60/200]	Time 0.552s (0.565s)	Speed 57.9 samples/s	Data 0.001s (0.017s)	Loss 0.01065 (0.00823)
2021-10-26 22:09:46,774 Epoch: [13][70/200]	Time 0.554s (0.564s)	Speed 57.8 samples/s	Data 0.001s (0.015s)	Loss 0.01012 (0.00834)
2021-10-26 22:09:52,303 Epoch: [13][80/200]	Time 0.556s (0.563s)	Speed 57.6 samples/s	Data 0.001s (0.013s)	Loss 0.01287 (0.00866)
2021-10-26 22:09:57,896 Epoch: [13][90/200]	Time 0.559s (0.562s)	Speed 57.2 samples/s	Data 0.001s (0.012s)	Loss 0.01689 (0.00902)
2021-10-26 22:10:03,474 Epoch: [13][100/200]	Time 0.555s (0.562s)	Speed 57.7 samples/s	Data 0.001s (0.011s)	Loss 0.01041 (0.00938)
2021-10-26 22:10:09,051 Epoch: [13][110/200]	Time 0.555s (0.562s)	Speed 57.6 samples/s	Data 0.001s (0.010s)	Loss 0.01827 (0.01004)
2021-10-26 22:10:14,630 Epoch: [13][120/200]	Time 0.564s (0.561s)	Speed 56.7 samples/s	Data 0.001s (0.009s)	Loss 0.02082 (0.01105)
2021-10-26 22:10:20,233 Epoch: [13][130/200]	Time 0.558s (0.561s)	Speed 57.4 samples/s	Data 0.001s (0.008s)	Loss 0.03474 (0.01198)
2021-10-26 22:10:25,829 Epoch: [13][140/200]	Time 0.556s (0.561s)	Speed 57.5 samples/s	Data 0.001s (0.008s)	Loss 0.01632 (0.01262)
2021-10-26 22:10:31,414 Epoch: [13][150/200]	Time 0.554s (0.561s)	Speed 57.7 samples/s	Data 0.001s (0.007s)	Loss 0.01815 (0.01309)
2021-10-26 22:10:37,013 Epoch: [13][160/200]	Time 0.562s (0.561s)	Speed 56.9 samples/s	Data 0.001s (0.007s)	Loss 0.01731 (0.01351)
2021-10-26 22:10:42,598 Epoch: [13][170/200]	Time 0.554s (0.561s)	Speed 57.7 samples/s	Data 0.001s (0.007s)	Loss 0.02607 (0.01389)
2021-10-26 22:10:48,119 Epoch: [13][180/200]	Time 0.550s (0.560s)	Speed 58.2 samples/s	Data 0.001s (0.006s)	Loss 0.02269 (0.01427)
2021-10-26 22:10:53,956 Epoch: [13][190/200]	Time 0.581s (0.561s)	Speed 55.1 samples/s	Data 0.001s (0.006s)	Loss 0.02596 (0.01451)
2021-10-26 22:11:19,796 Test: [0/200]	Time 0.604 (0.604)	Loss 0.0686 (0.0686)
2021-10-26 22:11:20,110 Test: [10/200]	Time 0.030 (0.083)	Loss 0.0139 (0.0640)
2021-10-26 22:11:20,421 Test: [20/200]	Time 0.031 (0.058)	Loss 0.0487 (0.0685)
2021-10-26 22:11:20,729 Test: [30/200]	Time 0.030 (0.050)	Loss 0.0764 (0.0737)
2021-10-26 22:11:21,041 Test: [40/200]	Time 0.031 (0.045)	Loss 0.0687 (0.0774)
2021-10-26 22:11:21,353 Test: [50/200]	Time 0.030 (0.042)	Loss 0.1081 (0.0759)
2021-10-26 22:11:21,663 Test: [60/200]	Time 0.030 (0.040)	Loss 0.0665 (0.0777)
2021-10-26 22:11:21,973 Test: [70/200]	Time 0.030 (0.039)	Loss 0.1342 (0.0805)
2021-10-26 22:11:22,282 Test: [80/200]	Time 0.030 (0.038)	Loss 0.0665 (0.0788)
2021-10-26 22:11:22,592 Test: [90/200]	Time 0.030 (0.037)	Loss 0.0921 (0.0803)
2021-10-26 22:11:22,905 Test: [100/200]	Time 0.031 (0.037)	Loss 0.1026 (0.0794)
2021-10-26 22:11:23,218 Test: [110/200]	Time 0.030 (0.036)	Loss 0.2062 (0.0804)
2021-10-26 22:11:23,530 Test: [120/200]	Time 0.031 (0.036)	Loss 0.0814 (0.0790)
2021-10-26 22:11:23,873 Test: [130/200]	Time 0.031 (0.036)	Loss 0.0762 (0.0794)
2021-10-26 22:11:24,183 Test: [140/200]	Time 0.030 (0.035)	Loss 0.0701 (0.0787)
2021-10-26 22:11:24,494 Test: [150/200]	Time 0.030 (0.035)	Loss 0.0640 (0.0779)
2021-10-26 22:11:24,807 Test: [160/200]	Time 0.030 (0.035)	Loss 0.1021 (0.0779)
2021-10-26 22:11:25,117 Test: [170/200]	Time 0.030 (0.035)	Loss 0.0681 (0.0776)
2021-10-26 22:11:25,433 Test: [180/200]	Time 0.032 (0.034)	Loss 0.0389 (0.0767)
2021-10-26 22:11:25,746 Test: [190/200]	Time 0.030 (0.034)	Loss 0.0543 (0.0765)
2021-10-26 22:11:31,832 Mean IoU score: 0.814
2021-10-26 22:11:31,836 => saving checkpoint to out
2021-10-26 22:11:33,113 Epoch: [14][0/200]	Time 1.267s (1.267s)	Speed 25.3 samples/s	Data 0.677s (0.677s)	Loss 0.01419 (0.01419)
2021-10-26 22:11:38,641 Epoch: [14][10/200]	Time 0.555s (0.618s)	Speed 57.6 samples/s	Data 0.001s (0.062s)	Loss 0.01134 (0.01546)
2021-10-26 22:11:44,185 Epoch: [14][20/200]	Time 0.552s (0.588s)	Speed 58.0 samples/s	Data 0.001s (0.033s)	Loss 0.01303 (0.01631)
2021-10-26 22:11:49,769 Epoch: [14][30/200]	Time 0.554s (0.578s)	Speed 57.7 samples/s	Data 0.001s (0.022s)	Loss 0.01516 (0.01635)
2021-10-26 22:11:55,323 Epoch: [14][40/200]	Time 0.557s (0.573s)	Speed 57.5 samples/s	Data 0.001s (0.017s)	Loss 0.01164 (0.01616)
2021-10-26 22:12:00,849 Epoch: [14][50/200]	Time 0.549s (0.569s)	Speed 58.3 samples/s	Data 0.001s (0.014s)	Loss 0.01735 (0.01598)
2021-10-26 22:12:06,395 Epoch: [14][60/200]	Time 0.563s (0.566s)	Speed 56.9 samples/s	Data 0.001s (0.012s)	Loss 0.01020 (0.01558)
2021-10-26 22:12:11,967 Epoch: [14][70/200]	Time 0.559s (0.565s)	Speed 57.2 samples/s	Data 0.001s (0.010s)	Loss 0.01137 (0.01532)
2021-10-26 22:12:17,564 Epoch: [14][80/200]	Time 0.559s (0.564s)	Speed 57.3 samples/s	Data 0.001s (0.009s)	Loss 0.01357 (0.01493)
2021-10-26 22:12:23,131 Epoch: [14][90/200]	Time 0.559s (0.564s)	Speed 57.3 samples/s	Data 0.001s (0.008s)	Loss 0.01717 (0.01499)
2021-10-26 22:12:29,493 Epoch: [14][100/200]	Time 0.806s (0.571s)	Speed 39.7 samples/s	Data 0.001s (0.007s)	Loss 0.01824 (0.01502)
2021-10-26 22:12:35,566 Epoch: [14][110/200]	Time 0.551s (0.574s)	Speed 58.0 samples/s	Data 0.001s (0.007s)	Loss 0.00989 (0.01503)
2021-10-26 22:12:41,034 Epoch: [14][120/200]	Time 0.537s (0.572s)	Speed 59.6 samples/s	Data 0.001s (0.006s)	Loss 0.01281 (0.01503)
2021-10-26 22:12:46,392 Epoch: [14][130/200]	Time 0.537s (0.569s)	Speed 59.6 samples/s	Data 0.001s (0.006s)	Loss 0.01105 (0.01487)
2021-10-26 22:12:51,845 Epoch: [14][140/200]	Time 0.539s (0.567s)	Speed 59.4 samples/s	Data 0.001s (0.005s)	Loss 0.01095 (0.01486)
2021-10-26 22:12:57,197 Epoch: [14][150/200]	Time 0.532s (0.565s)	Speed 60.1 samples/s	Data 0.001s (0.005s)	Loss 0.01202 (0.01480)
2021-10-26 22:13:02,551 Epoch: [14][160/200]	Time 0.536s (0.563s)	Speed 59.7 samples/s	Data 0.001s (0.005s)	Loss 0.01489 (0.01477)
2021-10-26 22:13:07,933 Epoch: [14][170/200]	Time 0.541s (0.562s)	Speed 59.2 samples/s	Data 0.001s (0.005s)	Loss 0.01407 (0.01471)
2021-10-26 22:13:13,299 Epoch: [14][180/200]	Time 0.536s (0.561s)	Speed 59.7 samples/s	Data 0.001s (0.004s)	Loss 0.01167 (0.01457)
2021-10-26 22:13:18,645 Epoch: [14][190/200]	Time 0.532s (0.559s)	Speed 60.2 samples/s	Data 0.001s (0.004s)	Loss 0.01106 (0.01446)
2021-10-26 22:13:44,190 Test: [0/200]	Time 0.689 (0.689)	Loss 0.0530 (0.0530)
2021-10-26 22:13:44,500 Test: [10/200]	Time 0.031 (0.091)	Loss 0.0078 (0.0637)
2021-10-26 22:13:44,812 Test: [20/200]	Time 0.031 (0.062)	Loss 0.0304 (0.0648)
2021-10-26 22:13:45,118 Test: [30/200]	Time 0.030 (0.052)	Loss 0.1319 (0.0703)
2021-10-26 22:13:45,427 Test: [40/200]	Time 0.030 (0.047)	Loss 0.0921 (0.0735)
2021-10-26 22:13:45,735 Test: [50/200]	Time 0.030 (0.044)	Loss 0.1140 (0.0732)
2021-10-26 22:13:46,046 Test: [60/200]	Time 0.030 (0.042)	Loss 0.1021 (0.0757)
2021-10-26 22:13:46,354 Test: [70/200]	Time 0.030 (0.040)	Loss 0.0791 (0.0770)
2021-10-26 22:13:46,665 Test: [80/200]	Time 0.030 (0.039)	Loss 0.0718 (0.0757)
2021-10-26 22:13:46,978 Test: [90/200]	Time 0.030 (0.038)	Loss 0.1015 (0.0763)
2021-10-26 22:13:47,293 Test: [100/200]	Time 0.029 (0.038)	Loss 0.1017 (0.0760)
2021-10-26 22:13:47,604 Test: [110/200]	Time 0.031 (0.037)	Loss 0.1782 (0.0768)
2021-10-26 22:13:47,913 Test: [120/200]	Time 0.032 (0.036)	Loss 0.0964 (0.0755)
2021-10-26 22:13:48,223 Test: [130/200]	Time 0.031 (0.036)	Loss 0.0938 (0.0763)
2021-10-26 22:13:48,533 Test: [140/200]	Time 0.029 (0.036)	Loss 0.0479 (0.0754)
2021-10-26 22:13:48,840 Test: [150/200]	Time 0.030 (0.035)	Loss 0.0851 (0.0737)
2021-10-26 22:13:49,151 Test: [160/200]	Time 0.030 (0.035)	Loss 0.0683 (0.0732)
2021-10-26 22:13:49,458 Test: [170/200]	Time 0.029 (0.035)	Loss 0.0514 (0.0724)
2021-10-26 22:13:49,768 Test: [180/200]	Time 0.030 (0.035)	Loss 0.0477 (0.0714)
2021-10-26 22:13:50,079 Test: [190/200]	Time 0.031 (0.034)	Loss 0.0361 (0.0708)
2021-10-26 22:13:56,163 Mean IoU score: 0.827
2021-10-26 22:13:56,168 => saving checkpoint to out
2021-10-26 22:13:57,430 Epoch: [15][0/200]	Time 1.252s (1.252s)	Speed 25.6 samples/s	Data 0.676s (0.676s)	Loss 0.00933 (0.00933)
2021-10-26 22:14:02,791 Epoch: [15][10/200]	Time 0.531s (0.601s)	Speed 60.2 samples/s	Data 0.001s (0.062s)	Loss 0.01195 (0.01113)
2021-10-26 22:14:08,138 Epoch: [15][20/200]	Time 0.533s (0.570s)	Speed 60.1 samples/s	Data 0.001s (0.033s)	Loss 0.01103 (0.01107)
2021-10-26 22:14:13,484 Epoch: [15][30/200]	Time 0.532s (0.558s)	Speed 60.1 samples/s	Data 0.001s (0.022s)	Loss 0.01172 (0.01125)
2021-10-26 22:14:18,832 Epoch: [15][40/200]	Time 0.532s (0.553s)	Speed 60.2 samples/s	Data 0.001s (0.017s)	Loss 0.01338 (0.01114)
2021-10-26 22:14:24,164 Epoch: [15][50/200]	Time 0.532s (0.549s)	Speed 60.1 samples/s	Data 0.001s (0.014s)	Loss 0.01538 (0.01112)
2021-10-26 22:14:29,507 Epoch: [15][60/200]	Time 0.530s (0.546s)	Speed 60.3 samples/s	Data 0.001s (0.012s)	Loss 0.00943 (0.01122)
2021-10-26 22:14:34,851 Epoch: [15][70/200]	Time 0.532s (0.545s)	Speed 60.2 samples/s	Data 0.001s (0.010s)	Loss 0.00853 (0.01118)
2021-10-26 22:14:40,180 Epoch: [15][80/200]	Time 0.535s (0.543s)	Speed 59.8 samples/s	Data 0.001s (0.009s)	Loss 0.00968 (0.01099)
2021-10-26 22:14:45,551 Epoch: [15][90/200]	Time 0.550s (0.543s)	Speed 58.2 samples/s	Data 0.001s (0.008s)	Loss 0.00922 (0.01094)
2021-10-26 22:14:51,040 Epoch: [15][100/200]	Time 0.555s (0.543s)	Speed 57.7 samples/s	Data 0.001s (0.007s)	Loss 0.01239 (0.01090)
2021-10-26 22:14:57,006 Epoch: [15][110/200]	Time 0.687s (0.548s)	Speed 46.6 samples/s	Data 0.001s (0.007s)	Loss 0.00697 (0.01082)
2021-10-26 22:15:02,963 Epoch: [15][120/200]	Time 0.701s (0.552s)	Speed 45.7 samples/s	Data 0.001s (0.006s)	Loss 0.01017 (0.01076)
2021-10-26 22:15:08,986 Epoch: [15][130/200]	Time 0.548s (0.556s)	Speed 58.4 samples/s	Data 0.001s (0.006s)	Loss 0.00893 (0.01063)
2021-10-26 22:15:14,584 Epoch: [15][140/200]	Time 0.629s (0.556s)	Speed 50.9 samples/s	Data 0.001s (0.005s)	Loss 0.01467 (0.01060)
2021-10-26 22:15:20,123 Epoch: [15][150/200]	Time 0.562s (0.556s)	Speed 57.0 samples/s	Data 0.001s (0.005s)	Loss 0.01289 (0.01059)
2021-10-26 22:15:25,568 Epoch: [15][160/200]	Time 0.540s (0.555s)	Speed 59.2 samples/s	Data 0.001s (0.005s)	Loss 0.01077 (0.01054)
2021-10-26 22:15:31,197 Epoch: [15][170/200]	Time 0.536s (0.556s)	Speed 59.7 samples/s	Data 0.001s (0.005s)	Loss 0.00692 (0.01047)
2021-10-26 22:15:36,937 Epoch: [15][180/200]	Time 0.533s (0.557s)	Speed 60.1 samples/s	Data 0.001s (0.004s)	Loss 0.00892 (0.01041)
2021-10-26 22:15:42,405 Epoch: [15][190/200]	Time 0.533s (0.556s)	Speed 60.1 samples/s	Data 0.001s (0.004s)	Loss 0.00756 (0.01034)
2021-10-26 22:16:08,091 Test: [0/200]	Time 0.871 (0.871)	Loss 0.0488 (0.0488)
2021-10-26 22:16:08,405 Test: [10/200]	Time 0.030 (0.108)	Loss 0.0065 (0.0502)
2021-10-26 22:16:08,715 Test: [20/200]	Time 0.030 (0.071)	Loss 0.0294 (0.0507)
2021-10-26 22:16:09,025 Test: [30/200]	Time 0.031 (0.058)	Loss 0.0637 (0.0564)
2021-10-26 22:16:09,334 Test: [40/200]	Time 0.030 (0.052)	Loss 0.0662 (0.0591)
2021-10-26 22:16:09,642 Test: [50/200]	Time 0.030 (0.047)	Loss 0.1007 (0.0598)
2021-10-26 22:16:09,950 Test: [60/200]	Time 0.030 (0.045)	Loss 0.0706 (0.0614)
2021-10-26 22:16:10,261 Test: [70/200]	Time 0.030 (0.043)	Loss 0.0472 (0.0631)
2021-10-26 22:16:10,570 Test: [80/200]	Time 0.030 (0.041)	Loss 0.0533 (0.0619)
2021-10-26 22:16:10,880 Test: [90/200]	Time 0.030 (0.040)	Loss 0.0773 (0.0629)
2021-10-26 22:16:11,188 Test: [100/200]	Time 0.030 (0.039)	Loss 0.0796 (0.0624)
2021-10-26 22:16:11,501 Test: [110/200]	Time 0.029 (0.039)	Loss 0.1551 (0.0636)
2021-10-26 22:16:11,813 Test: [120/200]	Time 0.031 (0.038)	Loss 0.0750 (0.0621)
2021-10-26 22:16:12,124 Test: [130/200]	Time 0.029 (0.037)	Loss 0.0566 (0.0622)
2021-10-26 22:16:12,441 Test: [140/200]	Time 0.035 (0.037)	Loss 0.0535 (0.0615)
2021-10-26 22:16:12,750 Test: [150/200]	Time 0.030 (0.037)	Loss 0.0714 (0.0603)
2021-10-26 22:16:13,059 Test: [160/200]	Time 0.030 (0.036)	Loss 0.0856 (0.0604)
2021-10-26 22:16:13,381 Test: [170/200]	Time 0.031 (0.036)	Loss 0.0407 (0.0597)
2021-10-26 22:16:13,702 Test: [180/200]	Time 0.032 (0.036)	Loss 0.0351 (0.0593)
2021-10-26 22:16:14,012 Test: [190/200]	Time 0.031 (0.036)	Loss 0.0263 (0.0590)
2021-10-26 22:16:20,104 Mean IoU score: 0.862
2021-10-26 22:16:20,109 => saving checkpoint to out
2021-10-26 22:16:21,700 Epoch: [16][0/200]	Time 1.577s (1.577s)	Speed 20.3 samples/s	Data 0.936s (0.936s)	Loss 0.00735 (0.00735)
2021-10-26 22:16:27,086 Epoch: [16][10/200]	Time 0.538s (0.633s)	Speed 59.4 samples/s	Data 0.001s (0.086s)	Loss 0.00870 (0.00859)
2021-10-26 22:16:32,694 Epoch: [16][20/200]	Time 0.601s (0.599s)	Speed 53.2 samples/s	Data 0.001s (0.045s)	Loss 0.00908 (0.00890)
2021-10-26 22:16:38,149 Epoch: [16][30/200]	Time 0.518s (0.581s)	Speed 61.8 samples/s	Data 0.001s (0.031s)	Loss 0.00796 (0.00873)
2021-10-26 22:16:43,652 Epoch: [16][40/200]	Time 0.553s (0.574s)	Speed 57.8 samples/s	Data 0.001s (0.023s)	Loss 0.00834 (0.00856)
2021-10-26 22:16:49,499 Epoch: [16][50/200]	Time 0.565s (0.576s)	Speed 56.7 samples/s	Data 0.001s (0.019s)	Loss 0.00999 (0.00845)
2021-10-26 22:16:54,937 Epoch: [16][60/200]	Time 0.546s (0.571s)	Speed 58.6 samples/s	Data 0.001s (0.016s)	Loss 0.00925 (0.00839)
2021-10-26 22:17:00,293 Epoch: [16][70/200]	Time 0.583s (0.566s)	Speed 54.9 samples/s	Data 0.001s (0.014s)	Loss 0.00816 (0.00839)
2021-10-26 22:17:05,914 Epoch: [16][80/200]	Time 0.553s (0.565s)	Speed 57.9 samples/s	Data 0.001s (0.012s)	Loss 0.00538 (0.00826)
2021-10-26 22:17:11,424 Epoch: [16][90/200]	Time 0.581s (0.564s)	Speed 55.1 samples/s	Data 0.001s (0.011s)	Loss 0.00980 (0.00836)
2021-10-26 22:17:16,659 Epoch: [16][100/200]	Time 0.508s (0.560s)	Speed 63.0 samples/s	Data 0.001s (0.010s)	Loss 0.00969 (0.00838)
2021-10-26 22:17:21,797 Epoch: [16][110/200]	Time 0.513s (0.556s)	Speed 62.4 samples/s	Data 0.001s (0.009s)	Loss 0.00770 (0.00835)
2021-10-26 22:17:26,942 Epoch: [16][120/200]	Time 0.511s (0.552s)	Speed 62.7 samples/s	Data 0.001s (0.008s)	Loss 0.01008 (0.00837)
2021-10-26 22:17:32,050 Epoch: [16][130/200]	Time 0.512s (0.549s)	Speed 62.5 samples/s	Data 0.001s (0.008s)	Loss 0.00719 (0.00830)
2021-10-26 22:17:37,194 Epoch: [16][140/200]	Time 0.521s (0.547s)	Speed 61.4 samples/s	Data 0.001s (0.007s)	Loss 0.00861 (0.00827)
2021-10-26 22:17:42,730 Epoch: [16][150/200]	Time 0.555s (0.547s)	Speed 57.6 samples/s	Data 0.001s (0.007s)	Loss 0.00800 (0.00823)
2021-10-26 22:17:47,988 Epoch: [16][160/200]	Time 0.520s (0.546s)	Speed 61.5 samples/s	Data 0.001s (0.006s)	Loss 0.00706 (0.00821)
2021-10-26 22:17:53,282 Epoch: [16][170/200]	Time 0.522s (0.545s)	Speed 61.3 samples/s	Data 0.001s (0.006s)	Loss 0.00984 (0.00822)
2021-10-26 22:17:58,486 Epoch: [16][180/200]	Time 0.524s (0.543s)	Speed 61.1 samples/s	Data 0.001s (0.006s)	Loss 0.00720 (0.00816)
2021-10-26 22:18:03,660 Epoch: [16][190/200]	Time 0.517s (0.542s)	Speed 61.9 samples/s	Data 0.001s (0.006s)	Loss 0.00836 (0.00815)
2021-10-26 22:18:29,343 Test: [0/200]	Time 1.006 (1.006)	Loss 0.0572 (0.0572)
2021-10-26 22:18:29,646 Test: [10/200]	Time 0.029 (0.119)	Loss 0.0063 (0.0499)
2021-10-26 22:18:29,949 Test: [20/200]	Time 0.029 (0.077)	Loss 0.0333 (0.0512)
2021-10-26 22:18:30,252 Test: [30/200]	Time 0.030 (0.062)	Loss 0.0670 (0.0547)
2021-10-26 22:18:30,557 Test: [40/200]	Time 0.030 (0.054)	Loss 0.0408 (0.0555)
2021-10-26 22:18:30,864 Test: [50/200]	Time 0.031 (0.050)	Loss 0.0858 (0.0564)
2021-10-26 22:18:31,167 Test: [60/200]	Time 0.030 (0.046)	Loss 0.0692 (0.0579)
2021-10-26 22:18:31,471 Test: [70/200]	Time 0.030 (0.044)	Loss 0.0455 (0.0592)
2021-10-26 22:18:31,775 Test: [80/200]	Time 0.030 (0.042)	Loss 0.0533 (0.0580)
2021-10-26 22:18:32,079 Test: [90/200]	Time 0.030 (0.041)	Loss 0.0664 (0.0594)
2021-10-26 22:18:32,386 Test: [100/200]	Time 0.031 (0.040)	Loss 0.0721 (0.0588)
2021-10-26 22:18:32,693 Test: [110/200]	Time 0.031 (0.039)	Loss 0.1651 (0.0599)
2021-10-26 22:18:32,994 Test: [120/200]	Time 0.030 (0.038)	Loss 0.0547 (0.0584)
2021-10-26 22:18:33,296 Test: [130/200]	Time 0.029 (0.038)	Loss 0.0622 (0.0584)
2021-10-26 22:18:33,597 Test: [140/200]	Time 0.029 (0.037)	Loss 0.0634 (0.0577)
2021-10-26 22:18:33,899 Test: [150/200]	Time 0.029 (0.037)	Loss 0.0580 (0.0566)
2021-10-26 22:18:34,201 Test: [160/200]	Time 0.029 (0.036)	Loss 0.0852 (0.0569)
2021-10-26 22:18:34,503 Test: [170/200]	Time 0.030 (0.036)	Loss 0.0436 (0.0562)
2021-10-26 22:18:34,804 Test: [180/200]	Time 0.030 (0.036)	Loss 0.0333 (0.0560)
2021-10-26 22:18:35,107 Test: [190/200]	Time 0.030 (0.035)	Loss 0.0224 (0.0557)
2021-10-26 22:18:41,142 Mean IoU score: 0.869
2021-10-26 22:18:41,146 => saving checkpoint to out
2021-10-26 22:18:42,606 Epoch: [17][0/200]	Time 1.445s (1.445s)	Speed 22.1 samples/s	Data 0.852s (0.852s)	Loss 0.00824 (0.00824)
2021-10-26 22:18:47,730 Epoch: [17][10/200]	Time 0.509s (0.597s)	Speed 62.9 samples/s	Data 0.001s (0.078s)	Loss 0.00807 (0.00739)
2021-10-26 22:18:52,912 Epoch: [17][20/200]	Time 0.519s (0.560s)	Speed 61.6 samples/s	Data 0.001s (0.041s)	Loss 0.00794 (0.00757)
2021-10-26 22:18:58,229 Epoch: [17][30/200]	Time 0.561s (0.551s)	Speed 57.1 samples/s	Data 0.001s (0.028s)	Loss 0.00737 (0.00755)
2021-10-26 22:19:04,063 Epoch: [17][40/200]	Time 0.566s (0.559s)	Speed 56.6 samples/s	Data 0.001s (0.021s)	Loss 0.00792 (0.00767)
2021-10-26 22:19:09,460 Epoch: [17][50/200]	Time 0.517s (0.555s)	Speed 61.9 samples/s	Data 0.001s (0.017s)	Loss 0.00867 (0.00772)
2021-10-26 22:19:14,657 Epoch: [17][60/200]	Time 0.517s (0.549s)	Speed 61.9 samples/s	Data 0.001s (0.015s)	Loss 0.00920 (0.00772)
2021-10-26 22:19:20,096 Epoch: [17][70/200]	Time 0.535s (0.548s)	Speed 59.8 samples/s	Data 0.001s (0.013s)	Loss 0.00689 (0.00771)
2021-10-26 22:19:25,665 Epoch: [17][80/200]	Time 0.565s (0.549s)	Speed 56.7 samples/s	Data 0.001s (0.011s)	Loss 0.00963 (0.00769)
2021-10-26 22:19:31,085 Epoch: [17][90/200]	Time 0.526s (0.549s)	Speed 60.8 samples/s	Data 0.001s (0.010s)	Loss 0.00814 (0.00767)
2021-10-26 22:19:36,343 Epoch: [17][100/200]	Time 0.527s (0.546s)	Speed 60.8 samples/s	Data 0.001s (0.009s)	Loss 0.00646 (0.00761)
2021-10-26 22:19:41,589 Epoch: [17][110/200]	Time 0.531s (0.544s)	Speed 60.3 samples/s	Data 0.001s (0.008s)	Loss 0.00630 (0.00765)
2021-10-26 22:19:46,813 Epoch: [17][120/200]	Time 0.524s (0.543s)	Speed 61.1 samples/s	Data 0.001s (0.008s)	Loss 0.00823 (0.00764)
2021-10-26 22:19:52,057 Epoch: [17][130/200]	Time 0.523s (0.541s)	Speed 61.2 samples/s	Data 0.001s (0.007s)	Loss 0.00819 (0.00765)
2021-10-26 22:19:57,329 Epoch: [17][140/200]	Time 0.522s (0.540s)	Speed 61.3 samples/s	Data 0.001s (0.007s)	Loss 0.00645 (0.00762)
2021-10-26 22:20:02,603 Epoch: [17][150/200]	Time 0.527s (0.539s)	Speed 60.7 samples/s	Data 0.001s (0.006s)	Loss 0.00612 (0.00762)
2021-10-26 22:20:07,892 Epoch: [17][160/200]	Time 0.528s (0.539s)	Speed 60.6 samples/s	Data 0.001s (0.006s)	Loss 0.00809 (0.00764)
2021-10-26 22:20:13,146 Epoch: [17][170/200]	Time 0.524s (0.538s)	Speed 61.1 samples/s	Data 0.001s (0.006s)	Loss 0.00783 (0.00767)
2021-10-26 22:20:18,820 Epoch: [17][180/200]	Time 0.556s (0.540s)	Speed 57.5 samples/s	Data 0.001s (0.005s)	Loss 0.00693 (0.00764)
2021-10-26 22:20:24,213 Epoch: [17][190/200]	Time 0.548s (0.540s)	Speed 58.4 samples/s	Data 0.001s (0.005s)	Loss 0.00735 (0.00762)
2021-10-26 22:20:49,870 Test: [0/200]	Time 0.810 (0.810)	Loss 0.0625 (0.0625)
2021-10-26 22:20:50,178 Test: [10/200]	Time 0.031 (0.102)	Loss 0.0055 (0.0497)
2021-10-26 22:20:50,483 Test: [20/200]	Time 0.030 (0.068)	Loss 0.0367 (0.0523)
2021-10-26 22:20:50,784 Test: [30/200]	Time 0.030 (0.056)	Loss 0.0608 (0.0564)
2021-10-26 22:20:51,086 Test: [40/200]	Time 0.029 (0.049)	Loss 0.0463 (0.0574)
2021-10-26 22:20:51,389 Test: [50/200]	Time 0.029 (0.046)	Loss 0.0952 (0.0579)
2021-10-26 22:20:51,697 Test: [60/200]	Time 0.031 (0.043)	Loss 0.0728 (0.0591)
2021-10-26 22:20:52,001 Test: [70/200]	Time 0.030 (0.041)	Loss 0.0494 (0.0605)
2021-10-26 22:20:52,305 Test: [80/200]	Time 0.029 (0.040)	Loss 0.0567 (0.0597)
2021-10-26 22:20:52,609 Test: [90/200]	Time 0.030 (0.039)	Loss 0.0666 (0.0613)
2021-10-26 22:20:52,913 Test: [100/200]	Time 0.030 (0.038)	Loss 0.0777 (0.0607)
2021-10-26 22:20:53,216 Test: [110/200]	Time 0.029 (0.037)	Loss 0.1772 (0.0619)
2021-10-26 22:20:53,519 Test: [120/200]	Time 0.030 (0.037)	Loss 0.0508 (0.0603)
2021-10-26 22:20:53,821 Test: [130/200]	Time 0.030 (0.036)	Loss 0.0658 (0.0602)
2021-10-26 22:20:54,125 Test: [140/200]	Time 0.029 (0.036)	Loss 0.0611 (0.0595)
2021-10-26 22:20:54,428 Test: [150/200]	Time 0.029 (0.036)	Loss 0.0689 (0.0583)
2021-10-26 22:20:54,731 Test: [160/200]	Time 0.030 (0.035)	Loss 0.0793 (0.0585)
2021-10-26 22:20:55,036 Test: [170/200]	Time 0.031 (0.035)	Loss 0.0388 (0.0579)
2021-10-26 22:20:55,340 Test: [180/200]	Time 0.029 (0.035)	Loss 0.0375 (0.0578)
2021-10-26 22:20:55,642 Test: [190/200]	Time 0.030 (0.034)	Loss 0.0224 (0.0575)
2021-10-26 22:21:01,729 Mean IoU score: 0.870
2021-10-26 22:21:01,735 => saving checkpoint to out
2021-10-26 22:21:03,236 Epoch: [18][0/200]	Time 1.485s (1.485s)	Speed 21.5 samples/s	Data 0.855s (0.855s)	Loss 0.00766 (0.00766)
2021-10-26 22:21:08,423 Epoch: [18][10/200]	Time 0.511s (0.607s)	Speed 62.6 samples/s	Data 0.001s (0.078s)	Loss 0.00579 (0.00718)
2021-10-26 22:21:13,627 Epoch: [18][20/200]	Time 0.518s (0.566s)	Speed 61.7 samples/s	Data 0.001s (0.041s)	Loss 0.00878 (0.00730)
2021-10-26 22:21:18,815 Epoch: [18][30/200]	Time 0.518s (0.550s)	Speed 61.8 samples/s	Data 0.001s (0.028s)	Loss 0.00696 (0.00713)
2021-10-26 22:21:23,985 Epoch: [18][40/200]	Time 0.516s (0.542s)	Speed 62.0 samples/s	Data 0.001s (0.022s)	Loss 0.00868 (0.00707)
2021-10-26 22:21:29,161 Epoch: [18][50/200]	Time 0.524s (0.537s)	Speed 61.1 samples/s	Data 0.001s (0.017s)	Loss 0.00676 (0.00698)
2021-10-26 22:21:34,358 Epoch: [18][60/200]	Time 0.521s (0.535s)	Speed 61.5 samples/s	Data 0.001s (0.015s)	Loss 0.00472 (0.00697)
2021-10-26 22:21:39,543 Epoch: [18][70/200]	Time 0.517s (0.532s)	Speed 61.9 samples/s	Data 0.001s (0.013s)	Loss 0.00748 (0.00693)
2021-10-26 22:21:44,727 Epoch: [18][80/200]	Time 0.515s (0.531s)	Speed 62.1 samples/s	Data 0.001s (0.011s)	Loss 0.00686 (0.00688)
2021-10-26 22:21:50,000 Epoch: [18][90/200]	Time 0.520s (0.530s)	Speed 61.6 samples/s	Data 0.001s (0.010s)	Loss 0.00621 (0.00695)
2021-10-26 22:21:55,021 Epoch: [18][100/200]	Time 0.495s (0.527s)	Speed 64.7 samples/s	Data 0.001s (0.009s)	Loss 0.00796 (0.00693)
2021-10-26 22:21:59,985 Epoch: [18][110/200]	Time 0.495s (0.525s)	Speed 64.6 samples/s	Data 0.001s (0.008s)	Loss 0.00776 (0.00694)
2021-10-26 22:22:04,950 Epoch: [18][120/200]	Time 0.495s (0.522s)	Speed 64.6 samples/s	Data 0.001s (0.008s)	Loss 0.00671 (0.00696)
2021-10-26 22:22:09,935 Epoch: [18][130/200]	Time 0.499s (0.520s)	Speed 64.2 samples/s	Data 0.001s (0.007s)	Loss 0.00825 (0.00695)
2021-10-26 22:22:14,926 Epoch: [18][140/200]	Time 0.497s (0.519s)	Speed 64.4 samples/s	Data 0.001s (0.007s)	Loss 0.00612 (0.00696)
2021-10-26 22:22:20,181 Epoch: [18][150/200]	Time 0.501s (0.519s)	Speed 63.9 samples/s	Data 0.001s (0.006s)	Loss 0.00693 (0.00696)
2021-10-26 22:22:25,421 Epoch: [18][160/200]	Time 0.505s (0.520s)	Speed 63.3 samples/s	Data 0.001s (0.006s)	Loss 0.00529 (0.00697)
2021-10-26 22:22:30,444 Epoch: [18][170/200]	Time 0.501s (0.519s)	Speed 63.9 samples/s	Data 0.001s (0.006s)	Loss 0.00767 (0.00695)
2021-10-26 22:22:35,511 Epoch: [18][180/200]	Time 0.505s (0.518s)	Speed 63.4 samples/s	Data 0.001s (0.005s)	Loss 0.00810 (0.00694)
2021-10-26 22:22:40,524 Epoch: [18][190/200]	Time 0.499s (0.517s)	Speed 64.1 samples/s	Data 0.001s (0.005s)	Loss 0.00701 (0.00693)
2021-10-26 22:23:05,909 Test: [0/200]	Time 0.890 (0.890)	Loss 0.0551 (0.0551)
2021-10-26 22:23:06,237 Test: [10/200]	Time 0.030 (0.111)	Loss 0.0056 (0.0480)
2021-10-26 22:23:06,535 Test: [20/200]	Time 0.029 (0.072)	Loss 0.0302 (0.0506)
2021-10-26 22:23:06,844 Test: [30/200]	Time 0.029 (0.059)	Loss 0.0571 (0.0538)
2021-10-26 22:23:07,149 Test: [40/200]	Time 0.029 (0.052)	Loss 0.0462 (0.0556)
2021-10-26 22:23:07,444 Test: [50/200]	Time 0.028 (0.048)	Loss 0.1017 (0.0566)
2021-10-26 22:23:07,739 Test: [60/200]	Time 0.029 (0.045)	Loss 0.0601 (0.0578)
2021-10-26 22:23:08,034 Test: [70/200]	Time 0.029 (0.042)	Loss 0.0445 (0.0593)
2021-10-26 22:23:08,337 Test: [80/200]	Time 0.028 (0.041)	Loss 0.0528 (0.0579)
2021-10-26 22:23:08,631 Test: [90/200]	Time 0.028 (0.040)	Loss 0.0628 (0.0596)
2021-10-26 22:23:08,926 Test: [100/200]	Time 0.029 (0.039)	Loss 0.0659 (0.0591)
2021-10-26 22:23:09,220 Test: [110/200]	Time 0.028 (0.038)	Loss 0.1656 (0.0601)
2021-10-26 22:23:09,514 Test: [120/200]	Time 0.028 (0.037)	Loss 0.0512 (0.0583)
2021-10-26 22:23:09,806 Test: [130/200]	Time 0.028 (0.037)	Loss 0.0652 (0.0584)
2021-10-26 22:23:10,098 Test: [140/200]	Time 0.030 (0.036)	Loss 0.0595 (0.0578)
2021-10-26 22:23:10,390 Test: [150/200]	Time 0.030 (0.036)	Loss 0.0551 (0.0567)
2021-10-26 22:23:10,683 Test: [160/200]	Time 0.029 (0.035)	Loss 0.0854 (0.0569)
2021-10-26 22:23:10,973 Test: [170/200]	Time 0.028 (0.035)	Loss 0.0389 (0.0561)
2021-10-26 22:23:11,264 Test: [180/200]	Time 0.029 (0.035)	Loss 0.0368 (0.0558)
2021-10-26 22:23:11,557 Test: [190/200]	Time 0.028 (0.034)	Loss 0.0216 (0.0554)
2021-10-26 22:23:17,559 Mean IoU score: 0.871
2021-10-26 22:23:17,564 => saving checkpoint to out
2021-10-26 22:23:18,737 Epoch: [19][0/200]	Time 1.158s (1.158s)	Speed 27.6 samples/s	Data 0.630s (0.630s)	Loss 0.00729 (0.00729)
2021-10-26 22:23:23,702 Epoch: [19][10/200]	Time 0.503s (0.557s)	Speed 63.6 samples/s	Data 0.001s (0.058s)	Loss 0.00740 (0.00635)
2021-10-26 22:23:28,751 Epoch: [19][20/200]	Time 0.504s (0.532s)	Speed 63.5 samples/s	Data 0.001s (0.031s)	Loss 0.00606 (0.00610)
2021-10-26 22:23:33,805 Epoch: [19][30/200]	Time 0.499s (0.523s)	Speed 64.1 samples/s	Data 0.001s (0.021s)	Loss 0.00705 (0.00616)
2021-10-26 22:23:38,843 Epoch: [19][40/200]	Time 0.504s (0.519s)	Speed 63.5 samples/s	Data 0.001s (0.016s)	Loss 0.00518 (0.00617)
2021-10-26 22:23:43,916 Epoch: [19][50/200]	Time 0.507s (0.516s)	Speed 63.1 samples/s	Data 0.001s (0.013s)	Loss 0.00690 (0.00621)
2021-10-26 22:23:48,980 Epoch: [19][60/200]	Time 0.507s (0.515s)	Speed 63.2 samples/s	Data 0.001s (0.011s)	Loss 0.00701 (0.00622)
2021-10-26 22:23:54,050 Epoch: [19][70/200]	Time 0.515s (0.514s)	Speed 62.1 samples/s	Data 0.001s (0.009s)	Loss 0.00590 (0.00621)
2021-10-26 22:23:59,377 Epoch: [19][80/200]	Time 0.520s (0.516s)	Speed 61.5 samples/s	Data 0.001s (0.008s)	Loss 0.00694 (0.00626)
2021-10-26 22:24:04,452 Epoch: [19][90/200]	Time 0.498s (0.515s)	Speed 64.3 samples/s	Data 0.001s (0.008s)	Loss 0.00692 (0.00632)
2021-10-26 22:24:09,430 Epoch: [19][100/200]	Time 0.495s (0.513s)	Speed 64.7 samples/s	Data 0.001s (0.007s)	Loss 0.00794 (0.00634)
2021-10-26 22:24:14,633 Epoch: [19][110/200]	Time 0.527s (0.514s)	Speed 60.8 samples/s	Data 0.001s (0.006s)	Loss 0.00639 (0.00634)
2021-10-26 22:24:19,915 Epoch: [19][120/200]	Time 0.538s (0.515s)	Speed 59.5 samples/s	Data 0.001s (0.006s)	Loss 0.00639 (0.00632)
2021-10-26 22:24:25,178 Epoch: [19][130/200]	Time 0.514s (0.516s)	Speed 62.3 samples/s	Data 0.001s (0.005s)	Loss 0.00640 (0.00633)
2021-10-26 22:24:30,464 Epoch: [19][140/200]	Time 0.487s (0.517s)	Speed 65.7 samples/s	Data 0.001s (0.005s)	Loss 0.00553 (0.00639)
2021-10-26 22:24:35,446 Epoch: [19][150/200]	Time 0.520s (0.516s)	Speed 61.5 samples/s	Data 0.001s (0.005s)	Loss 0.00670 (0.00643)
2021-10-26 22:24:40,979 Epoch: [19][160/200]	Time 0.501s (0.518s)	Speed 63.8 samples/s	Data 0.001s (0.005s)	Loss 0.00774 (0.00644)
2021-10-26 22:24:46,606 Epoch: [19][170/200]	Time 0.516s (0.521s)	Speed 62.0 samples/s	Data 0.001s (0.004s)	Loss 0.00570 (0.00643)
2021-10-26 22:24:51,789 Epoch: [19][180/200]	Time 0.502s (0.520s)	Speed 63.7 samples/s	Data 0.001s (0.004s)	Loss 0.00720 (0.00643)
2021-10-26 22:24:57,315 Epoch: [19][190/200]	Time 0.570s (0.522s)	Speed 56.2 samples/s	Data 0.001s (0.004s)	Loss 0.00721 (0.00648)
2021-10-26 22:25:23,506 Test: [0/200]	Time 1.012 (1.012)	Loss 0.0568 (0.0568)
2021-10-26 22:25:23,915 Test: [10/200]	Time 0.042 (0.129)	Loss 0.0059 (0.0513)
2021-10-26 22:25:24,289 Test: [20/200]	Time 0.029 (0.085)	Loss 0.0367 (0.0538)
2021-10-26 22:25:24,587 Test: [30/200]	Time 0.028 (0.068)	Loss 0.0656 (0.0559)
2021-10-26 22:25:24,886 Test: [40/200]	Time 0.029 (0.058)	Loss 0.0540 (0.0578)
2021-10-26 22:25:25,245 Test: [50/200]	Time 0.038 (0.054)	Loss 0.1147 (0.0587)
2021-10-26 22:25:25,562 Test: [60/200]	Time 0.029 (0.050)	Loss 0.0612 (0.0600)
2021-10-26 22:25:25,905 Test: [70/200]	Time 0.032 (0.048)	Loss 0.0495 (0.0612)
2021-10-26 22:25:26,254 Test: [80/200]	Time 0.040 (0.046)	Loss 0.0611 (0.0600)
2021-10-26 22:25:26,561 Test: [90/200]	Time 0.030 (0.045)	Loss 0.0637 (0.0619)
2021-10-26 22:25:26,854 Test: [100/200]	Time 0.029 (0.043)	Loss 0.0657 (0.0612)
2021-10-26 22:25:27,150 Test: [110/200]	Time 0.029 (0.042)	Loss 0.1741 (0.0622)
2021-10-26 22:25:27,493 Test: [120/200]	Time 0.032 (0.041)	Loss 0.0484 (0.0605)
2021-10-26 22:25:27,802 Test: [130/200]	Time 0.029 (0.041)	Loss 0.0691 (0.0606)
2021-10-26 22:25:28,099 Test: [140/200]	Time 0.029 (0.040)	Loss 0.0617 (0.0599)
2021-10-26 22:25:28,398 Test: [150/200]	Time 0.029 (0.039)	Loss 0.0508 (0.0587)
2021-10-26 22:25:28,695 Test: [160/200]	Time 0.029 (0.039)	Loss 0.0736 (0.0589)
2021-10-26 22:25:29,008 Test: [170/200]	Time 0.029 (0.038)	Loss 0.0361 (0.0582)
2021-10-26 22:25:29,309 Test: [180/200]	Time 0.029 (0.038)	Loss 0.0378 (0.0581)
2021-10-26 22:25:29,648 Test: [190/200]	Time 0.030 (0.037)	Loss 0.0235 (0.0576)
2021-10-26 22:25:35,740 Mean IoU score: 0.870
2021-10-26 22:25:35,745 => saving checkpoint to out
2021-10-26 22:25:35,753 saving final model state to out/final_state.pth.tar
