2021-10-26 17:07:22,664 Namespace(out_dir='out', frequent=10, eval_interval=1, gpus='', num_workers=4)
2021-10-26 17:07:22,673 => load 200 samples
2021-10-26 17:07:22,674 => load 200 samples
2021-10-26 17:07:23,838 Epoch: [0][0/200]	Time 1.163s (1.163s)	Speed 27.5 samples/s	Data 0.640s (0.640s)	Loss 2.53597 (2.53597)
2021-10-26 17:07:28,856 Epoch: [0][10/200]	Time 0.549s (0.562s)	Speed 58.3 samples/s	Data 0.001s (0.059s)	Loss 2.05208 (2.26256)
2021-10-26 17:07:33,678 Epoch: [0][20/200]	Time 0.479s (0.524s)	Speed 66.9 samples/s	Data 0.001s (0.031s)	Loss 1.76570 (2.08481)
2021-10-26 17:07:38,457 Epoch: [0][30/200]	Time 0.475s (0.509s)	Speed 67.4 samples/s	Data 0.001s (0.021s)	Loss 1.51297 (1.93447)
2021-10-26 17:07:43,292 Epoch: [0][40/200]	Time 0.484s (0.503s)	Speed 66.1 samples/s	Data 0.000s (0.016s)	Loss 1.28978 (1.80122)
2021-10-26 17:07:48,236 Epoch: [0][50/200]	Time 0.507s (0.501s)	Speed 63.1 samples/s	Data 0.001s (0.013s)	Loss 1.09970 (1.68085)
2021-10-26 17:07:53,254 Epoch: [0][60/200]	Time 0.480s (0.501s)	Speed 66.7 samples/s	Data 0.001s (0.011s)	Loss 0.93020 (1.56960)
2021-10-26 17:07:58,071 Epoch: [0][70/200]	Time 0.479s (0.499s)	Speed 66.8 samples/s	Data 0.001s (0.010s)	Loss 0.77228 (1.46792)
2021-10-26 17:08:02,907 Epoch: [0][80/200]	Time 0.486s (0.497s)	Speed 65.9 samples/s	Data 0.000s (0.008s)	Loss 0.66112 (1.37458)
2021-10-26 17:08:07,728 Epoch: [0][90/200]	Time 0.480s (0.495s)	Speed 66.6 samples/s	Data 0.000s (0.008s)	Loss 0.58038 (1.29038)
2021-10-26 17:08:12,563 Epoch: [0][100/200]	Time 0.485s (0.494s)	Speed 66.0 samples/s	Data 0.001s (0.007s)	Loss 0.48646 (1.21449)
2021-10-26 17:08:17,424 Epoch: [0][110/200]	Time 0.481s (0.493s)	Speed 66.5 samples/s	Data 0.001s (0.006s)	Loss 0.41520 (1.14582)
2021-10-26 17:08:22,265 Epoch: [0][120/200]	Time 0.482s (0.492s)	Speed 66.4 samples/s	Data 0.001s (0.006s)	Loss 0.36580 (1.08391)
2021-10-26 17:08:27,120 Epoch: [0][130/200]	Time 0.484s (0.492s)	Speed 66.1 samples/s	Data 0.001s (0.005s)	Loss 0.34627 (1.02782)
2021-10-26 17:08:31,981 Epoch: [0][140/200]	Time 0.484s (0.492s)	Speed 66.2 samples/s	Data 0.001s (0.005s)	Loss 0.30905 (0.97785)
2021-10-26 17:08:36,867 Epoch: [0][150/200]	Time 0.486s (0.491s)	Speed 65.8 samples/s	Data 0.001s (0.005s)	Loss 0.28731 (0.93221)
2021-10-26 17:08:41,742 Epoch: [0][160/200]	Time 0.489s (0.491s)	Speed 65.5 samples/s	Data 0.000s (0.005s)	Loss 0.26794 (0.89110)
2021-10-26 17:08:46,646 Epoch: [0][170/200]	Time 0.491s (0.491s)	Speed 65.2 samples/s	Data 0.001s (0.004s)	Loss 0.25998 (0.85378)
2021-10-26 17:08:51,577 Epoch: [0][180/200]	Time 0.492s (0.491s)	Speed 65.1 samples/s	Data 0.001s (0.004s)	Loss 0.23175 (0.81985)
2021-10-26 17:08:56,484 Epoch: [0][190/200]	Time 0.490s (0.491s)	Speed 65.4 samples/s	Data 0.001s (0.004s)	Loss 0.20693 (0.78828)
2021-10-26 17:09:21,473 Test: [0/200]	Time 0.566 (0.566)	Loss 0.4229 (0.4229)
2021-10-26 17:09:21,820 Test: [10/200]	Time 0.028 (0.083)	Loss 0.1468 (0.3457)
2021-10-26 17:09:22,110 Test: [20/200]	Time 0.028 (0.057)	Loss 0.2574 (0.3567)
2021-10-26 17:09:22,399 Test: [30/200]	Time 0.028 (0.048)	Loss 0.5036 (0.3632)
2021-10-26 17:09:22,691 Test: [40/200]	Time 0.028 (0.044)	Loss 0.3851 (0.3775)
2021-10-26 17:09:22,981 Test: [50/200]	Time 0.028 (0.041)	Loss 0.4550 (0.3806)
2021-10-26 17:09:23,270 Test: [60/200]	Time 0.028 (0.039)	Loss 0.4360 (0.3812)
2021-10-26 17:09:23,562 Test: [70/200]	Time 0.028 (0.037)	Loss 0.3701 (0.3803)
2021-10-26 17:09:23,849 Test: [80/200]	Time 0.028 (0.036)	Loss 0.4628 (0.3754)
2021-10-26 17:09:24,138 Test: [90/200]	Time 0.028 (0.035)	Loss 0.4619 (0.3788)
2021-10-26 17:09:24,426 Test: [100/200]	Time 0.028 (0.035)	Loss 0.4711 (0.3777)
2021-10-26 17:09:24,717 Test: [110/200]	Time 0.028 (0.034)	Loss 0.4543 (0.3792)
2021-10-26 17:09:25,006 Test: [120/200]	Time 0.028 (0.034)	Loss 0.4392 (0.3767)
2021-10-26 17:09:25,295 Test: [130/200]	Time 0.028 (0.033)	Loss 0.3649 (0.3809)
2021-10-26 17:09:25,584 Test: [140/200]	Time 0.028 (0.033)	Loss 0.3471 (0.3799)
2021-10-26 17:09:25,873 Test: [150/200]	Time 0.028 (0.033)	Loss 0.4154 (0.3787)
2021-10-26 17:09:26,162 Test: [160/200]	Time 0.028 (0.033)	Loss 0.3947 (0.3786)
2021-10-26 17:09:26,452 Test: [170/200]	Time 0.028 (0.032)	Loss 0.2845 (0.3763)
2021-10-26 17:09:26,740 Test: [180/200]	Time 0.028 (0.032)	Loss 0.3138 (0.3744)
2021-10-26 17:09:27,029 Test: [190/200]	Time 0.028 (0.032)	Loss 0.3199 (0.3756)
2021-10-26 17:09:33,047 Mean IoU score: 0.201
2021-10-26 17:09:33,051 => saving checkpoint to out
2021-10-26 17:09:34,225 Epoch: [1][0/200]	Time 1.161s (1.161s)	Speed 27.6 samples/s	Data 0.643s (0.643s)	Loss 0.19988 (0.19988)
2021-10-26 17:09:39,033 Epoch: [1][10/200]	Time 0.483s (0.543s)	Speed 66.3 samples/s	Data 0.000s (0.059s)	Loss 0.20054 (0.20726)
2021-10-26 17:09:43,890 Epoch: [1][20/200]	Time 0.481s (0.515s)	Speed 66.6 samples/s	Data 0.001s (0.031s)	Loss 0.24712 (0.20308)
2021-10-26 17:09:48,731 Epoch: [1][30/200]	Time 0.482s (0.505s)	Speed 66.4 samples/s	Data 0.001s (0.021s)	Loss 0.16426 (0.19952)
2021-10-26 17:09:53,602 Epoch: [1][40/200]	Time 0.484s (0.501s)	Speed 66.1 samples/s	Data 0.001s (0.016s)	Loss 0.17661 (0.19450)
2021-10-26 17:09:58,452 Epoch: [1][50/200]	Time 0.481s (0.498s)	Speed 66.5 samples/s	Data 0.001s (0.013s)	Loss 0.15061 (0.19049)
2021-10-26 17:10:03,277 Epoch: [1][60/200]	Time 0.483s (0.495s)	Speed 66.2 samples/s	Data 0.001s (0.011s)	Loss 0.16344 (0.18665)
2021-10-26 17:10:08,135 Epoch: [1][70/200]	Time 0.487s (0.494s)	Speed 65.7 samples/s	Data 0.001s (0.010s)	Loss 0.15743 (0.18272)
2021-10-26 17:10:12,978 Epoch: [1][80/200]	Time 0.484s (0.493s)	Speed 66.2 samples/s	Data 0.001s (0.009s)	Loss 0.11831 (0.17800)
2021-10-26 17:10:17,811 Epoch: [1][90/200]	Time 0.488s (0.492s)	Speed 65.6 samples/s	Data 0.001s (0.008s)	Loss 0.13631 (0.17341)
2021-10-26 17:10:22,657 Epoch: [1][100/200]	Time 0.482s (0.491s)	Speed 66.4 samples/s	Data 0.001s (0.007s)	Loss 0.12984 (0.17043)
2021-10-26 17:10:27,510 Epoch: [1][110/200]	Time 0.484s (0.490s)	Speed 66.1 samples/s	Data 0.001s (0.006s)	Loss 0.12025 (0.16709)
2021-10-26 17:10:32,363 Epoch: [1][120/200]	Time 0.483s (0.490s)	Speed 66.2 samples/s	Data 0.000s (0.006s)	Loss 0.10701 (0.16302)
2021-10-26 17:10:37,239 Epoch: [1][130/200]	Time 0.487s (0.490s)	Speed 65.7 samples/s	Data 0.001s (0.005s)	Loss 0.10490 (0.15914)
2021-10-26 17:10:42,078 Epoch: [1][140/200]	Time 0.491s (0.489s)	Speed 65.2 samples/s	Data 0.001s (0.005s)	Loss 0.12391 (0.15573)
2021-10-26 17:10:46,910 Epoch: [1][150/200]	Time 0.482s (0.489s)	Speed 66.3 samples/s	Data 0.001s (0.005s)	Loss 0.09333 (0.15229)
2021-10-26 17:10:51,761 Epoch: [1][160/200]	Time 0.486s (0.489s)	Speed 65.8 samples/s	Data 0.001s (0.005s)	Loss 0.10410 (0.14918)
2021-10-26 17:10:56,611 Epoch: [1][170/200]	Time 0.481s (0.489s)	Speed 66.5 samples/s	Data 0.001s (0.004s)	Loss 0.09590 (0.14622)
2021-10-26 17:11:01,462 Epoch: [1][180/200]	Time 0.482s (0.488s)	Speed 66.5 samples/s	Data 0.000s (0.004s)	Loss 0.09471 (0.14337)
2021-10-26 17:11:06,412 Epoch: [1][190/200]	Time 0.490s (0.489s)	Speed 65.4 samples/s	Data 0.001s (0.004s)	Loss 0.09175 (0.14061)
2021-10-26 17:11:31,378 Test: [0/200]	Time 0.584 (0.584)	Loss 0.2433 (0.2433)
2021-10-26 17:11:31,678 Test: [10/200]	Time 0.028 (0.080)	Loss 0.0663 (0.1872)
2021-10-26 17:11:31,978 Test: [20/200]	Time 0.029 (0.056)	Loss 0.1552 (0.1893)
2021-10-26 17:11:32,273 Test: [30/200]	Time 0.029 (0.048)	Loss 0.2584 (0.1980)
2021-10-26 17:11:32,573 Test: [40/200]	Time 0.029 (0.043)	Loss 0.1850 (0.2050)
2021-10-26 17:11:32,867 Test: [50/200]	Time 0.030 (0.041)	Loss 0.2692 (0.2060)
2021-10-26 17:11:33,160 Test: [60/200]	Time 0.028 (0.039)	Loss 0.2401 (0.2078)
2021-10-26 17:11:33,456 Test: [70/200]	Time 0.029 (0.037)	Loss 0.1659 (0.2076)
2021-10-26 17:11:33,748 Test: [80/200]	Time 0.028 (0.036)	Loss 0.2623 (0.2043)
2021-10-26 17:11:34,039 Test: [90/200]	Time 0.028 (0.036)	Loss 0.2744 (0.2068)
2021-10-26 17:11:34,334 Test: [100/200]	Time 0.029 (0.035)	Loss 0.2834 (0.2055)
2021-10-26 17:11:34,629 Test: [110/200]	Time 0.029 (0.035)	Loss 0.2772 (0.2064)
2021-10-26 17:11:34,938 Test: [120/200]	Time 0.030 (0.034)	Loss 0.2415 (0.2045)
2021-10-26 17:11:35,236 Test: [130/200]	Time 0.030 (0.034)	Loss 0.1795 (0.2067)
2021-10-26 17:11:35,544 Test: [140/200]	Time 0.029 (0.034)	Loss 0.1837 (0.2063)
2021-10-26 17:11:35,846 Test: [150/200]	Time 0.030 (0.033)	Loss 0.2080 (0.2048)
2021-10-26 17:11:36,144 Test: [160/200]	Time 0.029 (0.033)	Loss 0.2373 (0.2046)
2021-10-26 17:11:36,435 Test: [170/200]	Time 0.028 (0.033)	Loss 0.1534 (0.2028)
2021-10-26 17:11:36,729 Test: [180/200]	Time 0.028 (0.033)	Loss 0.1457 (0.2016)
2021-10-26 17:11:37,024 Test: [190/200]	Time 0.028 (0.033)	Loss 0.1303 (0.2024)
2021-10-26 17:11:43,126 Mean IoU score: 0.543
2021-10-26 17:11:43,130 => saving checkpoint to out
2021-10-26 17:11:44,343 Epoch: [2][0/200]	Time 1.200s (1.200s)	Speed 26.7 samples/s	Data 0.650s (0.650s)	Loss 0.07306 (0.07306)
2021-10-26 17:11:49,377 Epoch: [2][10/200]	Time 0.495s (0.567s)	Speed 64.7 samples/s	Data 0.001s (0.060s)	Loss 0.08261 (0.08203)
2021-10-26 17:11:54,315 Epoch: [2][20/200]	Time 0.495s (0.532s)	Speed 64.7 samples/s	Data 0.001s (0.032s)	Loss 0.08103 (0.07908)
2021-10-26 17:11:59,257 Epoch: [2][30/200]	Time 0.498s (0.520s)	Speed 64.3 samples/s	Data 0.001s (0.022s)	Loss 0.06611 (0.07598)
2021-10-26 17:12:04,207 Epoch: [2][40/200]	Time 0.498s (0.514s)	Speed 64.2 samples/s	Data 0.001s (0.016s)	Loss 0.06756 (0.07545)
2021-10-26 17:12:09,144 Epoch: [2][50/200]	Time 0.496s (0.510s)	Speed 64.5 samples/s	Data 0.001s (0.013s)	Loss 0.06072 (0.07383)
2021-10-26 17:12:14,172 Epoch: [2][60/200]	Time 0.496s (0.509s)	Speed 64.5 samples/s	Data 0.001s (0.011s)	Loss 0.05933 (0.07233)
2021-10-26 17:12:19,226 Epoch: [2][70/200]	Time 0.499s (0.508s)	Speed 64.1 samples/s	Data 0.001s (0.010s)	Loss 0.07106 (0.07070)
2021-10-26 17:12:24,458 Epoch: [2][80/200]	Time 0.501s (0.510s)	Speed 63.9 samples/s	Data 0.001s (0.009s)	Loss 0.06216 (0.06946)
2021-10-26 17:12:29,444 Epoch: [2][90/200]	Time 0.547s (0.509s)	Speed 58.5 samples/s	Data 0.001s (0.008s)	Loss 0.05091 (0.06816)
2021-10-26 17:12:34,794 Epoch: [2][100/200]	Time 0.516s (0.511s)	Speed 62.0 samples/s	Data 0.001s (0.007s)	Loss 0.05821 (0.06677)
2021-10-26 17:12:39,905 Epoch: [2][110/200]	Time 0.500s (0.511s)	Speed 64.0 samples/s	Data 0.001s (0.006s)	Loss 0.05325 (0.06625)
2021-10-26 17:12:44,864 Epoch: [2][120/200]	Time 0.501s (0.510s)	Speed 63.9 samples/s	Data 0.001s (0.006s)	Loss 0.05848 (0.06511)
2021-10-26 17:12:49,787 Epoch: [2][130/200]	Time 0.492s (0.509s)	Speed 65.1 samples/s	Data 0.001s (0.006s)	Loss 0.05789 (0.06423)
2021-10-26 17:12:54,707 Epoch: [2][140/200]	Time 0.495s (0.508s)	Speed 64.7 samples/s	Data 0.001s (0.005s)	Loss 0.05403 (0.06342)
2021-10-26 17:12:59,623 Epoch: [2][150/200]	Time 0.490s (0.506s)	Speed 65.3 samples/s	Data 0.001s (0.005s)	Loss 0.04424 (0.06271)
2021-10-26 17:13:04,538 Epoch: [2][160/200]	Time 0.496s (0.506s)	Speed 64.6 samples/s	Data 0.001s (0.005s)	Loss 0.03936 (0.06172)
2021-10-26 17:13:09,441 Epoch: [2][170/200]	Time 0.491s (0.505s)	Speed 65.2 samples/s	Data 0.001s (0.004s)	Loss 0.04456 (0.06083)
2021-10-26 17:13:14,364 Epoch: [2][180/200]	Time 0.490s (0.504s)	Speed 65.3 samples/s	Data 0.001s (0.004s)	Loss 0.04392 (0.05987)
2021-10-26 17:13:19,283 Epoch: [2][190/200]	Time 0.490s (0.503s)	Speed 65.3 samples/s	Data 0.001s (0.004s)	Loss 0.05001 (0.05900)
2021-10-26 17:13:44,257 Test: [0/200]	Time 0.560 (0.560)	Loss 0.1286 (0.1286)
2021-10-26 17:13:44,549 Test: [10/200]	Time 0.028 (0.077)	Loss 0.0354 (0.1057)
2021-10-26 17:13:44,840 Test: [20/200]	Time 0.028 (0.054)	Loss 0.0850 (0.1092)
2021-10-26 17:13:45,131 Test: [30/200]	Time 0.028 (0.046)	Loss 0.1543 (0.1144)
2021-10-26 17:13:45,423 Test: [40/200]	Time 0.029 (0.042)	Loss 0.1118 (0.1188)
2021-10-26 17:13:45,716 Test: [50/200]	Time 0.028 (0.040)	Loss 0.1609 (0.1190)
2021-10-26 17:13:46,006 Test: [60/200]	Time 0.028 (0.038)	Loss 0.1343 (0.1214)
2021-10-26 17:13:46,310 Test: [70/200]	Time 0.030 (0.037)	Loss 0.1033 (0.1208)
2021-10-26 17:13:46,613 Test: [80/200]	Time 0.029 (0.036)	Loss 0.1303 (0.1192)
2021-10-26 17:13:46,906 Test: [90/200]	Time 0.030 (0.035)	Loss 0.1585 (0.1214)
2021-10-26 17:13:47,197 Test: [100/200]	Time 0.028 (0.035)	Loss 0.1506 (0.1207)
2021-10-26 17:13:47,490 Test: [110/200]	Time 0.028 (0.034)	Loss 0.1799 (0.1216)
2021-10-26 17:13:47,786 Test: [120/200]	Time 0.029 (0.034)	Loss 0.1440 (0.1200)
2021-10-26 17:13:48,078 Test: [130/200]	Time 0.029 (0.033)	Loss 0.1108 (0.1207)
2021-10-26 17:13:48,373 Test: [140/200]	Time 0.028 (0.033)	Loss 0.0958 (0.1198)
2021-10-26 17:13:48,670 Test: [150/200]	Time 0.029 (0.033)	Loss 0.1135 (0.1188)
2021-10-26 17:13:48,965 Test: [160/200]	Time 0.029 (0.033)	Loss 0.1253 (0.1186)
2021-10-26 17:13:49,258 Test: [170/200]	Time 0.028 (0.033)	Loss 0.1278 (0.1177)
2021-10-26 17:13:49,551 Test: [180/200]	Time 0.028 (0.032)	Loss 0.1034 (0.1167)
2021-10-26 17:13:49,846 Test: [190/200]	Time 0.029 (0.032)	Loss 0.0706 (0.1170)
2021-10-26 17:13:55,904 Mean IoU score: 0.752
2021-10-26 17:13:55,908 => saving checkpoint to out
2021-10-26 17:13:57,097 Epoch: [3][0/200]	Time 1.174s (1.174s)	Speed 27.3 samples/s	Data 0.642s (0.642s)	Loss 0.03812 (0.03812)
2021-10-26 17:14:02,072 Epoch: [3][10/200]	Time 0.499s (0.559s)	Speed 64.1 samples/s	Data 0.001s (0.059s)	Loss 0.04144 (0.04141)
2021-10-26 17:14:07,056 Epoch: [3][20/200]	Time 0.497s (0.530s)	Speed 64.3 samples/s	Data 0.001s (0.031s)	Loss 0.06183 (0.04087)
2021-10-26 17:14:12,039 Epoch: [3][30/200]	Time 0.493s (0.520s)	Speed 64.9 samples/s	Data 0.001s (0.021s)	Loss 0.02787 (0.04014)
2021-10-26 17:14:17,327 Epoch: [3][40/200]	Time 0.544s (0.522s)	Speed 58.9 samples/s	Data 0.001s (0.016s)	Loss 0.03523 (0.03946)
2021-10-26 17:14:22,642 Epoch: [3][50/200]	Time 0.501s (0.524s)	Speed 63.9 samples/s	Data 0.001s (0.013s)	Loss 0.03066 (0.03856)
2021-10-26 17:14:27,583 Epoch: [3][60/200]	Time 0.494s (0.519s)	Speed 64.8 samples/s	Data 0.001s (0.011s)	Loss 0.03143 (0.03768)
2021-10-26 17:14:32,726 Epoch: [3][70/200]	Time 0.516s (0.518s)	Speed 62.0 samples/s	Data 0.001s (0.010s)	Loss 0.03538 (0.03725)
2021-10-26 17:14:37,697 Epoch: [3][80/200]	Time 0.490s (0.516s)	Speed 65.3 samples/s	Data 0.001s (0.009s)	Loss 0.02767 (0.03698)
2021-10-26 17:14:42,635 Epoch: [3][90/200]	Time 0.493s (0.513s)	Speed 65.0 samples/s	Data 0.001s (0.008s)	Loss 0.03136 (0.03662)
2021-10-26 17:14:47,582 Epoch: [3][100/200]	Time 0.494s (0.511s)	Speed 64.8 samples/s	Data 0.001s (0.007s)	Loss 0.03211 (0.03642)
2021-10-26 17:14:52,982 Epoch: [3][110/200]	Time 0.499s (0.514s)	Speed 64.2 samples/s	Data 0.001s (0.006s)	Loss 0.02878 (0.03625)
2021-10-26 17:14:58,643 Epoch: [3][120/200]	Time 0.722s (0.518s)	Speed 44.3 samples/s	Data 0.001s (0.006s)	Loss 0.04090 (0.03619)
2021-10-26 17:15:03,783 Epoch: [3][130/200]	Time 0.491s (0.518s)	Speed 65.2 samples/s	Data 0.001s (0.006s)	Loss 0.03391 (0.03609)
2021-10-26 17:15:08,694 Epoch: [3][140/200]	Time 0.491s (0.516s)	Speed 65.1 samples/s	Data 0.001s (0.005s)	Loss 0.03333 (0.03585)
2021-10-26 17:15:13,586 Epoch: [3][150/200]	Time 0.485s (0.514s)	Speed 66.0 samples/s	Data 0.001s (0.005s)	Loss 0.02702 (0.03576)
2021-10-26 17:15:18,481 Epoch: [3][160/200]	Time 0.489s (0.513s)	Speed 65.5 samples/s	Data 0.001s (0.005s)	Loss 0.03297 (0.03585)
2021-10-26 17:15:23,388 Epoch: [3][170/200]	Time 0.488s (0.511s)	Speed 65.6 samples/s	Data 0.001s (0.004s)	Loss 0.04215 (0.03571)
2021-10-26 17:15:28,280 Epoch: [3][180/200]	Time 0.488s (0.510s)	Speed 65.6 samples/s	Data 0.001s (0.004s)	Loss 0.03478 (0.03545)
2021-10-26 17:15:33,164 Epoch: [3][190/200]	Time 0.487s (0.509s)	Speed 65.8 samples/s	Data 0.001s (0.004s)	Loss 0.02756 (0.03521)
2021-10-26 17:15:58,132 Test: [0/200]	Time 0.548 (0.548)	Loss 0.1086 (0.1086)
2021-10-26 17:15:58,425 Test: [10/200]	Time 0.028 (0.077)	Loss 0.0202 (0.0779)
2021-10-26 17:15:58,715 Test: [20/200]	Time 0.029 (0.054)	Loss 0.0537 (0.0824)
2021-10-26 17:15:59,006 Test: [30/200]	Time 0.028 (0.046)	Loss 0.1128 (0.0875)
2021-10-26 17:15:59,296 Test: [40/200]	Time 0.028 (0.042)	Loss 0.0819 (0.0921)
2021-10-26 17:15:59,585 Test: [50/200]	Time 0.028 (0.039)	Loss 0.1482 (0.0915)
2021-10-26 17:15:59,874 Test: [60/200]	Time 0.028 (0.038)	Loss 0.1022 (0.0932)
2021-10-26 17:16:00,166 Test: [70/200]	Time 0.028 (0.036)	Loss 0.0878 (0.0941)
2021-10-26 17:16:00,456 Test: [80/200]	Time 0.028 (0.035)	Loss 0.1095 (0.0921)
2021-10-26 17:16:00,747 Test: [90/200]	Time 0.028 (0.035)	Loss 0.1004 (0.0937)
2021-10-26 17:16:01,038 Test: [100/200]	Time 0.028 (0.034)	Loss 0.1261 (0.0936)
2021-10-26 17:16:01,328 Test: [110/200]	Time 0.028 (0.034)	Loss 0.1707 (0.0945)
2021-10-26 17:16:01,617 Test: [120/200]	Time 0.028 (0.033)	Loss 0.0994 (0.0932)
2021-10-26 17:16:01,907 Test: [130/200]	Time 0.028 (0.033)	Loss 0.0914 (0.0937)
2021-10-26 17:16:02,195 Test: [140/200]	Time 0.028 (0.033)	Loss 0.1018 (0.0934)
2021-10-26 17:16:02,491 Test: [150/200]	Time 0.028 (0.033)	Loss 0.0940 (0.0925)
2021-10-26 17:16:02,781 Test: [160/200]	Time 0.028 (0.032)	Loss 0.0886 (0.0923)
2021-10-26 17:16:03,077 Test: [170/200]	Time 0.028 (0.032)	Loss 0.0787 (0.0915)
2021-10-26 17:16:03,365 Test: [180/200]	Time 0.028 (0.032)	Loss 0.0721 (0.0910)
2021-10-26 17:16:03,655 Test: [190/200]	Time 0.028 (0.032)	Loss 0.0528 (0.0910)
2021-10-26 17:16:09,684 Mean IoU score: 0.798
2021-10-26 17:16:09,688 => saving checkpoint to out
2021-10-26 17:16:10,883 Epoch: [4][0/200]	Time 1.181s (1.181s)	Speed 27.1 samples/s	Data 0.649s (0.649s)	Loss 0.03544 (0.03544)
2021-10-26 17:16:15,872 Epoch: [4][10/200]	Time 0.500s (0.561s)	Speed 64.0 samples/s	Data 0.001s (0.060s)	Loss 0.02526 (0.02857)
2021-10-26 17:16:20,857 Epoch: [4][20/200]	Time 0.497s (0.531s)	Speed 64.4 samples/s	Data 0.001s (0.032s)	Loss 0.02464 (0.02721)
2021-10-26 17:16:25,831 Epoch: [4][30/200]	Time 0.497s (0.520s)	Speed 64.4 samples/s	Data 0.001s (0.022s)	Loss 0.02341 (0.02687)
2021-10-26 17:16:30,815 Epoch: [4][40/200]	Time 0.500s (0.515s)	Speed 64.0 samples/s	Data 0.001s (0.016s)	Loss 0.02371 (0.02693)
2021-10-26 17:16:36,003 Epoch: [4][50/200]	Time 0.552s (0.516s)	Speed 58.0 samples/s	Data 0.001s (0.013s)	Loss 0.02270 (0.02663)
2021-10-26 17:16:41,274 Epoch: [4][60/200]	Time 0.524s (0.518s)	Speed 61.1 samples/s	Data 0.001s (0.011s)	Loss 0.01935 (0.02606)
2021-10-26 17:16:46,436 Epoch: [4][70/200]	Time 0.495s (0.517s)	Speed 64.7 samples/s	Data 0.001s (0.010s)	Loss 0.02490 (0.02602)
2021-10-26 17:16:51,624 Epoch: [4][80/200]	Time 0.525s (0.518s)	Speed 60.9 samples/s	Data 0.001s (0.009s)	Loss 0.02392 (0.02577)
2021-10-26 17:16:56,991 Epoch: [4][90/200]	Time 0.496s (0.520s)	Speed 64.5 samples/s	Data 0.001s (0.008s)	Loss 0.02781 (0.02552)
2021-10-26 17:17:01,977 Epoch: [4][100/200]	Time 0.497s (0.518s)	Speed 64.4 samples/s	Data 0.001s (0.007s)	Loss 0.02449 (0.02542)
2021-10-26 17:17:06,951 Epoch: [4][110/200]	Time 0.499s (0.516s)	Speed 64.2 samples/s	Data 0.001s (0.006s)	Loss 0.02877 (0.02550)
2021-10-26 17:17:11,974 Epoch: [4][120/200]	Time 0.515s (0.515s)	Speed 62.1 samples/s	Data 0.001s (0.006s)	Loss 0.02766 (0.02539)
2021-10-26 17:17:16,947 Epoch: [4][130/200]	Time 0.494s (0.513s)	Speed 64.8 samples/s	Data 0.001s (0.006s)	Loss 0.02611 (0.02546)
2021-10-26 17:17:21,909 Epoch: [4][140/200]	Time 0.491s (0.512s)	Speed 65.2 samples/s	Data 0.001s (0.005s)	Loss 0.02474 (0.02555)
2021-10-26 17:17:27,042 Epoch: [4][150/200]	Time 0.502s (0.512s)	Speed 63.8 samples/s	Data 0.001s (0.005s)	Loss 0.02118 (0.02548)
2021-10-26 17:17:32,066 Epoch: [4][160/200]	Time 0.498s (0.512s)	Speed 64.3 samples/s	Data 0.001s (0.005s)	Loss 0.02154 (0.02527)
2021-10-26 17:17:37,051 Epoch: [4][170/200]	Time 0.497s (0.511s)	Speed 64.4 samples/s	Data 0.001s (0.004s)	Loss 0.01958 (0.02516)
2021-10-26 17:17:42,191 Epoch: [4][180/200]	Time 0.531s (0.511s)	Speed 60.3 samples/s	Data 0.001s (0.004s)	Loss 0.03107 (0.02512)
2021-10-26 17:17:47,616 Epoch: [4][190/200]	Time 0.516s (0.513s)	Speed 62.0 samples/s	Data 0.001s (0.004s)	Loss 0.02529 (0.02505)
2021-10-26 17:18:12,899 Test: [0/200]	Time 0.557 (0.557)	Loss 0.0952 (0.0952)
2021-10-26 17:18:13,192 Test: [10/200]	Time 0.028 (0.077)	Loss 0.0166 (0.0690)
2021-10-26 17:18:13,485 Test: [20/200]	Time 0.029 (0.054)	Loss 0.0596 (0.0748)
2021-10-26 17:18:13,772 Test: [30/200]	Time 0.028 (0.046)	Loss 0.1127 (0.0805)
2021-10-26 17:18:14,064 Test: [40/200]	Time 0.028 (0.042)	Loss 0.0626 (0.0852)
2021-10-26 17:18:14,362 Test: [50/200]	Time 0.028 (0.040)	Loss 0.1402 (0.0859)
2021-10-26 17:18:14,653 Test: [60/200]	Time 0.029 (0.038)	Loss 0.1159 (0.0881)
2021-10-26 17:18:14,942 Test: [70/200]	Time 0.028 (0.037)	Loss 0.0895 (0.0877)
2021-10-26 17:18:15,236 Test: [80/200]	Time 0.029 (0.036)	Loss 0.0842 (0.0862)
2021-10-26 17:18:15,526 Test: [90/200]	Time 0.028 (0.035)	Loss 0.0994 (0.0879)
2021-10-26 17:18:15,815 Test: [100/200]	Time 0.028 (0.034)	Loss 0.1369 (0.0874)
2021-10-26 17:18:16,105 Test: [110/200]	Time 0.028 (0.034)	Loss 0.1610 (0.0879)
2021-10-26 17:18:16,397 Test: [120/200]	Time 0.028 (0.034)	Loss 0.1078 (0.0864)
2021-10-26 17:18:16,687 Test: [130/200]	Time 0.028 (0.033)	Loss 0.1020 (0.0870)
2021-10-26 17:18:16,977 Test: [140/200]	Time 0.028 (0.033)	Loss 0.0721 (0.0862)
2021-10-26 17:18:17,267 Test: [150/200]	Time 0.028 (0.033)	Loss 0.0684 (0.0852)
2021-10-26 17:18:17,557 Test: [160/200]	Time 0.028 (0.032)	Loss 0.0817 (0.0848)
2021-10-26 17:18:17,846 Test: [170/200]	Time 0.029 (0.032)	Loss 0.0734 (0.0842)
2021-10-26 17:18:18,138 Test: [180/200]	Time 0.029 (0.032)	Loss 0.0631 (0.0835)
2021-10-26 17:18:18,430 Test: [190/200]	Time 0.028 (0.032)	Loss 0.0443 (0.0832)
2021-10-26 17:18:24,488 Mean IoU score: 0.805
2021-10-26 17:18:24,492 => saving checkpoint to out
2021-10-26 17:18:25,663 Epoch: [5][0/200]	Time 1.159s (1.159s)	Speed 27.6 samples/s	Data 0.635s (0.635s)	Loss 0.01945 (0.01945)
2021-10-26 17:18:30,586 Epoch: [5][10/200]	Time 0.492s (0.553s)	Speed 65.1 samples/s	Data 0.001s (0.058s)	Loss 0.01885 (0.02236)
2021-10-26 17:18:35,573 Epoch: [5][20/200]	Time 0.522s (0.527s)	Speed 61.3 samples/s	Data 0.001s (0.031s)	Loss 0.02153 (0.02244)
2021-10-26 17:18:40,612 Epoch: [5][30/200]	Time 0.522s (0.520s)	Speed 61.3 samples/s	Data 0.001s (0.021s)	Loss 0.02812 (0.02224)
2021-10-26 17:18:46,025 Epoch: [5][40/200]	Time 0.501s (0.525s)	Speed 63.8 samples/s	Data 0.001s (0.016s)	Loss 0.02205 (0.02201)
2021-10-26 17:18:50,925 Epoch: [5][50/200]	Time 0.485s (0.518s)	Speed 66.0 samples/s	Data 0.001s (0.013s)	Loss 0.02157 (0.02173)
2021-10-26 17:18:55,796 Epoch: [5][60/200]	Time 0.484s (0.513s)	Speed 66.2 samples/s	Data 0.001s (0.011s)	Loss 0.01527 (0.02128)
2021-10-26 17:19:00,685 Epoch: [5][70/200]	Time 0.486s (0.510s)	Speed 65.8 samples/s	Data 0.001s (0.010s)	Loss 0.01872 (0.02099)
2021-10-26 17:19:05,561 Epoch: [5][80/200]	Time 0.484s (0.507s)	Speed 66.2 samples/s	Data 0.001s (0.008s)	Loss 0.01853 (0.02078)
2021-10-26 17:19:10,436 Epoch: [5][90/200]	Time 0.491s (0.505s)	Speed 65.2 samples/s	Data 0.001s (0.008s)	Loss 0.01461 (0.02064)
2021-10-26 17:19:15,315 Epoch: [5][100/200]	Time 0.487s (0.503s)	Speed 65.7 samples/s	Data 0.001s (0.007s)	Loss 0.02152 (0.02053)
2021-10-26 17:19:20,191 Epoch: [5][110/200]	Time 0.486s (0.502s)	Speed 65.8 samples/s	Data 0.001s (0.006s)	Loss 0.02210 (0.02050)
2021-10-26 17:19:25,059 Epoch: [5][120/200]	Time 0.486s (0.500s)	Speed 65.9 samples/s	Data 0.001s (0.006s)	Loss 0.01772 (0.02033)
2021-10-26 17:19:29,927 Epoch: [5][130/200]	Time 0.486s (0.499s)	Speed 65.9 samples/s	Data 0.001s (0.005s)	Loss 0.02328 (0.02034)
2021-10-26 17:19:34,799 Epoch: [5][140/200]	Time 0.486s (0.499s)	Speed 65.9 samples/s	Data 0.001s (0.005s)	Loss 0.02042 (0.02029)
2021-10-26 17:19:39,670 Epoch: [5][150/200]	Time 0.486s (0.498s)	Speed 65.9 samples/s	Data 0.001s (0.005s)	Loss 0.02337 (0.02023)
2021-10-26 17:19:44,553 Epoch: [5][160/200]	Time 0.488s (0.497s)	Speed 65.5 samples/s	Data 0.001s (0.005s)	Loss 0.02024 (0.02009)
2021-10-26 17:19:49,420 Epoch: [5][170/200]	Time 0.486s (0.497s)	Speed 65.8 samples/s	Data 0.001s (0.004s)	Loss 0.01807 (0.02000)
2021-10-26 17:19:54,286 Epoch: [5][180/200]	Time 0.494s (0.496s)	Speed 64.8 samples/s	Data 0.001s (0.004s)	Loss 0.01750 (0.02005)
2021-10-26 17:19:59,204 Epoch: [5][190/200]	Time 0.514s (0.496s)	Speed 62.3 samples/s	Data 0.001s (0.004s)	Loss 0.01662 (0.02003)
2021-10-26 17:20:24,208 Test: [0/200]	Time 0.554 (0.554)	Loss 0.1278 (0.1278)
2021-10-26 17:20:24,506 Test: [10/200]	Time 0.028 (0.077)	Loss 0.0239 (0.0806)
2021-10-26 17:20:24,797 Test: [20/200]	Time 0.028 (0.054)	Loss 0.0961 (0.0800)
2021-10-26 17:20:25,086 Test: [30/200]	Time 0.028 (0.046)	Loss 0.1105 (0.0880)
2021-10-26 17:20:25,378 Test: [40/200]	Time 0.028 (0.042)	Loss 0.0529 (0.0903)
2021-10-26 17:20:25,667 Test: [50/200]	Time 0.028 (0.039)	Loss 0.1170 (0.0898)
2021-10-26 17:20:25,956 Test: [60/200]	Time 0.028 (0.038)	Loss 0.0962 (0.0913)
2021-10-26 17:20:26,246 Test: [70/200]	Time 0.028 (0.037)	Loss 0.0731 (0.0913)
2021-10-26 17:20:26,538 Test: [80/200]	Time 0.029 (0.036)	Loss 0.1444 (0.0914)
2021-10-26 17:20:26,829 Test: [90/200]	Time 0.028 (0.035)	Loss 0.1038 (0.0941)
2021-10-26 17:20:27,119 Test: [100/200]	Time 0.028 (0.034)	Loss 0.1538 (0.0935)
2021-10-26 17:20:27,408 Test: [110/200]	Time 0.028 (0.034)	Loss 0.1916 (0.0939)
2021-10-26 17:20:27,697 Test: [120/200]	Time 0.028 (0.033)	Loss 0.1128 (0.0920)
2021-10-26 17:20:27,993 Test: [130/200]	Time 0.028 (0.033)	Loss 0.0733 (0.0923)
2021-10-26 17:20:28,283 Test: [140/200]	Time 0.028 (0.033)	Loss 0.1334 (0.0923)
2021-10-26 17:20:28,572 Test: [150/200]	Time 0.028 (0.033)	Loss 0.0886 (0.0907)
2021-10-26 17:20:28,865 Test: [160/200]	Time 0.029 (0.032)	Loss 0.1071 (0.0905)
2021-10-26 17:20:29,155 Test: [170/200]	Time 0.028 (0.032)	Loss 0.1088 (0.0898)
2021-10-26 17:20:29,443 Test: [180/200]	Time 0.028 (0.032)	Loss 0.0726 (0.0890)
2021-10-26 17:20:29,733 Test: [190/200]	Time 0.028 (0.032)	Loss 0.0395 (0.0889)
2021-10-26 17:20:35,768 Mean IoU score: 0.793
2021-10-26 17:20:35,772 => saving checkpoint to out
2021-10-26 17:20:36,949 Epoch: [6][0/200]	Time 1.167s (1.167s)	Speed 27.4 samples/s	Data 0.634s (0.634s)	Loss 0.01741 (0.01741)
2021-10-26 17:20:41,895 Epoch: [6][10/200]	Time 0.495s (0.556s)	Speed 64.6 samples/s	Data 0.001s (0.058s)	Loss 0.02174 (0.01736)
2021-10-26 17:20:47,226 Epoch: [6][20/200]	Time 0.521s (0.545s)	Speed 61.4 samples/s	Data 0.001s (0.031s)	Loss 0.01694 (0.01833)
2021-10-26 17:20:52,250 Epoch: [6][30/200]	Time 0.496s (0.531s)	Speed 64.5 samples/s	Data 0.001s (0.021s)	Loss 0.01732 (0.01828)
2021-10-26 17:20:57,258 Epoch: [6][40/200]	Time 0.499s (0.524s)	Speed 64.2 samples/s	Data 0.001s (0.016s)	Loss 0.01790 (0.01801)
2021-10-26 17:21:02,205 Epoch: [6][50/200]	Time 0.491s (0.518s)	Speed 65.2 samples/s	Data 0.001s (0.013s)	Loss 0.01549 (0.01776)
2021-10-26 17:21:07,153 Epoch: [6][60/200]	Time 0.493s (0.514s)	Speed 64.9 samples/s	Data 0.001s (0.011s)	Loss 0.01342 (0.01737)
2021-10-26 17:21:12,436 Epoch: [6][70/200]	Time 0.494s (0.516s)	Speed 64.7 samples/s	Data 0.001s (0.010s)	Loss 0.01408 (0.01700)
2021-10-26 17:21:17,405 Epoch: [6][80/200]	Time 0.492s (0.514s)	Speed 65.0 samples/s	Data 0.001s (0.008s)	Loss 0.01414 (0.01680)
2021-10-26 17:21:22,334 Epoch: [6][90/200]	Time 0.494s (0.512s)	Speed 64.8 samples/s	Data 0.001s (0.008s)	Loss 0.01541 (0.01663)
2021-10-26 17:21:27,281 Epoch: [6][100/200]	Time 0.498s (0.510s)	Speed 64.3 samples/s	Data 0.001s (0.007s)	Loss 0.01542 (0.01659)
2021-10-26 17:21:32,228 Epoch: [6][110/200]	Time 0.493s (0.509s)	Speed 64.9 samples/s	Data 0.001s (0.006s)	Loss 0.01274 (0.01647)
2021-10-26 17:21:37,163 Epoch: [6][120/200]	Time 0.495s (0.507s)	Speed 64.7 samples/s	Data 0.001s (0.006s)	Loss 0.01703 (0.01641)
2021-10-26 17:21:42,101 Epoch: [6][130/200]	Time 0.494s (0.506s)	Speed 64.7 samples/s	Data 0.001s (0.005s)	Loss 0.01168 (0.01626)
2021-10-26 17:21:47,036 Epoch: [6][140/200]	Time 0.493s (0.505s)	Speed 64.9 samples/s	Data 0.001s (0.005s)	Loss 0.01414 (0.01617)
2021-10-26 17:21:52,354 Epoch: [6][150/200]	Time 0.519s (0.507s)	Speed 61.6 samples/s	Data 0.001s (0.005s)	Loss 0.01574 (0.01616)
2021-10-26 17:21:57,509 Epoch: [6][160/200]	Time 0.492s (0.508s)	Speed 65.0 samples/s	Data 0.001s (0.005s)	Loss 0.01864 (0.01618)
2021-10-26 17:22:02,443 Epoch: [6][170/200]	Time 0.494s (0.507s)	Speed 64.7 samples/s	Data 0.001s (0.004s)	Loss 0.01600 (0.01609)
2021-10-26 17:22:07,369 Epoch: [6][180/200]	Time 0.502s (0.506s)	Speed 63.8 samples/s	Data 0.001s (0.004s)	Loss 0.01186 (0.01612)
2021-10-26 17:22:12,415 Epoch: [6][190/200]	Time 0.501s (0.506s)	Speed 63.9 samples/s	Data 0.001s (0.004s)	Loss 0.01538 (0.01610)
2021-10-26 17:22:37,430 Test: [0/200]	Time 0.565 (0.565)	Loss 0.0752 (0.0752)
2021-10-26 17:22:37,721 Test: [10/200]	Time 0.028 (0.078)	Loss 0.0119 (0.0584)
2021-10-26 17:22:38,011 Test: [20/200]	Time 0.028 (0.055)	Loss 0.0359 (0.0599)
2021-10-26 17:22:38,300 Test: [30/200]	Time 0.028 (0.046)	Loss 0.0767 (0.0625)
2021-10-26 17:22:38,589 Test: [40/200]	Time 0.028 (0.042)	Loss 0.0544 (0.0643)
2021-10-26 17:22:38,880 Test: [50/200]	Time 0.029 (0.040)	Loss 0.0928 (0.0647)
2021-10-26 17:22:39,169 Test: [60/200]	Time 0.029 (0.038)	Loss 0.0746 (0.0661)
2021-10-26 17:22:39,459 Test: [70/200]	Time 0.028 (0.037)	Loss 0.0460 (0.0658)
2021-10-26 17:22:39,753 Test: [80/200]	Time 0.029 (0.036)	Loss 0.0643 (0.0646)
2021-10-26 17:22:40,043 Test: [90/200]	Time 0.029 (0.035)	Loss 0.0782 (0.0664)
2021-10-26 17:22:40,333 Test: [100/200]	Time 0.028 (0.034)	Loss 0.0774 (0.0658)
2021-10-26 17:22:40,629 Test: [110/200]	Time 0.028 (0.034)	Loss 0.1482 (0.0665)
2021-10-26 17:22:40,922 Test: [120/200]	Time 0.028 (0.034)	Loss 0.0622 (0.0652)
2021-10-26 17:22:41,213 Test: [130/200]	Time 0.029 (0.033)	Loss 0.0622 (0.0654)
2021-10-26 17:22:41,503 Test: [140/200]	Time 0.028 (0.033)	Loss 0.0615 (0.0651)
2021-10-26 17:22:41,792 Test: [150/200]	Time 0.028 (0.033)	Loss 0.0609 (0.0643)
2021-10-26 17:22:42,082 Test: [160/200]	Time 0.029 (0.032)	Loss 0.0791 (0.0643)
2021-10-26 17:22:42,375 Test: [170/200]	Time 0.029 (0.032)	Loss 0.0519 (0.0638)
2021-10-26 17:22:42,662 Test: [180/200]	Time 0.028 (0.032)	Loss 0.0444 (0.0634)
2021-10-26 17:22:42,951 Test: [190/200]	Time 0.028 (0.032)	Loss 0.0308 (0.0632)
2021-10-26 17:22:49,025 Mean IoU score: 0.849
2021-10-26 17:22:49,029 => saving checkpoint to out
2021-10-26 17:22:50,212 Epoch: [7][0/200]	Time 1.170s (1.170s)	Speed 27.3 samples/s	Data 0.631s (0.631s)	Loss 0.01452 (0.01452)
2021-10-26 17:22:55,206 Epoch: [7][10/200]	Time 0.503s (0.560s)	Speed 63.7 samples/s	Data 0.001s (0.058s)	Loss 0.01404 (0.01521)
2021-10-26 17:23:00,211 Epoch: [7][20/200]	Time 0.501s (0.532s)	Speed 63.9 samples/s	Data 0.001s (0.031s)	Loss 0.01694 (0.01519)
2021-10-26 17:23:05,224 Epoch: [7][30/200]	Time 0.505s (0.522s)	Speed 63.3 samples/s	Data 0.001s (0.021s)	Loss 0.01518 (0.01473)
2021-10-26 17:23:10,216 Epoch: [7][40/200]	Time 0.499s (0.516s)	Speed 64.1 samples/s	Data 0.001s (0.016s)	Loss 0.01153 (0.01459)
2021-10-26 17:23:15,701 Epoch: [7][50/200]	Time 0.528s (0.523s)	Speed 60.6 samples/s	Data 0.001s (0.013s)	Loss 0.01367 (0.01440)
2021-10-26 17:23:20,771 Epoch: [7][60/200]	Time 0.495s (0.520s)	Speed 64.7 samples/s	Data 0.001s (0.011s)	Loss 0.01287 (0.01428)
2021-10-26 17:23:25,730 Epoch: [7][70/200]	Time 0.495s (0.517s)	Speed 64.6 samples/s	Data 0.001s (0.010s)	Loss 0.01094 (0.01407)
2021-10-26 17:23:30,833 Epoch: [7][80/200]	Time 0.543s (0.516s)	Speed 59.0 samples/s	Data 0.001s (0.008s)	Loss 0.01173 (0.01399)
2021-10-26 17:23:36,079 Epoch: [7][90/200]	Time 0.527s (0.517s)	Speed 60.7 samples/s	Data 0.001s (0.008s)	Loss 0.01588 (0.01384)
2021-10-26 17:23:41,154 Epoch: [7][100/200]	Time 0.507s (0.516s)	Speed 63.1 samples/s	Data 0.001s (0.007s)	Loss 0.01587 (0.01392)
2021-10-26 17:23:46,170 Epoch: [7][110/200]	Time 0.499s (0.515s)	Speed 64.2 samples/s	Data 0.001s (0.006s)	Loss 0.00992 (0.01388)
2021-10-26 17:23:51,188 Epoch: [7][120/200]	Time 0.498s (0.514s)	Speed 64.2 samples/s	Data 0.001s (0.006s)	Loss 0.01340 (0.01399)
2021-10-26 17:23:56,202 Epoch: [7][130/200]	Time 0.498s (0.513s)	Speed 64.3 samples/s	Data 0.001s (0.005s)	Loss 0.01228 (0.01396)
2021-10-26 17:24:01,327 Epoch: [7][140/200]	Time 0.520s (0.513s)	Speed 61.6 samples/s	Data 0.001s (0.005s)	Loss 0.01702 (0.01391)
2021-10-26 17:24:06,527 Epoch: [7][150/200]	Time 0.506s (0.513s)	Speed 63.3 samples/s	Data 0.001s (0.005s)	Loss 0.01140 (0.01384)
2021-10-26 17:24:11,574 Epoch: [7][160/200]	Time 0.502s (0.513s)	Speed 63.7 samples/s	Data 0.001s (0.005s)	Loss 0.01497 (0.01378)
2021-10-26 17:24:16,592 Epoch: [7][170/200]	Time 0.501s (0.512s)	Speed 63.9 samples/s	Data 0.001s (0.004s)	Loss 0.01466 (0.01377)
2021-10-26 17:24:21,777 Epoch: [7][180/200]	Time 0.519s (0.512s)	Speed 61.7 samples/s	Data 0.001s (0.004s)	Loss 0.01213 (0.01376)
2021-10-26 17:24:26,887 Epoch: [7][190/200]	Time 0.504s (0.512s)	Speed 63.5 samples/s	Data 0.001s (0.004s)	Loss 0.01221 (0.01377)
2021-10-26 17:24:52,108 Test: [0/200]	Time 0.564 (0.564)	Loss 0.0821 (0.0821)
2021-10-26 17:24:52,408 Test: [10/200]	Time 0.029 (0.079)	Loss 0.0121 (0.0553)
2021-10-26 17:24:52,705 Test: [20/200]	Time 0.030 (0.055)	Loss 0.0409 (0.0574)
2021-10-26 17:24:53,000 Test: [30/200]	Time 0.029 (0.047)	Loss 0.0818 (0.0611)
2021-10-26 17:24:53,294 Test: [40/200]	Time 0.028 (0.043)	Loss 0.0534 (0.0631)
2021-10-26 17:24:53,589 Test: [50/200]	Time 0.029 (0.040)	Loss 0.0983 (0.0635)
2021-10-26 17:24:53,889 Test: [60/200]	Time 0.029 (0.038)	Loss 0.0912 (0.0651)
2021-10-26 17:24:54,191 Test: [70/200]	Time 0.030 (0.037)	Loss 0.0582 (0.0658)
2021-10-26 17:24:54,493 Test: [80/200]	Time 0.029 (0.036)	Loss 0.0714 (0.0647)
2021-10-26 17:24:54,798 Test: [90/200]	Time 0.030 (0.036)	Loss 0.0780 (0.0662)
2021-10-26 17:24:55,105 Test: [100/200]	Time 0.029 (0.035)	Loss 0.0893 (0.0657)
2021-10-26 17:24:55,419 Test: [110/200]	Time 0.030 (0.035)	Loss 0.1461 (0.0661)
2021-10-26 17:24:55,724 Test: [120/200]	Time 0.030 (0.035)	Loss 0.0650 (0.0647)
2021-10-26 17:24:56,030 Test: [130/200]	Time 0.029 (0.034)	Loss 0.0630 (0.0649)
2021-10-26 17:24:56,334 Test: [140/200]	Time 0.031 (0.034)	Loss 0.0605 (0.0643)
2021-10-26 17:24:56,625 Test: [150/200]	Time 0.029 (0.034)	Loss 0.0623 (0.0633)
2021-10-26 17:24:56,923 Test: [160/200]	Time 0.030 (0.033)	Loss 0.0694 (0.0633)
2021-10-26 17:24:57,222 Test: [170/200]	Time 0.029 (0.033)	Loss 0.0555 (0.0627)
2021-10-26 17:24:57,513 Test: [180/200]	Time 0.028 (0.033)	Loss 0.0426 (0.0623)
2021-10-26 17:24:57,803 Test: [190/200]	Time 0.029 (0.033)	Loss 0.0304 (0.0622)
2021-10-26 17:25:03,868 Mean IoU score: 0.853
2021-10-26 17:25:03,871 => saving checkpoint to out
2021-10-26 17:25:05,059 Epoch: [8][0/200]	Time 1.175s (1.175s)	Speed 27.2 samples/s	Data 0.640s (0.640s)	Loss 0.01177 (0.01177)
2021-10-26 17:25:10,031 Epoch: [8][10/200]	Time 0.498s (0.559s)	Speed 64.3 samples/s	Data 0.001s (0.059s)	Loss 0.01059 (0.01164)
2021-10-26 17:25:15,014 Epoch: [8][20/200]	Time 0.500s (0.530s)	Speed 64.0 samples/s	Data 0.001s (0.031s)	Loss 0.01161 (0.01201)
2021-10-26 17:25:19,963 Epoch: [8][30/200]	Time 0.494s (0.519s)	Speed 64.7 samples/s	Data 0.001s (0.021s)	Loss 0.01137 (0.01193)
2021-10-26 17:25:25,110 Epoch: [8][40/200]	Time 0.530s (0.518s)	Speed 60.3 samples/s	Data 0.001s (0.016s)	Loss 0.00953 (0.01176)
2021-10-26 17:25:30,638 Epoch: [8][50/200]	Time 0.506s (0.525s)	Speed 63.3 samples/s	Data 0.001s (0.013s)	Loss 0.01165 (0.01186)
2021-10-26 17:25:35,918 Epoch: [8][60/200]	Time 0.561s (0.525s)	Speed 57.1 samples/s	Data 0.001s (0.011s)	Loss 0.01305 (0.01178)
2021-10-26 17:25:41,294 Epoch: [8][70/200]	Time 0.518s (0.527s)	Speed 61.8 samples/s	Data 0.001s (0.010s)	Loss 0.01184 (0.01169)
2021-10-26 17:25:46,291 Epoch: [8][80/200]	Time 0.492s (0.524s)	Speed 65.0 samples/s	Data 0.001s (0.009s)	Loss 0.00895 (0.01166)
2021-10-26 17:25:51,466 Epoch: [8][90/200]	Time 0.508s (0.523s)	Speed 63.0 samples/s	Data 0.001s (0.008s)	Loss 0.00950 (0.01153)
2021-10-26 17:25:56,785 Epoch: [8][100/200]	Time 0.509s (0.524s)	Speed 62.9 samples/s	Data 0.000s (0.007s)	Loss 0.01147 (0.01157)
2021-10-26 17:26:02,112 Epoch: [8][110/200]	Time 0.533s (0.525s)	Speed 60.0 samples/s	Data 0.001s (0.006s)	Loss 0.01312 (0.01156)
2021-10-26 17:26:07,248 Epoch: [8][120/200]	Time 0.539s (0.524s)	Speed 59.4 samples/s	Data 0.001s (0.006s)	Loss 0.01173 (0.01160)
2021-10-26 17:26:12,501 Epoch: [8][130/200]	Time 0.521s (0.524s)	Speed 61.4 samples/s	Data 0.001s (0.006s)	Loss 0.00824 (0.01158)
2021-10-26 17:26:17,884 Epoch: [8][140/200]	Time 0.536s (0.525s)	Speed 59.7 samples/s	Data 0.001s (0.005s)	Loss 0.01403 (0.01162)
2021-10-26 17:26:23,122 Epoch: [8][150/200]	Time 0.510s (0.525s)	Speed 62.8 samples/s	Data 0.001s (0.005s)	Loss 0.01048 (0.01158)
2021-10-26 17:26:28,154 Epoch: [8][160/200]	Time 0.496s (0.523s)	Speed 64.5 samples/s	Data 0.001s (0.005s)	Loss 0.01233 (0.01162)
2021-10-26 17:26:33,144 Epoch: [8][170/200]	Time 0.503s (0.522s)	Speed 63.6 samples/s	Data 0.001s (0.004s)	Loss 0.01057 (0.01163)
2021-10-26 17:26:38,519 Epoch: [8][180/200]	Time 0.641s (0.523s)	Speed 50.0 samples/s	Data 0.001s (0.004s)	Loss 0.01438 (0.01164)
2021-10-26 17:26:43,814 Epoch: [8][190/200]	Time 0.537s (0.523s)	Speed 59.6 samples/s	Data 0.001s (0.004s)	Loss 0.01267 (0.01160)
2021-10-26 17:27:09,408 Test: [0/200]	Time 0.592 (0.592)	Loss 0.0656 (0.0656)
2021-10-26 17:27:09,729 Test: [10/200]	Time 0.029 (0.083)	Loss 0.0191 (0.0526)
2021-10-26 17:27:10,028 Test: [20/200]	Time 0.030 (0.058)	Loss 0.0331 (0.0529)
2021-10-26 17:27:10,330 Test: [30/200]	Time 0.029 (0.049)	Loss 0.0761 (0.0567)
2021-10-26 17:27:10,625 Test: [40/200]	Time 0.032 (0.044)	Loss 0.0674 (0.0591)
2021-10-26 17:27:10,977 Test: [50/200]	Time 0.029 (0.042)	Loss 0.0890 (0.0588)
2021-10-26 17:27:11,281 Test: [60/200]	Time 0.029 (0.040)	Loss 0.0821 (0.0608)
2021-10-26 17:27:11,594 Test: [70/200]	Time 0.032 (0.039)	Loss 0.0470 (0.0615)
2021-10-26 17:27:11,900 Test: [80/200]	Time 0.030 (0.038)	Loss 0.0591 (0.0601)
2021-10-26 17:27:12,212 Test: [90/200]	Time 0.031 (0.037)	Loss 0.0799 (0.0619)
2021-10-26 17:27:12,520 Test: [100/200]	Time 0.030 (0.037)	Loss 0.0838 (0.0616)
2021-10-26 17:27:12,827 Test: [110/200]	Time 0.030 (0.036)	Loss 0.1633 (0.0626)
2021-10-26 17:27:13,133 Test: [120/200]	Time 0.029 (0.036)	Loss 0.0680 (0.0612)
2021-10-26 17:27:13,434 Test: [130/200]	Time 0.029 (0.035)	Loss 0.0613 (0.0615)
2021-10-26 17:27:13,739 Test: [140/200]	Time 0.030 (0.035)	Loss 0.0546 (0.0612)
2021-10-26 17:27:14,049 Test: [150/200]	Time 0.031 (0.035)	Loss 0.0750 (0.0605)
2021-10-26 17:27:14,355 Test: [160/200]	Time 0.030 (0.034)	Loss 0.0696 (0.0609)
2021-10-26 17:27:14,669 Test: [170/200]	Time 0.030 (0.034)	Loss 0.0468 (0.0604)
2021-10-26 17:27:14,974 Test: [180/200]	Time 0.029 (0.034)	Loss 0.0373 (0.0600)
2021-10-26 17:27:15,281 Test: [190/200]	Time 0.030 (0.034)	Loss 0.0256 (0.0597)
2021-10-26 17:27:21,394 Mean IoU score: 0.857
2021-10-26 17:27:21,399 => saving checkpoint to out
2021-10-26 17:27:22,740 Epoch: [9][0/200]	Time 1.329s (1.329s)	Speed 24.1 samples/s	Data 0.774s (0.774s)	Loss 0.01144 (0.01144)
2021-10-26 17:27:28,049 Epoch: [9][10/200]	Time 0.503s (0.603s)	Speed 63.6 samples/s	Data 0.001s (0.071s)	Loss 0.01010 (0.01075)
2021-10-26 17:27:33,408 Epoch: [9][20/200]	Time 0.499s (0.571s)	Speed 64.1 samples/s	Data 0.001s (0.037s)	Loss 0.01535 (0.01103)
2021-10-26 17:27:38,980 Epoch: [9][30/200]	Time 0.538s (0.567s)	Speed 59.4 samples/s	Data 0.001s (0.026s)	Loss 0.01008 (0.01110)
2021-10-26 17:27:44,269 Epoch: [9][40/200]	Time 0.564s (0.558s)	Speed 56.8 samples/s	Data 0.001s (0.020s)	Loss 0.01081 (0.01116)
2021-10-26 17:27:49,910 Epoch: [9][50/200]	Time 0.543s (0.559s)	Speed 59.0 samples/s	Data 0.001s (0.016s)	Loss 0.00751 (0.01097)
2021-10-26 17:27:55,223 Epoch: [9][60/200]	Time 0.523s (0.554s)	Speed 61.1 samples/s	Data 0.001s (0.013s)	Loss 0.01161 (0.01084)
2021-10-26 17:28:00,576 Epoch: [9][70/200]	Time 0.527s (0.552s)	Speed 60.7 samples/s	Data 0.001s (0.012s)	Loss 0.01010 (0.01084)
2021-10-26 17:28:05,880 Epoch: [9][80/200]	Time 0.520s (0.549s)	Speed 61.5 samples/s	Data 0.001s (0.010s)	Loss 0.00803 (0.01088)
2021-10-26 17:28:11,236 Epoch: [9][90/200]	Time 0.541s (0.548s)	Speed 59.1 samples/s	Data 0.001s (0.009s)	Loss 0.01106 (0.01080)
2021-10-26 17:28:16,697 Epoch: [9][100/200]	Time 0.566s (0.547s)	Speed 56.6 samples/s	Data 0.001s (0.008s)	Loss 0.01593 (0.01083)
2021-10-26 17:28:22,072 Epoch: [9][110/200]	Time 0.538s (0.546s)	Speed 59.5 samples/s	Data 0.001s (0.008s)	Loss 0.01112 (0.01079)
2021-10-26 17:28:27,440 Epoch: [9][120/200]	Time 0.541s (0.546s)	Speed 59.1 samples/s	Data 0.001s (0.007s)	Loss 0.00930 (0.01071)
2021-10-26 17:28:32,659 Epoch: [9][130/200]	Time 0.530s (0.544s)	Speed 60.4 samples/s	Data 0.001s (0.007s)	Loss 0.00746 (0.01072)
2021-10-26 17:28:37,881 Epoch: [9][140/200]	Time 0.534s (0.542s)	Speed 59.9 samples/s	Data 0.001s (0.006s)	Loss 0.01093 (0.01070)
2021-10-26 17:28:43,246 Epoch: [9][150/200]	Time 0.540s (0.542s)	Speed 59.2 samples/s	Data 0.001s (0.006s)	Loss 0.00866 (0.01067)
2021-10-26 17:28:48,934 Epoch: [9][160/200]	Time 0.585s (0.544s)	Speed 54.7 samples/s	Data 0.001s (0.005s)	Loss 0.01173 (0.01067)
2021-10-26 17:28:54,703 Epoch: [9][170/200]	Time 0.535s (0.546s)	Speed 59.8 samples/s	Data 0.001s (0.005s)	Loss 0.01134 (0.01067)
2021-10-26 17:29:00,056 Epoch: [9][180/200]	Time 0.527s (0.545s)	Speed 60.7 samples/s	Data 0.001s (0.005s)	Loss 0.01086 (0.01069)
2021-10-26 17:29:05,193 Epoch: [9][190/200]	Time 0.502s (0.543s)	Speed 63.8 samples/s	Data 0.001s (0.005s)	Loss 0.00856 (0.01067)
2021-10-26 17:29:30,684 Test: [0/200]	Time 0.740 (0.740)	Loss 0.0760 (0.0760)
2021-10-26 17:29:31,004 Test: [10/200]	Time 0.030 (0.096)	Loss 0.0207 (0.0531)
2021-10-26 17:29:31,314 Test: [20/200]	Time 0.029 (0.065)	Loss 0.0325 (0.0540)
2021-10-26 17:29:31,623 Test: [30/200]	Time 0.030 (0.054)	Loss 0.0648 (0.0571)
2021-10-26 17:29:31,923 Test: [40/200]	Time 0.029 (0.048)	Loss 0.0474 (0.0593)
2021-10-26 17:29:32,229 Test: [50/200]	Time 0.030 (0.045)	Loss 0.0841 (0.0592)
2021-10-26 17:29:32,535 Test: [60/200]	Time 0.030 (0.042)	Loss 0.0657 (0.0602)
2021-10-26 17:29:32,845 Test: [70/200]	Time 0.031 (0.041)	Loss 0.0446 (0.0607)
2021-10-26 17:29:33,152 Test: [80/200]	Time 0.030 (0.040)	Loss 0.0638 (0.0595)
2021-10-26 17:29:33,475 Test: [90/200]	Time 0.034 (0.039)	Loss 0.0727 (0.0615)
2021-10-26 17:29:33,802 Test: [100/200]	Time 0.032 (0.038)	Loss 0.0746 (0.0612)
2021-10-26 17:29:34,125 Test: [110/200]	Time 0.030 (0.038)	Loss 0.1444 (0.0615)
2021-10-26 17:29:34,458 Test: [120/200]	Time 0.033 (0.037)	Loss 0.0541 (0.0601)
2021-10-26 17:29:34,791 Test: [130/200]	Time 0.032 (0.037)	Loss 0.0609 (0.0600)
2021-10-26 17:29:35,090 Test: [140/200]	Time 0.028 (0.036)	Loss 0.0760 (0.0596)
2021-10-26 17:29:35,384 Test: [150/200]	Time 0.028 (0.036)	Loss 0.0515 (0.0587)
2021-10-26 17:29:35,674 Test: [160/200]	Time 0.029 (0.036)	Loss 0.0698 (0.0588)
2021-10-26 17:29:35,971 Test: [170/200]	Time 0.028 (0.035)	Loss 0.0486 (0.0584)
2021-10-26 17:29:36,262 Test: [180/200]	Time 0.028 (0.035)	Loss 0.0386 (0.0580)
2021-10-26 17:29:36,553 Test: [190/200]	Time 0.028 (0.035)	Loss 0.0246 (0.0578)
2021-10-26 17:29:42,643 Mean IoU score: 0.860
2021-10-26 17:29:42,648 => saving checkpoint to out
2021-10-26 17:29:43,980 Epoch: [10][0/200]	Time 1.321s (1.321s)	Speed 24.2 samples/s	Data 0.799s (0.799s)	Loss 0.00817 (0.00817)
2021-10-26 17:29:49,219 Epoch: [10][10/200]	Time 0.596s (0.596s)	Speed 53.7 samples/s	Data 0.001s (0.073s)	Loss 0.00824 (0.00942)
2021-10-26 17:29:54,479 Epoch: [10][20/200]	Time 0.499s (0.563s)	Speed 64.1 samples/s	Data 0.001s (0.039s)	Loss 0.00913 (0.00906)
2021-10-26 17:29:59,490 Epoch: [10][30/200]	Time 0.493s (0.543s)	Speed 64.9 samples/s	Data 0.001s (0.026s)	Loss 0.01030 (0.00926)
2021-10-26 17:30:04,716 Epoch: [10][40/200]	Time 0.536s (0.538s)	Speed 59.7 samples/s	Data 0.001s (0.020s)	Loss 0.00786 (0.00956)
2021-10-26 17:30:09,983 Epoch: [10][50/200]	Time 0.533s (0.536s)	Speed 60.0 samples/s	Data 0.001s (0.016s)	Loss 0.01329 (0.00965)
2021-10-26 17:30:15,242 Epoch: [10][60/200]	Time 0.501s (0.534s)	Speed 63.8 samples/s	Data 0.001s (0.014s)	Loss 0.01356 (0.00974)
2021-10-26 17:30:20,591 Epoch: [10][70/200]	Time 0.571s (0.534s)	Speed 56.0 samples/s	Data 0.001s (0.012s)	Loss 0.00845 (0.00975)
2021-10-26 17:30:26,144 Epoch: [10][80/200]	Time 0.563s (0.537s)	Speed 56.8 samples/s	Data 0.001s (0.010s)	Loss 0.01028 (0.00973)
2021-10-26 17:30:31,534 Epoch: [10][90/200]	Time 0.566s (0.537s)	Speed 56.5 samples/s	Data 0.001s (0.009s)	Loss 0.00851 (0.00972)
2021-10-26 17:30:36,928 Epoch: [10][100/200]	Time 0.541s (0.537s)	Speed 59.1 samples/s	Data 0.001s (0.009s)	Loss 0.00865 (0.00976)
2021-10-26 17:30:42,189 Epoch: [10][110/200]	Time 0.518s (0.536s)	Speed 61.8 samples/s	Data 0.001s (0.008s)	Loss 0.00785 (0.00974)
2021-10-26 17:30:47,925 Epoch: [10][120/200]	Time 0.557s (0.539s)	Speed 57.4 samples/s	Data 0.001s (0.007s)	Loss 0.01035 (0.00980)
2021-10-26 17:30:53,269 Epoch: [10][130/200]	Time 0.524s (0.539s)	Speed 61.0 samples/s	Data 0.001s (0.007s)	Loss 0.00967 (0.00979)
2021-10-26 17:30:58,566 Epoch: [10][140/200]	Time 0.521s (0.538s)	Speed 61.5 samples/s	Data 0.001s (0.006s)	Loss 0.01009 (0.00980)
2021-10-26 17:31:03,820 Epoch: [10][150/200]	Time 0.534s (0.537s)	Speed 59.9 samples/s	Data 0.001s (0.006s)	Loss 0.00906 (0.00977)
2021-10-26 17:31:09,100 Epoch: [10][160/200]	Time 0.534s (0.537s)	Speed 59.9 samples/s	Data 0.001s (0.006s)	Loss 0.00807 (0.00975)
2021-10-26 17:31:14,276 Epoch: [10][170/200]	Time 0.517s (0.536s)	Speed 61.9 samples/s	Data 0.001s (0.005s)	Loss 0.01074 (0.00974)
2021-10-26 17:31:19,503 Epoch: [10][180/200]	Time 0.505s (0.535s)	Speed 63.4 samples/s	Data 0.001s (0.005s)	Loss 0.00848 (0.00969)
2021-10-26 17:31:24,700 Epoch: [10][190/200]	Time 0.526s (0.534s)	Speed 60.9 samples/s	Data 0.001s (0.005s)	Loss 0.01054 (0.00966)
2021-10-26 17:31:50,424 Test: [0/200]	Time 0.967 (0.967)	Loss 0.0866 (0.0866)
2021-10-26 17:31:50,719 Test: [10/200]	Time 0.028 (0.115)	Loss 0.0160 (0.0565)
2021-10-26 17:31:51,012 Test: [20/200]	Time 0.029 (0.074)	Loss 0.0437 (0.0554)
2021-10-26 17:31:51,305 Test: [30/200]	Time 0.028 (0.060)	Loss 0.0680 (0.0584)
2021-10-26 17:31:51,603 Test: [40/200]	Time 0.028 (0.052)	Loss 0.0483 (0.0607)
2021-10-26 17:31:51,902 Test: [50/200]	Time 0.029 (0.048)	Loss 0.0876 (0.0605)
2021-10-26 17:31:52,194 Test: [60/200]	Time 0.029 (0.045)	Loss 0.0922 (0.0624)
2021-10-26 17:31:52,490 Test: [70/200]	Time 0.028 (0.043)	Loss 0.0535 (0.0627)
2021-10-26 17:31:52,792 Test: [80/200]	Time 0.029 (0.041)	Loss 0.0697 (0.0619)
2021-10-26 17:31:53,086 Test: [90/200]	Time 0.029 (0.040)	Loss 0.0738 (0.0635)
2021-10-26 17:31:53,377 Test: [100/200]	Time 0.028 (0.039)	Loss 0.1035 (0.0633)
2021-10-26 17:31:53,684 Test: [110/200]	Time 0.029 (0.038)	Loss 0.1730 (0.0640)
2021-10-26 17:31:53,976 Test: [120/200]	Time 0.029 (0.037)	Loss 0.0588 (0.0627)
2021-10-26 17:31:54,275 Test: [130/200]	Time 0.030 (0.037)	Loss 0.0519 (0.0626)
2021-10-26 17:31:54,579 Test: [140/200]	Time 0.032 (0.036)	Loss 0.0607 (0.0621)
2021-10-26 17:31:54,875 Test: [150/200]	Time 0.029 (0.036)	Loss 0.0568 (0.0611)
2021-10-26 17:31:55,169 Test: [160/200]	Time 0.029 (0.035)	Loss 0.0707 (0.0614)
2021-10-26 17:31:55,477 Test: [170/200]	Time 0.030 (0.035)	Loss 0.0547 (0.0611)
2021-10-26 17:31:55,776 Test: [180/200]	Time 0.029 (0.035)	Loss 0.0410 (0.0607)
2021-10-26 17:31:56,069 Test: [190/200]	Time 0.028 (0.035)	Loss 0.0245 (0.0604)
2021-10-26 17:32:02,183 Mean IoU score: 0.860
2021-10-26 17:32:02,188 => saving checkpoint to out
2021-10-26 17:32:03,645 Epoch: [11][0/200]	Time 1.446s (1.446s)	Speed 22.1 samples/s	Data 0.893s (0.893s)	Loss 0.00756 (0.00756)
2021-10-26 17:32:08,774 Epoch: [11][10/200]	Time 0.503s (0.598s)	Speed 63.6 samples/s	Data 0.001s (0.082s)	Loss 0.00889 (0.00834)
2021-10-26 17:32:13,945 Epoch: [11][20/200]	Time 0.562s (0.559s)	Speed 57.0 samples/s	Data 0.001s (0.043s)	Loss 0.01152 (0.00846)
2021-10-26 17:32:19,099 Epoch: [11][30/200]	Time 0.512s (0.545s)	Speed 62.5 samples/s	Data 0.001s (0.029s)	Loss 0.00875 (0.00866)
2021-10-26 17:32:24,266 Epoch: [11][40/200]	Time 0.561s (0.538s)	Speed 57.0 samples/s	Data 0.001s (0.022s)	Loss 0.01148 (0.00883)
2021-10-26 17:32:29,401 Epoch: [11][50/200]	Time 0.516s (0.533s)	Speed 62.0 samples/s	Data 0.001s (0.018s)	Loss 0.00813 (0.00890)
2021-10-26 17:32:34,584 Epoch: [11][60/200]	Time 0.555s (0.531s)	Speed 57.7 samples/s	Data 0.001s (0.015s)	Loss 0.00989 (0.00897)
2021-10-26 17:32:39,715 Epoch: [11][70/200]	Time 0.516s (0.528s)	Speed 62.1 samples/s	Data 0.001s (0.013s)	Loss 0.00969 (0.00892)
2021-10-26 17:32:44,826 Epoch: [11][80/200]	Time 0.505s (0.526s)	Speed 63.4 samples/s	Data 0.001s (0.012s)	Loss 0.00921 (0.00893)
2021-10-26 17:32:49,917 Epoch: [11][90/200]	Time 0.517s (0.524s)	Speed 61.9 samples/s	Data 0.001s (0.010s)	Loss 0.00864 (0.00895)
2021-10-26 17:32:55,195 Epoch: [11][100/200]	Time 0.541s (0.525s)	Speed 59.2 samples/s	Data 0.001s (0.009s)	Loss 0.00944 (0.00897)
2021-10-26 17:33:00,399 Epoch: [11][110/200]	Time 0.557s (0.524s)	Speed 57.5 samples/s	Data 0.001s (0.009s)	Loss 0.01046 (0.00893)
2021-10-26 17:33:05,757 Epoch: [11][120/200]	Time 0.557s (0.525s)	Speed 57.5 samples/s	Data 0.001s (0.008s)	Loss 0.00848 (0.00895)
2021-10-26 17:33:10,967 Epoch: [11][130/200]	Time 0.508s (0.525s)	Speed 63.0 samples/s	Data 0.001s (0.007s)	Loss 0.00835 (0.00896)
2021-10-26 17:33:16,004 Epoch: [11][140/200]	Time 0.508s (0.523s)	Speed 63.0 samples/s	Data 0.001s (0.007s)	Loss 0.01208 (0.00906)
2021-10-26 17:33:21,018 Epoch: [11][150/200]	Time 0.501s (0.522s)	Speed 63.8 samples/s	Data 0.001s (0.007s)	Loss 0.01073 (0.00906)
2021-10-26 17:33:26,035 Epoch: [11][160/200]	Time 0.502s (0.521s)	Speed 63.8 samples/s	Data 0.001s (0.006s)	Loss 0.00973 (0.00907)
2021-10-26 17:33:31,078 Epoch: [11][170/200]	Time 0.507s (0.520s)	Speed 63.2 samples/s	Data 0.001s (0.006s)	Loss 0.01029 (0.00911)
2021-10-26 17:33:36,125 Epoch: [11][180/200]	Time 0.503s (0.519s)	Speed 63.6 samples/s	Data 0.001s (0.006s)	Loss 0.00758 (0.00910)
2021-10-26 17:33:41,310 Epoch: [11][190/200]	Time 0.543s (0.519s)	Speed 58.9 samples/s	Data 0.001s (0.005s)	Loss 0.00960 (0.00911)
2021-10-26 17:34:06,668 Test: [0/200]	Time 0.658 (0.658)	Loss 0.0647 (0.0647)
2021-10-26 17:34:06,963 Test: [10/200]	Time 0.028 (0.087)	Loss 0.0179 (0.0533)
2021-10-26 17:34:07,255 Test: [20/200]	Time 0.028 (0.059)	Loss 0.0379 (0.0534)
2021-10-26 17:34:07,547 Test: [30/200]	Time 0.028 (0.050)	Loss 0.0820 (0.0579)
2021-10-26 17:34:07,839 Test: [40/200]	Time 0.029 (0.045)	Loss 0.0365 (0.0599)
2021-10-26 17:34:08,131 Test: [50/200]	Time 0.029 (0.042)	Loss 0.0906 (0.0600)
2021-10-26 17:34:08,423 Test: [60/200]	Time 0.028 (0.040)	Loss 0.0784 (0.0631)
2021-10-26 17:34:08,714 Test: [70/200]	Time 0.028 (0.038)	Loss 0.0453 (0.0635)
2021-10-26 17:34:09,006 Test: [80/200]	Time 0.028 (0.037)	Loss 0.0643 (0.0626)
2021-10-26 17:34:09,298 Test: [90/200]	Time 0.028 (0.036)	Loss 0.0766 (0.0639)
2021-10-26 17:34:09,590 Test: [100/200]	Time 0.029 (0.035)	Loss 0.0966 (0.0639)
2021-10-26 17:34:09,883 Test: [110/200]	Time 0.028 (0.035)	Loss 0.1619 (0.0644)
2021-10-26 17:34:10,188 Test: [120/200]	Time 0.030 (0.035)	Loss 0.0820 (0.0630)
2021-10-26 17:34:10,505 Test: [130/200]	Time 0.030 (0.034)	Loss 0.0641 (0.0631)
2021-10-26 17:34:10,801 Test: [140/200]	Time 0.029 (0.034)	Loss 0.0613 (0.0625)
2021-10-26 17:34:11,096 Test: [150/200]	Time 0.028 (0.034)	Loss 0.0514 (0.0614)
2021-10-26 17:34:11,389 Test: [160/200]	Time 0.029 (0.033)	Loss 0.0878 (0.0616)
2021-10-26 17:34:11,680 Test: [170/200]	Time 0.028 (0.033)	Loss 0.0571 (0.0609)
2021-10-26 17:34:11,971 Test: [180/200]	Time 0.028 (0.033)	Loss 0.0383 (0.0605)
2021-10-26 17:34:12,270 Test: [190/200]	Time 0.029 (0.033)	Loss 0.0248 (0.0604)
2021-10-26 17:34:18,292 Mean IoU score: 0.857
2021-10-26 17:34:18,296 => saving checkpoint to out
2021-10-26 17:34:19,898 Epoch: [12][0/200]	Time 1.593s (1.593s)	Speed 20.1 samples/s	Data 0.999s (0.999s)	Loss 0.01071 (0.01071)
2021-10-26 17:34:24,854 Epoch: [12][10/200]	Time 0.497s (0.595s)	Speed 64.4 samples/s	Data 0.001s (0.091s)	Loss 0.01045 (0.01006)
2021-10-26 17:34:29,858 Epoch: [12][20/200]	Time 0.521s (0.550s)	Speed 61.4 samples/s	Data 0.001s (0.048s)	Loss 0.01041 (0.00909)
2021-10-26 17:34:35,271 Epoch: [12][30/200]	Time 0.512s (0.547s)	Speed 62.5 samples/s	Data 0.001s (0.033s)	Loss 0.00911 (0.00896)
2021-10-26 17:34:40,458 Epoch: [12][40/200]	Time 0.536s (0.540s)	Speed 59.7 samples/s	Data 0.001s (0.025s)	Loss 0.00871 (0.00892)
2021-10-26 17:34:45,695 Epoch: [12][50/200]	Time 0.504s (0.537s)	Speed 63.5 samples/s	Data 0.001s (0.020s)	Loss 0.00830 (0.00881)
2021-10-26 17:34:50,729 Epoch: [12][60/200]	Time 0.502s (0.532s)	Speed 63.8 samples/s	Data 0.001s (0.017s)	Loss 0.00689 (0.00874)
2021-10-26 17:34:55,748 Epoch: [12][70/200]	Time 0.501s (0.527s)	Speed 63.9 samples/s	Data 0.001s (0.015s)	Loss 0.01006 (0.00875)
2021-10-26 17:35:00,776 Epoch: [12][80/200]	Time 0.502s (0.524s)	Speed 63.8 samples/s	Data 0.001s (0.013s)	Loss 0.00946 (0.00883)
2021-10-26 17:35:05,901 Epoch: [12][90/200]	Time 0.524s (0.523s)	Speed 61.1 samples/s	Data 0.001s (0.012s)	Loss 0.00716 (0.00884)
2021-10-26 17:35:11,349 Epoch: [12][100/200]	Time 0.510s (0.525s)	Speed 62.7 samples/s	Data 0.001s (0.011s)	Loss 0.00881 (0.00880)
2021-10-26 17:35:16,629 Epoch: [12][110/200]	Time 0.567s (0.525s)	Speed 56.5 samples/s	Data 0.001s (0.010s)	Loss 0.00746 (0.00885)
2021-10-26 17:35:21,730 Epoch: [12][120/200]	Time 0.505s (0.524s)	Speed 63.3 samples/s	Data 0.001s (0.009s)	Loss 0.00776 (0.00883)
2021-10-26 17:35:26,936 Epoch: [12][130/200]	Time 0.508s (0.524s)	Speed 63.0 samples/s	Data 0.001s (0.008s)	Loss 0.00907 (0.00884)
2021-10-26 17:35:31,994 Epoch: [12][140/200]	Time 0.505s (0.523s)	Speed 63.4 samples/s	Data 0.001s (0.008s)	Loss 0.00888 (0.00886)
2021-10-26 17:35:37,118 Epoch: [12][150/200]	Time 0.508s (0.522s)	Speed 62.9 samples/s	Data 0.001s (0.007s)	Loss 0.00909 (0.00886)
2021-10-26 17:35:42,277 Epoch: [12][160/200]	Time 0.512s (0.522s)	Speed 62.4 samples/s	Data 0.001s (0.007s)	Loss 0.01067 (0.00884)
2021-10-26 17:35:47,361 Epoch: [12][170/200]	Time 0.517s (0.521s)	Speed 61.9 samples/s	Data 0.001s (0.006s)	Loss 0.00716 (0.00885)
2021-10-26 17:35:52,720 Epoch: [12][180/200]	Time 0.529s (0.522s)	Speed 60.5 samples/s	Data 0.001s (0.006s)	Loss 0.00712 (0.00882)
2021-10-26 17:35:57,802 Epoch: [12][190/200]	Time 0.501s (0.521s)	Speed 63.8 samples/s	Data 0.001s (0.006s)	Loss 0.00751 (0.00878)
2021-10-26 17:36:23,354 Test: [0/200]	Time 0.952 (0.952)	Loss 0.0829 (0.0829)
2021-10-26 17:36:23,649 Test: [10/200]	Time 0.028 (0.113)	Loss 0.0068 (0.0563)
2021-10-26 17:36:23,947 Test: [20/200]	Time 0.029 (0.074)	Loss 0.0385 (0.0599)
2021-10-26 17:36:24,242 Test: [30/200]	Time 0.028 (0.059)	Loss 0.0660 (0.0645)
2021-10-26 17:36:24,536 Test: [40/200]	Time 0.028 (0.052)	Loss 0.0538 (0.0668)
2021-10-26 17:36:24,828 Test: [50/200]	Time 0.029 (0.048)	Loss 0.0985 (0.0671)
2021-10-26 17:36:25,121 Test: [60/200]	Time 0.029 (0.045)	Loss 0.0640 (0.0679)
2021-10-26 17:36:25,415 Test: [70/200]	Time 0.028 (0.042)	Loss 0.0489 (0.0686)
2021-10-26 17:36:25,707 Test: [80/200]	Time 0.028 (0.041)	Loss 0.0583 (0.0667)
2021-10-26 17:36:26,001 Test: [90/200]	Time 0.029 (0.040)	Loss 0.0972 (0.0685)
2021-10-26 17:36:26,294 Test: [100/200]	Time 0.028 (0.039)	Loss 0.0972 (0.0688)
2021-10-26 17:36:26,586 Test: [110/200]	Time 0.028 (0.038)	Loss 0.1873 (0.0698)
2021-10-26 17:36:26,879 Test: [120/200]	Time 0.029 (0.037)	Loss 0.0793 (0.0680)
2021-10-26 17:36:27,176 Test: [130/200]	Time 0.029 (0.036)	Loss 0.0569 (0.0676)
2021-10-26 17:36:27,468 Test: [140/200]	Time 0.029 (0.036)	Loss 0.0730 (0.0668)
2021-10-26 17:36:27,763 Test: [150/200]	Time 0.029 (0.035)	Loss 0.0483 (0.0652)
2021-10-26 17:36:28,059 Test: [160/200]	Time 0.029 (0.035)	Loss 0.0839 (0.0652)
2021-10-26 17:36:28,352 Test: [170/200]	Time 0.028 (0.035)	Loss 0.1181 (0.0649)
2021-10-26 17:36:28,644 Test: [180/200]	Time 0.028 (0.034)	Loss 0.0562 (0.0643)
2021-10-26 17:36:28,940 Test: [190/200]	Time 0.029 (0.034)	Loss 0.0253 (0.0641)
2021-10-26 17:36:34,955 Mean IoU score: 0.851
2021-10-26 17:36:34,960 => saving checkpoint to out
2021-10-26 17:36:36,275 Epoch: [13][0/200]	Time 1.306s (1.306s)	Speed 24.5 samples/s	Data 0.777s (0.777s)	Loss 0.00577 (0.00577)
2021-10-26 17:36:41,279 Epoch: [13][10/200]	Time 0.542s (0.574s)	Speed 59.0 samples/s	Data 0.001s (0.071s)	Loss 0.00717 (0.00869)
2021-10-26 17:36:46,606 Epoch: [13][20/200]	Time 0.550s (0.554s)	Speed 58.2 samples/s	Data 0.001s (0.038s)	Loss 0.00607 (0.00826)
2021-10-26 17:36:51,910 Epoch: [13][30/200]	Time 0.519s (0.547s)	Speed 61.6 samples/s	Data 0.001s (0.026s)	Loss 0.00775 (0.00832)
2021-10-26 17:36:57,292 Epoch: [13][40/200]	Time 0.565s (0.544s)	Speed 56.7 samples/s	Data 0.001s (0.020s)	Loss 0.00897 (0.00833)
2021-10-26 17:37:02,892 Epoch: [13][50/200]	Time 0.518s (0.548s)	Speed 61.8 samples/s	Data 0.001s (0.016s)	Loss 0.00945 (0.00822)
2021-10-26 17:37:08,228 Epoch: [13][60/200]	Time 0.539s (0.545s)	Speed 59.4 samples/s	Data 0.001s (0.013s)	Loss 0.01065 (0.00823)
2021-10-26 17:37:13,741 Epoch: [13][70/200]	Time 0.552s (0.546s)	Speed 57.9 samples/s	Data 0.001s (0.012s)	Loss 0.01012 (0.00834)
2021-10-26 17:37:19,240 Epoch: [13][80/200]	Time 0.533s (0.547s)	Speed 60.1 samples/s	Data 0.001s (0.010s)	Loss 0.01287 (0.00866)
2021-10-26 17:37:24,289 Epoch: [13][90/200]	Time 0.501s (0.542s)	Speed 63.8 samples/s	Data 0.001s (0.009s)	Loss 0.01689 (0.00902)
2021-10-26 17:37:29,297 Epoch: [13][100/200]	Time 0.504s (0.538s)	Speed 63.5 samples/s	Data 0.001s (0.008s)	Loss 0.01041 (0.00938)
2021-10-26 17:37:34,271 Epoch: [13][110/200]	Time 0.500s (0.534s)	Speed 64.0 samples/s	Data 0.001s (0.008s)	Loss 0.01827 (0.01004)
2021-10-26 17:37:39,282 Epoch: [13][120/200]	Time 0.500s (0.532s)	Speed 64.0 samples/s	Data 0.001s (0.007s)	Loss 0.02082 (0.01105)
2021-10-26 17:37:44,321 Epoch: [13][130/200]	Time 0.504s (0.529s)	Speed 63.6 samples/s	Data 0.001s (0.007s)	Loss 0.03474 (0.01198)
2021-10-26 17:37:49,337 Epoch: [13][140/200]	Time 0.502s (0.527s)	Speed 63.8 samples/s	Data 0.001s (0.006s)	Loss 0.01632 (0.01262)
2021-10-26 17:37:54,589 Epoch: [13][150/200]	Time 0.505s (0.527s)	Speed 63.4 samples/s	Data 0.001s (0.006s)	Loss 0.01815 (0.01309)
2021-10-26 17:37:59,841 Epoch: [13][160/200]	Time 0.525s (0.527s)	Speed 61.0 samples/s	Data 0.001s (0.005s)	Loss 0.01731 (0.01351)
2021-10-26 17:38:05,151 Epoch: [13][170/200]	Time 0.538s (0.527s)	Speed 59.5 samples/s	Data 0.001s (0.005s)	Loss 0.02607 (0.01389)
2021-10-26 17:38:10,328 Epoch: [13][180/200]	Time 0.501s (0.527s)	Speed 63.9 samples/s	Data 0.001s (0.005s)	Loss 0.02269 (0.01427)
2021-10-26 17:38:15,432 Epoch: [13][190/200]	Time 0.532s (0.526s)	Speed 60.1 samples/s	Data 0.001s (0.005s)	Loss 0.02596 (0.01451)
2021-10-26 17:38:41,259 Test: [0/200]	Time 0.955 (0.955)	Loss 0.0686 (0.0686)
2021-10-26 17:38:41,559 Test: [10/200]	Time 0.029 (0.114)	Loss 0.0139 (0.0640)
2021-10-26 17:38:41,864 Test: [20/200]	Time 0.030 (0.074)	Loss 0.0487 (0.0685)
2021-10-26 17:38:42,165 Test: [30/200]	Time 0.029 (0.060)	Loss 0.0764 (0.0737)
2021-10-26 17:38:42,461 Test: [40/200]	Time 0.028 (0.053)	Loss 0.0687 (0.0774)
2021-10-26 17:38:42,751 Test: [50/200]	Time 0.029 (0.048)	Loss 0.1081 (0.0759)
2021-10-26 17:38:43,044 Test: [60/200]	Time 0.029 (0.045)	Loss 0.0665 (0.0777)
2021-10-26 17:38:43,346 Test: [70/200]	Time 0.029 (0.043)	Loss 0.1342 (0.0805)
2021-10-26 17:38:43,644 Test: [80/200]	Time 0.029 (0.041)	Loss 0.0665 (0.0788)
2021-10-26 17:38:43,940 Test: [90/200]	Time 0.028 (0.040)	Loss 0.0921 (0.0803)
2021-10-26 17:38:44,236 Test: [100/200]	Time 0.031 (0.039)	Loss 0.1026 (0.0794)
2021-10-26 17:38:44,532 Test: [110/200]	Time 0.028 (0.038)	Loss 0.2062 (0.0804)
2021-10-26 17:38:44,824 Test: [120/200]	Time 0.029 (0.037)	Loss 0.0814 (0.0790)
2021-10-26 17:38:45,119 Test: [130/200]	Time 0.030 (0.037)	Loss 0.0762 (0.0794)
2021-10-26 17:38:45,426 Test: [140/200]	Time 0.031 (0.036)	Loss 0.0701 (0.0787)
2021-10-26 17:38:45,734 Test: [150/200]	Time 0.029 (0.036)	Loss 0.0640 (0.0779)
2021-10-26 17:38:46,027 Test: [160/200]	Time 0.029 (0.036)	Loss 0.1021 (0.0779)
2021-10-26 17:38:46,320 Test: [170/200]	Time 0.028 (0.035)	Loss 0.0681 (0.0776)
2021-10-26 17:38:46,612 Test: [180/200]	Time 0.028 (0.035)	Loss 0.0389 (0.0767)
2021-10-26 17:38:46,904 Test: [190/200]	Time 0.029 (0.035)	Loss 0.0543 (0.0765)
2021-10-26 17:38:52,991 Mean IoU score: 0.814
2021-10-26 17:38:52,996 => saving checkpoint to out
2021-10-26 17:38:54,391 Epoch: [14][0/200]	Time 1.385s (1.385s)	Speed 23.1 samples/s	Data 0.816s (0.816s)	Loss 0.01419 (0.01419)
2021-10-26 17:38:59,583 Epoch: [14][10/200]	Time 0.558s (0.598s)	Speed 57.3 samples/s	Data 0.001s (0.075s)	Loss 0.01134 (0.01546)
2021-10-26 17:39:04,964 Epoch: [14][20/200]	Time 0.540s (0.569s)	Speed 59.3 samples/s	Data 0.001s (0.039s)	Loss 0.01303 (0.01631)
2021-10-26 17:39:10,172 Epoch: [14][30/200]	Time 0.498s (0.554s)	Speed 64.3 samples/s	Data 0.001s (0.027s)	Loss 0.01516 (0.01635)
2021-10-26 17:39:15,262 Epoch: [14][40/200]	Time 0.497s (0.543s)	Speed 64.4 samples/s	Data 0.001s (0.021s)	Loss 0.01164 (0.01616)
2021-10-26 17:39:20,308 Epoch: [14][50/200]	Time 0.499s (0.535s)	Speed 64.1 samples/s	Data 0.001s (0.017s)	Loss 0.01735 (0.01598)
2021-10-26 17:39:25,323 Epoch: [14][60/200]	Time 0.500s (0.530s)	Speed 64.0 samples/s	Data 0.001s (0.014s)	Loss 0.01020 (0.01558)
2021-10-26 17:39:30,524 Epoch: [14][70/200]	Time 0.516s (0.528s)	Speed 62.0 samples/s	Data 0.001s (0.012s)	Loss 0.01137 (0.01532)
2021-10-26 17:39:35,740 Epoch: [14][80/200]	Time 0.540s (0.528s)	Speed 59.2 samples/s	Data 0.001s (0.011s)	Loss 0.01357 (0.01493)
2021-10-26 17:39:41,089 Epoch: [14][90/200]	Time 0.510s (0.528s)	Speed 62.7 samples/s	Data 0.001s (0.010s)	Loss 0.01717 (0.01499)
2021-10-26 17:39:46,147 Epoch: [14][100/200]	Time 0.503s (0.526s)	Speed 63.6 samples/s	Data 0.001s (0.009s)	Loss 0.01824 (0.01502)
2021-10-26 17:39:51,413 Epoch: [14][110/200]	Time 0.553s (0.526s)	Speed 57.9 samples/s	Data 0.001s (0.008s)	Loss 0.00989 (0.01503)
2021-10-26 17:39:56,706 Epoch: [14][120/200]	Time 0.507s (0.526s)	Speed 63.2 samples/s	Data 0.001s (0.007s)	Loss 0.01281 (0.01503)
2021-10-26 17:40:01,855 Epoch: [14][130/200]	Time 0.532s (0.526s)	Speed 60.2 samples/s	Data 0.001s (0.007s)	Loss 0.01105 (0.01487)
2021-10-26 17:40:07,095 Epoch: [14][140/200]	Time 0.512s (0.525s)	Speed 62.5 samples/s	Data 0.001s (0.006s)	Loss 0.01095 (0.01486)
2021-10-26 17:40:12,355 Epoch: [14][150/200]	Time 0.509s (0.525s)	Speed 62.9 samples/s	Data 0.001s (0.006s)	Loss 0.01202 (0.01480)
2021-10-26 17:40:17,395 Epoch: [14][160/200]	Time 0.510s (0.524s)	Speed 62.8 samples/s	Data 0.001s (0.006s)	Loss 0.01489 (0.01477)
2021-10-26 17:40:22,454 Epoch: [14][170/200]	Time 0.501s (0.523s)	Speed 63.9 samples/s	Data 0.001s (0.005s)	Loss 0.01407 (0.01471)
2021-10-26 17:40:27,486 Epoch: [14][180/200]	Time 0.504s (0.522s)	Speed 63.5 samples/s	Data 0.001s (0.005s)	Loss 0.01167 (0.01457)
2021-10-26 17:40:32,509 Epoch: [14][190/200]	Time 0.507s (0.521s)	Speed 63.1 samples/s	Data 0.001s (0.005s)	Loss 0.01106 (0.01446)
2021-10-26 17:40:57,732 Test: [0/200]	Time 0.693 (0.693)	Loss 0.0530 (0.0530)
2021-10-26 17:40:58,027 Test: [10/200]	Time 0.028 (0.090)	Loss 0.0078 (0.0637)
2021-10-26 17:40:58,321 Test: [20/200]	Time 0.028 (0.061)	Loss 0.0304 (0.0648)
2021-10-26 17:40:58,615 Test: [30/200]	Time 0.029 (0.051)	Loss 0.1319 (0.0703)
2021-10-26 17:40:58,912 Test: [40/200]	Time 0.029 (0.046)	Loss 0.0921 (0.0735)
2021-10-26 17:40:59,206 Test: [50/200]	Time 0.029 (0.042)	Loss 0.1140 (0.0732)
2021-10-26 17:40:59,503 Test: [60/200]	Time 0.028 (0.040)	Loss 0.1021 (0.0757)
2021-10-26 17:40:59,798 Test: [70/200]	Time 0.029 (0.039)	Loss 0.0791 (0.0770)
2021-10-26 17:41:00,093 Test: [80/200]	Time 0.029 (0.038)	Loss 0.0718 (0.0757)
2021-10-26 17:41:00,388 Test: [90/200]	Time 0.029 (0.037)	Loss 0.1015 (0.0763)
2021-10-26 17:41:00,682 Test: [100/200]	Time 0.028 (0.036)	Loss 0.1017 (0.0760)
2021-10-26 17:41:00,976 Test: [110/200]	Time 0.029 (0.035)	Loss 0.1782 (0.0768)
2021-10-26 17:41:01,282 Test: [120/200]	Time 0.029 (0.035)	Loss 0.0964 (0.0755)
2021-10-26 17:41:01,578 Test: [130/200]	Time 0.028 (0.035)	Loss 0.0938 (0.0763)
2021-10-26 17:41:01,871 Test: [140/200]	Time 0.029 (0.034)	Loss 0.0479 (0.0754)
2021-10-26 17:41:02,164 Test: [150/200]	Time 0.028 (0.034)	Loss 0.0851 (0.0737)
2021-10-26 17:41:02,461 Test: [160/200]	Time 0.029 (0.034)	Loss 0.0683 (0.0732)
2021-10-26 17:41:02,754 Test: [170/200]	Time 0.028 (0.033)	Loss 0.0514 (0.0724)
2021-10-26 17:41:03,052 Test: [180/200]	Time 0.030 (0.033)	Loss 0.0477 (0.0714)
2021-10-26 17:41:03,346 Test: [190/200]	Time 0.029 (0.033)	Loss 0.0361 (0.0708)
2021-10-26 17:41:09,375 Mean IoU score: 0.827
2021-10-26 17:41:09,380 => saving checkpoint to out
2021-10-26 17:41:10,804 Epoch: [15][0/200]	Time 1.415s (1.415s)	Speed 22.6 samples/s	Data 0.838s (0.838s)	Loss 0.00933 (0.00933)
2021-10-26 17:41:15,724 Epoch: [15][10/200]	Time 0.492s (0.576s)	Speed 65.0 samples/s	Data 0.001s (0.077s)	Loss 0.01195 (0.01113)
2021-10-26 17:41:20,634 Epoch: [15][20/200]	Time 0.490s (0.536s)	Speed 65.3 samples/s	Data 0.001s (0.040s)	Loss 0.01103 (0.01107)
2021-10-26 17:41:25,555 Epoch: [15][30/200]	Time 0.489s (0.522s)	Speed 65.4 samples/s	Data 0.001s (0.028s)	Loss 0.01172 (0.01125)
2021-10-26 17:41:30,472 Epoch: [15][40/200]	Time 0.492s (0.514s)	Speed 65.0 samples/s	Data 0.001s (0.021s)	Loss 0.01338 (0.01114)
2021-10-26 17:41:35,416 Epoch: [15][50/200]	Time 0.498s (0.510s)	Speed 64.3 samples/s	Data 0.001s (0.017s)	Loss 0.01538 (0.01112)
2021-10-26 17:41:40,549 Epoch: [15][60/200]	Time 0.561s (0.511s)	Speed 57.0 samples/s	Data 0.001s (0.014s)	Loss 0.00943 (0.01122)
2021-10-26 17:41:45,784 Epoch: [15][70/200]	Time 0.527s (0.513s)	Speed 60.7 samples/s	Data 0.001s (0.012s)	Loss 0.00853 (0.01118)
2021-10-26 17:41:51,043 Epoch: [15][80/200]	Time 0.524s (0.514s)	Speed 61.1 samples/s	Data 0.001s (0.011s)	Loss 0.00968 (0.01099)
2021-10-26 17:41:56,292 Epoch: [15][90/200]	Time 0.521s (0.515s)	Speed 61.4 samples/s	Data 0.001s (0.010s)	Loss 0.00922 (0.01094)
2021-10-26 17:42:01,422 Epoch: [15][100/200]	Time 0.527s (0.515s)	Speed 60.8 samples/s	Data 0.001s (0.009s)	Loss 0.01239 (0.01090)
2021-10-26 17:42:06,789 Epoch: [15][110/200]	Time 0.552s (0.517s)	Speed 57.9 samples/s	Data 0.001s (0.008s)	Loss 0.00697 (0.01082)
2021-10-26 17:42:12,125 Epoch: [15][120/200]	Time 0.513s (0.518s)	Speed 62.4 samples/s	Data 0.001s (0.008s)	Loss 0.01017 (0.01076)
2021-10-26 17:42:17,462 Epoch: [15][130/200]	Time 0.526s (0.520s)	Speed 60.8 samples/s	Data 0.001s (0.007s)	Loss 0.00893 (0.01063)
2021-10-26 17:42:22,637 Epoch: [15][140/200]	Time 0.509s (0.519s)	Speed 62.9 samples/s	Data 0.001s (0.007s)	Loss 0.01467 (0.01060)
2021-10-26 17:42:27,701 Epoch: [15][150/200]	Time 0.511s (0.519s)	Speed 62.7 samples/s	Data 0.001s (0.006s)	Loss 0.01289 (0.01059)
2021-10-26 17:42:32,982 Epoch: [15][160/200]	Time 0.513s (0.519s)	Speed 62.4 samples/s	Data 0.001s (0.006s)	Loss 0.01077 (0.01054)
2021-10-26 17:42:38,185 Epoch: [15][170/200]	Time 0.535s (0.519s)	Speed 59.8 samples/s	Data 0.001s (0.006s)	Loss 0.00692 (0.01047)
2021-10-26 17:42:43,553 Epoch: [15][180/200]	Time 0.533s (0.520s)	Speed 60.0 samples/s	Data 0.001s (0.005s)	Loss 0.00892 (0.01041)
2021-10-26 17:42:48,763 Epoch: [15][190/200]	Time 0.516s (0.520s)	Speed 62.0 samples/s	Data 0.001s (0.005s)	Loss 0.00756 (0.01034)
2021-10-26 17:43:14,046 Test: [0/200]	Time 0.716 (0.716)	Loss 0.0488 (0.0488)
2021-10-26 17:43:14,339 Test: [10/200]	Time 0.028 (0.092)	Loss 0.0065 (0.0502)
2021-10-26 17:43:14,634 Test: [20/200]	Time 0.028 (0.062)	Loss 0.0294 (0.0507)
2021-10-26 17:43:14,928 Test: [30/200]	Time 0.029 (0.052)	Loss 0.0637 (0.0564)
2021-10-26 17:43:15,221 Test: [40/200]	Time 0.028 (0.046)	Loss 0.0662 (0.0591)
2021-10-26 17:43:15,516 Test: [50/200]	Time 0.029 (0.043)	Loss 0.1007 (0.0598)
2021-10-26 17:43:15,808 Test: [60/200]	Time 0.028 (0.041)	Loss 0.0706 (0.0614)
2021-10-26 17:43:16,102 Test: [70/200]	Time 0.028 (0.039)	Loss 0.0472 (0.0631)
2021-10-26 17:43:16,394 Test: [80/200]	Time 0.028 (0.038)	Loss 0.0533 (0.0619)
2021-10-26 17:43:16,689 Test: [90/200]	Time 0.028 (0.037)	Loss 0.0773 (0.0629)
2021-10-26 17:43:16,984 Test: [100/200]	Time 0.029 (0.036)	Loss 0.0796 (0.0624)
2021-10-26 17:43:17,277 Test: [110/200]	Time 0.029 (0.036)	Loss 0.1551 (0.0636)
2021-10-26 17:43:17,571 Test: [120/200]	Time 0.029 (0.035)	Loss 0.0750 (0.0621)
2021-10-26 17:43:17,864 Test: [130/200]	Time 0.029 (0.035)	Loss 0.0566 (0.0622)
2021-10-26 17:43:18,157 Test: [140/200]	Time 0.029 (0.034)	Loss 0.0535 (0.0615)
2021-10-26 17:43:18,450 Test: [150/200]	Time 0.029 (0.034)	Loss 0.0714 (0.0603)
2021-10-26 17:43:18,743 Test: [160/200]	Time 0.029 (0.034)	Loss 0.0856 (0.0604)
2021-10-26 17:43:19,036 Test: [170/200]	Time 0.028 (0.033)	Loss 0.0407 (0.0597)
2021-10-26 17:43:19,328 Test: [180/200]	Time 0.028 (0.033)	Loss 0.0351 (0.0593)
2021-10-26 17:43:19,620 Test: [190/200]	Time 0.029 (0.033)	Loss 0.0263 (0.0590)
2021-10-26 17:43:25,711 Mean IoU score: 0.862
2021-10-26 17:43:25,716 => saving checkpoint to out
2021-10-26 17:43:27,317 Epoch: [16][0/200]	Time 1.589s (1.589s)	Speed 20.1 samples/s	Data 0.971s (0.971s)	Loss 0.00735 (0.00735)
2021-10-26 17:43:32,696 Epoch: [16][10/200]	Time 0.647s (0.633s)	Speed 49.5 samples/s	Data 0.001s (0.089s)	Loss 0.00870 (0.00859)
2021-10-26 17:43:37,864 Epoch: [16][20/200]	Time 0.531s (0.578s)	Speed 60.3 samples/s	Data 0.001s (0.047s)	Loss 0.00908 (0.00890)
2021-10-26 17:43:43,068 Epoch: [16][30/200]	Time 0.510s (0.559s)	Speed 62.7 samples/s	Data 0.001s (0.032s)	Loss 0.00796 (0.00873)
2021-10-26 17:43:48,174 Epoch: [16][40/200]	Time 0.497s (0.547s)	Speed 64.4 samples/s	Data 0.001s (0.024s)	Loss 0.00834 (0.00856)
2021-10-26 17:43:53,333 Epoch: [16][50/200]	Time 0.510s (0.541s)	Speed 62.7 samples/s	Data 0.001s (0.020s)	Loss 0.00999 (0.00845)
2021-10-26 17:43:58,673 Epoch: [16][60/200]	Time 0.507s (0.540s)	Speed 63.1 samples/s	Data 0.001s (0.017s)	Loss 0.00925 (0.00839)
2021-10-26 17:44:03,877 Epoch: [16][70/200]	Time 0.542s (0.537s)	Speed 59.0 samples/s	Data 0.001s (0.014s)	Loss 0.00816 (0.00839)
2021-10-26 17:44:09,069 Epoch: [16][80/200]	Time 0.504s (0.535s)	Speed 63.4 samples/s	Data 0.001s (0.013s)	Loss 0.00538 (0.00826)
2021-10-26 17:44:14,120 Epoch: [16][90/200]	Time 0.504s (0.532s)	Speed 63.5 samples/s	Data 0.001s (0.011s)	Loss 0.00980 (0.00836)
2021-10-26 17:44:19,278 Epoch: [16][100/200]	Time 0.552s (0.530s)	Speed 57.9 samples/s	Data 0.001s (0.010s)	Loss 0.00969 (0.00838)
2021-10-26 17:44:24,460 Epoch: [16][110/200]	Time 0.504s (0.529s)	Speed 63.5 samples/s	Data 0.001s (0.009s)	Loss 0.00770 (0.00835)
2021-10-26 17:44:29,526 Epoch: [16][120/200]	Time 0.501s (0.527s)	Speed 63.9 samples/s	Data 0.001s (0.009s)	Loss 0.01008 (0.00837)
2021-10-26 17:44:34,552 Epoch: [16][130/200]	Time 0.504s (0.525s)	Speed 63.6 samples/s	Data 0.001s (0.008s)	Loss 0.00719 (0.00830)
2021-10-26 17:44:39,562 Epoch: [16][140/200]	Time 0.502s (0.524s)	Speed 63.7 samples/s	Data 0.001s (0.008s)	Loss 0.00861 (0.00827)
2021-10-26 17:44:44,580 Epoch: [16][150/200]	Time 0.502s (0.522s)	Speed 63.8 samples/s	Data 0.001s (0.007s)	Loss 0.00800 (0.00823)
2021-10-26 17:44:49,633 Epoch: [16][160/200]	Time 0.504s (0.521s)	Speed 63.5 samples/s	Data 0.001s (0.007s)	Loss 0.00706 (0.00821)
2021-10-26 17:44:54,655 Epoch: [16][170/200]	Time 0.505s (0.520s)	Speed 63.3 samples/s	Data 0.001s (0.006s)	Loss 0.00984 (0.00822)
2021-10-26 17:44:59,666 Epoch: [16][180/200]	Time 0.500s (0.519s)	Speed 64.0 samples/s	Data 0.001s (0.006s)	Loss 0.00720 (0.00816)
2021-10-26 17:45:04,703 Epoch: [16][190/200]	Time 0.506s (0.518s)	Speed 63.3 samples/s	Data 0.001s (0.006s)	Loss 0.00836 (0.00815)
2021-10-26 17:45:30,197 Test: [0/200]	Time 0.869 (0.869)	Loss 0.0572 (0.0572)
2021-10-26 17:45:30,514 Test: [10/200]	Time 0.030 (0.108)	Loss 0.0063 (0.0499)
2021-10-26 17:45:30,829 Test: [20/200]	Time 0.030 (0.071)	Loss 0.0333 (0.0512)
2021-10-26 17:45:31,134 Test: [30/200]	Time 0.031 (0.058)	Loss 0.0670 (0.0547)
2021-10-26 17:45:31,495 Test: [40/200]	Time 0.039 (0.053)	Loss 0.0408 (0.0555)
2021-10-26 17:45:31,852 Test: [50/200]	Time 0.030 (0.049)	Loss 0.0858 (0.0564)
2021-10-26 17:45:32,167 Test: [60/200]	Time 0.030 (0.047)	Loss 0.0692 (0.0579)
2021-10-26 17:45:32,465 Test: [70/200]	Time 0.029 (0.044)	Loss 0.0455 (0.0592)
2021-10-26 17:45:32,761 Test: [80/200]	Time 0.028 (0.042)	Loss 0.0533 (0.0580)
2021-10-26 17:45:33,057 Test: [90/200]	Time 0.029 (0.041)	Loss 0.0664 (0.0594)
2021-10-26 17:45:33,351 Test: [100/200]	Time 0.029 (0.040)	Loss 0.0721 (0.0588)
2021-10-26 17:45:33,664 Test: [110/200]	Time 0.030 (0.039)	Loss 0.1651 (0.0599)
2021-10-26 17:45:33,961 Test: [120/200]	Time 0.029 (0.038)	Loss 0.0547 (0.0584)
2021-10-26 17:45:34,264 Test: [130/200]	Time 0.030 (0.038)	Loss 0.0622 (0.0584)
2021-10-26 17:45:34,562 Test: [140/200]	Time 0.030 (0.037)	Loss 0.0634 (0.0577)
2021-10-26 17:45:34,860 Test: [150/200]	Time 0.031 (0.037)	Loss 0.0580 (0.0566)
2021-10-26 17:45:35,154 Test: [160/200]	Time 0.029 (0.036)	Loss 0.0852 (0.0569)
2021-10-26 17:45:35,451 Test: [170/200]	Time 0.029 (0.036)	Loss 0.0436 (0.0562)
2021-10-26 17:45:35,744 Test: [180/200]	Time 0.029 (0.035)	Loss 0.0333 (0.0560)
2021-10-26 17:45:36,037 Test: [190/200]	Time 0.029 (0.035)	Loss 0.0224 (0.0557)
2021-10-26 17:45:42,103 Mean IoU score: 0.869
2021-10-26 17:45:42,108 => saving checkpoint to out
2021-10-26 17:45:43,457 Epoch: [17][0/200]	Time 1.337s (1.337s)	Speed 23.9 samples/s	Data 0.794s (0.794s)	Loss 0.00824 (0.00824)
2021-10-26 17:45:48,749 Epoch: [17][10/200]	Time 0.530s (0.603s)	Speed 60.4 samples/s	Data 0.001s (0.073s)	Loss 0.00807 (0.00739)
2021-10-26 17:45:53,937 Epoch: [17][20/200]	Time 0.503s (0.563s)	Speed 63.6 samples/s	Data 0.001s (0.038s)	Loss 0.00794 (0.00757)
2021-10-26 17:45:59,066 Epoch: [17][30/200]	Time 0.534s (0.547s)	Speed 60.0 samples/s	Data 0.001s (0.026s)	Loss 0.00737 (0.00755)
2021-10-26 17:46:04,304 Epoch: [17][40/200]	Time 0.510s (0.541s)	Speed 62.8 samples/s	Data 0.001s (0.020s)	Loss 0.00792 (0.00767)
2021-10-26 17:46:09,586 Epoch: [17][50/200]	Time 0.525s (0.539s)	Speed 60.9 samples/s	Data 0.001s (0.016s)	Loss 0.00867 (0.00772)
2021-10-26 17:46:14,863 Epoch: [17][60/200]	Time 0.505s (0.537s)	Speed 63.3 samples/s	Data 0.001s (0.014s)	Loss 0.00920 (0.00772)
2021-10-26 17:46:20,448 Epoch: [17][70/200]	Time 0.676s (0.540s)	Speed 47.3 samples/s	Data 0.001s (0.012s)	Loss 0.00689 (0.00771)
2021-10-26 17:46:25,684 Epoch: [17][80/200]	Time 0.558s (0.538s)	Speed 57.4 samples/s	Data 0.001s (0.010s)	Loss 0.00963 (0.00769)
2021-10-26 17:46:30,951 Epoch: [17][90/200]	Time 0.540s (0.537s)	Speed 59.3 samples/s	Data 0.001s (0.009s)	Loss 0.00814 (0.00767)
2021-10-26 17:46:36,235 Epoch: [17][100/200]	Time 0.549s (0.536s)	Speed 58.3 samples/s	Data 0.001s (0.008s)	Loss 0.00646 (0.00761)
2021-10-26 17:46:41,320 Epoch: [17][110/200]	Time 0.507s (0.533s)	Speed 63.1 samples/s	Data 0.001s (0.008s)	Loss 0.00630 (0.00765)
2021-10-26 17:46:46,361 Epoch: [17][120/200]	Time 0.501s (0.531s)	Speed 63.9 samples/s	Data 0.001s (0.007s)	Loss 0.00823 (0.00764)
2021-10-26 17:46:51,373 Epoch: [17][130/200]	Time 0.499s (0.529s)	Speed 64.2 samples/s	Data 0.001s (0.007s)	Loss 0.00819 (0.00765)
2021-10-26 17:46:56,400 Epoch: [17][140/200]	Time 0.502s (0.527s)	Speed 63.8 samples/s	Data 0.001s (0.006s)	Loss 0.00645 (0.00762)
2021-10-26 17:47:01,464 Epoch: [17][150/200]	Time 0.501s (0.525s)	Speed 63.9 samples/s	Data 0.001s (0.006s)	Loss 0.00612 (0.00762)
2021-10-26 17:47:06,533 Epoch: [17][160/200]	Time 0.504s (0.524s)	Speed 63.5 samples/s	Data 0.001s (0.006s)	Loss 0.00809 (0.00764)
2021-10-26 17:47:11,586 Epoch: [17][170/200]	Time 0.503s (0.523s)	Speed 63.6 samples/s	Data 0.001s (0.005s)	Loss 0.00783 (0.00767)
2021-10-26 17:47:16,622 Epoch: [17][180/200]	Time 0.504s (0.522s)	Speed 63.5 samples/s	Data 0.001s (0.005s)	Loss 0.00693 (0.00764)
2021-10-26 17:47:21,653 Epoch: [17][190/200]	Time 0.504s (0.521s)	Speed 63.5 samples/s	Data 0.001s (0.005s)	Loss 0.00735 (0.00762)
2021-10-26 17:47:47,009 Test: [0/200]	Time 0.802 (0.802)	Loss 0.0625 (0.0625)
2021-10-26 17:47:47,313 Test: [10/200]	Time 0.029 (0.101)	Loss 0.0055 (0.0497)
2021-10-26 17:47:47,608 Test: [20/200]	Time 0.028 (0.067)	Loss 0.0367 (0.0523)
2021-10-26 17:47:47,899 Test: [30/200]	Time 0.028 (0.055)	Loss 0.0608 (0.0564)
2021-10-26 17:47:48,193 Test: [40/200]	Time 0.028 (0.048)	Loss 0.0463 (0.0574)
2021-10-26 17:47:48,485 Test: [50/200]	Time 0.028 (0.045)	Loss 0.0952 (0.0579)
2021-10-26 17:47:48,782 Test: [60/200]	Time 0.028 (0.042)	Loss 0.0728 (0.0591)
2021-10-26 17:47:49,074 Test: [70/200]	Time 0.028 (0.040)	Loss 0.0494 (0.0605)
2021-10-26 17:47:49,365 Test: [80/200]	Time 0.028 (0.039)	Loss 0.0567 (0.0597)
2021-10-26 17:47:49,658 Test: [90/200]	Time 0.029 (0.038)	Loss 0.0666 (0.0613)
2021-10-26 17:47:49,954 Test: [100/200]	Time 0.029 (0.037)	Loss 0.0777 (0.0607)
2021-10-26 17:47:50,247 Test: [110/200]	Time 0.029 (0.036)	Loss 0.1772 (0.0619)
2021-10-26 17:47:50,540 Test: [120/200]	Time 0.029 (0.036)	Loss 0.0508 (0.0603)
2021-10-26 17:47:50,832 Test: [130/200]	Time 0.028 (0.035)	Loss 0.0658 (0.0602)
2021-10-26 17:47:51,126 Test: [140/200]	Time 0.029 (0.035)	Loss 0.0611 (0.0595)
2021-10-26 17:47:51,420 Test: [150/200]	Time 0.029 (0.035)	Loss 0.0689 (0.0583)
2021-10-26 17:47:51,712 Test: [160/200]	Time 0.029 (0.034)	Loss 0.0793 (0.0585)
2021-10-26 17:47:52,010 Test: [170/200]	Time 0.028 (0.034)	Loss 0.0388 (0.0579)
2021-10-26 17:47:52,306 Test: [180/200]	Time 0.029 (0.034)	Loss 0.0375 (0.0578)
2021-10-26 17:47:52,599 Test: [190/200]	Time 0.028 (0.033)	Loss 0.0224 (0.0575)
2021-10-26 17:47:58,610 Mean IoU score: 0.870
2021-10-26 17:47:58,615 => saving checkpoint to out
2021-10-26 17:48:00,132 Epoch: [18][0/200]	Time 1.504s (1.504s)	Speed 21.3 samples/s	Data 0.902s (0.902s)	Loss 0.00766 (0.00766)
2021-10-26 17:48:05,185 Epoch: [18][10/200]	Time 0.499s (0.596s)	Speed 64.2 samples/s	Data 0.001s (0.083s)	Loss 0.00579 (0.00718)
2021-10-26 17:48:10,582 Epoch: [18][20/200]	Time 0.523s (0.569s)	Speed 61.1 samples/s	Data 0.001s (0.044s)	Loss 0.00878 (0.00730)
2021-10-26 17:48:15,787 Epoch: [18][30/200]	Time 0.505s (0.554s)	Speed 63.3 samples/s	Data 0.001s (0.030s)	Loss 0.00696 (0.00713)
2021-10-26 17:48:20,836 Epoch: [18][40/200]	Time 0.504s (0.542s)	Speed 63.5 samples/s	Data 0.001s (0.023s)	Loss 0.00868 (0.00707)
2021-10-26 17:48:25,874 Epoch: [18][50/200]	Time 0.500s (0.534s)	Speed 64.1 samples/s	Data 0.001s (0.018s)	Loss 0.00676 (0.00698)
2021-10-26 17:48:30,927 Epoch: [18][60/200]	Time 0.498s (0.529s)	Speed 64.2 samples/s	Data 0.001s (0.015s)	Loss 0.00472 (0.00697)
2021-10-26 17:48:36,160 Epoch: [18][70/200]	Time 0.504s (0.529s)	Speed 63.4 samples/s	Data 0.001s (0.013s)	Loss 0.00748 (0.00693)
2021-10-26 17:48:41,771 Epoch: [18][80/200]	Time 0.564s (0.533s)	Speed 56.8 samples/s	Data 0.001s (0.012s)	Loss 0.00686 (0.00688)
2021-10-26 17:48:47,084 Epoch: [18][90/200]	Time 0.558s (0.532s)	Speed 57.4 samples/s	Data 0.001s (0.011s)	Loss 0.00621 (0.00695)
2021-10-26 17:48:52,640 Epoch: [18][100/200]	Time 0.575s (0.535s)	Speed 55.6 samples/s	Data 0.001s (0.010s)	Loss 0.00796 (0.00693)
2021-10-26 17:48:58,038 Epoch: [18][110/200]	Time 0.529s (0.535s)	Speed 60.5 samples/s	Data 0.001s (0.009s)	Loss 0.00776 (0.00694)
2021-10-26 17:49:03,355 Epoch: [18][120/200]	Time 0.562s (0.535s)	Speed 56.9 samples/s	Data 0.001s (0.008s)	Loss 0.00671 (0.00696)
2021-10-26 17:49:08,543 Epoch: [18][130/200]	Time 0.507s (0.534s)	Speed 63.1 samples/s	Data 0.001s (0.008s)	Loss 0.00825 (0.00695)
2021-10-26 17:49:13,632 Epoch: [18][140/200]	Time 0.505s (0.532s)	Speed 63.3 samples/s	Data 0.001s (0.007s)	Loss 0.00612 (0.00696)
2021-10-26 17:49:18,904 Epoch: [18][150/200]	Time 0.539s (0.532s)	Speed 59.3 samples/s	Data 0.001s (0.007s)	Loss 0.00693 (0.00696)
2021-10-26 17:49:23,976 Epoch: [18][160/200]	Time 0.502s (0.530s)	Speed 63.7 samples/s	Data 0.001s (0.006s)	Loss 0.00529 (0.00697)
2021-10-26 17:49:29,209 Epoch: [18][170/200]	Time 0.547s (0.530s)	Speed 58.4 samples/s	Data 0.001s (0.006s)	Loss 0.00767 (0.00695)
2021-10-26 17:49:34,351 Epoch: [18][180/200]	Time 0.516s (0.529s)	Speed 62.0 samples/s	Data 0.001s (0.006s)	Loss 0.00810 (0.00694)
2021-10-26 17:49:39,523 Epoch: [18][190/200]	Time 0.524s (0.528s)	Speed 61.1 samples/s	Data 0.001s (0.005s)	Loss 0.00701 (0.00693)
2021-10-26 17:50:05,313 Test: [0/200]	Time 1.054 (1.054)	Loss 0.0551 (0.0551)
2021-10-26 17:50:05,655 Test: [10/200]	Time 0.046 (0.127)	Loss 0.0056 (0.0480)
2021-10-26 17:50:06,007 Test: [20/200]	Time 0.029 (0.083)	Loss 0.0302 (0.0506)
2021-10-26 17:50:06,303 Test: [30/200]	Time 0.029 (0.066)	Loss 0.0571 (0.0538)
2021-10-26 17:50:06,599 Test: [40/200]	Time 0.029 (0.057)	Loss 0.0462 (0.0556)
2021-10-26 17:50:06,903 Test: [50/200]	Time 0.030 (0.052)	Loss 0.1017 (0.0566)
2021-10-26 17:50:07,207 Test: [60/200]	Time 0.029 (0.048)	Loss 0.0601 (0.0578)
2021-10-26 17:50:07,506 Test: [70/200]	Time 0.029 (0.046)	Loss 0.0445 (0.0593)
2021-10-26 17:50:07,802 Test: [80/200]	Time 0.029 (0.044)	Loss 0.0528 (0.0579)
2021-10-26 17:50:08,097 Test: [90/200]	Time 0.028 (0.042)	Loss 0.0628 (0.0596)
2021-10-26 17:50:08,393 Test: [100/200]	Time 0.028 (0.041)	Loss 0.0659 (0.0591)
2021-10-26 17:50:08,698 Test: [110/200]	Time 0.030 (0.040)	Loss 0.1656 (0.0601)
2021-10-26 17:50:09,003 Test: [120/200]	Time 0.030 (0.039)	Loss 0.0512 (0.0583)
2021-10-26 17:50:09,309 Test: [130/200]	Time 0.029 (0.039)	Loss 0.0652 (0.0584)
2021-10-26 17:50:09,625 Test: [140/200]	Time 0.039 (0.038)	Loss 0.0595 (0.0578)
2021-10-26 17:50:09,996 Test: [150/200]	Time 0.028 (0.038)	Loss 0.0551 (0.0567)
2021-10-26 17:50:10,295 Test: [160/200]	Time 0.029 (0.037)	Loss 0.0854 (0.0569)
2021-10-26 17:50:10,594 Test: [170/200]	Time 0.029 (0.037)	Loss 0.0389 (0.0561)
2021-10-26 17:50:10,896 Test: [180/200]	Time 0.029 (0.037)	Loss 0.0368 (0.0558)
2021-10-26 17:50:11,198 Test: [190/200]	Time 0.029 (0.036)	Loss 0.0216 (0.0554)
2021-10-26 17:50:17,307 Mean IoU score: 0.871
2021-10-26 17:50:17,311 => saving checkpoint to out
2021-10-26 17:50:19,234 Epoch: [19][0/200]	Time 1.909s (1.909s)	Speed 16.8 samples/s	Data 1.316s (1.316s)	Loss 0.00729 (0.00729)
2021-10-26 17:50:24,495 Epoch: [19][10/200]	Time 0.503s (0.652s)	Speed 63.7 samples/s	Data 0.001s (0.120s)	Loss 0.00740 (0.00635)
2021-10-26 17:50:29,613 Epoch: [19][20/200]	Time 0.506s (0.585s)	Speed 63.2 samples/s	Data 0.001s (0.063s)	Loss 0.00606 (0.00610)
2021-10-26 17:50:34,810 Epoch: [19][30/200]	Time 0.524s (0.564s)	Speed 61.1 samples/s	Data 0.001s (0.043s)	Loss 0.00705 (0.00616)
2021-10-26 17:50:40,105 Epoch: [19][40/200]	Time 0.547s (0.556s)	Speed 58.5 samples/s	Data 0.001s (0.033s)	Loss 0.00518 (0.00617)
2021-10-26 17:50:45,227 Epoch: [19][50/200]	Time 0.522s (0.547s)	Speed 61.3 samples/s	Data 0.001s (0.026s)	Loss 0.00690 (0.00621)
2021-10-26 17:50:50,383 Epoch: [19][60/200]	Time 0.507s (0.542s)	Speed 63.1 samples/s	Data 0.001s (0.022s)	Loss 0.00701 (0.00622)
2021-10-26 17:50:55,452 Epoch: [19][70/200]	Time 0.525s (0.537s)	Speed 61.0 samples/s	Data 0.001s (0.019s)	Loss 0.00590 (0.00621)
2021-10-26 17:51:00,660 Epoch: [19][80/200]	Time 0.546s (0.535s)	Speed 58.6 samples/s	Data 0.001s (0.017s)	Loss 0.00694 (0.00626)
2021-10-26 17:51:05,761 Epoch: [19][90/200]	Time 0.506s (0.532s)	Speed 63.3 samples/s	Data 0.001s (0.015s)	Loss 0.00692 (0.00632)
2021-10-26 17:51:11,362 Epoch: [19][100/200]	Time 0.668s (0.535s)	Speed 47.9 samples/s	Data 0.001s (0.014s)	Loss 0.00794 (0.00634)
2021-10-26 17:51:16,987 Epoch: [19][110/200]	Time 0.570s (0.537s)	Speed 56.1 samples/s	Data 0.001s (0.013s)	Loss 0.00639 (0.00634)
2021-10-26 17:51:22,578 Epoch: [19][120/200]	Time 0.590s (0.539s)	Speed 54.2 samples/s	Data 0.001s (0.012s)	Loss 0.00639 (0.00632)
2021-10-26 17:51:28,380 Epoch: [19][130/200]	Time 0.575s (0.542s)	Speed 55.7 samples/s	Data 0.001s (0.011s)	Loss 0.00640 (0.00633)
2021-10-26 17:51:33,929 Epoch: [19][140/200]	Time 0.512s (0.543s)	Speed 62.4 samples/s	Data 0.001s (0.010s)	Loss 0.00553 (0.00639)
2021-10-26 17:51:39,025 Epoch: [19][150/200]	Time 0.505s (0.541s)	Speed 63.4 samples/s	Data 0.001s (0.009s)	Loss 0.00670 (0.00643)
2021-10-26 17:51:44,152 Epoch: [19][160/200]	Time 0.529s (0.539s)	Speed 60.5 samples/s	Data 0.001s (0.009s)	Loss 0.00774 (0.00644)
2021-10-26 17:51:49,347 Epoch: [19][170/200]	Time 0.502s (0.538s)	Speed 63.8 samples/s	Data 0.001s (0.008s)	Loss 0.00570 (0.00643)
2021-10-26 17:51:54,476 Epoch: [19][180/200]	Time 0.553s (0.537s)	Speed 57.8 samples/s	Data 0.001s (0.008s)	Loss 0.00720 (0.00643)
2021-10-26 17:51:59,916 Epoch: [19][190/200]	Time 0.550s (0.537s)	Speed 58.2 samples/s	Data 0.001s (0.008s)	Loss 0.00721 (0.00648)
2021-10-26 17:52:25,789 Test: [0/200]	Time 0.814 (0.814)	Loss 0.0568 (0.0568)
2021-10-26 17:52:26,083 Test: [10/200]	Time 0.029 (0.101)	Loss 0.0059 (0.0513)
2021-10-26 17:52:26,381 Test: [20/200]	Time 0.029 (0.067)	Loss 0.0367 (0.0538)
2021-10-26 17:52:26,678 Test: [30/200]	Time 0.028 (0.055)	Loss 0.0656 (0.0559)
2021-10-26 17:52:26,975 Test: [40/200]	Time 0.029 (0.049)	Loss 0.0540 (0.0578)
2021-10-26 17:52:27,276 Test: [50/200]	Time 0.029 (0.045)	Loss 0.1147 (0.0587)
2021-10-26 17:52:27,572 Test: [60/200]	Time 0.029 (0.043)	Loss 0.0612 (0.0600)
2021-10-26 17:52:27,869 Test: [70/200]	Time 0.029 (0.041)	Loss 0.0495 (0.0612)
2021-10-26 17:52:28,164 Test: [80/200]	Time 0.029 (0.039)	Loss 0.0611 (0.0600)
2021-10-26 17:52:28,459 Test: [90/200]	Time 0.029 (0.038)	Loss 0.0637 (0.0619)
2021-10-26 17:52:28,760 Test: [100/200]	Time 0.029 (0.037)	Loss 0.0657 (0.0612)
2021-10-26 17:52:29,058 Test: [110/200]	Time 0.029 (0.037)	Loss 0.1741 (0.0622)
2021-10-26 17:52:29,356 Test: [120/200]	Time 0.029 (0.036)	Loss 0.0484 (0.0605)
2021-10-26 17:52:29,655 Test: [130/200]	Time 0.029 (0.036)	Loss 0.0691 (0.0606)
2021-10-26 17:52:29,959 Test: [140/200]	Time 0.037 (0.035)	Loss 0.0617 (0.0599)
2021-10-26 17:52:30,264 Test: [150/200]	Time 0.029 (0.035)	Loss 0.0508 (0.0587)
2021-10-26 17:52:30,561 Test: [160/200]	Time 0.029 (0.035)	Loss 0.0736 (0.0589)
2021-10-26 17:52:30,857 Test: [170/200]	Time 0.029 (0.034)	Loss 0.0361 (0.0582)
2021-10-26 17:52:31,177 Test: [180/200]	Time 0.039 (0.034)	Loss 0.0378 (0.0581)
2021-10-26 17:52:31,511 Test: [190/200]	Time 0.028 (0.034)	Loss 0.0235 (0.0576)
2021-10-26 17:52:37,614 Mean IoU score: 0.870
2021-10-26 17:52:37,619 => saving checkpoint to out
2021-10-26 17:52:37,631 saving final model state to out/final_state.pth.tar
